[2025-12-15T11:53:25.736+0000] {local_task_job_runner.py:120} INFO - ::group::Pre task execution logs
[2025-12-15T11:53:26.127+0000] {taskinstance.py:2076} INFO - Dependencies all met for dep_context=non-requeueable deps ti=<TaskInstance: minio_to_snowflake.load_into_snowflake scheduled__2025-12-15T10:30:00+00:00 [queued]>
[2025-12-15T11:53:26.252+0000] {taskinstance.py:2076} INFO - Dependencies all met for dep_context=requeueable deps ti=<TaskInstance: minio_to_snowflake.load_into_snowflake scheduled__2025-12-15T10:30:00+00:00 [queued]>
[2025-12-15T11:53:26.256+0000] {taskinstance.py:2306} INFO - Starting attempt 1 of 3
[2025-12-15T11:53:26.405+0000] {taskinstance.py:2330} INFO - Executing <Task(PythonOperator): load_into_snowflake> on 2025-12-15 10:30:00+00:00
[2025-12-15T11:53:26.513+0000] {logging_mixin.py:188} WARNING - /home/***/.local/lib/python3.12/site-packages/***/task/task_runner/standard_task_runner.py:62 DeprecationWarning: This process (pid=14703) is multi-threaded, use of fork() may lead to deadlocks in the child.
[2025-12-15T11:53:26.508+0000] {standard_task_runner.py:90} INFO - Running: ['***', 'tasks', 'run', 'minio_to_snowflake', 'load_into_snowflake', 'scheduled__2025-12-15T10:30:00+00:00', '--job-id', '55', '--raw', '--subdir', 'DAGS_FOLDER/minio_to_snowflake.py', '--cfg-path', '/tmp/tmpw9_jkz7s']
[2025-12-15T11:53:26.531+0000] {standard_task_runner.py:64} INFO - Started process 14727 to run task
[2025-12-15T11:53:26.534+0000] {standard_task_runner.py:91} INFO - Job 55: Subtask load_into_snowflake
[2025-12-15T11:53:27.260+0000] {task_command.py:426} INFO - Running <TaskInstance: minio_to_snowflake.load_into_snowflake scheduled__2025-12-15T10:30:00+00:00 [running]> on host 4abec113d47e
[2025-12-15T11:53:28.459+0000] {taskinstance.py:2648} INFO - Exporting env vars: AIRFLOW_CTX_DAG_OWNER='***' AIRFLOW_CTX_DAG_ID='minio_to_snowflake' AIRFLOW_CTX_TASK_ID='load_into_snowflake' AIRFLOW_CTX_EXECUTION_DATE='2025-12-15T10:30:00+00:00' AIRFLOW_CTX_TRY_NUMBER='1' AIRFLOW_CTX_DAG_RUN_ID='scheduled__2025-12-15T10:30:00+00:00'
[2025-12-15T11:53:28.470+0000] {taskinstance.py:430} INFO - ::endgroup::
[2025-12-15T11:53:28.783+0000] {logging_mixin.py:188} INFO - Received 265 files from previous task.
[2025-12-15T11:53:28.832+0000] {logging_mixin.py:188} INFO - Cnnecting to Snowflake...
[2025-12-15T11:53:28.862+0000] {connection.py:408} INFO - Snowflake Connector for Python Version: 3.11.0, Python Version: 3.12.4, Platform: Linux-6.6.87.2-microsoft-standard-WSL2-x86_64-with-glibc2.36
[2025-12-15T11:53:28.878+0000] {connection.py:1258} INFO - This connection is in OCSP Fail Open Mode. TLS Certificates would be checked for validity and revocation status. Any other Certificate Revocation related exceptions or OCSP Responder failures would be disregarded in favor of connectivity.
[2025-12-15T11:53:34.199+0000] {logging_mixin.py:188} INFO - Connected to Snowflake.
[2025-12-15T11:53:37.358+0000] {logging_mixin.py:188} INFO - Uploaded file to Snowflake stage: /tmp/minio_data/1765699149.json
[2025-12-15T11:53:38.326+0000] {logging_mixin.py:188} INFO - Uploaded file to Snowflake stage: /tmp/minio_data/1765700319.json
[2025-12-15T11:53:39.138+0000] {logging_mixin.py:188} INFO - Uploaded file to Snowflake stage: /tmp/minio_data/1765700445.json
[2025-12-15T11:53:39.900+0000] {logging_mixin.py:188} INFO - Uploaded file to Snowflake stage: /tmp/minio_data/1765700570.json
[2025-12-15T11:53:40.581+0000] {logging_mixin.py:188} INFO - Uploaded file to Snowflake stage: /tmp/minio_data/1765700695.json
[2025-12-15T11:53:41.376+0000] {logging_mixin.py:188} INFO - Uploaded file to Snowflake stage: /tmp/minio_data/1765700820.json
[2025-12-15T11:53:42.181+0000] {logging_mixin.py:188} INFO - Uploaded file to Snowflake stage: /tmp/minio_data/1765700944.json
[2025-12-15T11:53:42.878+0000] {logging_mixin.py:188} INFO - Uploaded file to Snowflake stage: /tmp/minio_data/1765701068.json
[2025-12-15T11:53:43.712+0000] {logging_mixin.py:188} INFO - Uploaded file to Snowflake stage: /tmp/minio_data/1765701195.json
[2025-12-15T11:53:44.558+0000] {logging_mixin.py:188} INFO - Uploaded file to Snowflake stage: /tmp/minio_data/1765701319.json
[2025-12-15T11:53:45.217+0000] {logging_mixin.py:188} INFO - Uploaded file to Snowflake stage: /tmp/minio_data/1765701444.json
[2025-12-15T11:53:45.914+0000] {logging_mixin.py:188} INFO - Uploaded file to Snowflake stage: /tmp/minio_data/1765701569.json
[2025-12-15T11:53:46.841+0000] {logging_mixin.py:188} INFO - Uploaded file to Snowflake stage: /tmp/minio_data/1765701708.json
[2025-12-15T11:53:47.986+0000] {logging_mixin.py:188} INFO - Uploaded file to Snowflake stage: /tmp/minio_data/1765701834.json
[2025-12-15T11:53:49.523+0000] {logging_mixin.py:188} INFO - Uploaded file to Snowflake stage: /tmp/minio_data/1765701960.json
[2025-12-15T11:53:50.723+0000] {logging_mixin.py:188} INFO - Uploaded file to Snowflake stage: /tmp/minio_data/1765702086.json
[2025-12-15T11:53:52.737+0000] {logging_mixin.py:188} INFO - Uploaded file to Snowflake stage: /tmp/minio_data/1765702212.json
[2025-12-15T11:53:54.575+0000] {logging_mixin.py:188} INFO - Uploaded file to Snowflake stage: /tmp/minio_data/1765702339.json
[2025-12-15T11:53:57.365+0000] {logging_mixin.py:188} INFO - Uploaded file to Snowflake stage: /tmp/minio_data/1765702464.json
[2025-12-15T11:54:04.101+0000] {connectionpool.py:824} WARNING - Retrying (Retry(total=0, connect=None, read=None, redirect=None, status=None)) after connection broken by 'ProtocolError('Connection aborted.', RemoteDisconnected('Remote end closed connection without response'))': /?accelerate
[2025-12-15T11:54:05.856+0000] {logging_mixin.py:188} INFO - Uploaded file to Snowflake stage: /tmp/minio_data/1765702590.json
[2025-12-15T11:54:06.781+0000] {logging_mixin.py:188} INFO - Uploaded file to Snowflake stage: /tmp/minio_data/1765702715.json
[2025-12-15T11:54:07.474+0000] {logging_mixin.py:188} INFO - Uploaded file to Snowflake stage: /tmp/minio_data/1765702840.json
[2025-12-15T11:54:08.192+0000] {logging_mixin.py:188} INFO - Uploaded file to Snowflake stage: /tmp/minio_data/1765702967.json
[2025-12-15T11:54:08.864+0000] {logging_mixin.py:188} INFO - Uploaded file to Snowflake stage: /tmp/minio_data/1765703092.json
[2025-12-15T11:54:09.721+0000] {logging_mixin.py:188} INFO - Uploaded file to Snowflake stage: /tmp/minio_data/1765703217.json
[2025-12-15T11:54:10.409+0000] {logging_mixin.py:188} INFO - Uploaded file to Snowflake stage: /tmp/minio_data/1765703342.json
[2025-12-15T11:54:11.168+0000] {logging_mixin.py:188} INFO - Uploaded file to Snowflake stage: /tmp/minio_data/1765703468.json
[2025-12-15T11:54:11.921+0000] {logging_mixin.py:188} INFO - Uploaded file to Snowflake stage: /tmp/minio_data/1765703593.json
[2025-12-15T11:54:12.964+0000] {logging_mixin.py:188} INFO - Uploaded file to Snowflake stage: /tmp/minio_data/1765703717.json
[2025-12-15T11:54:13.745+0000] {logging_mixin.py:188} INFO - Uploaded file to Snowflake stage: /tmp/minio_data/1765703841.json
[2025-12-15T11:54:14.577+0000] {logging_mixin.py:188} INFO - Uploaded file to Snowflake stage: /tmp/minio_data/1765703966.json
[2025-12-15T11:54:16.200+0000] {logging_mixin.py:188} INFO - Uploaded file to Snowflake stage: /tmp/minio_data/1765704090.json
[2025-12-15T11:54:16.927+0000] {logging_mixin.py:188} INFO - Uploaded file to Snowflake stage: /tmp/minio_data/1765704215.json
[2025-12-15T11:54:17.760+0000] {logging_mixin.py:188} INFO - Uploaded file to Snowflake stage: /tmp/minio_data/1765704339.json
[2025-12-15T11:54:18.674+0000] {logging_mixin.py:188} INFO - Uploaded file to Snowflake stage: /tmp/minio_data/1765704464.json
[2025-12-15T11:54:19.353+0000] {logging_mixin.py:188} INFO - Uploaded file to Snowflake stage: /tmp/minio_data/1765704588.json
[2025-12-15T11:54:20.137+0000] {logging_mixin.py:188} INFO - Uploaded file to Snowflake stage: /tmp/minio_data/1765704712.json
[2025-12-15T11:54:22.924+0000] {logging_mixin.py:188} INFO - Uploaded file to Snowflake stage: /tmp/minio_data/1765704837.json
[2025-12-15T11:54:27.007+0000] {logging_mixin.py:188} INFO - Uploaded file to Snowflake stage: /tmp/minio_data/1765704961.json
[2025-12-15T11:54:30.364+0000] {logging_mixin.py:188} INFO - Uploaded file to Snowflake stage: /tmp/minio_data/1765705086.json
[2025-12-15T11:54:35.453+0000] {logging_mixin.py:188} INFO - Uploaded file to Snowflake stage: /tmp/minio_data/1765705210.json
[2025-12-15T11:54:36.220+0000] {logging_mixin.py:188} INFO - Uploaded file to Snowflake stage: /tmp/minio_data/1765705335.json
[2025-12-15T11:54:37.012+0000] {logging_mixin.py:188} INFO - Uploaded file to Snowflake stage: /tmp/minio_data/1765705459.json
[2025-12-15T11:54:37.884+0000] {logging_mixin.py:188} INFO - Uploaded file to Snowflake stage: /tmp/minio_data/1765705591.json
[2025-12-15T11:54:38.886+0000] {logging_mixin.py:188} INFO - Uploaded file to Snowflake stage: /tmp/minio_data/1765705724.json
[2025-12-15T11:54:40.846+0000] {logging_mixin.py:188} INFO - Uploaded file to Snowflake stage: /tmp/minio_data/1765705856.json
[2025-12-15T11:54:42.007+0000] {logging_mixin.py:188} INFO - Uploaded file to Snowflake stage: /tmp/minio_data/1765706004.json
[2025-12-15T11:54:43.497+0000] {logging_mixin.py:188} INFO - Uploaded file to Snowflake stage: /tmp/minio_data/1765706174.json
[2025-12-15T11:54:44.855+0000] {logging_mixin.py:188} INFO - Uploaded file to Snowflake stage: /tmp/minio_data/1765706317.json
[2025-12-15T11:54:46.443+0000] {logging_mixin.py:188} INFO - Uploaded file to Snowflake stage: /tmp/minio_data/1765706443.json
[2025-12-15T11:54:47.500+0000] {logging_mixin.py:188} INFO - Uploaded file to Snowflake stage: /tmp/minio_data/1765706568.json
[2025-12-15T11:54:48.664+0000] {logging_mixin.py:188} INFO - Uploaded file to Snowflake stage: /tmp/minio_data/1765706694.json
[2025-12-15T11:54:50.443+0000] {logging_mixin.py:188} INFO - Uploaded file to Snowflake stage: /tmp/minio_data/1765706820.json
[2025-12-15T11:54:51.858+0000] {logging_mixin.py:188} INFO - Uploaded file to Snowflake stage: /tmp/minio_data/1765699206.json
[2025-12-15T11:54:55.278+0000] {logging_mixin.py:188} INFO - Uploaded file to Snowflake stage: /tmp/minio_data/1765700358.json
[2025-12-15T11:54:58.039+0000] {logging_mixin.py:188} INFO - Uploaded file to Snowflake stage: /tmp/minio_data/1765700483.json
[2025-12-15T11:54:59.842+0000] {logging_mixin.py:188} INFO - Uploaded file to Snowflake stage: /tmp/minio_data/1765700609.json
[2025-12-15T11:55:01.054+0000] {logging_mixin.py:188} INFO - Uploaded file to Snowflake stage: /tmp/minio_data/1765700734.json
[2025-12-15T11:55:01.972+0000] {logging_mixin.py:188} INFO - Uploaded file to Snowflake stage: /tmp/minio_data/1765700858.json
[2025-12-15T11:55:03.175+0000] {logging_mixin.py:188} INFO - Uploaded file to Snowflake stage: /tmp/minio_data/1765700983.json
[2025-12-15T11:55:04.647+0000] {logging_mixin.py:188} INFO - Uploaded file to Snowflake stage: /tmp/minio_data/1765701108.json
[2025-12-15T11:55:06.028+0000] {logging_mixin.py:188} INFO - Uploaded file to Snowflake stage: /tmp/minio_data/1765701234.json
[2025-12-15T11:55:34.870+0000] {connectionpool.py:824} WARNING - Retrying (Retry(total=0, connect=None, read=None, redirect=None, status=None)) after connection broken by 'ProtocolError('Connection aborted.', RemoteDisconnected('Remote end closed connection without response'))': /4sob1000-s/tables/12560761461/1765701359.json.gz
[2025-12-15T11:55:39.913+0000] {storage_client.py:318} WARNING - HEAD with url b'https://sfc-uk-ds1-28-customer-stage.s3.amazonaws.com/4sob1000-s/tables/12560761461/1765701359.json.gz' failed for transient error: HTTPSConnectionPool(host='sfc-uk-ds1-28-customer-stage.s3.amazonaws.com', port=443): Max retries exceeded with url: /4sob1000-s/tables/12560761461/1765701359.json.gz (Caused by NewConnectionError('<snowflake.connector.vendored.urllib3.connection.HTTPSConnection object at 0x77068d7cc2c0>: Failed to establish a new connection: [Errno -5] No address associated with hostname'))
[2025-12-15T11:55:43.966+0000] {connectionpool.py:824} WARNING - Retrying (Retry(total=0, connect=None, read=None, redirect=None, status=None)) after connection broken by 'NewConnectionError('<snowflake.connector.vendored.urllib3.connection.HTTPSConnection object at 0x77068d7ccda0>: Failed to establish a new connection: [Errno -5] No address associated with hostname')': /4sob1000-s/tables/12560761461/1765701359.json.gz
[2025-12-15T11:55:49.984+0000] {storage_client.py:318} WARNING - HEAD with url b'https://sfc-uk-ds1-28-customer-stage.s3.amazonaws.com/4sob1000-s/tables/12560761461/1765701359.json.gz' failed for transient error: HTTPSConnectionPool(host='sfc-uk-ds1-28-customer-stage.s3.amazonaws.com', port=443): Max retries exceeded with url: /4sob1000-s/tables/12560761461/1765701359.json.gz (Caused by NewConnectionError('<snowflake.connector.vendored.urllib3.connection.HTTPSConnection object at 0x77068d7cebd0>: Failed to establish a new connection: [Errno -5] No address associated with hostname'))
[2025-12-15T11:55:50.419+0000] {connectionpool.py:824} WARNING - Retrying (Retry(total=0, connect=None, read=None, redirect=None, status=None)) after connection broken by 'NewConnectionError('<snowflake.connector.vendored.urllib3.connection.HTTPSConnection object at 0x77068d7cda60>: Failed to establish a new connection: [Errno -2] Name or service not known')': /4sob1000-s/tables/12560761461/1765701359.json.gz
[2025-12-15T11:55:55.304+0000] {storage_client.py:318} WARNING - HEAD with url b'https://sfc-uk-ds1-28-customer-stage.s3.amazonaws.com/4sob1000-s/tables/12560761461/1765701359.json.gz' failed for transient error: HTTPSConnectionPool(host='sfc-uk-ds1-28-customer-stage.s3.amazonaws.com', port=443): Max retries exceeded with url: /4sob1000-s/tables/12560761461/1765701359.json.gz (Caused by NewConnectionError('<snowflake.connector.vendored.urllib3.connection.HTTPSConnection object at 0x77068d7cd4c0>: Failed to establish a new connection: [Errno -2] Name or service not known'))
[2025-12-15T11:55:55.717+0000] {connectionpool.py:824} WARNING - Retrying (Retry(total=0, connect=None, read=None, redirect=None, status=None)) after connection broken by 'NewConnectionError('<snowflake.connector.vendored.urllib3.connection.HTTPSConnection object at 0x77068d7cfa40>: Failed to establish a new connection: [Errno -2] Name or service not known')': /4sob1000-s/tables/12560761461/1765701359.json.gz
[2025-12-15T11:56:05.871+0000] {storage_client.py:318} WARNING - HEAD with url b'https://sfc-uk-ds1-28-customer-stage.s3.amazonaws.com/4sob1000-s/tables/12560761461/1765701359.json.gz' failed for transient error: HTTPSConnectionPool(host='sfc-uk-ds1-28-customer-stage.s3.amazonaws.com', port=443): Max retries exceeded with url: /4sob1000-s/tables/12560761461/1765701359.json.gz (Caused by NewConnectionError('<snowflake.connector.vendored.urllib3.connection.HTTPSConnection object at 0x77068d7ce510>: Failed to establish a new connection: [Errno -2] Name or service not known'))
[2025-12-15T11:56:10.212+0000] {connectionpool.py:824} WARNING - Retrying (Retry(total=0, connect=None, read=None, redirect=None, status=None)) after connection broken by 'NewConnectionError('<snowflake.connector.vendored.urllib3.connection.HTTPSConnection object at 0x77068d7e9d90>: Failed to establish a new connection: [Errno -5] No address associated with hostname')': /4sob1000-s/tables/12560761461/1765701359.json.gz
[2025-12-15T11:56:30.268+0000] {storage_client.py:318} WARNING - HEAD with url b'https://sfc-uk-ds1-28-customer-stage.s3.amazonaws.com/4sob1000-s/tables/12560761461/1765701359.json.gz' failed for transient error: HTTPSConnectionPool(host='sfc-uk-ds1-28-customer-stage.s3.amazonaws.com', port=443): Max retries exceeded with url: /4sob1000-s/tables/12560761461/1765701359.json.gz (Caused by NewConnectionError('<snowflake.connector.vendored.urllib3.connection.HTTPSConnection object at 0x77068d7e9850>: Failed to establish a new connection: [Errno -5] No address associated with hostname'))
[2025-12-15T11:56:31.303+0000] {file_transfer_agent.py:606} ERROR - An exception was raised in <bound method SnowflakeStorageClient.prepare_upload of <snowflake.connector.s3_storage_client.SnowflakeS3RestClient object at 0x77068d7c5130>>
Traceback (most recent call last):
  File "/home/airflow/.local/lib/python3.12/site-packages/snowflake/connector/file_transfer_agent.py", line 603, in function_and_callback_wrapper
    work(*args, **kwargs),
    ^^^^^^^^^^^^^^^^^^^^^
  File "/home/airflow/.local/lib/python3.12/site-packages/snowflake/connector/storage_client.py", line 223, in prepare_upload
    self.preprocess()
  File "/home/airflow/.local/lib/python3.12/site-packages/snowflake/connector/storage_client.py", line 189, in preprocess
    file_header = self.get_file_header(
                  ^^^^^^^^^^^^^^^^^^^^^
  File "/home/airflow/.local/lib/python3.12/site-packages/snowflake/connector/s3_storage_client.py", line 389, in get_file_header
    response = self._send_request_with_authentication_and_retry(
               ^^^^^^^^^^^^^^^^^^^^^^^^^^^^^^^^^^^^^^^^^^^^^^^^^
  File "/home/airflow/.local/lib/python3.12/site-packages/snowflake/connector/s3_storage_client.py", line 370, in _send_request_with_authentication_and_retry
    return self._send_request_with_retry(
           ^^^^^^^^^^^^^^^^^^^^^^^^^^^^^^
  File "/home/airflow/.local/lib/python3.12/site-packages/snowflake/connector/storage_client.py", line 321, in _send_request_with_retry
    raise RequestExceedMaxRetryError(
snowflake.connector.errors.RequestExceedMaxRetryError: HEAD with url b'https://sfc-uk-ds1-28-customer-stage.s3.amazonaws.com/4sob1000-s/tables/12560761461/1765701359.json.gz' failed for exceeding maximum retries.
[2025-12-15T11:56:31.702+0000] {logging_mixin.py:188} INFO - Error uploading /tmp/minio_data/1765701359.json to Snowflake stage: 253003: 253003: While putting file(s) there was an error: 'HEAD with url b'https://sfc-uk-ds1-28-customer-stage.s3.amazonaws.com/4sob1000-s/tables/12560761461/1765701359.json.gz' failed for exceeding maximum retries.', this might be caused by your access to the blob storage provider, or by Snowflake.
[2025-12-15T11:56:55.922+0000] {connectionpool.py:824} WARNING - Retrying (Retry(total=0, connect=None, read=None, redirect=None, status=None)) after connection broken by 'ProtocolError('Connection aborted.', RemoteDisconnected('Remote end closed connection without response'))': /4sob1000-s/tables/12560761461/1765701483.json.gz
[2025-12-15T11:57:15.279+0000] {logging_mixin.py:188} INFO - Uploaded file to Snowflake stage: /tmp/minio_data/1765701483.json
[2025-12-15T11:57:35.712+0000] {logging_mixin.py:188} INFO - Uploaded file to Snowflake stage: /tmp/minio_data/1765701607.json
[2025-12-15T11:57:40.561+0000] {logging_mixin.py:188} INFO - Uploaded file to Snowflake stage: /tmp/minio_data/1765701748.json
[2025-12-15T11:57:46.375+0000] {logging_mixin.py:188} INFO - Uploaded file to Snowflake stage: /tmp/minio_data/1765701874.json
[2025-12-15T11:57:56.192+0000] {logging_mixin.py:188} INFO - Uploaded file to Snowflake stage: /tmp/minio_data/1765701999.json
[2025-12-15T11:59:47.427+0000] {connectionpool.py:824} WARNING - Retrying (Retry(total=0, connect=None, read=None, redirect=None, status=None)) after connection broken by 'ProtocolError('Connection aborted.', RemoteDisconnected('Remote end closed connection without response'))': /?accelerate
[2025-12-15T11:59:53.675+0000] {storage_client.py:318} WARNING - GET with url b'https://sfc-uk-ds1-28-customer-stage.s3.amazonaws.com/?accelerate' failed for transient error: HTTPSConnectionPool(host='sfc-uk-ds1-28-customer-stage.s3.amazonaws.com', port=443): Max retries exceeded with url: /?accelerate (Caused by NewConnectionError('<snowflake.connector.vendored.urllib3.connection.HTTPSConnection object at 0x77068d811400>: Failed to establish a new connection: [Errno -5] No address associated with hostname'))
[2025-12-15T11:59:58.420+0000] {connectionpool.py:824} WARNING - Retrying (Retry(total=0, connect=None, read=None, redirect=None, status=None)) after connection broken by 'NewConnectionError('<snowflake.connector.vendored.urllib3.connection.HTTPSConnection object at 0x77068d813c20>: Failed to establish a new connection: [Errno -5] No address associated with hostname')': /?accelerate
[2025-12-15T12:00:00.439+0000] {storage_client.py:318} WARNING - GET with url b'https://sfc-uk-ds1-28-customer-stage.s3.amazonaws.com/?accelerate' failed for transient error: HTTPSConnectionPool(host='sfc-uk-ds1-28-customer-stage.s3.amazonaws.com', port=443): Max retries exceeded with url: /?accelerate (Caused by NewConnectionError('<snowflake.connector.vendored.urllib3.connection.HTTPSConnection object at 0x77068d813350>: Failed to establish a new connection: [Errno -2] Name or service not known'))
[2025-12-15T12:00:00.457+0000] {connectionpool.py:824} WARNING - Retrying (Retry(total=0, connect=None, read=None, redirect=None, status=None)) after connection broken by 'NewConnectionError('<snowflake.connector.vendored.urllib3.connection.HTTPSConnection object at 0x77068d811d90>: Failed to establish a new connection: [Errno -2] Name or service not known')': /?accelerate
[2025-12-15T12:00:04.499+0000] {storage_client.py:318} WARNING - GET with url b'https://sfc-uk-ds1-28-customer-stage.s3.amazonaws.com/?accelerate' failed for transient error: HTTPSConnectionPool(host='sfc-uk-ds1-28-customer-stage.s3.amazonaws.com', port=443): Max retries exceeded with url: /?accelerate (Caused by NewConnectionError('<snowflake.connector.vendored.urllib3.connection.HTTPSConnection object at 0x77068d810740>: Failed to establish a new connection: [Errno -2] Name or service not known'))
[2025-12-15T12:00:04.761+0000] {connectionpool.py:824} WARNING - Retrying (Retry(total=0, connect=None, read=None, redirect=None, status=None)) after connection broken by 'NewConnectionError('<snowflake.connector.vendored.urllib3.connection.HTTPSConnection object at 0x77068d811340>: Failed to establish a new connection: [Errno -2] Name or service not known')': /?accelerate
[2025-12-15T12:00:12.967+0000] {storage_client.py:318} WARNING - GET with url b'https://sfc-uk-ds1-28-customer-stage.s3.amazonaws.com/?accelerate' failed for transient error: HTTPSConnectionPool(host='sfc-uk-ds1-28-customer-stage.s3.amazonaws.com', port=443): Max retries exceeded with url: /?accelerate (Caused by NewConnectionError('<snowflake.connector.vendored.urllib3.connection.HTTPSConnection object at 0x77068d811dc0>: Failed to establish a new connection: [Errno -2] Name or service not known'))
[2025-12-15T12:00:13.007+0000] {connectionpool.py:824} WARNING - Retrying (Retry(total=0, connect=None, read=None, redirect=None, status=None)) after connection broken by 'NewConnectionError('<snowflake.connector.vendored.urllib3.connection.HTTPSConnection object at 0x77068d810e00>: Failed to establish a new connection: [Errno -2] Name or service not known')': /?accelerate
[2025-12-15T12:00:29.034+0000] {storage_client.py:318} WARNING - GET with url b'https://sfc-uk-ds1-28-customer-stage.s3.amazonaws.com/?accelerate' failed for transient error: HTTPSConnectionPool(host='sfc-uk-ds1-28-customer-stage.s3.amazonaws.com', port=443): Max retries exceeded with url: /?accelerate (Caused by NewConnectionError('<snowflake.connector.vendored.urllib3.connection.HTTPSConnection object at 0x77068d810b00>: Failed to establish a new connection: [Errno -2] Name or service not known'))
[2025-12-15T12:00:29.066+0000] {logging_mixin.py:188} INFO - Error uploading /tmp/minio_data/1765702125.json to Snowflake stage: GET with url b'https://sfc-uk-ds1-28-customer-stage.s3.amazonaws.com/?accelerate' failed for exceeding maximum retries.
[2025-12-15T12:01:30.280+0000] {connectionpool.py:824} WARNING - Retrying (Retry(total=0, connect=None, read=None, redirect=None, status=None)) after connection broken by 'NewConnectionError('<snowflake.connector.vendored.urllib3.connection.HTTPSConnection object at 0x77068d813620>: Failed to establish a new connection: [Errno -2] Name or service not known')': /queries/v1/query-request?requestId=809f937c-5d2d-4649-8fcf-e95033098c9c&clientStartTime=1765800029069&retryCount=1&retryReason=None&request_guid=0cd1a4b3-0264-45a3-960f-1ab6330bff25
[2025-12-15T12:01:32.309+0000] {connectionpool.py:824} WARNING - Retrying (Retry(total=0, connect=None, read=None, redirect=None, status=None)) after connection broken by 'NewConnectionError('<snowflake.connector.vendored.urllib3.connection.HTTPSConnection object at 0x77068d6c72c0>: Failed to establish a new connection: [Errno -2] Name or service not known')': /queries/v1/query-request?requestId=809f937c-5d2d-4649-8fcf-e95033098c9c&clientStartTime=1765800029069&retryCount=2&retryReason=None&request_guid=f9d1fa41-ca8d-451f-914b-5f765d868aaf
[2025-12-15T12:01:33.326+0000] {connectionpool.py:824} WARNING - Retrying (Retry(total=0, connect=None, read=None, redirect=None, status=None)) after connection broken by 'NewConnectionError('<snowflake.connector.vendored.urllib3.connection.HTTPSConnection object at 0x77068d96eb40>: Failed to establish a new connection: [Errno -2] Name or service not known')': /queries/v1/query-request?requestId=809f937c-5d2d-4649-8fcf-e95033098c9c&clientStartTime=1765800029069&retryCount=3&retryReason=None&request_guid=5058ce66-1105-4010-95ce-780a55309647
[2025-12-15T12:01:36.425+0000] {connectionpool.py:824} WARNING - Retrying (Retry(total=0, connect=None, read=None, redirect=None, status=None)) after connection broken by 'NewConnectionError('<snowflake.connector.vendored.urllib3.connection.HTTPSConnection object at 0x77068d6c67b0>: Failed to establish a new connection: [Errno -2] Name or service not known')': /queries/v1/query-request?requestId=809f937c-5d2d-4649-8fcf-e95033098c9c&clientStartTime=1765800029069&retryCount=4&retryReason=None&request_guid=52cbb7c0-b783-4691-91e2-dd845a459ef1
[2025-12-15T12:01:52.440+0000] {connectionpool.py:824} WARNING - Retrying (Retry(total=0, connect=None, read=None, redirect=None, status=None)) after connection broken by 'NewConnectionError('<snowflake.connector.vendored.urllib3.connection.HTTPSConnection object at 0x77068d8101a0>: Failed to establish a new connection: [Errno -2] Name or service not known')': /queries/v1/query-request?requestId=809f937c-5d2d-4649-8fcf-e95033098c9c&clientStartTime=1765800029069&retryCount=5&retryReason=None&request_guid=d5e5dde9-6389-4dea-aa81-912f99080640
[2025-12-15T12:01:55.467+0000] {connectionpool.py:824} WARNING - Retrying (Retry(total=0, connect=None, read=None, redirect=None, status=None)) after connection broken by 'NewConnectionError('<snowflake.connector.vendored.urllib3.connection.HTTPSConnection object at 0x77068d810650>: Failed to establish a new connection: [Errno -2] Name or service not known')': /queries/v1/query-request?requestId=809f937c-5d2d-4649-8fcf-e95033098c9c&clientStartTime=1765800029069&retryCount=6&retryReason=None&request_guid=3ce0ffeb-b9a6-46c0-b3b9-c9f2d5601d83
[2025-12-15T12:02:06.502+0000] {connectionpool.py:824} WARNING - Retrying (Retry(total=0, connect=None, read=None, redirect=None, status=None)) after connection broken by 'NewConnectionError('<snowflake.connector.vendored.urllib3.connection.HTTPSConnection object at 0x77068d813b60>: Failed to establish a new connection: [Errno -2] Name or service not known')': /queries/v1/query-request?requestId=809f937c-5d2d-4649-8fcf-e95033098c9c&clientStartTime=1765800029069&retryCount=7&retryReason=None&request_guid=a490f150-74c9-4384-8317-e31c9fc4f40e
[2025-12-15T12:02:21.591+0000] {connectionpool.py:824} WARNING - Retrying (Retry(total=0, connect=None, read=None, redirect=None, status=None)) after connection broken by 'NewConnectionError('<snowflake.connector.vendored.urllib3.connection.HTTPSConnection object at 0x77068d7c4ad0>: Failed to establish a new connection: [Errno -2] Name or service not known')': /queries/v1/query-request?requestId=809f937c-5d2d-4649-8fcf-e95033098c9c&clientStartTime=1765800029069&retryCount=8&retryReason=None&request_guid=8a23d782-6b18-42bd-9603-33bd6c2b340e
[2025-12-15T12:02:35.658+0000] {connectionpool.py:824} WARNING - Retrying (Retry(total=0, connect=None, read=None, redirect=None, status=None)) after connection broken by 'NewConnectionError('<snowflake.connector.vendored.urllib3.connection.HTTPSConnection object at 0x77068d819700>: Failed to establish a new connection: [Errno -2] Name or service not known')': /queries/v1/query-request?requestId=809f937c-5d2d-4649-8fcf-e95033098c9c&clientStartTime=1765800029069&retryCount=9&retryReason=None&request_guid=93b0a559-ea62-46b3-935d-30a66aac9958
[2025-12-15T12:02:46.671+0000] {connectionpool.py:824} WARNING - Retrying (Retry(total=0, connect=None, read=None, redirect=None, status=None)) after connection broken by 'NewConnectionError('<snowflake.connector.vendored.urllib3.connection.HTTPSConnection object at 0x77068d819520>: Failed to establish a new connection: [Errno -2] Name or service not known')': /queries/v1/query-request?requestId=809f937c-5d2d-4649-8fcf-e95033098c9c&clientStartTime=1765800029069&retryCount=10&retryReason=None&request_guid=738a5cb0-413f-48c3-84b6-1ebf6191c3c8
[2025-12-15T12:02:55.727+0000] {connectionpool.py:824} WARNING - Retrying (Retry(total=0, connect=None, read=None, redirect=None, status=None)) after connection broken by 'NewConnectionError('<snowflake.connector.vendored.urllib3.connection.HTTPSConnection object at 0x77068d811670>: Failed to establish a new connection: [Errno -2] Name or service not known')': /queries/v1/query-request?requestId=809f937c-5d2d-4649-8fcf-e95033098c9c&clientStartTime=1765800029069&retryCount=11&retryReason=None&request_guid=96c02883-82bc-420b-b549-aa38dd3e7269
[2025-12-15T12:03:07.752+0000] {connectionpool.py:824} WARNING - Retrying (Retry(total=0, connect=None, read=None, redirect=None, status=None)) after connection broken by 'NewConnectionError('<snowflake.connector.vendored.urllib3.connection.HTTPSConnection object at 0x77068dce8e60>: Failed to establish a new connection: [Errno -2] Name or service not known')': /queries/v1/query-request?requestId=809f937c-5d2d-4649-8fcf-e95033098c9c&clientStartTime=1765800029069&retryCount=12&retryReason=None&request_guid=a01881c5-a370-40ed-b7f9-3831fe44a192
[2025-12-15T12:03:09.789+0000] {connectionpool.py:824} WARNING - Retrying (Retry(total=0, connect=None, read=None, redirect=None, status=None)) after connection broken by 'NewConnectionError('<snowflake.connector.vendored.urllib3.connection.HTTPSConnection object at 0x77068d818200>: Failed to establish a new connection: [Errno -2] Name or service not known')': /queries/v1/query-request?requestId=809f937c-5d2d-4649-8fcf-e95033098c9c&clientStartTime=1765800029069&retryCount=13&retryReason=None&request_guid=fffd9b82-aca1-43bf-b3af-12b43c2abfdc
[2025-12-15T12:03:09.805+0000] {connectionpool.py:824} WARNING - Retrying (Retry(total=0, connect=None, read=None, redirect=None, status=None)) after connection broken by 'NewConnectionError('<snowflake.connector.vendored.urllib3.connection.HTTPSConnection object at 0x77068d818fb0>: Failed to establish a new connection: [Errno -2] Name or service not known')': /queries/v1/query-request?requestId=809f937c-5d2d-4649-8fcf-e95033098c9c&clientStartTime=1765800029069&retryCount=14&retryReason=None&request_guid=3edeb41a-9dd2-4688-b0ec-87b282105b72
[2025-12-15T12:03:25.816+0000] {connectionpool.py:824} WARNING - Retrying (Retry(total=0, connect=None, read=None, redirect=None, status=None)) after connection broken by 'NewConnectionError('<snowflake.connector.vendored.urllib3.connection.HTTPSConnection object at 0x77068d81a000>: Failed to establish a new connection: [Errno -2] Name or service not known')': /queries/v1/query-request?requestId=809f937c-5d2d-4649-8fcf-e95033098c9c&clientStartTime=1765800029069&retryCount=15&retryReason=None&request_guid=9b098787-47e5-427f-ba0b-dfb33bc36253
[2025-12-15T12:03:29.962+0000] {connectionpool.py:824} WARNING - Retrying (Retry(total=0, connect=None, read=None, redirect=None, status=None)) after connection broken by 'NewConnectionError('<snowflake.connector.vendored.urllib3.connection.HTTPSConnection object at 0x77068d81b680>: Failed to establish a new connection: [Errno -2] Name or service not known')': /queries/v1/query-request?requestId=809f937c-5d2d-4649-8fcf-e95033098c9c&clientStartTime=1765800029069&retryCount=16&retryReason=None&request_guid=210581bf-01a2-4473-b7b7-622c8f6d1ca8
[2025-12-15T12:03:44.269+0000] {connectionpool.py:824} WARNING - Retrying (Retry(total=0, connect=None, read=None, redirect=None, status=None)) after connection broken by 'NewConnectionError('<snowflake.connector.vendored.urllib3.connection.HTTPSConnection object at 0x77068d6c72c0>: Failed to establish a new connection: [Errno -2] Name or service not known')': /queries/v1/query-request?requestId=809f937c-5d2d-4649-8fcf-e95033098c9c&clientStartTime=1765800029069&retryCount=17&retryReason=None&request_guid=48194219-1ee0-4dbb-8432-f1f7b0db48e5
[2025-12-15T12:04:00.294+0000] {connectionpool.py:824} WARNING - Retrying (Retry(total=0, connect=None, read=None, redirect=None, status=None)) after connection broken by 'NewConnectionError('<snowflake.connector.vendored.urllib3.connection.HTTPSConnection object at 0x77068d812c60>: Failed to establish a new connection: [Errno -2] Name or service not known')': /queries/v1/query-request?requestId=809f937c-5d2d-4649-8fcf-e95033098c9c&clientStartTime=1765800029069&retryCount=18&retryReason=None&request_guid=c0174feb-60b8-419a-86dc-b6ba5f643851
[2025-12-15T12:04:01.436+0000] {connectionpool.py:824} WARNING - Retrying (Retry(total=0, connect=None, read=None, redirect=None, status=None)) after connection broken by 'NewConnectionError('<snowflake.connector.vendored.urllib3.connection.HTTPSConnection object at 0x77068d818d40>: Failed to establish a new connection: [Errno -2] Name or service not known')': /queries/v1/query-request?requestId=809f937c-5d2d-4649-8fcf-e95033098c9c&clientStartTime=1765800029069&retryCount=19&retryReason=None&request_guid=847d5a5d-4c42-46ad-9e07-14e537e33a45
[2025-12-15T12:04:01.535+0000] {connectionpool.py:824} WARNING - Retrying (Retry(total=0, connect=None, read=None, redirect=None, status=None)) after connection broken by 'NewConnectionError('<snowflake.connector.vendored.urllib3.connection.HTTPSConnection object at 0x77068d81ad50>: Failed to establish a new connection: [Errno -2] Name or service not known')': /queries/v1/query-request?requestId=809f937c-5d2d-4649-8fcf-e95033098c9c&clientStartTime=1765800029069&retryCount=20&retryReason=None&request_guid=37e90ac2-524d-453e-9d33-60cad5e3c937
[2025-12-15T12:04:04.584+0000] {connectionpool.py:824} WARNING - Retrying (Retry(total=0, connect=None, read=None, redirect=None, status=None)) after connection broken by 'NewConnectionError('<snowflake.connector.vendored.urllib3.connection.HTTPSConnection object at 0x77068d819130>: Failed to establish a new connection: [Errno -2] Name or service not known')': /queries/v1/query-request?requestId=809f937c-5d2d-4649-8fcf-e95033098c9c&clientStartTime=1765800029069&retryCount=21&retryReason=None&request_guid=6f0f5c50-cc95-42f2-b9b8-ad2f87bed574
[2025-12-15T12:04:28.253+0000] {logging_mixin.py:188} INFO - Uploaded file to Snowflake stage: /tmp/minio_data/1765702252.json
[2025-12-15T12:04:41.119+0000] {logging_mixin.py:188} INFO - Uploaded file to Snowflake stage: /tmp/minio_data/1765702378.json
[2025-12-15T12:04:42.927+0000] {logging_mixin.py:188} INFO - Uploaded file to Snowflake stage: /tmp/minio_data/1765702503.json
[2025-12-15T12:04:45.992+0000] {logging_mixin.py:188} INFO - Uploaded file to Snowflake stage: /tmp/minio_data/1765702628.json
[2025-12-15T12:04:52.177+0000] {logging_mixin.py:188} INFO - Uploaded file to Snowflake stage: /tmp/minio_data/1765702754.json
[2025-12-15T12:04:53.459+0000] {logging_mixin.py:188} INFO - Uploaded file to Snowflake stage: /tmp/minio_data/1765702880.json
[2025-12-15T12:04:54.114+0000] {logging_mixin.py:188} INFO - Uploaded file to Snowflake stage: /tmp/minio_data/1765703006.json
[2025-12-15T12:04:54.807+0000] {logging_mixin.py:188} INFO - Uploaded file to Snowflake stage: /tmp/minio_data/1765703131.json
[2025-12-15T12:04:55.396+0000] {logging_mixin.py:188} INFO - Uploaded file to Snowflake stage: /tmp/minio_data/1765703256.json
[2025-12-15T12:04:57.613+0000] {logging_mixin.py:188} INFO - Uploaded file to Snowflake stage: /tmp/minio_data/1765703381.json
[2025-12-15T12:04:59.125+0000] {logging_mixin.py:188} INFO - Uploaded file to Snowflake stage: /tmp/minio_data/1765703507.json
[2025-12-15T12:05:00.792+0000] {logging_mixin.py:188} INFO - Uploaded file to Snowflake stage: /tmp/minio_data/1765703631.json
[2025-12-15T12:05:04.643+0000] {logging_mixin.py:188} INFO - Uploaded file to Snowflake stage: /tmp/minio_data/1765703756.json
[2025-12-15T12:05:05.521+0000] {logging_mixin.py:188} INFO - Uploaded file to Snowflake stage: /tmp/minio_data/1765703880.json
[2025-12-15T12:05:07.331+0000] {logging_mixin.py:188} INFO - Uploaded file to Snowflake stage: /tmp/minio_data/1765704004.json
[2025-12-15T12:05:13.780+0000] {connectionpool.py:824} WARNING - Retrying (Retry(total=0, connect=None, read=None, redirect=None, status=None)) after connection broken by 'ProtocolError('Connection aborted.', RemoteDisconnected('Remote end closed connection without response'))': /?accelerate
[2025-12-15T12:05:17.140+0000] {logging_mixin.py:188} INFO - Uploaded file to Snowflake stage: /tmp/minio_data/1765704129.json
