[2025-12-15T09:31:20.349+0000] {local_task_job_runner.py:120} INFO - ::group::Pre task execution logs
[2025-12-15T09:31:20.746+0000] {taskinstance.py:2076} INFO - Dependencies all met for dep_context=non-requeueable deps ti=<TaskInstance: minio_to_snowflake.download_from_minio scheduled__2025-12-15T09:20:00+00:00 [queued]>
[2025-12-15T09:31:20.833+0000] {taskinstance.py:2076} INFO - Dependencies all met for dep_context=requeueable deps ti=<TaskInstance: minio_to_snowflake.download_from_minio scheduled__2025-12-15T09:20:00+00:00 [queued]>
[2025-12-15T09:31:20.835+0000] {taskinstance.py:2306} INFO - Starting attempt 2 of 3
[2025-12-15T09:31:20.993+0000] {taskinstance.py:2330} INFO - Executing <Task(PythonOperator): download_from_minio> on 2025-12-15 09:20:00+00:00
[2025-12-15T09:31:21.128+0000] {standard_task_runner.py:90} INFO - Running: ['***', 'tasks', 'run', 'minio_to_snowflake', 'download_from_minio', 'scheduled__2025-12-15T09:20:00+00:00', '--job-id', '27', '--raw', '--subdir', 'DAGS_FOLDER/minio_to_snowflake.py', '--cfg-path', '/tmp/tmp6fe_jy25']
[2025-12-15T09:31:21.172+0000] {standard_task_runner.py:91} INFO - Job 27: Subtask download_from_minio
[2025-12-15T09:31:21.177+0000] {logging_mixin.py:188} WARNING - /home/***/.local/lib/python3.12/site-packages/***/task/task_runner/standard_task_runner.py:62 DeprecationWarning: This process (pid=995) is multi-threaded, use of fork() may lead to deadlocks in the child.
[2025-12-15T09:31:21.182+0000] {standard_task_runner.py:64} INFO - Started process 1918 to run task
[2025-12-15T09:31:20.834+0000] {task_command.py:426} INFO - Running <TaskInstance: minio_to_snowflake.download_from_minio scheduled__2025-12-15T09:20:00+00:00 [running]> on host 4abec113d47e
[2025-12-15T09:31:22.607+0000] {taskinstance.py:2648} INFO - Exporting env vars: AIRFLOW_CTX_DAG_OWNER='***' AIRFLOW_CTX_DAG_ID='minio_to_snowflake' AIRFLOW_CTX_TASK_ID='download_from_minio' AIRFLOW_CTX_EXECUTION_DATE='2025-12-15T09:20:00+00:00' AIRFLOW_CTX_TRY_NUMBER='2' AIRFLOW_CTX_DAG_RUN_ID='scheduled__2025-12-15T09:20:00+00:00'
[2025-12-15T09:31:22.650+0000] {taskinstance.py:430} INFO - ::endgroup::
[2025-12-15T09:31:24.889+0000] {logging_mixin.py:188} INFO - Found 265 files in the bucket.
[2025-12-15T09:31:24.964+0000] {logging_mixin.py:188} INFO - Downloaded AAPL/1765699149.json to /tmp/minio_data/1765699149.json
[2025-12-15T09:31:25.016+0000] {logging_mixin.py:188} INFO - Downloaded AAPL/1765700319.json to /tmp/minio_data/1765700319.json
[2025-12-15T09:31:25.038+0000] {logging_mixin.py:188} INFO - Downloaded AAPL/1765700445.json to /tmp/minio_data/1765700445.json
[2025-12-15T09:31:25.109+0000] {logging_mixin.py:188} INFO - Downloaded AAPL/1765700570.json to /tmp/minio_data/1765700570.json
[2025-12-15T09:31:25.187+0000] {logging_mixin.py:188} INFO - Downloaded AAPL/1765700695.json to /tmp/minio_data/1765700695.json
[2025-12-15T09:31:25.266+0000] {logging_mixin.py:188} INFO - Downloaded AAPL/1765700820.json to /tmp/minio_data/1765700820.json
[2025-12-15T09:31:25.343+0000] {logging_mixin.py:188} INFO - Downloaded AAPL/1765700944.json to /tmp/minio_data/1765700944.json
[2025-12-15T09:31:25.380+0000] {logging_mixin.py:188} INFO - Downloaded AAPL/1765701068.json to /tmp/minio_data/1765701068.json
[2025-12-15T09:31:25.442+0000] {logging_mixin.py:188} INFO - Downloaded AAPL/1765701195.json to /tmp/minio_data/1765701195.json
[2025-12-15T09:31:25.483+0000] {logging_mixin.py:188} INFO - Downloaded AAPL/1765701319.json to /tmp/minio_data/1765701319.json
[2025-12-15T09:31:25.530+0000] {logging_mixin.py:188} INFO - Downloaded AAPL/1765701444.json to /tmp/minio_data/1765701444.json
[2025-12-15T09:31:25.692+0000] {logging_mixin.py:188} INFO - Downloaded AAPL/1765701569.json to /tmp/minio_data/1765701569.json
[2025-12-15T09:31:25.763+0000] {logging_mixin.py:188} INFO - Downloaded AAPL/1765701708.json to /tmp/minio_data/1765701708.json
[2025-12-15T09:31:25.831+0000] {logging_mixin.py:188} INFO - Downloaded AAPL/1765701834.json to /tmp/minio_data/1765701834.json
[2025-12-15T09:31:25.880+0000] {logging_mixin.py:188} INFO - Downloaded AAPL/1765701960.json to /tmp/minio_data/1765701960.json
[2025-12-15T09:31:25.978+0000] {logging_mixin.py:188} INFO - Downloaded AAPL/1765702086.json to /tmp/minio_data/1765702086.json
[2025-12-15T09:31:26.053+0000] {logging_mixin.py:188} INFO - Downloaded AAPL/1765702212.json to /tmp/minio_data/1765702212.json
[2025-12-15T09:31:26.117+0000] {logging_mixin.py:188} INFO - Downloaded AAPL/1765702339.json to /tmp/minio_data/1765702339.json
[2025-12-15T09:31:26.221+0000] {logging_mixin.py:188} INFO - Downloaded AAPL/1765702464.json to /tmp/minio_data/1765702464.json
[2025-12-15T09:31:26.337+0000] {logging_mixin.py:188} INFO - Downloaded AAPL/1765702590.json to /tmp/minio_data/1765702590.json
[2025-12-15T09:31:26.407+0000] {logging_mixin.py:188} INFO - Downloaded AAPL/1765702715.json to /tmp/minio_data/1765702715.json
[2025-12-15T09:31:26.464+0000] {logging_mixin.py:188} INFO - Downloaded AAPL/1765702840.json to /tmp/minio_data/1765702840.json
[2025-12-15T09:31:26.562+0000] {logging_mixin.py:188} INFO - Downloaded AAPL/1765702967.json to /tmp/minio_data/1765702967.json
[2025-12-15T09:31:26.603+0000] {logging_mixin.py:188} INFO - Downloaded AAPL/1765703092.json to /tmp/minio_data/1765703092.json
[2025-12-15T09:31:26.626+0000] {logging_mixin.py:188} INFO - Downloaded AAPL/1765703217.json to /tmp/minio_data/1765703217.json
[2025-12-15T09:31:26.662+0000] {logging_mixin.py:188} INFO - Downloaded AAPL/1765703342.json to /tmp/minio_data/1765703342.json
[2025-12-15T09:31:26.710+0000] {logging_mixin.py:188} INFO - Downloaded AAPL/1765703468.json to /tmp/minio_data/1765703468.json
[2025-12-15T09:31:26.753+0000] {logging_mixin.py:188} INFO - Downloaded AAPL/1765703593.json to /tmp/minio_data/1765703593.json
[2025-12-15T09:31:26.810+0000] {logging_mixin.py:188} INFO - Downloaded AAPL/1765703717.json to /tmp/minio_data/1765703717.json
[2025-12-15T09:31:26.846+0000] {logging_mixin.py:188} INFO - Downloaded AAPL/1765703841.json to /tmp/minio_data/1765703841.json
[2025-12-15T09:31:26.875+0000] {logging_mixin.py:188} INFO - Downloaded AAPL/1765703966.json to /tmp/minio_data/1765703966.json
[2025-12-15T09:31:26.917+0000] {logging_mixin.py:188} INFO - Downloaded AAPL/1765704090.json to /tmp/minio_data/1765704090.json
[2025-12-15T09:31:26.950+0000] {logging_mixin.py:188} INFO - Downloaded AAPL/1765704215.json to /tmp/minio_data/1765704215.json
[2025-12-15T09:31:26.994+0000] {logging_mixin.py:188} INFO - Downloaded AAPL/1765704339.json to /tmp/minio_data/1765704339.json
[2025-12-15T09:31:27.033+0000] {logging_mixin.py:188} INFO - Downloaded AAPL/1765704464.json to /tmp/minio_data/1765704464.json
[2025-12-15T09:31:27.089+0000] {logging_mixin.py:188} INFO - Downloaded AAPL/1765704588.json to /tmp/minio_data/1765704588.json
[2025-12-15T09:31:27.140+0000] {logging_mixin.py:188} INFO - Downloaded AAPL/1765704712.json to /tmp/minio_data/1765704712.json
[2025-12-15T09:31:27.169+0000] {logging_mixin.py:188} INFO - Downloaded AAPL/1765704837.json to /tmp/minio_data/1765704837.json
[2025-12-15T09:31:27.220+0000] {logging_mixin.py:188} INFO - Downloaded AAPL/1765704961.json to /tmp/minio_data/1765704961.json
[2025-12-15T09:31:27.271+0000] {logging_mixin.py:188} INFO - Downloaded AAPL/1765705086.json to /tmp/minio_data/1765705086.json
[2025-12-15T09:31:27.308+0000] {logging_mixin.py:188} INFO - Downloaded AAPL/1765705210.json to /tmp/minio_data/1765705210.json
[2025-12-15T09:31:27.369+0000] {logging_mixin.py:188} INFO - Downloaded AAPL/1765705335.json to /tmp/minio_data/1765705335.json
[2025-12-15T09:31:27.414+0000] {logging_mixin.py:188} INFO - Downloaded AAPL/1765705459.json to /tmp/minio_data/1765705459.json
[2025-12-15T09:31:27.464+0000] {logging_mixin.py:188} INFO - Downloaded AAPL/1765705591.json to /tmp/minio_data/1765705591.json
[2025-12-15T09:31:27.501+0000] {logging_mixin.py:188} INFO - Downloaded AAPL/1765705724.json to /tmp/minio_data/1765705724.json
[2025-12-15T09:31:27.541+0000] {logging_mixin.py:188} INFO - Downloaded AAPL/1765705856.json to /tmp/minio_data/1765705856.json
[2025-12-15T09:31:27.566+0000] {logging_mixin.py:188} INFO - Downloaded AAPL/1765706004.json to /tmp/minio_data/1765706004.json
[2025-12-15T09:31:27.596+0000] {logging_mixin.py:188} INFO - Downloaded AAPL/1765706174.json to /tmp/minio_data/1765706174.json
[2025-12-15T09:31:27.628+0000] {logging_mixin.py:188} INFO - Downloaded AAPL/1765706317.json to /tmp/minio_data/1765706317.json
[2025-12-15T09:31:27.667+0000] {logging_mixin.py:188} INFO - Downloaded AAPL/1765706443.json to /tmp/minio_data/1765706443.json
[2025-12-15T09:31:27.723+0000] {logging_mixin.py:188} INFO - Downloaded AAPL/1765706568.json to /tmp/minio_data/1765706568.json
[2025-12-15T09:31:27.770+0000] {logging_mixin.py:188} INFO - Downloaded AAPL/1765706694.json to /tmp/minio_data/1765706694.json
[2025-12-15T09:31:27.818+0000] {logging_mixin.py:188} INFO - Downloaded AAPL/1765706820.json to /tmp/minio_data/1765706820.json
[2025-12-15T09:31:27.872+0000] {logging_mixin.py:188} INFO - Downloaded AMZN/1765699206.json to /tmp/minio_data/1765699206.json
[2025-12-15T09:31:27.929+0000] {logging_mixin.py:188} INFO - Downloaded AMZN/1765700358.json to /tmp/minio_data/1765700358.json
[2025-12-15T09:31:27.975+0000] {logging_mixin.py:188} INFO - Downloaded AMZN/1765700483.json to /tmp/minio_data/1765700483.json
[2025-12-15T09:31:28.025+0000] {logging_mixin.py:188} INFO - Downloaded AMZN/1765700609.json to /tmp/minio_data/1765700609.json
[2025-12-15T09:31:28.058+0000] {logging_mixin.py:188} INFO - Downloaded AMZN/1765700734.json to /tmp/minio_data/1765700734.json
[2025-12-15T09:31:28.115+0000] {logging_mixin.py:188} INFO - Downloaded AMZN/1765700858.json to /tmp/minio_data/1765700858.json
[2025-12-15T09:31:28.162+0000] {logging_mixin.py:188} INFO - Downloaded AMZN/1765700983.json to /tmp/minio_data/1765700983.json
[2025-12-15T09:31:28.202+0000] {logging_mixin.py:188} INFO - Downloaded AMZN/1765701108.json to /tmp/minio_data/1765701108.json
[2025-12-15T09:31:28.257+0000] {logging_mixin.py:188} INFO - Downloaded AMZN/1765701234.json to /tmp/minio_data/1765701234.json
[2025-12-15T09:31:28.312+0000] {logging_mixin.py:188} INFO - Downloaded AMZN/1765701359.json to /tmp/minio_data/1765701359.json
[2025-12-15T09:31:28.348+0000] {logging_mixin.py:188} INFO - Downloaded AMZN/1765701483.json to /tmp/minio_data/1765701483.json
[2025-12-15T09:31:28.394+0000] {logging_mixin.py:188} INFO - Downloaded AMZN/1765701607.json to /tmp/minio_data/1765701607.json
[2025-12-15T09:31:28.455+0000] {logging_mixin.py:188} INFO - Downloaded AMZN/1765701748.json to /tmp/minio_data/1765701748.json
[2025-12-15T09:31:28.517+0000] {logging_mixin.py:188} INFO - Downloaded AMZN/1765701874.json to /tmp/minio_data/1765701874.json
[2025-12-15T09:31:28.566+0000] {logging_mixin.py:188} INFO - Downloaded AMZN/1765701999.json to /tmp/minio_data/1765701999.json
[2025-12-15T09:31:28.617+0000] {logging_mixin.py:188} INFO - Downloaded AMZN/1765702125.json to /tmp/minio_data/1765702125.json
[2025-12-15T09:31:28.706+0000] {logging_mixin.py:188} INFO - Downloaded AMZN/1765702252.json to /tmp/minio_data/1765702252.json
[2025-12-15T09:31:28.868+0000] {logging_mixin.py:188} INFO - Downloaded AMZN/1765702378.json to /tmp/minio_data/1765702378.json
[2025-12-15T09:31:28.993+0000] {logging_mixin.py:188} INFO - Downloaded AMZN/1765702503.json to /tmp/minio_data/1765702503.json
[2025-12-15T09:31:29.185+0000] {logging_mixin.py:188} INFO - Downloaded AMZN/1765702628.json to /tmp/minio_data/1765702628.json
[2025-12-15T09:31:29.259+0000] {logging_mixin.py:188} INFO - Downloaded AMZN/1765702754.json to /tmp/minio_data/1765702754.json
[2025-12-15T09:31:29.305+0000] {logging_mixin.py:188} INFO - Downloaded AMZN/1765702880.json to /tmp/minio_data/1765702880.json
[2025-12-15T09:31:29.382+0000] {logging_mixin.py:188} INFO - Downloaded AMZN/1765703006.json to /tmp/minio_data/1765703006.json
[2025-12-15T09:31:29.531+0000] {logging_mixin.py:188} INFO - Downloaded AMZN/1765703131.json to /tmp/minio_data/1765703131.json
[2025-12-15T09:31:29.567+0000] {logging_mixin.py:188} INFO - Downloaded AMZN/1765703256.json to /tmp/minio_data/1765703256.json
[2025-12-15T09:31:29.606+0000] {logging_mixin.py:188} INFO - Downloaded AMZN/1765703381.json to /tmp/minio_data/1765703381.json
[2025-12-15T09:31:29.656+0000] {logging_mixin.py:188} INFO - Downloaded AMZN/1765703507.json to /tmp/minio_data/1765703507.json
[2025-12-15T09:31:29.708+0000] {logging_mixin.py:188} INFO - Downloaded AMZN/1765703631.json to /tmp/minio_data/1765703631.json
[2025-12-15T09:31:29.739+0000] {logging_mixin.py:188} INFO - Downloaded AMZN/1765703756.json to /tmp/minio_data/1765703756.json
[2025-12-15T09:31:29.775+0000] {logging_mixin.py:188} INFO - Downloaded AMZN/1765703880.json to /tmp/minio_data/1765703880.json
[2025-12-15T09:31:29.831+0000] {logging_mixin.py:188} INFO - Downloaded AMZN/1765704004.json to /tmp/minio_data/1765704004.json
[2025-12-15T09:31:29.858+0000] {logging_mixin.py:188} INFO - Downloaded AMZN/1765704129.json to /tmp/minio_data/1765704129.json
[2025-12-15T09:31:29.902+0000] {logging_mixin.py:188} INFO - Downloaded AMZN/1765704254.json to /tmp/minio_data/1765704254.json
[2025-12-15T09:31:29.943+0000] {logging_mixin.py:188} INFO - Downloaded AMZN/1765704377.json to /tmp/minio_data/1765704377.json
[2025-12-15T09:31:29.966+0000] {logging_mixin.py:188} INFO - Downloaded AMZN/1765704502.json to /tmp/minio_data/1765704502.json
[2025-12-15T09:31:30.007+0000] {logging_mixin.py:188} INFO - Downloaded AMZN/1765704627.json to /tmp/minio_data/1765704627.json
[2025-12-15T09:31:30.038+0000] {logging_mixin.py:188} INFO - Downloaded AMZN/1765704751.json to /tmp/minio_data/1765704751.json
[2025-12-15T09:31:30.080+0000] {logging_mixin.py:188} INFO - Downloaded AMZN/1765704875.json to /tmp/minio_data/1765704875.json
[2025-12-15T09:31:30.129+0000] {logging_mixin.py:188} INFO - Downloaded AMZN/1765705000.json to /tmp/minio_data/1765705000.json
[2025-12-15T09:31:30.173+0000] {logging_mixin.py:188} INFO - Downloaded AMZN/1765705125.json to /tmp/minio_data/1765705125.json
[2025-12-15T09:31:30.226+0000] {logging_mixin.py:188} INFO - Downloaded AMZN/1765705249.json to /tmp/minio_data/1765705249.json
[2025-12-15T09:31:30.258+0000] {logging_mixin.py:188} INFO - Downloaded AMZN/1765705373.json to /tmp/minio_data/1765705373.json
[2025-12-15T09:31:30.310+0000] {logging_mixin.py:188} INFO - Downloaded AMZN/1765705504.json to /tmp/minio_data/1765705504.json
[2025-12-15T09:31:30.357+0000] {logging_mixin.py:188} INFO - Downloaded AMZN/1765705636.json to /tmp/minio_data/1765705636.json
[2025-12-15T09:31:30.402+0000] {logging_mixin.py:188} INFO - Downloaded AMZN/1765705768.json to /tmp/minio_data/1765705768.json
[2025-12-15T09:31:30.462+0000] {logging_mixin.py:188} INFO - Downloaded AMZN/1765705902.json to /tmp/minio_data/1765705902.json
[2025-12-15T09:31:30.505+0000] {logging_mixin.py:188} INFO - Downloaded AMZN/1765706078.json to /tmp/minio_data/1765706078.json
[2025-12-15T09:31:30.548+0000] {logging_mixin.py:188} INFO - Downloaded AMZN/1765706228.json to /tmp/minio_data/1765706228.json
[2025-12-15T09:31:30.614+0000] {logging_mixin.py:188} INFO - Downloaded AMZN/1765706357.json to /tmp/minio_data/1765706357.json
[2025-12-15T09:31:30.695+0000] {logging_mixin.py:188} INFO - Downloaded AMZN/1765706482.json to /tmp/minio_data/1765706482.json
[2025-12-15T09:31:30.761+0000] {logging_mixin.py:188} INFO - Downloaded AMZN/1765706607.json to /tmp/minio_data/1765706607.json
[2025-12-15T09:31:30.811+0000] {logging_mixin.py:188} INFO - Downloaded AMZN/1765706733.json to /tmp/minio_data/1765706733.json
[2025-12-15T09:31:30.850+0000] {logging_mixin.py:188} INFO - Downloaded AMZN/1765706859.json to /tmp/minio_data/1765706859.json
[2025-12-15T09:31:30.941+0000] {logging_mixin.py:188} INFO - Downloaded GOOGL/1765699167.json to /tmp/minio_data/1765699167.json
[2025-12-15T09:31:30.982+0000] {logging_mixin.py:188} INFO - Downloaded GOOGL/1765700332.json to /tmp/minio_data/1765700332.json
[2025-12-15T09:31:31.005+0000] {logging_mixin.py:188} INFO - Downloaded GOOGL/1765700458.json to /tmp/minio_data/1765700458.json
[2025-12-15T09:31:31.073+0000] {logging_mixin.py:188} INFO - Downloaded GOOGL/1765700583.json to /tmp/minio_data/1765700583.json
[2025-12-15T09:31:31.136+0000] {logging_mixin.py:188} INFO - Downloaded GOOGL/1765700708.json to /tmp/minio_data/1765700708.json
[2025-12-15T09:31:31.186+0000] {logging_mixin.py:188} INFO - Downloaded GOOGL/1765700832.json to /tmp/minio_data/1765700832.json
[2025-12-15T09:31:31.243+0000] {logging_mixin.py:188} INFO - Downloaded GOOGL/1765700957.json to /tmp/minio_data/1765700957.json
[2025-12-15T09:31:31.279+0000] {logging_mixin.py:188} INFO - Downloaded GOOGL/1765701082.json to /tmp/minio_data/1765701082.json
[2025-12-15T09:31:31.303+0000] {logging_mixin.py:188} INFO - Downloaded GOOGL/1765701208.json to /tmp/minio_data/1765701208.json
[2025-12-15T09:31:31.342+0000] {logging_mixin.py:188} INFO - Downloaded GOOGL/1765701333.json to /tmp/minio_data/1765701333.json
[2025-12-15T09:31:31.416+0000] {logging_mixin.py:188} INFO - Downloaded GOOGL/1765701457.json to /tmp/minio_data/1765701457.json
[2025-12-15T09:31:31.479+0000] {logging_mixin.py:188} INFO - Downloaded GOOGL/1765701582.json to /tmp/minio_data/1765701582.json
[2025-12-15T09:31:31.525+0000] {logging_mixin.py:188} INFO - Downloaded GOOGL/1765701721.json to /tmp/minio_data/1765701721.json
[2025-12-15T09:31:31.573+0000] {logging_mixin.py:188} INFO - Downloaded GOOGL/1765701847.json to /tmp/minio_data/1765701847.json
[2025-12-15T09:31:31.619+0000] {logging_mixin.py:188} INFO - Downloaded GOOGL/1765701973.json to /tmp/minio_data/1765701973.json
[2025-12-15T09:31:31.647+0000] {logging_mixin.py:188} INFO - Downloaded GOOGL/1765702099.json to /tmp/minio_data/1765702099.json
[2025-12-15T09:31:31.678+0000] {logging_mixin.py:188} INFO - Downloaded GOOGL/1765702225.json to /tmp/minio_data/1765702225.json
[2025-12-15T09:31:31.722+0000] {logging_mixin.py:188} INFO - Downloaded GOOGL/1765702352.json to /tmp/minio_data/1765702352.json
[2025-12-15T09:31:31.774+0000] {logging_mixin.py:188} INFO - Downloaded GOOGL/1765702477.json to /tmp/minio_data/1765702477.json
[2025-12-15T09:31:31.817+0000] {logging_mixin.py:188} INFO - Downloaded GOOGL/1765702603.json to /tmp/minio_data/1765702603.json
[2025-12-15T09:31:31.867+0000] {logging_mixin.py:188} INFO - Downloaded GOOGL/1765702728.json to /tmp/minio_data/1765702728.json
[2025-12-15T09:31:31.962+0000] {logging_mixin.py:188} INFO - Downloaded GOOGL/1765702853.json to /tmp/minio_data/1765702853.json
[2025-12-15T09:31:32.079+0000] {logging_mixin.py:188} INFO - Downloaded GOOGL/1765702980.json to /tmp/minio_data/1765702980.json
[2025-12-15T09:31:32.209+0000] {logging_mixin.py:188} INFO - Downloaded GOOGL/1765703105.json to /tmp/minio_data/1765703105.json
[2025-12-15T09:31:32.261+0000] {logging_mixin.py:188} INFO - Downloaded GOOGL/1765703230.json to /tmp/minio_data/1765703230.json
[2025-12-15T09:31:32.329+0000] {logging_mixin.py:188} INFO - Downloaded GOOGL/1765703355.json to /tmp/minio_data/1765703355.json
[2025-12-15T09:31:32.430+0000] {logging_mixin.py:188} INFO - Downloaded GOOGL/1765703481.json to /tmp/minio_data/1765703481.json
[2025-12-15T09:31:32.474+0000] {logging_mixin.py:188} INFO - Downloaded GOOGL/1765703605.json to /tmp/minio_data/1765703605.json
[2025-12-15T09:31:32.500+0000] {logging_mixin.py:188} INFO - Downloaded GOOGL/1765703729.json to /tmp/minio_data/1765703729.json
[2025-12-15T09:31:32.537+0000] {logging_mixin.py:188} INFO - Downloaded GOOGL/1765703854.json to /tmp/minio_data/1765703854.json
[2025-12-15T09:31:32.563+0000] {logging_mixin.py:188} INFO - Downloaded GOOGL/1765703979.json to /tmp/minio_data/1765703979.json
[2025-12-15T09:31:32.593+0000] {logging_mixin.py:188} INFO - Downloaded GOOGL/1765704103.json to /tmp/minio_data/1765704103.json
[2025-12-15T09:31:32.659+0000] {logging_mixin.py:188} INFO - Downloaded GOOGL/1765704228.json to /tmp/minio_data/1765704228.json
[2025-12-15T09:31:32.707+0000] {logging_mixin.py:188} INFO - Downloaded GOOGL/1765704352.json to /tmp/minio_data/1765704352.json
[2025-12-15T09:31:32.735+0000] {logging_mixin.py:188} INFO - Downloaded GOOGL/1765704477.json to /tmp/minio_data/1765704477.json
[2025-12-15T09:31:32.757+0000] {logging_mixin.py:188} INFO - Downloaded GOOGL/1765704601.json to /tmp/minio_data/1765704601.json
[2025-12-15T09:31:32.785+0000] {logging_mixin.py:188} INFO - Downloaded GOOGL/1765704725.json to /tmp/minio_data/1765704725.json
[2025-12-15T09:31:32.808+0000] {logging_mixin.py:188} INFO - Downloaded GOOGL/1765704850.json to /tmp/minio_data/1765704850.json
[2025-12-15T09:31:32.838+0000] {logging_mixin.py:188} INFO - Downloaded GOOGL/1765704974.json to /tmp/minio_data/1765704974.json
[2025-12-15T09:31:32.860+0000] {logging_mixin.py:188} INFO - Downloaded GOOGL/1765705098.json to /tmp/minio_data/1765705098.json
[2025-12-15T09:31:32.893+0000] {logging_mixin.py:188} INFO - Downloaded GOOGL/1765705223.json to /tmp/minio_data/1765705223.json
[2025-12-15T09:31:32.917+0000] {logging_mixin.py:188} INFO - Downloaded GOOGL/1765705348.json to /tmp/minio_data/1765705348.json
[2025-12-15T09:31:32.944+0000] {logging_mixin.py:188} INFO - Downloaded GOOGL/1765705476.json to /tmp/minio_data/1765705476.json
[2025-12-15T09:31:32.968+0000] {logging_mixin.py:188} INFO - Downloaded GOOGL/1765705605.json to /tmp/minio_data/1765705605.json
[2025-12-15T09:31:33.025+0000] {logging_mixin.py:188} INFO - Downloaded GOOGL/1765705738.json to /tmp/minio_data/1765705738.json
[2025-12-15T09:31:33.075+0000] {logging_mixin.py:188} INFO - Downloaded GOOGL/1765705870.json to /tmp/minio_data/1765705870.json
[2025-12-15T09:31:33.124+0000] {logging_mixin.py:188} INFO - Downloaded GOOGL/1765706030.json to /tmp/minio_data/1765706030.json
[2025-12-15T09:31:33.159+0000] {logging_mixin.py:188} INFO - Downloaded GOOGL/1765706198.json to /tmp/minio_data/1765706198.json
[2025-12-15T09:31:33.192+0000] {logging_mixin.py:188} INFO - Downloaded GOOGL/1765706330.json to /tmp/minio_data/1765706330.json
[2025-12-15T09:31:33.229+0000] {logging_mixin.py:188} INFO - Downloaded GOOGL/1765706456.json to /tmp/minio_data/1765706456.json
[2025-12-15T09:31:33.272+0000] {logging_mixin.py:188} INFO - Downloaded GOOGL/1765706581.json to /tmp/minio_data/1765706581.json
[2025-12-15T09:31:33.335+0000] {logging_mixin.py:188} INFO - Downloaded GOOGL/1765706707.json to /tmp/minio_data/1765706707.json
[2025-12-15T09:31:33.398+0000] {logging_mixin.py:188} INFO - Downloaded GOOGL/1765706833.json to /tmp/minio_data/1765706833.json
[2025-12-15T09:31:33.498+0000] {logging_mixin.py:188} INFO - Downloaded MSFT/1765699183.json to /tmp/minio_data/1765699183.json
[2025-12-15T09:31:33.553+0000] {logging_mixin.py:188} INFO - Downloaded MSFT/1765700345.json to /tmp/minio_data/1765700345.json
[2025-12-15T09:31:33.642+0000] {logging_mixin.py:188} INFO - Downloaded MSFT/1765700470.json to /tmp/minio_data/1765700470.json
[2025-12-15T09:31:33.694+0000] {logging_mixin.py:188} INFO - Downloaded MSFT/1765700596.json to /tmp/minio_data/1765700596.json
[2025-12-15T09:31:33.726+0000] {logging_mixin.py:188} INFO - Downloaded MSFT/1765700721.json to /tmp/minio_data/1765700721.json
[2025-12-15T09:31:33.785+0000] {logging_mixin.py:188} INFO - Downloaded MSFT/1765700845.json to /tmp/minio_data/1765700845.json
[2025-12-15T09:31:33.850+0000] {logging_mixin.py:188} INFO - Downloaded MSFT/1765700970.json to /tmp/minio_data/1765700970.json
[2025-12-15T09:31:34.009+0000] {logging_mixin.py:188} INFO - Downloaded MSFT/1765701095.json to /tmp/minio_data/1765701095.json
[2025-12-15T09:31:34.125+0000] {logging_mixin.py:188} INFO - Downloaded MSFT/1765701221.json to /tmp/minio_data/1765701221.json
[2025-12-15T09:31:34.207+0000] {logging_mixin.py:188} INFO - Downloaded MSFT/1765701346.json to /tmp/minio_data/1765701346.json
[2025-12-15T09:31:34.240+0000] {logging_mixin.py:188} INFO - Downloaded MSFT/1765701470.json to /tmp/minio_data/1765701470.json
[2025-12-15T09:31:34.270+0000] {logging_mixin.py:188} INFO - Downloaded MSFT/1765701595.json to /tmp/minio_data/1765701595.json
[2025-12-15T09:31:34.300+0000] {logging_mixin.py:188} INFO - Downloaded MSFT/1765701735.json to /tmp/minio_data/1765701735.json
[2025-12-15T09:31:34.331+0000] {logging_mixin.py:188} INFO - Downloaded MSFT/1765701861.json to /tmp/minio_data/1765701861.json
[2025-12-15T09:31:34.357+0000] {logging_mixin.py:188} INFO - Downloaded MSFT/1765701986.json to /tmp/minio_data/1765701986.json
[2025-12-15T09:31:34.397+0000] {logging_mixin.py:188} INFO - Downloaded MSFT/1765702112.json to /tmp/minio_data/1765702112.json
[2025-12-15T09:31:34.456+0000] {logging_mixin.py:188} INFO - Downloaded MSFT/1765702238.json to /tmp/minio_data/1765702238.json
[2025-12-15T09:31:34.544+0000] {logging_mixin.py:188} INFO - Downloaded MSFT/1765702365.json to /tmp/minio_data/1765702365.json
[2025-12-15T09:31:34.577+0000] {logging_mixin.py:188} INFO - Downloaded MSFT/1765702490.json to /tmp/minio_data/1765702490.json
[2025-12-15T09:31:34.613+0000] {logging_mixin.py:188} INFO - Downloaded MSFT/1765702615.json to /tmp/minio_data/1765702615.json
[2025-12-15T09:31:34.647+0000] {logging_mixin.py:188} INFO - Downloaded MSFT/1765702741.json to /tmp/minio_data/1765702741.json
[2025-12-15T09:31:34.706+0000] {logging_mixin.py:188} INFO - Downloaded MSFT/1765702867.json to /tmp/minio_data/1765702867.json
[2025-12-15T09:31:34.758+0000] {logging_mixin.py:188} INFO - Downloaded MSFT/1765702993.json to /tmp/minio_data/1765702993.json
[2025-12-15T09:31:34.795+0000] {logging_mixin.py:188} INFO - Downloaded MSFT/1765703118.json to /tmp/minio_data/1765703118.json
[2025-12-15T09:31:34.838+0000] {logging_mixin.py:188} INFO - Downloaded MSFT/1765703243.json to /tmp/minio_data/1765703243.json
[2025-12-15T09:31:34.889+0000] {logging_mixin.py:188} INFO - Downloaded MSFT/1765703368.json to /tmp/minio_data/1765703368.json
[2025-12-15T09:31:34.945+0000] {logging_mixin.py:188} INFO - Downloaded MSFT/1765703494.json to /tmp/minio_data/1765703494.json
[2025-12-15T09:31:35.035+0000] {logging_mixin.py:188} INFO - Downloaded MSFT/1765703618.json to /tmp/minio_data/1765703618.json
[2025-12-15T09:31:35.118+0000] {logging_mixin.py:188} INFO - Downloaded MSFT/1765703742.json to /tmp/minio_data/1765703742.json
[2025-12-15T09:31:35.167+0000] {logging_mixin.py:188} INFO - Downloaded MSFT/1765703867.json to /tmp/minio_data/1765703867.json
[2025-12-15T09:31:35.235+0000] {logging_mixin.py:188} INFO - Downloaded MSFT/1765703991.json to /tmp/minio_data/1765703991.json
[2025-12-15T09:31:35.299+0000] {logging_mixin.py:188} INFO - Downloaded MSFT/1765704116.json to /tmp/minio_data/1765704116.json
[2025-12-15T09:31:35.354+0000] {logging_mixin.py:188} INFO - Downloaded MSFT/1765704241.json to /tmp/minio_data/1765704241.json
[2025-12-15T09:31:35.425+0000] {logging_mixin.py:188} INFO - Downloaded MSFT/1765704365.json to /tmp/minio_data/1765704365.json
[2025-12-15T09:31:35.472+0000] {logging_mixin.py:188} INFO - Downloaded MSFT/1765704489.json to /tmp/minio_data/1765704489.json
[2025-12-15T09:31:35.609+0000] {logging_mixin.py:188} INFO - Downloaded MSFT/1765704614.json to /tmp/minio_data/1765704614.json
[2025-12-15T09:31:35.715+0000] {logging_mixin.py:188} INFO - Downloaded MSFT/1765704738.json to /tmp/minio_data/1765704738.json
[2025-12-15T09:31:35.820+0000] {logging_mixin.py:188} INFO - Downloaded MSFT/1765704862.json to /tmp/minio_data/1765704862.json
[2025-12-15T09:31:35.995+0000] {logging_mixin.py:188} INFO - Downloaded MSFT/1765704987.json to /tmp/minio_data/1765704987.json
[2025-12-15T09:31:36.046+0000] {logging_mixin.py:188} INFO - Downloaded MSFT/1765705111.json to /tmp/minio_data/1765705111.json
[2025-12-15T09:31:36.135+0000] {logging_mixin.py:188} INFO - Downloaded MSFT/1765705236.json to /tmp/minio_data/1765705236.json
[2025-12-15T09:31:36.233+0000] {logging_mixin.py:188} INFO - Downloaded MSFT/1765705361.json to /tmp/minio_data/1765705361.json
[2025-12-15T09:31:36.293+0000] {logging_mixin.py:188} INFO - Downloaded MSFT/1765705490.json to /tmp/minio_data/1765705490.json
[2025-12-15T09:31:36.366+0000] {logging_mixin.py:188} INFO - Downloaded MSFT/1765705621.json to /tmp/minio_data/1765705621.json
[2025-12-15T09:31:36.445+0000] {logging_mixin.py:188} INFO - Downloaded MSFT/1765705752.json to /tmp/minio_data/1765705752.json
[2025-12-15T09:31:36.520+0000] {logging_mixin.py:188} INFO - Downloaded MSFT/1765705883.json to /tmp/minio_data/1765705883.json
[2025-12-15T09:31:36.597+0000] {logging_mixin.py:188} INFO - Downloaded MSFT/1765706046.json to /tmp/minio_data/1765706046.json
[2025-12-15T09:31:36.690+0000] {logging_mixin.py:188} INFO - Downloaded MSFT/1765706212.json to /tmp/minio_data/1765706212.json
[2025-12-15T09:31:36.765+0000] {logging_mixin.py:188} INFO - Downloaded MSFT/1765706343.json to /tmp/minio_data/1765706343.json
[2025-12-15T09:31:36.856+0000] {logging_mixin.py:188} INFO - Downloaded MSFT/1765706469.json to /tmp/minio_data/1765706469.json
[2025-12-15T09:31:36.913+0000] {logging_mixin.py:188} INFO - Downloaded MSFT/1765706594.json to /tmp/minio_data/1765706594.json
[2025-12-15T09:31:36.951+0000] {logging_mixin.py:188} INFO - Downloaded MSFT/1765706720.json to /tmp/minio_data/1765706720.json
[2025-12-15T09:31:36.973+0000] {logging_mixin.py:188} INFO - Downloaded MSFT/1765706846.json to /tmp/minio_data/1765706846.json
[2025-12-15T09:31:37.018+0000] {logging_mixin.py:188} INFO - Downloaded TSLA/1765699228.json to /tmp/minio_data/1765699228.json
[2025-12-15T09:31:37.053+0000] {logging_mixin.py:188} INFO - Downloaded TSLA/1765700372.json to /tmp/minio_data/1765700372.json
[2025-12-15T09:31:37.089+0000] {logging_mixin.py:188} INFO - Downloaded TSLA/1765700496.json to /tmp/minio_data/1765700496.json
[2025-12-15T09:31:37.123+0000] {logging_mixin.py:188} INFO - Downloaded TSLA/1765700622.json to /tmp/minio_data/1765700622.json
[2025-12-15T09:31:37.183+0000] {logging_mixin.py:188} INFO - Downloaded TSLA/1765700747.json to /tmp/minio_data/1765700747.json
[2025-12-15T09:31:37.240+0000] {logging_mixin.py:188} INFO - Downloaded TSLA/1765700871.json to /tmp/minio_data/1765700871.json
[2025-12-15T09:31:37.294+0000] {logging_mixin.py:188} INFO - Downloaded TSLA/1765700995.json to /tmp/minio_data/1765700995.json
[2025-12-15T09:31:37.343+0000] {logging_mixin.py:188} INFO - Downloaded TSLA/1765701121.json to /tmp/minio_data/1765701121.json
[2025-12-15T09:31:37.371+0000] {logging_mixin.py:188} INFO - Downloaded TSLA/1765701246.json to /tmp/minio_data/1765701246.json
[2025-12-15T09:31:37.401+0000] {logging_mixin.py:188} INFO - Downloaded TSLA/1765701372.json to /tmp/minio_data/1765701372.json
[2025-12-15T09:31:37.443+0000] {logging_mixin.py:188} INFO - Downloaded TSLA/1765701496.json to /tmp/minio_data/1765701496.json
[2025-12-15T09:31:37.490+0000] {logging_mixin.py:188} INFO - Downloaded TSLA/1765701620.json to /tmp/minio_data/1765701620.json
[2025-12-15T09:31:37.522+0000] {logging_mixin.py:188} INFO - Downloaded TSLA/1765701761.json to /tmp/minio_data/1765701761.json
[2025-12-15T09:31:37.555+0000] {logging_mixin.py:188} INFO - Downloaded TSLA/1765701887.json to /tmp/minio_data/1765701887.json
[2025-12-15T09:31:37.589+0000] {logging_mixin.py:188} INFO - Downloaded TSLA/1765702012.json to /tmp/minio_data/1765702012.json
[2025-12-15T09:31:37.616+0000] {logging_mixin.py:188} INFO - Downloaded TSLA/1765702139.json to /tmp/minio_data/1765702139.json
[2025-12-15T09:31:37.650+0000] {logging_mixin.py:188} INFO - Downloaded TSLA/1765702265.json to /tmp/minio_data/1765702265.json
[2025-12-15T09:31:37.686+0000] {logging_mixin.py:188} INFO - Downloaded TSLA/1765702391.json to /tmp/minio_data/1765702391.json
[2025-12-15T09:31:37.710+0000] {logging_mixin.py:188} INFO - Downloaded TSLA/1765702517.json to /tmp/minio_data/1765702517.json
[2025-12-15T09:31:37.732+0000] {logging_mixin.py:188} INFO - Downloaded TSLA/1765702642.json to /tmp/minio_data/1765702642.json
[2025-12-15T09:31:37.766+0000] {logging_mixin.py:188} INFO - Downloaded TSLA/1765702767.json to /tmp/minio_data/1765702767.json
[2025-12-15T09:31:37.794+0000] {logging_mixin.py:188} INFO - Downloaded TSLA/1765702893.json to /tmp/minio_data/1765702893.json
[2025-12-15T09:31:37.814+0000] {logging_mixin.py:188} INFO - Downloaded TSLA/1765703019.json to /tmp/minio_data/1765703019.json
[2025-12-15T09:31:37.840+0000] {logging_mixin.py:188} INFO - Downloaded TSLA/1765703144.json to /tmp/minio_data/1765703144.json
[2025-12-15T09:31:37.863+0000] {logging_mixin.py:188} INFO - Downloaded TSLA/1765703269.json to /tmp/minio_data/1765703269.json
[2025-12-15T09:31:37.890+0000] {logging_mixin.py:188} INFO - Downloaded TSLA/1765703394.json to /tmp/minio_data/1765703394.json
[2025-12-15T09:31:37.908+0000] {logging_mixin.py:188} INFO - Downloaded TSLA/1765703520.json to /tmp/minio_data/1765703520.json
[2025-12-15T09:31:37.935+0000] {logging_mixin.py:188} INFO - Downloaded TSLA/1765703644.json to /tmp/minio_data/1765703644.json
[2025-12-15T09:31:37.987+0000] {logging_mixin.py:188} INFO - Downloaded TSLA/1765703769.json to /tmp/minio_data/1765703769.json
[2025-12-15T09:31:38.075+0000] {logging_mixin.py:188} INFO - Downloaded TSLA/1765703893.json to /tmp/minio_data/1765703893.json
[2025-12-15T09:31:38.227+0000] {logging_mixin.py:188} INFO - Downloaded TSLA/1765704017.json to /tmp/minio_data/1765704017.json
[2025-12-15T09:31:38.290+0000] {logging_mixin.py:188} INFO - Downloaded TSLA/1765704142.json to /tmp/minio_data/1765704142.json
[2025-12-15T09:31:38.366+0000] {logging_mixin.py:188} INFO - Downloaded TSLA/1765704266.json to /tmp/minio_data/1765704266.json
[2025-12-15T09:31:38.446+0000] {logging_mixin.py:188} INFO - Downloaded TSLA/1765704390.json to /tmp/minio_data/1765704390.json
[2025-12-15T09:31:38.480+0000] {logging_mixin.py:188} INFO - Downloaded TSLA/1765704515.json to /tmp/minio_data/1765704515.json
[2025-12-15T09:31:38.507+0000] {logging_mixin.py:188} INFO - Downloaded TSLA/1765704639.json to /tmp/minio_data/1765704639.json
[2025-12-15T09:31:38.538+0000] {logging_mixin.py:188} INFO - Downloaded TSLA/1765704764.json to /tmp/minio_data/1765704764.json
[2025-12-15T09:31:38.582+0000] {logging_mixin.py:188} INFO - Downloaded TSLA/1765704888.json to /tmp/minio_data/1765704888.json
[2025-12-15T09:31:38.618+0000] {logging_mixin.py:188} INFO - Downloaded TSLA/1765705012.json to /tmp/minio_data/1765705012.json
[2025-12-15T09:31:38.658+0000] {logging_mixin.py:188} INFO - Downloaded TSLA/1765705138.json to /tmp/minio_data/1765705138.json
[2025-12-15T09:31:38.695+0000] {logging_mixin.py:188} INFO - Downloaded TSLA/1765705262.json to /tmp/minio_data/1765705262.json
[2025-12-15T09:31:38.732+0000] {logging_mixin.py:188} INFO - Downloaded TSLA/1765705386.json to /tmp/minio_data/1765705386.json
[2025-12-15T09:31:38.770+0000] {logging_mixin.py:188} INFO - Downloaded TSLA/1765705517.json to /tmp/minio_data/1765705517.json
[2025-12-15T09:31:38.801+0000] {logging_mixin.py:188} INFO - Downloaded TSLA/1765705651.json to /tmp/minio_data/1765705651.json
[2025-12-15T09:31:38.837+0000] {logging_mixin.py:188} INFO - Downloaded TSLA/1765705782.json to /tmp/minio_data/1765705782.json
[2025-12-15T09:31:38.885+0000] {logging_mixin.py:188} INFO - Downloaded TSLA/1765705924.json to /tmp/minio_data/1765705924.json
[2025-12-15T09:31:38.926+0000] {logging_mixin.py:188} INFO - Downloaded TSLA/1765706099.json to /tmp/minio_data/1765706099.json
[2025-12-15T09:31:38.954+0000] {logging_mixin.py:188} INFO - Downloaded TSLA/1765706244.json to /tmp/minio_data/1765706244.json
[2025-12-15T09:31:38.978+0000] {logging_mixin.py:188} INFO - Downloaded TSLA/1765706370.json to /tmp/minio_data/1765706370.json
[2025-12-15T09:31:39.006+0000] {logging_mixin.py:188} INFO - Downloaded TSLA/1765706495.json to /tmp/minio_data/1765706495.json
[2025-12-15T09:31:39.044+0000] {logging_mixin.py:188} INFO - Downloaded TSLA/1765706621.json to /tmp/minio_data/1765706621.json
[2025-12-15T09:31:39.089+0000] {logging_mixin.py:188} INFO - Downloaded TSLA/1765706746.json to /tmp/minio_data/1765706746.json
[2025-12-15T09:31:39.112+0000] {logging_mixin.py:188} INFO - Downloaded TSLA/1765706872.json to /tmp/minio_data/1765706872.json
[2025-12-15T09:31:39.113+0000] {logging_mixin.py:188} INFO -  Successfully downlaoded 265 files.
[2025-12-15T09:31:39.116+0000] {python.py:237} INFO - Done. Returned value was: ['/tmp/minio_data/1765699149.json', '/tmp/minio_data/1765700319.json', '/tmp/minio_data/1765700445.json', '/tmp/minio_data/1765700570.json', '/tmp/minio_data/1765700695.json', '/tmp/minio_data/1765700820.json', '/tmp/minio_data/1765700944.json', '/tmp/minio_data/1765701068.json', '/tmp/minio_data/1765701195.json', '/tmp/minio_data/1765701319.json', '/tmp/minio_data/1765701444.json', '/tmp/minio_data/1765701569.json', '/tmp/minio_data/1765701708.json', '/tmp/minio_data/1765701834.json', '/tmp/minio_data/1765701960.json', '/tmp/minio_data/1765702086.json', '/tmp/minio_data/1765702212.json', '/tmp/minio_data/1765702339.json', '/tmp/minio_data/1765702464.json', '/tmp/minio_data/1765702590.json', '/tmp/minio_data/1765702715.json', '/tmp/minio_data/1765702840.json', '/tmp/minio_data/1765702967.json', '/tmp/minio_data/1765703092.json', '/tmp/minio_data/1765703217.json', '/tmp/minio_data/1765703342.json', '/tmp/minio_data/1765703468.json', '/tmp/minio_data/1765703593.json', '/tmp/minio_data/1765703717.json', '/tmp/minio_data/1765703841.json', '/tmp/minio_data/1765703966.json', '/tmp/minio_data/1765704090.json', '/tmp/minio_data/1765704215.json', '/tmp/minio_data/1765704339.json', '/tmp/minio_data/1765704464.json', '/tmp/minio_data/1765704588.json', '/tmp/minio_data/1765704712.json', '/tmp/minio_data/1765704837.json', '/tmp/minio_data/1765704961.json', '/tmp/minio_data/1765705086.json', '/tmp/minio_data/1765705210.json', '/tmp/minio_data/1765705335.json', '/tmp/minio_data/1765705459.json', '/tmp/minio_data/1765705591.json', '/tmp/minio_data/1765705724.json', '/tmp/minio_data/1765705856.json', '/tmp/minio_data/1765706004.json', '/tmp/minio_data/1765706174.json', '/tmp/minio_data/1765706317.json', '/tmp/minio_data/1765706443.json', '/tmp/minio_data/1765706568.json', '/tmp/minio_data/1765706694.json', '/tmp/minio_data/1765706820.json', '/tmp/minio_data/1765699206.json', '/tmp/minio_data/1765700358.json', '/tmp/minio_data/1765700483.json', '/tmp/minio_data/1765700609.json', '/tmp/minio_data/1765700734.json', '/tmp/minio_data/1765700858.json', '/tmp/minio_data/1765700983.json', '/tmp/minio_data/1765701108.json', '/tmp/minio_data/1765701234.json', '/tmp/minio_data/1765701359.json', '/tmp/minio_data/1765701483.json', '/tmp/minio_data/1765701607.json', '/tmp/minio_data/1765701748.json', '/tmp/minio_data/1765701874.json', '/tmp/minio_data/1765701999.json', '/tmp/minio_data/1765702125.json', '/tmp/minio_data/1765702252.json', '/tmp/minio_data/1765702378.json', '/tmp/minio_data/1765702503.json', '/tmp/minio_data/1765702628.json', '/tmp/minio_data/1765702754.json', '/tmp/minio_data/1765702880.json', '/tmp/minio_data/1765703006.json', '/tmp/minio_data/1765703131.json', '/tmp/minio_data/1765703256.json', '/tmp/minio_data/1765703381.json', '/tmp/minio_data/1765703507.json', '/tmp/minio_data/1765703631.json', '/tmp/minio_data/1765703756.json', '/tmp/minio_data/1765703880.json', '/tmp/minio_data/1765704004.json', '/tmp/minio_data/1765704129.json', '/tmp/minio_data/1765704254.json', '/tmp/minio_data/1765704377.json', '/tmp/minio_data/1765704502.json', '/tmp/minio_data/1765704627.json', '/tmp/minio_data/1765704751.json', '/tmp/minio_data/1765704875.json', '/tmp/minio_data/1765705000.json', '/tmp/minio_data/1765705125.json', '/tmp/minio_data/1765705249.json', '/tmp/minio_data/1765705373.json', '/tmp/minio_data/1765705504.json', '/tmp/minio_data/1765705636.json', '/tmp/minio_data/1765705768.json', '/tmp/minio_data/1765705902.json', '/tmp/minio_data/1765706078.json', '/tmp/minio_data/1765706228.json', '/tmp/minio_data/1765706357.json', '/tmp/minio_data/1765706482.json', '/tmp/minio_data/1765706607.json', '/tmp/minio_data/1765706733.json', '/tmp/minio_data/1765706859.json', '/tmp/minio_data/1765699167.json', '/tmp/minio_data/1765700332.json', '/tmp/minio_data/1765700458.json', '/tmp/minio_data/1765700583.json', '/tmp/minio_data/1765700708.json', '/tmp/minio_data/1765700832.json', '/tmp/minio_data/1765700957.json', '/tmp/minio_data/1765701082.json', '/tmp/minio_data/1765701208.json', '/tmp/minio_data/1765701333.json', '/tmp/minio_data/1765701457.json', '/tmp/minio_data/1765701582.json', '/tmp/minio_data/1765701721.json', '/tmp/minio_data/1765701847.json', '/tmp/minio_data/1765701973.json', '/tmp/minio_data/1765702099.json', '/tmp/minio_data/1765702225.json', '/tmp/minio_data/1765702352.json', '/tmp/minio_data/1765702477.json', '/tmp/minio_data/1765702603.json', '/tmp/minio_data/1765702728.json', '/tmp/minio_data/1765702853.json', '/tmp/minio_data/1765702980.json', '/tmp/minio_data/1765703105.json', '/tmp/minio_data/1765703230.json', '/tmp/minio_data/1765703355.json', '/tmp/minio_data/1765703481.json', '/tmp/minio_data/1765703605.json', '/tmp/minio_data/1765703729.json', '/tmp/minio_data/1765703854.json', '/tmp/minio_data/1765703979.json', '/tmp/minio_data/1765704103.json', '/tmp/minio_data/1765704228.json', '/tmp/minio_data/1765704352.json', '/tmp/minio_data/1765704477.json', '/tmp/minio_data/1765704601.json', '/tmp/minio_data/1765704725.json', '/tmp/minio_data/1765704850.json', '/tmp/minio_data/1765704974.json', '/tmp/minio_data/1765705098.json', '/tmp/minio_data/1765705223.json', '/tmp/minio_data/1765705348.json', '/tmp/minio_data/1765705476.json', '/tmp/minio_data/1765705605.json', '/tmp/minio_data/1765705738.json', '/tmp/minio_data/1765705870.json', '/tmp/minio_data/1765706030.json', '/tmp/minio_data/1765706198.json', '/tmp/minio_data/1765706330.json', '/tmp/minio_data/1765706456.json', '/tmp/minio_data/1765706581.json', '/tmp/minio_data/1765706707.json', '/tmp/minio_data/1765706833.json', '/tmp/minio_data/1765699183.json', '/tmp/minio_data/1765700345.json', '/tmp/minio_data/1765700470.json', '/tmp/minio_data/1765700596.json', '/tmp/minio_data/1765700721.json', '/tmp/minio_data/1765700845.json', '/tmp/minio_data/1765700970.json', '/tmp/minio_data/1765701095.json', '/tmp/minio_data/1765701221.json', '/tmp/minio_data/1765701346.json', '/tmp/minio_data/1765701470.json', '/tmp/minio_data/1765701595.json', '/tmp/minio_data/1765701735.json', '/tmp/minio_data/1765701861.json', '/tmp/minio_data/1765701986.json', '/tmp/minio_data/1765702112.json', '/tmp/minio_data/1765702238.json', '/tmp/minio_data/1765702365.json', '/tmp/minio_data/1765702490.json', '/tmp/minio_data/1765702615.json', '/tmp/minio_data/1765702741.json', '/tmp/minio_data/1765702867.json', '/tmp/minio_data/1765702993.json', '/tmp/minio_data/1765703118.json', '/tmp/minio_data/1765703243.json', '/tmp/minio_data/1765703368.json', '/tmp/minio_data/1765703494.json', '/tmp/minio_data/1765703618.json', '/tmp/minio_data/1765703742.json', '/tmp/minio_data/1765703867.json', '/tmp/minio_data/1765703991.json', '/tmp/minio_data/1765704116.json', '/tmp/minio_data/1765704241.json', '/tmp/minio_data/1765704365.json', '/tmp/minio_data/1765704489.json', '/tmp/minio_data/1765704614.json', '/tmp/minio_data/1765704738.json', '/tmp/minio_data/1765704862.json', '/tmp/minio_data/1765704987.json', '/tmp/minio_data/1765705111.json', '/tmp/minio_data/1765705236.json', '/tmp/minio_data/1765705361.json', '/tmp/minio_data/1765705490.json', '/tmp/minio_data/1765705621.json', '/tmp/minio_data/1765705752.json', '/tmp/minio_data/1765705883.json', '/tmp/minio_data/1765706046.json', '/tmp/minio_data/1765706212.json', '/tmp/minio_data/1765706343.json', '/tmp/minio_data/1765706469.json', '/tmp/minio_data/1765706594.json', '/tmp/minio_data/1765706720.json', '/tmp/minio_data/1765706846.json', '/tmp/minio_data/1765699228.json', '/tmp/minio_data/1765700372.json', '/tmp/minio_data/1765700496.json', '/tmp/minio_data/1765700622.json', '/tmp/minio_data/1765700747.json', '/tmp/minio_data/1765700871.json', '/tmp/minio_data/1765700995.json', '/tmp/minio_data/1765701121.json', '/tmp/minio_data/1765701246.json', '/tmp/minio_data/1765701372.json', '/tmp/minio_data/1765701496.json', '/tmp/minio_data/1765701620.json', '/tmp/minio_data/1765701761.json', '/tmp/minio_data/1765701887.json', '/tmp/minio_data/1765702012.json', '/tmp/minio_data/1765702139.json', '/tmp/minio_data/1765702265.json', '/tmp/minio_data/1765702391.json', '/tmp/minio_data/1765702517.json', '/tmp/minio_data/1765702642.json', '/tmp/minio_data/1765702767.json', '/tmp/minio_data/1765702893.json', '/tmp/minio_data/1765703019.json', '/tmp/minio_data/1765703144.json', '/tmp/minio_data/1765703269.json', '/tmp/minio_data/1765703394.json', '/tmp/minio_data/1765703520.json', '/tmp/minio_data/1765703644.json', '/tmp/minio_data/1765703769.json', '/tmp/minio_data/1765703893.json', '/tmp/minio_data/1765704017.json', '/tmp/minio_data/1765704142.json', '/tmp/minio_data/1765704266.json', '/tmp/minio_data/1765704390.json', '/tmp/minio_data/1765704515.json', '/tmp/minio_data/1765704639.json', '/tmp/minio_data/1765704764.json', '/tmp/minio_data/1765704888.json', '/tmp/minio_data/1765705012.json', '/tmp/minio_data/1765705138.json', '/tmp/minio_data/1765705262.json', '/tmp/minio_data/1765705386.json', '/tmp/minio_data/1765705517.json', '/tmp/minio_data/1765705651.json', '/tmp/minio_data/1765705782.json', '/tmp/minio_data/1765705924.json', '/tmp/minio_data/1765706099.json', '/tmp/minio_data/1765706244.json', '/tmp/minio_data/1765706370.json', '/tmp/minio_data/1765706495.json', '/tmp/minio_data/1765706621.json', '/tmp/minio_data/1765706746.json', '/tmp/minio_data/1765706872.json']
[2025-12-15T09:31:39.121+0000] {taskinstance.py:441} INFO - ::group::Post task execution logs
[2025-12-15T09:31:39.219+0000] {taskinstance.py:1206} INFO - Marking task as SUCCESS. dag_id=minio_to_snowflake, task_id=download_from_minio, run_id=scheduled__2025-12-15T09:20:00+00:00, execution_date=20251215T092000, start_date=20251215T093120, end_date=20251215T093139
[2025-12-15T09:31:39.332+0000] {local_task_job_runner.py:243} INFO - Task exited with return code 0
[2025-12-15T09:31:39.438+0000] {taskinstance.py:3503} INFO - 1 downstream tasks scheduled from follow-on schedule check
[2025-12-15T09:31:39.449+0000] {local_task_job_runner.py:222} INFO - ::endgroup::
