[2025-12-16T02:04:51.923+0000] {local_task_job_runner.py:120} INFO - ::group::Pre task execution logs
[2025-12-16T02:04:55.473+0000] {taskinstance.py:2076} INFO - Dependencies all met for dep_context=non-requeueable deps ti=<TaskInstance: minio_to_snowflake.load_into_snowflake scheduled__2025-12-15T23:05:00+00:00 [queued]>
[2025-12-16T02:04:55.738+0000] {taskinstance.py:2076} INFO - Dependencies all met for dep_context=requeueable deps ti=<TaskInstance: minio_to_snowflake.load_into_snowflake scheduled__2025-12-15T23:05:00+00:00 [queued]>
[2025-12-16T02:04:55.756+0000] {taskinstance.py:2306} INFO - Starting attempt 2 of 3
[2025-12-16T02:04:56.181+0000] {taskinstance.py:2330} INFO - Executing <Task(PythonOperator): load_into_snowflake> on 2025-12-15 23:05:00+00:00
[2025-12-16T02:04:56.563+0000] {standard_task_runner.py:90} INFO - Running: ['***', 'tasks', 'run', 'minio_to_snowflake', 'load_into_snowflake', 'scheduled__2025-12-15T23:05:00+00:00', '--job-id', '292', '--raw', '--subdir', 'DAGS_FOLDER/minio_to_snowflake.py', '--cfg-path', '/tmp/tmp8c0xqqdu']
[2025-12-16T02:04:56.605+0000] {standard_task_runner.py:91} INFO - Job 292: Subtask load_into_snowflake
[2025-12-16T02:04:56.664+0000] {logging_mixin.py:188} WARNING - /home/***/.local/lib/python3.12/site-packages/***/task/task_runner/standard_task_runner.py:62 DeprecationWarning: This process (pid=194) is multi-threaded, use of fork() may lead to deadlocks in the child.
[2025-12-16T02:04:56.746+0000] {standard_task_runner.py:64} INFO - Started process 214 to run task
[2025-12-16T02:05:02.906+0000] {task_command.py:426} INFO - Running <TaskInstance: minio_to_snowflake.load_into_snowflake scheduled__2025-12-15T23:05:00+00:00 [running]> on host 4abec113d47e
[2025-12-16T02:05:41.669+0000] {taskinstance.py:2648} INFO - Exporting env vars: AIRFLOW_CTX_DAG_OWNER='***' AIRFLOW_CTX_DAG_ID='minio_to_snowflake' AIRFLOW_CTX_TASK_ID='load_into_snowflake' AIRFLOW_CTX_EXECUTION_DATE='2025-12-15T23:05:00+00:00' AIRFLOW_CTX_TRY_NUMBER='2' AIRFLOW_CTX_DAG_RUN_ID='scheduled__2025-12-15T23:05:00+00:00'
[2025-12-16T02:05:42.258+0000] {taskinstance.py:430} INFO - ::endgroup::
[2025-12-16T02:05:53.819+0000] {logging_mixin.py:188} INFO - Received 265 files from previous task.
[2025-12-16T02:05:54.020+0000] {logging_mixin.py:188} INFO - Cnnecting to Snowflake...
[2025-12-16T02:05:57.231+0000] {connection.py:408} INFO - Snowflake Connector for Python Version: 3.11.0, Python Version: 3.12.4, Platform: Linux-6.6.87.2-microsoft-standard-WSL2-x86_64-with-glibc2.36
[2025-12-16T02:05:57.562+0000] {connection.py:1258} INFO - This connection is in OCSP Fail Open Mode. TLS Certificates would be checked for validity and revocation status. Any other Certificate Revocation related exceptions or OCSP Responder failures would be disregarded in favor of connectivity.
[2025-12-16T02:06:39.232+0000] {logging_mixin.py:188} INFO - Connected to Snowflake.
[2025-12-16T02:06:46.529+0000] {logging_mixin.py:188} INFO - Uploaded file to Snowflake stage: /tmp/minio_data/1765699149.json
[2025-12-16T02:06:48.728+0000] {logging_mixin.py:188} INFO - Uploaded file to Snowflake stage: /tmp/minio_data/1765700319.json
[2025-12-16T02:06:51.285+0000] {logging_mixin.py:188} INFO - Uploaded file to Snowflake stage: /tmp/minio_data/1765700445.json
[2025-12-16T02:06:52.957+0000] {logging_mixin.py:188} INFO - Uploaded file to Snowflake stage: /tmp/minio_data/1765700570.json
[2025-12-16T02:06:57.909+0000] {logging_mixin.py:188} INFO - Uploaded file to Snowflake stage: /tmp/minio_data/1765700695.json
[2025-12-16T02:07:00.716+0000] {logging_mixin.py:188} INFO - Uploaded file to Snowflake stage: /tmp/minio_data/1765700820.json
[2025-12-16T02:07:04.351+0000] {logging_mixin.py:188} INFO - Uploaded file to Snowflake stage: /tmp/minio_data/1765700944.json
[2025-12-16T02:07:06.976+0000] {logging_mixin.py:188} INFO - Uploaded file to Snowflake stage: /tmp/minio_data/1765701068.json
[2025-12-16T02:07:08.484+0000] {logging_mixin.py:188} INFO - Uploaded file to Snowflake stage: /tmp/minio_data/1765701195.json
[2025-12-16T02:07:09.620+0000] {logging_mixin.py:188} INFO - Uploaded file to Snowflake stage: /tmp/minio_data/1765701319.json
[2025-12-16T02:07:10.788+0000] {logging_mixin.py:188} INFO - Uploaded file to Snowflake stage: /tmp/minio_data/1765701444.json
[2025-12-16T02:07:14.010+0000] {logging_mixin.py:188} INFO - Uploaded file to Snowflake stage: /tmp/minio_data/1765701569.json
[2025-12-16T02:07:15.900+0000] {logging_mixin.py:188} INFO - Uploaded file to Snowflake stage: /tmp/minio_data/1765701708.json
[2025-12-16T02:07:17.521+0000] {logging_mixin.py:188} INFO - Uploaded file to Snowflake stage: /tmp/minio_data/1765701834.json
[2025-12-16T02:07:18.780+0000] {logging_mixin.py:188} INFO - Uploaded file to Snowflake stage: /tmp/minio_data/1765701960.json
[2025-12-16T02:07:19.935+0000] {logging_mixin.py:188} INFO - Uploaded file to Snowflake stage: /tmp/minio_data/1765702086.json
[2025-12-16T02:07:20.971+0000] {logging_mixin.py:188} INFO - Uploaded file to Snowflake stage: /tmp/minio_data/1765702212.json
[2025-12-16T02:07:22.496+0000] {logging_mixin.py:188} INFO - Uploaded file to Snowflake stage: /tmp/minio_data/1765702339.json
[2025-12-16T02:07:26.201+0000] {logging_mixin.py:188} INFO - Uploaded file to Snowflake stage: /tmp/minio_data/1765702464.json
[2025-12-16T02:07:28.400+0000] {logging_mixin.py:188} INFO - Uploaded file to Snowflake stage: /tmp/minio_data/1765702590.json
[2025-12-16T02:07:30.115+0000] {logging_mixin.py:188} INFO - Uploaded file to Snowflake stage: /tmp/minio_data/1765702715.json
[2025-12-16T02:07:32.830+0000] {logging_mixin.py:188} INFO - Uploaded file to Snowflake stage: /tmp/minio_data/1765702840.json
[2025-12-16T02:07:34.388+0000] {logging_mixin.py:188} INFO - Uploaded file to Snowflake stage: /tmp/minio_data/1765702967.json
[2025-12-16T02:07:36.145+0000] {logging_mixin.py:188} INFO - Uploaded file to Snowflake stage: /tmp/minio_data/1765703092.json
[2025-12-16T02:07:37.460+0000] {logging_mixin.py:188} INFO - Uploaded file to Snowflake stage: /tmp/minio_data/1765703217.json
[2025-12-16T02:07:39.046+0000] {logging_mixin.py:188} INFO - Uploaded file to Snowflake stage: /tmp/minio_data/1765703342.json
[2025-12-16T02:07:40.364+0000] {logging_mixin.py:188} INFO - Uploaded file to Snowflake stage: /tmp/minio_data/1765703468.json
[2025-12-16T02:07:41.683+0000] {logging_mixin.py:188} INFO - Uploaded file to Snowflake stage: /tmp/minio_data/1765703593.json
[2025-12-16T02:07:42.903+0000] {logging_mixin.py:188} INFO - Uploaded file to Snowflake stage: /tmp/minio_data/1765703717.json
[2025-12-16T02:07:43.940+0000] {logging_mixin.py:188} INFO - Uploaded file to Snowflake stage: /tmp/minio_data/1765703841.json
[2025-12-16T02:07:45.094+0000] {logging_mixin.py:188} INFO - Uploaded file to Snowflake stage: /tmp/minio_data/1765703966.json
[2025-12-16T02:07:46.394+0000] {logging_mixin.py:188} INFO - Uploaded file to Snowflake stage: /tmp/minio_data/1765704090.json
[2025-12-16T02:07:47.634+0000] {logging_mixin.py:188} INFO - Uploaded file to Snowflake stage: /tmp/minio_data/1765704215.json
[2025-12-16T02:07:48.625+0000] {logging_mixin.py:188} INFO - Uploaded file to Snowflake stage: /tmp/minio_data/1765704339.json
[2025-12-16T02:07:55.723+0000] {logging_mixin.py:188} INFO - Uploaded file to Snowflake stage: /tmp/minio_data/1765704464.json
[2025-12-16T02:07:56.823+0000] {logging_mixin.py:188} INFO - Uploaded file to Snowflake stage: /tmp/minio_data/1765704588.json
[2025-12-16T02:07:57.996+0000] {logging_mixin.py:188} INFO - Uploaded file to Snowflake stage: /tmp/minio_data/1765704712.json
[2025-12-16T02:07:59.510+0000] {logging_mixin.py:188} INFO - Uploaded file to Snowflake stage: /tmp/minio_data/1765704837.json
[2025-12-16T02:08:01.371+0000] {logging_mixin.py:188} INFO - Uploaded file to Snowflake stage: /tmp/minio_data/1765704961.json
[2025-12-16T02:08:02.992+0000] {logging_mixin.py:188} INFO - Uploaded file to Snowflake stage: /tmp/minio_data/1765705086.json
[2025-12-16T02:08:04.515+0000] {logging_mixin.py:188} INFO - Uploaded file to Snowflake stage: /tmp/minio_data/1765705210.json
[2025-12-16T02:08:05.416+0000] {logging_mixin.py:188} INFO - Uploaded file to Snowflake stage: /tmp/minio_data/1765705335.json
[2025-12-16T02:08:07.006+0000] {logging_mixin.py:188} INFO - Uploaded file to Snowflake stage: /tmp/minio_data/1765705459.json
[2025-12-16T02:08:08.161+0000] {logging_mixin.py:188} INFO - Uploaded file to Snowflake stage: /tmp/minio_data/1765705591.json
[2025-12-16T02:08:09.191+0000] {logging_mixin.py:188} INFO - Uploaded file to Snowflake stage: /tmp/minio_data/1765705724.json
[2025-12-16T02:08:09.920+0000] {logging_mixin.py:188} INFO - Uploaded file to Snowflake stage: /tmp/minio_data/1765705856.json
[2025-12-16T02:08:10.706+0000] {logging_mixin.py:188} INFO - Uploaded file to Snowflake stage: /tmp/minio_data/1765706004.json
[2025-12-16T02:08:11.476+0000] {logging_mixin.py:188} INFO - Uploaded file to Snowflake stage: /tmp/minio_data/1765706174.json
[2025-12-16T02:08:12.453+0000] {logging_mixin.py:188} INFO - Uploaded file to Snowflake stage: /tmp/minio_data/1765706317.json
[2025-12-16T02:08:13.961+0000] {logging_mixin.py:188} INFO - Uploaded file to Snowflake stage: /tmp/minio_data/1765706443.json
[2025-12-16T02:08:14.931+0000] {logging_mixin.py:188} INFO - Uploaded file to Snowflake stage: /tmp/minio_data/1765706568.json
[2025-12-16T02:08:17.525+0000] {logging_mixin.py:188} INFO - Uploaded file to Snowflake stage: /tmp/minio_data/1765706694.json
[2025-12-16T02:08:19.536+0000] {logging_mixin.py:188} INFO - Uploaded file to Snowflake stage: /tmp/minio_data/1765706820.json
[2025-12-16T02:08:20.598+0000] {logging_mixin.py:188} INFO - Uploaded file to Snowflake stage: /tmp/minio_data/1765699206.json
[2025-12-16T02:08:23.090+0000] {logging_mixin.py:188} INFO - Uploaded file to Snowflake stage: /tmp/minio_data/1765700358.json
[2025-12-16T02:08:24.298+0000] {logging_mixin.py:188} INFO - Uploaded file to Snowflake stage: /tmp/minio_data/1765700483.json
[2025-12-16T02:08:26.044+0000] {logging_mixin.py:188} INFO - Uploaded file to Snowflake stage: /tmp/minio_data/1765700609.json
[2025-12-16T02:08:27.498+0000] {logging_mixin.py:188} INFO - Uploaded file to Snowflake stage: /tmp/minio_data/1765700734.json
[2025-12-16T02:08:29.252+0000] {logging_mixin.py:188} INFO - Uploaded file to Snowflake stage: /tmp/minio_data/1765700858.json
[2025-12-16T02:08:30.514+0000] {logging_mixin.py:188} INFO - Uploaded file to Snowflake stage: /tmp/minio_data/1765700983.json
[2025-12-16T02:08:31.686+0000] {logging_mixin.py:188} INFO - Uploaded file to Snowflake stage: /tmp/minio_data/1765701108.json
[2025-12-16T02:08:32.660+0000] {logging_mixin.py:188} INFO - Uploaded file to Snowflake stage: /tmp/minio_data/1765701234.json
[2025-12-16T02:08:33.378+0000] {logging_mixin.py:188} INFO - Uploaded file to Snowflake stage: /tmp/minio_data/1765701359.json
[2025-12-16T02:08:34.430+0000] {logging_mixin.py:188} INFO - Uploaded file to Snowflake stage: /tmp/minio_data/1765701483.json
[2025-12-16T02:08:35.635+0000] {logging_mixin.py:188} INFO - Uploaded file to Snowflake stage: /tmp/minio_data/1765701607.json
[2025-12-16T02:08:36.887+0000] {logging_mixin.py:188} INFO - Uploaded file to Snowflake stage: /tmp/minio_data/1765701748.json
[2025-12-16T02:08:37.810+0000] {logging_mixin.py:188} INFO - Uploaded file to Snowflake stage: /tmp/minio_data/1765701874.json
[2025-12-16T02:08:38.967+0000] {logging_mixin.py:188} INFO - Uploaded file to Snowflake stage: /tmp/minio_data/1765701999.json
[2025-12-16T02:08:39.783+0000] {logging_mixin.py:188} INFO - Uploaded file to Snowflake stage: /tmp/minio_data/1765702125.json
[2025-12-16T02:08:40.838+0000] {logging_mixin.py:188} INFO - Uploaded file to Snowflake stage: /tmp/minio_data/1765702252.json
[2025-12-16T02:08:41.817+0000] {logging_mixin.py:188} INFO - Uploaded file to Snowflake stage: /tmp/minio_data/1765702378.json
[2025-12-16T02:08:43.200+0000] {logging_mixin.py:188} INFO - Uploaded file to Snowflake stage: /tmp/minio_data/1765702503.json
[2025-12-16T02:08:44.124+0000] {logging_mixin.py:188} INFO - Uploaded file to Snowflake stage: /tmp/minio_data/1765702628.json
[2025-12-16T02:08:45.347+0000] {logging_mixin.py:188} INFO - Uploaded file to Snowflake stage: /tmp/minio_data/1765702754.json
[2025-12-16T02:08:46.578+0000] {logging_mixin.py:188} INFO - Uploaded file to Snowflake stage: /tmp/minio_data/1765702880.json
[2025-12-16T02:08:47.625+0000] {logging_mixin.py:188} INFO - Uploaded file to Snowflake stage: /tmp/minio_data/1765703006.json
[2025-12-16T02:08:48.350+0000] {logging_mixin.py:188} INFO - Uploaded file to Snowflake stage: /tmp/minio_data/1765703131.json
[2025-12-16T02:08:49.299+0000] {logging_mixin.py:188} INFO - Uploaded file to Snowflake stage: /tmp/minio_data/1765703256.json
[2025-12-16T02:08:50.504+0000] {logging_mixin.py:188} INFO - Uploaded file to Snowflake stage: /tmp/minio_data/1765703381.json
[2025-12-16T02:08:51.816+0000] {logging_mixin.py:188} INFO - Uploaded file to Snowflake stage: /tmp/minio_data/1765703507.json
[2025-12-16T02:08:53.052+0000] {logging_mixin.py:188} INFO - Uploaded file to Snowflake stage: /tmp/minio_data/1765703631.json
[2025-12-16T02:08:54.393+0000] {logging_mixin.py:188} INFO - Uploaded file to Snowflake stage: /tmp/minio_data/1765703756.json
[2025-12-16T02:09:08.207+0000] {logging_mixin.py:188} INFO - Uploaded file to Snowflake stage: /tmp/minio_data/1765703880.json
[2025-12-16T02:09:09.355+0000] {logging_mixin.py:188} INFO - Uploaded file to Snowflake stage: /tmp/minio_data/1765704004.json
[2025-12-16T02:09:10.304+0000] {logging_mixin.py:188} INFO - Uploaded file to Snowflake stage: /tmp/minio_data/1765704129.json
[2025-12-16T02:09:11.795+0000] {logging_mixin.py:188} INFO - Uploaded file to Snowflake stage: /tmp/minio_data/1765704254.json
[2025-12-16T02:09:14.282+0000] {logging_mixin.py:188} INFO - Uploaded file to Snowflake stage: /tmp/minio_data/1765704377.json
[2025-12-16T02:09:15.707+0000] {logging_mixin.py:188} INFO - Uploaded file to Snowflake stage: /tmp/minio_data/1765704502.json
[2025-12-16T02:09:16.823+0000] {logging_mixin.py:188} INFO - Uploaded file to Snowflake stage: /tmp/minio_data/1765704627.json
[2025-12-16T02:09:18.163+0000] {logging_mixin.py:188} INFO - Uploaded file to Snowflake stage: /tmp/minio_data/1765704751.json
[2025-12-16T02:09:19.509+0000] {logging_mixin.py:188} INFO - Uploaded file to Snowflake stage: /tmp/minio_data/1765704875.json
[2025-12-16T02:09:20.656+0000] {logging_mixin.py:188} INFO - Uploaded file to Snowflake stage: /tmp/minio_data/1765705000.json
[2025-12-16T02:09:21.600+0000] {logging_mixin.py:188} INFO - Uploaded file to Snowflake stage: /tmp/minio_data/1765705125.json
[2025-12-16T02:09:22.488+0000] {logging_mixin.py:188} INFO - Uploaded file to Snowflake stage: /tmp/minio_data/1765705249.json
[2025-12-16T02:09:24.084+0000] {logging_mixin.py:188} INFO - Uploaded file to Snowflake stage: /tmp/minio_data/1765705373.json
[2025-12-16T02:09:25.472+0000] {logging_mixin.py:188} INFO - Uploaded file to Snowflake stage: /tmp/minio_data/1765705504.json
[2025-12-16T02:09:26.622+0000] {logging_mixin.py:188} INFO - Uploaded file to Snowflake stage: /tmp/minio_data/1765705636.json
[2025-12-16T02:09:27.615+0000] {logging_mixin.py:188} INFO - Uploaded file to Snowflake stage: /tmp/minio_data/1765705768.json
[2025-12-16T02:09:28.842+0000] {logging_mixin.py:188} INFO - Uploaded file to Snowflake stage: /tmp/minio_data/1765705902.json
[2025-12-16T02:09:29.882+0000] {logging_mixin.py:188} INFO - Uploaded file to Snowflake stage: /tmp/minio_data/1765706078.json
[2025-12-16T02:09:30.749+0000] {logging_mixin.py:188} INFO - Uploaded file to Snowflake stage: /tmp/minio_data/1765706228.json
[2025-12-16T02:09:31.734+0000] {logging_mixin.py:188} INFO - Uploaded file to Snowflake stage: /tmp/minio_data/1765706357.json
[2025-12-16T02:09:34.573+0000] {logging_mixin.py:188} INFO - Uploaded file to Snowflake stage: /tmp/minio_data/1765706482.json
[2025-12-16T02:09:35.669+0000] {logging_mixin.py:188} INFO - Uploaded file to Snowflake stage: /tmp/minio_data/1765706607.json
[2025-12-16T02:09:36.601+0000] {logging_mixin.py:188} INFO - Uploaded file to Snowflake stage: /tmp/minio_data/1765706733.json
[2025-12-16T02:09:37.581+0000] {logging_mixin.py:188} INFO - Uploaded file to Snowflake stage: /tmp/minio_data/1765706859.json
[2025-12-16T02:09:39.257+0000] {logging_mixin.py:188} INFO - Uploaded file to Snowflake stage: /tmp/minio_data/1765699167.json
[2025-12-16T02:09:40.295+0000] {logging_mixin.py:188} INFO - Uploaded file to Snowflake stage: /tmp/minio_data/1765700332.json
[2025-12-16T02:09:41.165+0000] {logging_mixin.py:188} INFO - Uploaded file to Snowflake stage: /tmp/minio_data/1765700458.json
[2025-12-16T02:09:42.349+0000] {logging_mixin.py:188} INFO - Uploaded file to Snowflake stage: /tmp/minio_data/1765700583.json
[2025-12-16T02:09:43.141+0000] {logging_mixin.py:188} INFO - Uploaded file to Snowflake stage: /tmp/minio_data/1765700708.json
[2025-12-16T02:09:43.770+0000] {logging_mixin.py:188} INFO - Uploaded file to Snowflake stage: /tmp/minio_data/1765700832.json
[2025-12-16T02:09:44.928+0000] {logging_mixin.py:188} INFO - Uploaded file to Snowflake stage: /tmp/minio_data/1765700957.json
[2025-12-16T02:09:45.873+0000] {logging_mixin.py:188} INFO - Uploaded file to Snowflake stage: /tmp/minio_data/1765701082.json
[2025-12-16T02:09:46.588+0000] {logging_mixin.py:188} INFO - Uploaded file to Snowflake stage: /tmp/minio_data/1765701208.json
[2025-12-16T02:09:47.653+0000] {logging_mixin.py:188} INFO - Uploaded file to Snowflake stage: /tmp/minio_data/1765701333.json
[2025-12-16T02:09:48.881+0000] {logging_mixin.py:188} INFO - Uploaded file to Snowflake stage: /tmp/minio_data/1765701457.json
[2025-12-16T02:09:49.817+0000] {logging_mixin.py:188} INFO - Uploaded file to Snowflake stage: /tmp/minio_data/1765701582.json
[2025-12-16T02:09:50.675+0000] {logging_mixin.py:188} INFO - Uploaded file to Snowflake stage: /tmp/minio_data/1765701721.json
[2025-12-16T02:09:51.537+0000] {logging_mixin.py:188} INFO - Uploaded file to Snowflake stage: /tmp/minio_data/1765701847.json
[2025-12-16T02:09:52.634+0000] {logging_mixin.py:188} INFO - Uploaded file to Snowflake stage: /tmp/minio_data/1765701973.json
[2025-12-16T02:09:53.649+0000] {logging_mixin.py:188} INFO - Uploaded file to Snowflake stage: /tmp/minio_data/1765702099.json
[2025-12-16T02:09:54.354+0000] {logging_mixin.py:188} INFO - Uploaded file to Snowflake stage: /tmp/minio_data/1765702225.json
[2025-12-16T02:09:55.378+0000] {logging_mixin.py:188} INFO - Uploaded file to Snowflake stage: /tmp/minio_data/1765702352.json
[2025-12-16T02:09:56.252+0000] {logging_mixin.py:188} INFO - Uploaded file to Snowflake stage: /tmp/minio_data/1765702477.json
[2025-12-16T02:09:57.663+0000] {logging_mixin.py:188} INFO - Uploaded file to Snowflake stage: /tmp/minio_data/1765702603.json
[2025-12-16T02:09:58.741+0000] {logging_mixin.py:188} INFO - Uploaded file to Snowflake stage: /tmp/minio_data/1765702728.json
[2025-12-16T02:10:00.017+0000] {logging_mixin.py:188} INFO - Uploaded file to Snowflake stage: /tmp/minio_data/1765702853.json
[2025-12-16T02:10:00.867+0000] {logging_mixin.py:188} INFO - Uploaded file to Snowflake stage: /tmp/minio_data/1765702980.json
[2025-12-16T02:10:02.365+0000] {logging_mixin.py:188} INFO - Uploaded file to Snowflake stage: /tmp/minio_data/1765703105.json
[2025-12-16T02:10:03.410+0000] {logging_mixin.py:188} INFO - Uploaded file to Snowflake stage: /tmp/minio_data/1765703230.json
[2025-12-16T02:10:04.070+0000] {logging_mixin.py:188} INFO - Uploaded file to Snowflake stage: /tmp/minio_data/1765703355.json
[2025-12-16T02:10:07.654+0000] {logging_mixin.py:188} INFO - Uploaded file to Snowflake stage: /tmp/minio_data/1765703481.json
[2025-12-16T02:10:08.538+0000] {logging_mixin.py:188} INFO - Uploaded file to Snowflake stage: /tmp/minio_data/1765703605.json
[2025-12-16T02:10:09.588+0000] {logging_mixin.py:188} INFO - Uploaded file to Snowflake stage: /tmp/minio_data/1765703729.json
[2025-12-16T02:10:10.392+0000] {logging_mixin.py:188} INFO - Uploaded file to Snowflake stage: /tmp/minio_data/1765703854.json
[2025-12-16T02:10:11.129+0000] {logging_mixin.py:188} INFO - Uploaded file to Snowflake stage: /tmp/minio_data/1765703979.json
[2025-12-16T02:10:12.059+0000] {logging_mixin.py:188} INFO - Uploaded file to Snowflake stage: /tmp/minio_data/1765704103.json
[2025-12-16T02:10:12.802+0000] {logging_mixin.py:188} INFO - Uploaded file to Snowflake stage: /tmp/minio_data/1765704228.json
[2025-12-16T02:10:13.420+0000] {logging_mixin.py:188} INFO - Uploaded file to Snowflake stage: /tmp/minio_data/1765704352.json
[2025-12-16T02:10:14.271+0000] {logging_mixin.py:188} INFO - Uploaded file to Snowflake stage: /tmp/minio_data/1765704477.json
[2025-12-16T02:10:15.325+0000] {logging_mixin.py:188} INFO - Uploaded file to Snowflake stage: /tmp/minio_data/1765704601.json
[2025-12-16T02:10:16.511+0000] {logging_mixin.py:188} INFO - Uploaded file to Snowflake stage: /tmp/minio_data/1765704725.json
[2025-12-16T02:10:17.565+0000] {logging_mixin.py:188} INFO - Uploaded file to Snowflake stage: /tmp/minio_data/1765704850.json
[2025-12-16T02:10:19.047+0000] {logging_mixin.py:188} INFO - Uploaded file to Snowflake stage: /tmp/minio_data/1765704974.json
[2025-12-16T02:10:24.760+0000] {logging_mixin.py:188} INFO - Uploaded file to Snowflake stage: /tmp/minio_data/1765705098.json
[2025-12-16T02:10:26.641+0000] {logging_mixin.py:188} INFO - Uploaded file to Snowflake stage: /tmp/minio_data/1765705223.json
[2025-12-16T02:10:27.695+0000] {logging_mixin.py:188} INFO - Uploaded file to Snowflake stage: /tmp/minio_data/1765705348.json
[2025-12-16T02:10:28.708+0000] {logging_mixin.py:188} INFO - Uploaded file to Snowflake stage: /tmp/minio_data/1765705476.json
[2025-12-16T02:10:29.526+0000] {logging_mixin.py:188} INFO - Uploaded file to Snowflake stage: /tmp/minio_data/1765705605.json
[2025-12-16T02:10:30.459+0000] {logging_mixin.py:188} INFO - Uploaded file to Snowflake stage: /tmp/minio_data/1765705738.json
[2025-12-16T02:10:31.162+0000] {logging_mixin.py:188} INFO - Uploaded file to Snowflake stage: /tmp/minio_data/1765705870.json
[2025-12-16T02:10:31.866+0000] {logging_mixin.py:188} INFO - Uploaded file to Snowflake stage: /tmp/minio_data/1765706030.json
[2025-12-16T02:10:32.567+0000] {logging_mixin.py:188} INFO - Uploaded file to Snowflake stage: /tmp/minio_data/1765706198.json
[2025-12-16T02:10:33.393+0000] {logging_mixin.py:188} INFO - Uploaded file to Snowflake stage: /tmp/minio_data/1765706330.json
[2025-12-16T02:10:34.422+0000] {logging_mixin.py:188} INFO - Uploaded file to Snowflake stage: /tmp/minio_data/1765706456.json
[2025-12-16T02:10:35.643+0000] {logging_mixin.py:188} INFO - Uploaded file to Snowflake stage: /tmp/minio_data/1765706581.json
[2025-12-16T02:10:36.614+0000] {logging_mixin.py:188} INFO - Uploaded file to Snowflake stage: /tmp/minio_data/1765706707.json
[2025-12-16T02:10:37.738+0000] {logging_mixin.py:188} INFO - Uploaded file to Snowflake stage: /tmp/minio_data/1765706833.json
[2025-12-16T02:10:38.630+0000] {logging_mixin.py:188} INFO - Uploaded file to Snowflake stage: /tmp/minio_data/1765699183.json
[2025-12-16T02:10:39.492+0000] {logging_mixin.py:188} INFO - Uploaded file to Snowflake stage: /tmp/minio_data/1765700345.json
[2025-12-16T02:10:40.368+0000] {logging_mixin.py:188} INFO - Uploaded file to Snowflake stage: /tmp/minio_data/1765700470.json
[2025-12-16T02:10:41.141+0000] {logging_mixin.py:188} INFO - Uploaded file to Snowflake stage: /tmp/minio_data/1765700596.json
[2025-12-16T02:10:41.872+0000] {logging_mixin.py:188} INFO - Uploaded file to Snowflake stage: /tmp/minio_data/1765700721.json
[2025-12-16T02:10:42.739+0000] {logging_mixin.py:188} INFO - Uploaded file to Snowflake stage: /tmp/minio_data/1765700845.json
[2025-12-16T02:10:44.937+0000] {logging_mixin.py:188} INFO - Uploaded file to Snowflake stage: /tmp/minio_data/1765700970.json
[2025-12-16T02:10:46.939+0000] {logging_mixin.py:188} INFO - Uploaded file to Snowflake stage: /tmp/minio_data/1765701095.json
[2025-12-16T02:11:09.173+0000] {logging_mixin.py:188} INFO - Uploaded file to Snowflake stage: /tmp/minio_data/1765701221.json
[2025-12-16T02:11:09.992+0000] {logging_mixin.py:188} INFO - Uploaded file to Snowflake stage: /tmp/minio_data/1765701346.json
[2025-12-16T02:11:10.516+0000] {logging_mixin.py:188} INFO - Uploaded file to Snowflake stage: /tmp/minio_data/1765701470.json
[2025-12-16T02:11:11.184+0000] {logging_mixin.py:188} INFO - Uploaded file to Snowflake stage: /tmp/minio_data/1765701595.json
[2025-12-16T02:11:11.980+0000] {logging_mixin.py:188} INFO - Uploaded file to Snowflake stage: /tmp/minio_data/1765701735.json
[2025-12-16T02:11:12.540+0000] {logging_mixin.py:188} INFO - Uploaded file to Snowflake stage: /tmp/minio_data/1765701861.json
[2025-12-16T02:11:13.079+0000] {logging_mixin.py:188} INFO - Uploaded file to Snowflake stage: /tmp/minio_data/1765701986.json
[2025-12-16T02:11:13.622+0000] {logging_mixin.py:188} INFO - Uploaded file to Snowflake stage: /tmp/minio_data/1765702112.json
[2025-12-16T02:11:14.153+0000] {logging_mixin.py:188} INFO - Uploaded file to Snowflake stage: /tmp/minio_data/1765702238.json
[2025-12-16T02:11:14.837+0000] {logging_mixin.py:188} INFO - Uploaded file to Snowflake stage: /tmp/minio_data/1765702365.json
[2025-12-16T02:11:15.426+0000] {logging_mixin.py:188} INFO - Uploaded file to Snowflake stage: /tmp/minio_data/1765702490.json
[2025-12-16T02:11:15.992+0000] {logging_mixin.py:188} INFO - Uploaded file to Snowflake stage: /tmp/minio_data/1765702615.json
[2025-12-16T02:11:16.823+0000] {logging_mixin.py:188} INFO - Uploaded file to Snowflake stage: /tmp/minio_data/1765702741.json
[2025-12-16T02:11:17.540+0000] {logging_mixin.py:188} INFO - Uploaded file to Snowflake stage: /tmp/minio_data/1765702867.json
[2025-12-16T02:11:18.513+0000] {logging_mixin.py:188} INFO - Uploaded file to Snowflake stage: /tmp/minio_data/1765702993.json
[2025-12-16T02:11:19.712+0000] {logging_mixin.py:188} INFO - Uploaded file to Snowflake stage: /tmp/minio_data/1765703118.json
[2025-12-16T02:11:20.612+0000] {logging_mixin.py:188} INFO - Uploaded file to Snowflake stage: /tmp/minio_data/1765703243.json
[2025-12-16T02:11:21.390+0000] {logging_mixin.py:188} INFO - Uploaded file to Snowflake stage: /tmp/minio_data/1765703368.json
[2025-12-16T02:11:22.009+0000] {logging_mixin.py:188} INFO - Uploaded file to Snowflake stage: /tmp/minio_data/1765703494.json
[2025-12-16T02:11:22.589+0000] {logging_mixin.py:188} INFO - Uploaded file to Snowflake stage: /tmp/minio_data/1765703618.json
[2025-12-16T02:11:23.230+0000] {logging_mixin.py:188} INFO - Uploaded file to Snowflake stage: /tmp/minio_data/1765703742.json
[2025-12-16T02:11:24.219+0000] {logging_mixin.py:188} INFO - Uploaded file to Snowflake stage: /tmp/minio_data/1765703867.json
[2025-12-16T02:11:24.801+0000] {logging_mixin.py:188} INFO - Uploaded file to Snowflake stage: /tmp/minio_data/1765703991.json
[2025-12-16T02:11:25.471+0000] {logging_mixin.py:188} INFO - Uploaded file to Snowflake stage: /tmp/minio_data/1765704116.json
[2025-12-16T02:11:26.034+0000] {logging_mixin.py:188} INFO - Uploaded file to Snowflake stage: /tmp/minio_data/1765704241.json
[2025-12-16T02:11:26.659+0000] {logging_mixin.py:188} INFO - Uploaded file to Snowflake stage: /tmp/minio_data/1765704365.json
[2025-12-16T02:11:27.595+0000] {logging_mixin.py:188} INFO - Uploaded file to Snowflake stage: /tmp/minio_data/1765704489.json
[2025-12-16T02:11:28.997+0000] {logging_mixin.py:188} INFO - Uploaded file to Snowflake stage: /tmp/minio_data/1765704614.json
[2025-12-16T02:11:33.027+0000] {logging_mixin.py:188} INFO - Uploaded file to Snowflake stage: /tmp/minio_data/1765704738.json
[2025-12-16T02:11:34.185+0000] {logging_mixin.py:188} INFO - Uploaded file to Snowflake stage: /tmp/minio_data/1765704862.json
[2025-12-16T02:11:35.000+0000] {logging_mixin.py:188} INFO - Uploaded file to Snowflake stage: /tmp/minio_data/1765704987.json
[2025-12-16T02:11:35.669+0000] {logging_mixin.py:188} INFO - Uploaded file to Snowflake stage: /tmp/minio_data/1765705111.json
[2025-12-16T02:11:36.314+0000] {logging_mixin.py:188} INFO - Uploaded file to Snowflake stage: /tmp/minio_data/1765705236.json
[2025-12-16T02:11:36.976+0000] {logging_mixin.py:188} INFO - Uploaded file to Snowflake stage: /tmp/minio_data/1765705361.json
[2025-12-16T02:11:37.876+0000] {logging_mixin.py:188} INFO - Uploaded file to Snowflake stage: /tmp/minio_data/1765705490.json
[2025-12-16T02:11:39.012+0000] {logging_mixin.py:188} INFO - Uploaded file to Snowflake stage: /tmp/minio_data/1765705621.json
[2025-12-16T02:11:41.195+0000] {logging_mixin.py:188} INFO - Uploaded file to Snowflake stage: /tmp/minio_data/1765705752.json
[2025-12-16T02:11:42.298+0000] {logging_mixin.py:188} INFO - Uploaded file to Snowflake stage: /tmp/minio_data/1765705883.json
[2025-12-16T02:11:43.000+0000] {logging_mixin.py:188} INFO - Uploaded file to Snowflake stage: /tmp/minio_data/1765706046.json
[2025-12-16T02:11:44.039+0000] {logging_mixin.py:188} INFO - Uploaded file to Snowflake stage: /tmp/minio_data/1765706212.json
[2025-12-16T02:11:45.600+0000] {logging_mixin.py:188} INFO - Uploaded file to Snowflake stage: /tmp/minio_data/1765706343.json
[2025-12-16T02:11:47.949+0000] {logging_mixin.py:188} INFO - Uploaded file to Snowflake stage: /tmp/minio_data/1765706469.json
[2025-12-16T02:11:49.538+0000] {logging_mixin.py:188} INFO - Uploaded file to Snowflake stage: /tmp/minio_data/1765706594.json
[2025-12-16T02:11:54.388+0000] {logging_mixin.py:188} INFO - Uploaded file to Snowflake stage: /tmp/minio_data/1765706720.json
[2025-12-16T02:11:59.020+0000] {logging_mixin.py:188} INFO - Uploaded file to Snowflake stage: /tmp/minio_data/1765706846.json
[2025-12-16T02:12:06.857+0000] {logging_mixin.py:188} INFO - Uploaded file to Snowflake stage: /tmp/minio_data/1765699228.json
[2025-12-16T02:12:16.640+0000] {connectionpool.py:824} WARNING - Retrying (Retry(total=0, connect=None, read=None, redirect=None, status=None)) after connection broken by 'ProtocolError('Connection aborted.', RemoteDisconnected('Remote end closed connection without response'))': /?accelerate
[2025-12-16T02:12:24.177+0000] {logging_mixin.py:188} INFO - Uploaded file to Snowflake stage: /tmp/minio_data/1765700372.json
[2025-12-16T02:12:25.239+0000] {logging_mixin.py:188} INFO - Uploaded file to Snowflake stage: /tmp/minio_data/1765700496.json
[2025-12-16T02:12:26.339+0000] {logging_mixin.py:188} INFO - Uploaded file to Snowflake stage: /tmp/minio_data/1765700622.json
[2025-12-16T02:12:27.690+0000] {logging_mixin.py:188} INFO - Uploaded file to Snowflake stage: /tmp/minio_data/1765700747.json
[2025-12-16T02:12:28.715+0000] {logging_mixin.py:188} INFO - Uploaded file to Snowflake stage: /tmp/minio_data/1765700871.json
[2025-12-16T02:12:30.394+0000] {logging_mixin.py:188} INFO - Uploaded file to Snowflake stage: /tmp/minio_data/1765700995.json
[2025-12-16T02:12:31.509+0000] {logging_mixin.py:188} INFO - Uploaded file to Snowflake stage: /tmp/minio_data/1765701121.json
[2025-12-16T02:12:32.906+0000] {logging_mixin.py:188} INFO - Uploaded file to Snowflake stage: /tmp/minio_data/1765701246.json
[2025-12-16T02:12:35.718+0000] {logging_mixin.py:188} INFO - Uploaded file to Snowflake stage: /tmp/minio_data/1765701372.json
[2025-12-16T02:12:39.717+0000] {logging_mixin.py:188} INFO - Uploaded file to Snowflake stage: /tmp/minio_data/1765701496.json
[2025-12-16T02:12:41.143+0000] {logging_mixin.py:188} INFO - Uploaded file to Snowflake stage: /tmp/minio_data/1765701620.json
[2025-12-16T02:12:42.258+0000] {logging_mixin.py:188} INFO - Uploaded file to Snowflake stage: /tmp/minio_data/1765701761.json
[2025-12-16T02:12:43.485+0000] {logging_mixin.py:188} INFO - Uploaded file to Snowflake stage: /tmp/minio_data/1765701887.json
[2025-12-16T02:12:44.724+0000] {logging_mixin.py:188} INFO - Uploaded file to Snowflake stage: /tmp/minio_data/1765702012.json
[2025-12-16T02:12:46.117+0000] {logging_mixin.py:188} INFO - Uploaded file to Snowflake stage: /tmp/minio_data/1765702139.json
[2025-12-16T02:12:47.244+0000] {logging_mixin.py:188} INFO - Uploaded file to Snowflake stage: /tmp/minio_data/1765702265.json
[2025-12-16T02:12:48.669+0000] {logging_mixin.py:188} INFO - Uploaded file to Snowflake stage: /tmp/minio_data/1765702391.json
[2025-12-16T02:12:49.802+0000] {logging_mixin.py:188} INFO - Uploaded file to Snowflake stage: /tmp/minio_data/1765702517.json
[2025-12-16T02:12:50.741+0000] {logging_mixin.py:188} INFO - Uploaded file to Snowflake stage: /tmp/minio_data/1765702642.json
[2025-12-16T02:12:51.665+0000] {logging_mixin.py:188} INFO - Uploaded file to Snowflake stage: /tmp/minio_data/1765702767.json
[2025-12-16T02:12:52.560+0000] {logging_mixin.py:188} INFO - Uploaded file to Snowflake stage: /tmp/minio_data/1765702893.json
[2025-12-16T02:12:53.910+0000] {logging_mixin.py:188} INFO - Uploaded file to Snowflake stage: /tmp/minio_data/1765703019.json
[2025-12-16T02:12:55.580+0000] {logging_mixin.py:188} INFO - Uploaded file to Snowflake stage: /tmp/minio_data/1765703144.json
[2025-12-16T02:12:58.548+0000] {logging_mixin.py:188} INFO - Uploaded file to Snowflake stage: /tmp/minio_data/1765703269.json
[2025-12-16T02:13:00.101+0000] {logging_mixin.py:188} INFO - Uploaded file to Snowflake stage: /tmp/minio_data/1765703394.json
[2025-12-16T02:13:01.107+0000] {logging_mixin.py:188} INFO - Uploaded file to Snowflake stage: /tmp/minio_data/1765703520.json
[2025-12-16T02:13:02.048+0000] {logging_mixin.py:188} INFO - Uploaded file to Snowflake stage: /tmp/minio_data/1765703644.json
[2025-12-16T02:13:03.120+0000] {logging_mixin.py:188} INFO - Uploaded file to Snowflake stage: /tmp/minio_data/1765703769.json
[2025-12-16T02:13:03.915+0000] {logging_mixin.py:188} INFO - Uploaded file to Snowflake stage: /tmp/minio_data/1765703893.json
[2025-12-16T02:13:04.873+0000] {logging_mixin.py:188} INFO - Uploaded file to Snowflake stage: /tmp/minio_data/1765704017.json
[2025-12-16T02:13:07.220+0000] {logging_mixin.py:188} INFO - Uploaded file to Snowflake stage: /tmp/minio_data/1765704142.json
[2025-12-16T02:13:08.222+0000] {logging_mixin.py:188} INFO - Uploaded file to Snowflake stage: /tmp/minio_data/1765704266.json
[2025-12-16T02:13:12.395+0000] {logging_mixin.py:188} INFO - Uploaded file to Snowflake stage: /tmp/minio_data/1765704390.json
[2025-12-16T02:13:16.024+0000] {logging_mixin.py:188} INFO - Uploaded file to Snowflake stage: /tmp/minio_data/1765704515.json
[2025-12-16T02:13:17.617+0000] {logging_mixin.py:188} INFO - Uploaded file to Snowflake stage: /tmp/minio_data/1765704639.json
[2025-12-16T02:13:19.155+0000] {logging_mixin.py:188} INFO - Uploaded file to Snowflake stage: /tmp/minio_data/1765704764.json
[2025-12-16T02:13:20.360+0000] {logging_mixin.py:188} INFO - Uploaded file to Snowflake stage: /tmp/minio_data/1765704888.json
[2025-12-16T02:13:21.447+0000] {logging_mixin.py:188} INFO - Uploaded file to Snowflake stage: /tmp/minio_data/1765705012.json
[2025-12-16T02:13:22.390+0000] {logging_mixin.py:188} INFO - Uploaded file to Snowflake stage: /tmp/minio_data/1765705138.json
[2025-12-16T02:13:23.915+0000] {logging_mixin.py:188} INFO - Uploaded file to Snowflake stage: /tmp/minio_data/1765705262.json
[2025-12-16T02:13:25.188+0000] {logging_mixin.py:188} INFO - Uploaded file to Snowflake stage: /tmp/minio_data/1765705386.json
[2025-12-16T02:13:29.970+0000] {logging_mixin.py:188} INFO - Uploaded file to Snowflake stage: /tmp/minio_data/1765705517.json
[2025-12-16T02:13:30.959+0000] {logging_mixin.py:188} INFO - Uploaded file to Snowflake stage: /tmp/minio_data/1765705651.json
[2025-12-16T02:13:31.742+0000] {logging_mixin.py:188} INFO - Uploaded file to Snowflake stage: /tmp/minio_data/1765705782.json
[2025-12-16T02:13:32.501+0000] {logging_mixin.py:188} INFO - Uploaded file to Snowflake stage: /tmp/minio_data/1765705924.json
[2025-12-16T02:13:33.222+0000] {logging_mixin.py:188} INFO - Uploaded file to Snowflake stage: /tmp/minio_data/1765706099.json
[2025-12-16T02:13:34.864+0000] {logging_mixin.py:188} INFO - Uploaded file to Snowflake stage: /tmp/minio_data/1765706244.json
[2025-12-16T02:13:35.878+0000] {logging_mixin.py:188} INFO - Uploaded file to Snowflake stage: /tmp/minio_data/1765706370.json
[2025-12-16T02:13:36.696+0000] {logging_mixin.py:188} INFO - Uploaded file to Snowflake stage: /tmp/minio_data/1765706495.json
[2025-12-16T02:13:37.518+0000] {logging_mixin.py:188} INFO - Uploaded file to Snowflake stage: /tmp/minio_data/1765706621.json
[2025-12-16T02:13:43.735+0000] {logging_mixin.py:188} INFO - Uploaded file to Snowflake stage: /tmp/minio_data/1765706746.json
[2025-12-16T02:13:44.432+0000] {logging_mixin.py:188} INFO - Uploaded file to Snowflake stage: /tmp/minio_data/1765706872.json
[2025-12-16T02:13:44.464+0000] {logging_mixin.py:188} INFO - Successfully uploaded 265 files to Snowflake stage.
[2025-12-16T02:13:44.492+0000] {logging_mixin.py:188} INFO - Loading data into Snowflake table...
[2025-12-16T02:13:46.766+0000] {cursor.py:1149} INFO - Number of results in first chunk: 1
[2025-12-16T02:13:46.869+0000] {logging_mixin.py:188} INFO - COPY INTO completed
[2025-12-16T02:13:46.903+0000] {logging_mixin.py:188} INFO - Files loaded: Copy executed with 0 files processed.
[2025-12-16T02:13:46.923+0000] {logging_mixin.py:188} INFO - Error in load_into_snowflake: tuple index out of range
[2025-12-16T02:13:47.386+0000] {python.py:237} INFO - Done. Returned value was: None
[2025-12-16T02:13:47.521+0000] {taskinstance.py:441} INFO - ::group::Post task execution logs
[2025-12-16T02:13:58.412+0000] {taskinstance.py:1206} INFO - Marking task as SUCCESS. dag_id=minio_to_snowflake, task_id=load_into_snowflake, run_id=scheduled__2025-12-15T23:05:00+00:00, execution_date=20251215T230500, start_date=20251216T020455, end_date=20251216T021358
[2025-12-16T02:14:03.452+0000] {local_task_job_runner.py:243} INFO - Task exited with return code 0
[2025-12-16T02:14:08.028+0000] {taskinstance.py:3503} INFO - 0 downstream tasks scheduled from follow-on schedule check
[2025-12-16T02:14:08.166+0000] {local_task_job_runner.py:222} INFO - ::endgroup::
