[2025-12-15T21:00:31.687+0000] {local_task_job_runner.py:120} INFO - ::group::Pre task execution logs
[2025-12-15T21:00:31.751+0000] {taskinstance.py:2076} INFO - Dependencies all met for dep_context=non-requeueable deps ti=<TaskInstance: minio_to_snowflake.load_into_snowflake scheduled__2025-12-15T20:55:00+00:00 [queued]>
[2025-12-15T21:00:31.766+0000] {taskinstance.py:2076} INFO - Dependencies all met for dep_context=requeueable deps ti=<TaskInstance: minio_to_snowflake.load_into_snowflake scheduled__2025-12-15T20:55:00+00:00 [queued]>
[2025-12-15T21:00:31.767+0000] {taskinstance.py:2306} INFO - Starting attempt 1 of 3
[2025-12-15T21:00:31.791+0000] {taskinstance.py:2330} INFO - Executing <Task(PythonOperator): load_into_snowflake> on 2025-12-15 20:55:00+00:00
[2025-12-15T21:00:31.844+0000] {logging_mixin.py:188} WARNING - /home/***/.local/lib/python3.12/site-packages/***/task/task_runner/standard_task_runner.py:62 DeprecationWarning: This process (pid=72090) is multi-threaded, use of fork() may lead to deadlocks in the child.
[2025-12-15T21:00:31.860+0000] {standard_task_runner.py:64} INFO - Started process 72093 to run task
[2025-12-15T21:00:31.839+0000] {standard_task_runner.py:90} INFO - Running: ['***', 'tasks', 'run', 'minio_to_snowflake', 'load_into_snowflake', 'scheduled__2025-12-15T20:55:00+00:00', '--job-id', '237', '--raw', '--subdir', 'DAGS_FOLDER/minio_to_snowflake.py', '--cfg-path', '/tmp/tmpmpn51r57']
[2025-12-15T21:00:31.869+0000] {standard_task_runner.py:91} INFO - Job 237: Subtask load_into_snowflake
[2025-12-15T21:00:32.052+0000] {task_command.py:426} INFO - Running <TaskInstance: minio_to_snowflake.load_into_snowflake scheduled__2025-12-15T20:55:00+00:00 [running]> on host 4abec113d47e
[2025-12-15T21:00:32.655+0000] {taskinstance.py:2648} INFO - Exporting env vars: AIRFLOW_CTX_DAG_OWNER='***' AIRFLOW_CTX_DAG_ID='minio_to_snowflake' AIRFLOW_CTX_TASK_ID='load_into_snowflake' AIRFLOW_CTX_EXECUTION_DATE='2025-12-15T20:55:00+00:00' AIRFLOW_CTX_TRY_NUMBER='1' AIRFLOW_CTX_DAG_RUN_ID='scheduled__2025-12-15T20:55:00+00:00'
[2025-12-15T21:00:32.671+0000] {taskinstance.py:430} INFO - ::endgroup::
[2025-12-15T21:00:32.854+0000] {logging_mixin.py:188} INFO - Received 265 files from previous task.
[2025-12-15T21:00:32.855+0000] {logging_mixin.py:188} INFO - Cnnecting to Snowflake...
[2025-12-15T21:00:32.858+0000] {connection.py:408} INFO - Snowflake Connector for Python Version: 3.11.0, Python Version: 3.12.4, Platform: Linux-6.6.87.2-microsoft-standard-WSL2-x86_64-with-glibc2.36
[2025-12-15T21:00:32.871+0000] {connection.py:1258} INFO - This connection is in OCSP Fail Open Mode. TLS Certificates would be checked for validity and revocation status. Any other Certificate Revocation related exceptions or OCSP Responder failures would be disregarded in favor of connectivity.
[2025-12-15T21:00:32.910+0000] {connectionpool.py:824} WARNING - Retrying (Retry(total=0, connect=None, read=None, redirect=None, status=None)) after connection broken by 'NewConnectionError('<snowflake.connector.vendored.urllib3.connection.HTTPSConnection object at 0x726825dc8bc0>: Failed to establish a new connection: [Errno -2] Name or service not known')': /session/v1/login-request?request_id=8a0b11fb-f8bc-4714-bf68-2be2b51a053e&databaseName=STOCKS_DB&schemaName=COMMON&warehouse=COMPUTE_WH&request_guid=5439b1a0-7ff5-4df8-8af3-c40f4496c420
[2025-12-15T21:00:34.034+0000] {connectionpool.py:824} WARNING - Retrying (Retry(total=0, connect=None, read=None, redirect=None, status=None)) after connection broken by 'NewConnectionError('<snowflake.connector.vendored.urllib3.connection.HTTPSConnection object at 0x726825c4ae70>: Failed to establish a new connection: [Errno -2] Name or service not known')': /session/v1/login-request?request_id=76956f5d-9318-4a52-a5e8-1cd5505e2bf5&databaseName=STOCKS_DB&schemaName=COMMON&warehouse=COMPUTE_WH&request_guid=961ab9a7-94bd-4028-af23-a77ae61b575e
[2025-12-15T21:00:34.065+0000] {logging_mixin.py:188} INFO - Error in load_into_snowflake: 250001: 250001: Could not connect to Snowflake backend after 2 attempt(s).Aborting
[2025-12-15T21:00:34.066+0000] {python.py:237} INFO - Done. Returned value was: None
[2025-12-15T21:00:34.067+0000] {taskinstance.py:441} INFO - ::group::Post task execution logs
[2025-12-15T21:00:34.112+0000] {taskinstance.py:1206} INFO - Marking task as SUCCESS. dag_id=minio_to_snowflake, task_id=load_into_snowflake, run_id=scheduled__2025-12-15T20:55:00+00:00, execution_date=20251215T205500, start_date=20251215T210031, end_date=20251215T210034
[2025-12-15T21:00:34.230+0000] {local_task_job_runner.py:243} INFO - Task exited with return code 0
[2025-12-15T21:00:34.324+0000] {taskinstance.py:3503} INFO - 0 downstream tasks scheduled from follow-on schedule check
[2025-12-15T21:00:34.331+0000] {local_task_job_runner.py:222} INFO - ::endgroup::
