[2025-12-15T21:22:44.785+0000] {local_task_job_runner.py:120} INFO - ::group::Pre task execution logs
[2025-12-15T21:22:45.270+0000] {taskinstance.py:2076} INFO - Dependencies all met for dep_context=non-requeueable deps ti=<TaskInstance: minio_to_snowflake.load_into_snowflake scheduled__2025-12-15T20:30:00+00:00 [queued]>
[2025-12-15T21:22:45.412+0000] {taskinstance.py:2076} INFO - Dependencies all met for dep_context=requeueable deps ti=<TaskInstance: minio_to_snowflake.load_into_snowflake scheduled__2025-12-15T20:30:00+00:00 [queued]>
[2025-12-15T21:22:45.414+0000] {taskinstance.py:2306} INFO - Starting attempt 2 of 3
[2025-12-15T21:22:45.576+0000] {taskinstance.py:2330} INFO - Executing <Task(PythonOperator): load_into_snowflake> on 2025-12-15 20:30:00+00:00
[2025-12-15T21:22:45.821+0000] {logging_mixin.py:188} WARNING - /home/***/.local/lib/python3.12/site-packages/***/task/task_runner/standard_task_runner.py:62 DeprecationWarning: This process (pid=73228) is multi-threaded, use of fork() may lead to deadlocks in the child.
[2025-12-15T21:22:45.850+0000] {standard_task_runner.py:64} INFO - Started process 73236 to run task
[2025-12-15T21:22:45.996+0000] {standard_task_runner.py:90} INFO - Running: ['***', 'tasks', 'run', 'minio_to_snowflake', 'load_into_snowflake', 'scheduled__2025-12-15T20:30:00+00:00', '--job-id', '242', '--raw', '--subdir', 'DAGS_FOLDER/minio_to_snowflake.py', '--cfg-path', '/tmp/tmpmdo1pwa7']
[2025-12-15T21:22:46.074+0000] {standard_task_runner.py:91} INFO - Job 242: Subtask load_into_snowflake
[2025-12-15T21:22:48.601+0000] {task_command.py:426} INFO - Running <TaskInstance: minio_to_snowflake.load_into_snowflake scheduled__2025-12-15T20:30:00+00:00 [running]> on host 4abec113d47e
[2025-12-15T21:22:54.008+0000] {taskinstance.py:2648} INFO - Exporting env vars: AIRFLOW_CTX_DAG_OWNER='***' AIRFLOW_CTX_DAG_ID='minio_to_snowflake' AIRFLOW_CTX_TASK_ID='load_into_snowflake' AIRFLOW_CTX_EXECUTION_DATE='2025-12-15T20:30:00+00:00' AIRFLOW_CTX_TRY_NUMBER='2' AIRFLOW_CTX_DAG_RUN_ID='scheduled__2025-12-15T20:30:00+00:00'
[2025-12-15T21:22:54.022+0000] {taskinstance.py:430} INFO - ::endgroup::
[2025-12-15T21:22:54.473+0000] {logging_mixin.py:188} INFO - Received 265 files from previous task.
[2025-12-15T21:22:54.486+0000] {logging_mixin.py:188} INFO - Cnnecting to Snowflake...
[2025-12-15T21:22:54.535+0000] {connection.py:408} INFO - Snowflake Connector for Python Version: 3.11.0, Python Version: 3.12.4, Platform: Linux-6.6.87.2-microsoft-standard-WSL2-x86_64-with-glibc2.36
[2025-12-15T21:22:54.551+0000] {connection.py:1258} INFO - This connection is in OCSP Fail Open Mode. TLS Certificates would be checked for validity and revocation status. Any other Certificate Revocation related exceptions or OCSP Responder failures would be disregarded in favor of connectivity.
[2025-12-15T21:22:54.741+0000] {connectionpool.py:824} WARNING - Retrying (Retry(total=0, connect=None, read=None, redirect=None, status=None)) after connection broken by 'NewConnectionError('<snowflake.connector.vendored.urllib3.connection.HTTPSConnection object at 0x726825dff7d0>: Failed to establish a new connection: [Errno -2] Name or service not known')': /session/v1/login-request?request_id=4a49bd4f-e5bd-41ae-9c9e-c29fbae297fd&databaseName=STOCKS_DB&schemaName=COMMON&warehouse=COMPUTE_WH&request_guid=3bee3a06-b4f1-4ad3-b02d-8b88b484fb43
[2025-12-15T21:22:55.976+0000] {connectionpool.py:824} WARNING - Retrying (Retry(total=0, connect=None, read=None, redirect=None, status=None)) after connection broken by 'NewConnectionError('<snowflake.connector.vendored.urllib3.connection.HTTPSConnection object at 0x726825c56f30>: Failed to establish a new connection: [Errno -2] Name or service not known')': /session/v1/login-request?request_id=81f32874-26bb-45c1-8673-bed777df4df6&databaseName=STOCKS_DB&schemaName=COMMON&warehouse=COMPUTE_WH&request_guid=d642d511-90cf-49ae-a5cf-fdde8313b389
[2025-12-15T21:22:56.046+0000] {logging_mixin.py:188} INFO - Error in load_into_snowflake: 250001: 250001: Could not connect to Snowflake backend after 2 attempt(s).Aborting
[2025-12-15T21:22:56.071+0000] {python.py:237} INFO - Done. Returned value was: None
[2025-12-15T21:22:56.099+0000] {taskinstance.py:441} INFO - ::group::Post task execution logs
[2025-12-15T21:22:56.211+0000] {taskinstance.py:1206} INFO - Marking task as SUCCESS. dag_id=minio_to_snowflake, task_id=load_into_snowflake, run_id=scheduled__2025-12-15T20:30:00+00:00, execution_date=20251215T203000, start_date=20251215T212245, end_date=20251215T212256
[2025-12-15T21:22:56.467+0000] {local_task_job_runner.py:243} INFO - Task exited with return code 0
[2025-12-15T21:22:56.627+0000] {taskinstance.py:3503} INFO - 0 downstream tasks scheduled from follow-on schedule check
[2025-12-15T21:22:56.671+0000] {local_task_job_runner.py:222} INFO - ::endgroup::
