[2025-12-15T15:33:26.665+0000] {local_task_job_runner.py:120} INFO - ::group::Pre task execution logs
[2025-12-15T15:33:27.046+0000] {taskinstance.py:2076} INFO - Dependencies all met for dep_context=non-requeueable deps ti=<TaskInstance: minio_to_snowflake.download_from_minio scheduled__2025-12-15T14:40:00+00:00 [queued]>
[2025-12-15T15:33:27.264+0000] {taskinstance.py:2076} INFO - Dependencies all met for dep_context=requeueable deps ti=<TaskInstance: minio_to_snowflake.download_from_minio scheduled__2025-12-15T14:40:00+00:00 [queued]>
[2025-12-15T15:33:27.460+0000] {taskinstance.py:2306} INFO - Starting attempt 1 of 3
[2025-12-15T15:33:27.665+0000] {taskinstance.py:2330} INFO - Executing <Task(PythonOperator): download_from_minio> on 2025-12-15 14:40:00+00:00
[2025-12-15T15:33:28.521+0000] {logging_mixin.py:188} WARNING - /home/***/.local/lib/python3.12/site-packages/***/task/task_runner/standard_task_runner.py:62 DeprecationWarning: This process (pid=7601) is multi-threaded, use of fork() may lead to deadlocks in the child.
[2025-12-15T15:33:28.557+0000] {standard_task_runner.py:64} INFO - Started process 7612 to run task
[2025-12-15T15:33:28.562+0000] {standard_task_runner.py:90} INFO - Running: ['***', 'tasks', 'run', 'minio_to_snowflake', 'download_from_minio', 'scheduled__2025-12-15T14:40:00+00:00', '--job-id', '112', '--raw', '--subdir', 'DAGS_FOLDER/minio_to_snowflake.py', '--cfg-path', '/tmp/tmp147p3ge4']
[2025-12-15T15:33:28.603+0000] {standard_task_runner.py:91} INFO - Job 112: Subtask download_from_minio
[2025-12-15T15:33:30.051+0000] {task_command.py:426} INFO - Running <TaskInstance: minio_to_snowflake.download_from_minio scheduled__2025-12-15T14:40:00+00:00 [running]> on host 4abec113d47e
[2025-12-15T15:33:31.175+0000] {taskinstance.py:2648} INFO - Exporting env vars: AIRFLOW_CTX_DAG_OWNER='***' AIRFLOW_CTX_DAG_ID='minio_to_snowflake' AIRFLOW_CTX_TASK_ID='download_from_minio' AIRFLOW_CTX_EXECUTION_DATE='2025-12-15T14:40:00+00:00' AIRFLOW_CTX_TRY_NUMBER='1' AIRFLOW_CTX_DAG_RUN_ID='scheduled__2025-12-15T14:40:00+00:00'
[2025-12-15T15:33:31.179+0000] {taskinstance.py:430} INFO - ::endgroup::
[2025-12-15T15:33:33.104+0000] {logging_mixin.py:188} INFO - Found 265 files in the bucket.
[2025-12-15T15:33:33.204+0000] {logging_mixin.py:188} INFO - Downloaded AAPL/1765699149.json to /tmp/minio_data/1765699149.json
[2025-12-15T15:33:33.282+0000] {logging_mixin.py:188} INFO - Downloaded AAPL/1765700319.json to /tmp/minio_data/1765700319.json
[2025-12-15T15:33:33.331+0000] {logging_mixin.py:188} INFO - Downloaded AAPL/1765700445.json to /tmp/minio_data/1765700445.json
[2025-12-15T15:33:33.386+0000] {logging_mixin.py:188} INFO - Downloaded AAPL/1765700570.json to /tmp/minio_data/1765700570.json
[2025-12-15T15:33:33.488+0000] {logging_mixin.py:188} INFO - Downloaded AAPL/1765700695.json to /tmp/minio_data/1765700695.json
[2025-12-15T15:33:33.541+0000] {logging_mixin.py:188} INFO - Downloaded AAPL/1765700820.json to /tmp/minio_data/1765700820.json
[2025-12-15T15:33:33.593+0000] {logging_mixin.py:188} INFO - Downloaded AAPL/1765700944.json to /tmp/minio_data/1765700944.json
[2025-12-15T15:33:33.683+0000] {logging_mixin.py:188} INFO - Downloaded AAPL/1765701068.json to /tmp/minio_data/1765701068.json
[2025-12-15T15:33:33.759+0000] {logging_mixin.py:188} INFO - Downloaded AAPL/1765701195.json to /tmp/minio_data/1765701195.json
[2025-12-15T15:33:33.848+0000] {logging_mixin.py:188} INFO - Downloaded AAPL/1765701319.json to /tmp/minio_data/1765701319.json
[2025-12-15T15:33:33.939+0000] {logging_mixin.py:188} INFO - Downloaded AAPL/1765701444.json to /tmp/minio_data/1765701444.json
[2025-12-15T15:33:34.077+0000] {logging_mixin.py:188} INFO - Downloaded AAPL/1765701569.json to /tmp/minio_data/1765701569.json
[2025-12-15T15:33:34.189+0000] {logging_mixin.py:188} INFO - Downloaded AAPL/1765701708.json to /tmp/minio_data/1765701708.json
[2025-12-15T15:33:34.331+0000] {logging_mixin.py:188} INFO - Downloaded AAPL/1765701834.json to /tmp/minio_data/1765701834.json
[2025-12-15T15:33:34.509+0000] {logging_mixin.py:188} INFO - Downloaded AAPL/1765701960.json to /tmp/minio_data/1765701960.json
[2025-12-15T15:33:34.632+0000] {logging_mixin.py:188} INFO - Downloaded AAPL/1765702086.json to /tmp/minio_data/1765702086.json
[2025-12-15T15:33:34.728+0000] {logging_mixin.py:188} INFO - Downloaded AAPL/1765702212.json to /tmp/minio_data/1765702212.json
[2025-12-15T15:33:34.857+0000] {logging_mixin.py:188} INFO - Downloaded AAPL/1765702339.json to /tmp/minio_data/1765702339.json
[2025-12-15T15:33:34.945+0000] {logging_mixin.py:188} INFO - Downloaded AAPL/1765702464.json to /tmp/minio_data/1765702464.json
[2025-12-15T15:33:35.038+0000] {logging_mixin.py:188} INFO - Downloaded AAPL/1765702590.json to /tmp/minio_data/1765702590.json
[2025-12-15T15:33:35.084+0000] {logging_mixin.py:188} INFO - Downloaded AAPL/1765702715.json to /tmp/minio_data/1765702715.json
[2025-12-15T15:33:35.138+0000] {logging_mixin.py:188} INFO - Downloaded AAPL/1765702840.json to /tmp/minio_data/1765702840.json
[2025-12-15T15:33:35.232+0000] {logging_mixin.py:188} INFO - Downloaded AAPL/1765702967.json to /tmp/minio_data/1765702967.json
[2025-12-15T15:33:35.272+0000] {logging_mixin.py:188} INFO - Downloaded AAPL/1765703092.json to /tmp/minio_data/1765703092.json
[2025-12-15T15:33:35.324+0000] {logging_mixin.py:188} INFO - Downloaded AAPL/1765703217.json to /tmp/minio_data/1765703217.json
[2025-12-15T15:33:35.369+0000] {logging_mixin.py:188} INFO - Downloaded AAPL/1765703342.json to /tmp/minio_data/1765703342.json
[2025-12-15T15:33:35.413+0000] {logging_mixin.py:188} INFO - Downloaded AAPL/1765703468.json to /tmp/minio_data/1765703468.json
[2025-12-15T15:33:35.491+0000] {logging_mixin.py:188} INFO - Downloaded AAPL/1765703593.json to /tmp/minio_data/1765703593.json
[2025-12-15T15:33:35.630+0000] {logging_mixin.py:188} INFO - Downloaded AAPL/1765703717.json to /tmp/minio_data/1765703717.json
[2025-12-15T15:33:35.760+0000] {logging_mixin.py:188} INFO - Downloaded AAPL/1765703841.json to /tmp/minio_data/1765703841.json
[2025-12-15T15:33:35.851+0000] {logging_mixin.py:188} INFO - Downloaded AAPL/1765703966.json to /tmp/minio_data/1765703966.json
[2025-12-15T15:33:35.899+0000] {logging_mixin.py:188} INFO - Downloaded AAPL/1765704090.json to /tmp/minio_data/1765704090.json
[2025-12-15T15:33:35.944+0000] {logging_mixin.py:188} INFO - Downloaded AAPL/1765704215.json to /tmp/minio_data/1765704215.json
[2025-12-15T15:33:36.000+0000] {logging_mixin.py:188} INFO - Downloaded AAPL/1765704339.json to /tmp/minio_data/1765704339.json
[2025-12-15T15:33:36.059+0000] {logging_mixin.py:188} INFO - Downloaded AAPL/1765704464.json to /tmp/minio_data/1765704464.json
[2025-12-15T15:33:36.103+0000] {logging_mixin.py:188} INFO - Downloaded AAPL/1765704588.json to /tmp/minio_data/1765704588.json
[2025-12-15T15:33:36.149+0000] {logging_mixin.py:188} INFO - Downloaded AAPL/1765704712.json to /tmp/minio_data/1765704712.json
[2025-12-15T15:33:36.202+0000] {logging_mixin.py:188} INFO - Downloaded AAPL/1765704837.json to /tmp/minio_data/1765704837.json
[2025-12-15T15:33:36.247+0000] {logging_mixin.py:188} INFO - Downloaded AAPL/1765704961.json to /tmp/minio_data/1765704961.json
[2025-12-15T15:33:36.294+0000] {logging_mixin.py:188} INFO - Downloaded AAPL/1765705086.json to /tmp/minio_data/1765705086.json
[2025-12-15T15:33:36.406+0000] {logging_mixin.py:188} INFO - Downloaded AAPL/1765705210.json to /tmp/minio_data/1765705210.json
[2025-12-15T15:33:36.452+0000] {logging_mixin.py:188} INFO - Downloaded AAPL/1765705335.json to /tmp/minio_data/1765705335.json
[2025-12-15T15:33:36.694+0000] {logging_mixin.py:188} INFO - Downloaded AAPL/1765705459.json to /tmp/minio_data/1765705459.json
[2025-12-15T15:33:36.817+0000] {logging_mixin.py:188} INFO - Downloaded AAPL/1765705591.json to /tmp/minio_data/1765705591.json
[2025-12-15T15:33:36.876+0000] {logging_mixin.py:188} INFO - Downloaded AAPL/1765705724.json to /tmp/minio_data/1765705724.json
[2025-12-15T15:33:36.951+0000] {logging_mixin.py:188} INFO - Downloaded AAPL/1765705856.json to /tmp/minio_data/1765705856.json
[2025-12-15T15:33:37.514+0000] {logging_mixin.py:188} INFO - Downloaded AAPL/1765706004.json to /tmp/minio_data/1765706004.json
[2025-12-15T15:33:38.036+0000] {logging_mixin.py:188} INFO - Downloaded AAPL/1765706174.json to /tmp/minio_data/1765706174.json
[2025-12-15T15:33:38.108+0000] {logging_mixin.py:188} INFO - Downloaded AAPL/1765706317.json to /tmp/minio_data/1765706317.json
[2025-12-15T15:33:38.740+0000] {logging_mixin.py:188} INFO - Downloaded AAPL/1765706443.json to /tmp/minio_data/1765706443.json
[2025-12-15T15:33:38.767+0000] {logging_mixin.py:188} INFO - Downloaded AAPL/1765706568.json to /tmp/minio_data/1765706568.json
[2025-12-15T15:33:38.792+0000] {logging_mixin.py:188} INFO - Downloaded AAPL/1765706694.json to /tmp/minio_data/1765706694.json
[2025-12-15T15:33:38.826+0000] {logging_mixin.py:188} INFO - Downloaded AAPL/1765706820.json to /tmp/minio_data/1765706820.json
[2025-12-15T15:33:38.925+0000] {logging_mixin.py:188} INFO - Downloaded AMZN/1765699206.json to /tmp/minio_data/1765699206.json
[2025-12-15T15:33:39.122+0000] {logging_mixin.py:188} INFO - Downloaded AMZN/1765700358.json to /tmp/minio_data/1765700358.json
[2025-12-15T15:33:39.379+0000] {logging_mixin.py:188} INFO - Downloaded AMZN/1765700483.json to /tmp/minio_data/1765700483.json
[2025-12-15T15:33:39.425+0000] {logging_mixin.py:188} INFO - Downloaded AMZN/1765700609.json to /tmp/minio_data/1765700609.json
[2025-12-15T15:33:40.090+0000] {logging_mixin.py:188} INFO - Downloaded AMZN/1765700734.json to /tmp/minio_data/1765700734.json
[2025-12-15T15:33:40.111+0000] {logging_mixin.py:188} INFO - Downloaded AMZN/1765700858.json to /tmp/minio_data/1765700858.json
[2025-12-15T15:33:40.138+0000] {logging_mixin.py:188} INFO - Downloaded AMZN/1765700983.json to /tmp/minio_data/1765700983.json
[2025-12-15T15:33:40.647+0000] {logging_mixin.py:188} INFO - Downloaded AMZN/1765701108.json to /tmp/minio_data/1765701108.json
[2025-12-15T15:33:40.969+0000] {logging_mixin.py:188} INFO - Downloaded AMZN/1765701234.json to /tmp/minio_data/1765701234.json
[2025-12-15T15:33:41.212+0000] {logging_mixin.py:188} INFO - Downloaded AMZN/1765701359.json to /tmp/minio_data/1765701359.json
[2025-12-15T15:33:41.649+0000] {logging_mixin.py:188} INFO - Downloaded AMZN/1765701483.json to /tmp/minio_data/1765701483.json
[2025-12-15T15:33:41.719+0000] {logging_mixin.py:188} INFO - Downloaded AMZN/1765701607.json to /tmp/minio_data/1765701607.json
[2025-12-15T15:33:42.051+0000] {logging_mixin.py:188} INFO - Downloaded AMZN/1765701748.json to /tmp/minio_data/1765701748.json
[2025-12-15T15:33:42.260+0000] {logging_mixin.py:188} INFO - Downloaded AMZN/1765701874.json to /tmp/minio_data/1765701874.json
[2025-12-15T15:33:42.413+0000] {logging_mixin.py:188} INFO - Downloaded AMZN/1765701999.json to /tmp/minio_data/1765701999.json
[2025-12-15T15:33:42.546+0000] {logging_mixin.py:188} INFO - Downloaded AMZN/1765702125.json to /tmp/minio_data/1765702125.json
[2025-12-15T15:33:42.656+0000] {logging_mixin.py:188} INFO - Downloaded AMZN/1765702252.json to /tmp/minio_data/1765702252.json
[2025-12-15T15:33:42.803+0000] {logging_mixin.py:188} INFO - Downloaded AMZN/1765702378.json to /tmp/minio_data/1765702378.json
[2025-12-15T15:33:42.938+0000] {logging_mixin.py:188} INFO - Downloaded AMZN/1765702503.json to /tmp/minio_data/1765702503.json
[2025-12-15T15:33:43.003+0000] {logging_mixin.py:188} INFO - Downloaded AMZN/1765702628.json to /tmp/minio_data/1765702628.json
[2025-12-15T15:33:43.066+0000] {logging_mixin.py:188} INFO - Downloaded AMZN/1765702754.json to /tmp/minio_data/1765702754.json
[2025-12-15T15:33:43.143+0000] {logging_mixin.py:188} INFO - Downloaded AMZN/1765702880.json to /tmp/minio_data/1765702880.json
[2025-12-15T15:33:43.193+0000] {logging_mixin.py:188} INFO - Downloaded AMZN/1765703006.json to /tmp/minio_data/1765703006.json
[2025-12-15T15:33:43.352+0000] {logging_mixin.py:188} INFO - Downloaded AMZN/1765703131.json to /tmp/minio_data/1765703131.json
[2025-12-15T15:33:43.471+0000] {logging_mixin.py:188} INFO - Downloaded AMZN/1765703256.json to /tmp/minio_data/1765703256.json
[2025-12-15T15:33:43.570+0000] {logging_mixin.py:188} INFO - Downloaded AMZN/1765703381.json to /tmp/minio_data/1765703381.json
[2025-12-15T15:33:43.664+0000] {logging_mixin.py:188} INFO - Downloaded AMZN/1765703507.json to /tmp/minio_data/1765703507.json
[2025-12-15T15:33:43.768+0000] {logging_mixin.py:188} INFO - Downloaded AMZN/1765703631.json to /tmp/minio_data/1765703631.json
[2025-12-15T15:33:43.894+0000] {logging_mixin.py:188} INFO - Downloaded AMZN/1765703756.json to /tmp/minio_data/1765703756.json
[2025-12-15T15:33:44.097+0000] {logging_mixin.py:188} INFO - Downloaded AMZN/1765703880.json to /tmp/minio_data/1765703880.json
[2025-12-15T15:33:44.242+0000] {logging_mixin.py:188} INFO - Downloaded AMZN/1765704004.json to /tmp/minio_data/1765704004.json
[2025-12-15T15:33:44.371+0000] {logging_mixin.py:188} INFO - Downloaded AMZN/1765704129.json to /tmp/minio_data/1765704129.json
[2025-12-15T15:33:44.547+0000] {logging_mixin.py:188} INFO - Downloaded AMZN/1765704254.json to /tmp/minio_data/1765704254.json
[2025-12-15T15:33:44.761+0000] {logging_mixin.py:188} INFO - Downloaded AMZN/1765704377.json to /tmp/minio_data/1765704377.json
[2025-12-15T15:33:44.862+0000] {logging_mixin.py:188} INFO - Downloaded AMZN/1765704502.json to /tmp/minio_data/1765704502.json
[2025-12-15T15:33:44.938+0000] {logging_mixin.py:188} INFO - Downloaded AMZN/1765704627.json to /tmp/minio_data/1765704627.json
[2025-12-15T15:33:45.016+0000] {logging_mixin.py:188} INFO - Downloaded AMZN/1765704751.json to /tmp/minio_data/1765704751.json
[2025-12-15T15:33:45.113+0000] {logging_mixin.py:188} INFO - Downloaded AMZN/1765704875.json to /tmp/minio_data/1765704875.json
[2025-12-15T15:33:45.194+0000] {logging_mixin.py:188} INFO - Downloaded AMZN/1765705000.json to /tmp/minio_data/1765705000.json
[2025-12-15T15:33:45.255+0000] {logging_mixin.py:188} INFO - Downloaded AMZN/1765705125.json to /tmp/minio_data/1765705125.json
[2025-12-15T15:33:45.335+0000] {logging_mixin.py:188} INFO - Downloaded AMZN/1765705249.json to /tmp/minio_data/1765705249.json
[2025-12-15T15:33:45.415+0000] {logging_mixin.py:188} INFO - Downloaded AMZN/1765705373.json to /tmp/minio_data/1765705373.json
[2025-12-15T15:33:45.461+0000] {logging_mixin.py:188} INFO - Downloaded AMZN/1765705504.json to /tmp/minio_data/1765705504.json
[2025-12-15T15:33:45.520+0000] {logging_mixin.py:188} INFO - Downloaded AMZN/1765705636.json to /tmp/minio_data/1765705636.json
[2025-12-15T15:33:45.569+0000] {logging_mixin.py:188} INFO - Downloaded AMZN/1765705768.json to /tmp/minio_data/1765705768.json
[2025-12-15T15:33:45.651+0000] {logging_mixin.py:188} INFO - Downloaded AMZN/1765705902.json to /tmp/minio_data/1765705902.json
[2025-12-15T15:33:45.728+0000] {logging_mixin.py:188} INFO - Downloaded AMZN/1765706078.json to /tmp/minio_data/1765706078.json
[2025-12-15T15:33:45.762+0000] {logging_mixin.py:188} INFO - Downloaded AMZN/1765706228.json to /tmp/minio_data/1765706228.json
[2025-12-15T15:33:45.828+0000] {logging_mixin.py:188} INFO - Downloaded AMZN/1765706357.json to /tmp/minio_data/1765706357.json
[2025-12-15T15:33:45.902+0000] {logging_mixin.py:188} INFO - Downloaded AMZN/1765706482.json to /tmp/minio_data/1765706482.json
[2025-12-15T15:33:45.946+0000] {logging_mixin.py:188} INFO - Downloaded AMZN/1765706607.json to /tmp/minio_data/1765706607.json
[2025-12-15T15:33:45.995+0000] {logging_mixin.py:188} INFO - Downloaded AMZN/1765706733.json to /tmp/minio_data/1765706733.json
[2025-12-15T15:33:46.044+0000] {logging_mixin.py:188} INFO - Downloaded AMZN/1765706859.json to /tmp/minio_data/1765706859.json
[2025-12-15T15:33:46.092+0000] {logging_mixin.py:188} INFO - Downloaded GOOGL/1765699167.json to /tmp/minio_data/1765699167.json
[2025-12-15T15:33:46.139+0000] {logging_mixin.py:188} INFO - Downloaded GOOGL/1765700332.json to /tmp/minio_data/1765700332.json
[2025-12-15T15:33:46.184+0000] {logging_mixin.py:188} INFO - Downloaded GOOGL/1765700458.json to /tmp/minio_data/1765700458.json
[2025-12-15T15:33:46.234+0000] {logging_mixin.py:188} INFO - Downloaded GOOGL/1765700583.json to /tmp/minio_data/1765700583.json
[2025-12-15T15:33:46.280+0000] {logging_mixin.py:188} INFO - Downloaded GOOGL/1765700708.json to /tmp/minio_data/1765700708.json
[2025-12-15T15:33:46.340+0000] {logging_mixin.py:188} INFO - Downloaded GOOGL/1765700832.json to /tmp/minio_data/1765700832.json
[2025-12-15T15:33:46.390+0000] {logging_mixin.py:188} INFO - Downloaded GOOGL/1765700957.json to /tmp/minio_data/1765700957.json
[2025-12-15T15:33:46.473+0000] {logging_mixin.py:188} INFO - Downloaded GOOGL/1765701082.json to /tmp/minio_data/1765701082.json
[2025-12-15T15:33:46.560+0000] {logging_mixin.py:188} INFO - Downloaded GOOGL/1765701208.json to /tmp/minio_data/1765701208.json
[2025-12-15T15:33:46.618+0000] {logging_mixin.py:188} INFO - Downloaded GOOGL/1765701333.json to /tmp/minio_data/1765701333.json
[2025-12-15T15:33:46.669+0000] {logging_mixin.py:188} INFO - Downloaded GOOGL/1765701457.json to /tmp/minio_data/1765701457.json
[2025-12-15T15:33:46.779+0000] {logging_mixin.py:188} INFO - Downloaded GOOGL/1765701582.json to /tmp/minio_data/1765701582.json
[2025-12-15T15:33:46.850+0000] {logging_mixin.py:188} INFO - Downloaded GOOGL/1765701721.json to /tmp/minio_data/1765701721.json
[2025-12-15T15:33:46.907+0000] {logging_mixin.py:188} INFO - Downloaded GOOGL/1765701847.json to /tmp/minio_data/1765701847.json
[2025-12-15T15:33:46.946+0000] {logging_mixin.py:188} INFO - Downloaded GOOGL/1765701973.json to /tmp/minio_data/1765701973.json
[2025-12-15T15:33:47.014+0000] {logging_mixin.py:188} INFO - Downloaded GOOGL/1765702099.json to /tmp/minio_data/1765702099.json
[2025-12-15T15:33:47.056+0000] {logging_mixin.py:188} INFO - Downloaded GOOGL/1765702225.json to /tmp/minio_data/1765702225.json
[2025-12-15T15:33:47.097+0000] {logging_mixin.py:188} INFO - Downloaded GOOGL/1765702352.json to /tmp/minio_data/1765702352.json
[2025-12-15T15:33:47.170+0000] {logging_mixin.py:188} INFO - Downloaded GOOGL/1765702477.json to /tmp/minio_data/1765702477.json
[2025-12-15T15:33:47.245+0000] {logging_mixin.py:188} INFO - Downloaded GOOGL/1765702603.json to /tmp/minio_data/1765702603.json
[2025-12-15T15:33:47.325+0000] {logging_mixin.py:188} INFO - Downloaded GOOGL/1765702728.json to /tmp/minio_data/1765702728.json
[2025-12-15T15:33:47.434+0000] {logging_mixin.py:188} INFO - Downloaded GOOGL/1765702853.json to /tmp/minio_data/1765702853.json
[2025-12-15T15:33:47.496+0000] {logging_mixin.py:188} INFO - Downloaded GOOGL/1765702980.json to /tmp/minio_data/1765702980.json
[2025-12-15T15:33:47.610+0000] {logging_mixin.py:188} INFO - Downloaded GOOGL/1765703105.json to /tmp/minio_data/1765703105.json
[2025-12-15T15:33:47.690+0000] {logging_mixin.py:188} INFO - Downloaded GOOGL/1765703230.json to /tmp/minio_data/1765703230.json
[2025-12-15T15:33:47.785+0000] {logging_mixin.py:188} INFO - Downloaded GOOGL/1765703355.json to /tmp/minio_data/1765703355.json
[2025-12-15T15:33:47.848+0000] {logging_mixin.py:188} INFO - Downloaded GOOGL/1765703481.json to /tmp/minio_data/1765703481.json
[2025-12-15T15:33:47.943+0000] {logging_mixin.py:188} INFO - Downloaded GOOGL/1765703605.json to /tmp/minio_data/1765703605.json
[2025-12-15T15:33:48.017+0000] {logging_mixin.py:188} INFO - Downloaded GOOGL/1765703729.json to /tmp/minio_data/1765703729.json
[2025-12-15T15:33:48.077+0000] {logging_mixin.py:188} INFO - Downloaded GOOGL/1765703854.json to /tmp/minio_data/1765703854.json
[2025-12-15T15:33:48.180+0000] {logging_mixin.py:188} INFO - Downloaded GOOGL/1765703979.json to /tmp/minio_data/1765703979.json
[2025-12-15T15:33:48.257+0000] {logging_mixin.py:188} INFO - Downloaded GOOGL/1765704103.json to /tmp/minio_data/1765704103.json
[2025-12-15T15:33:48.335+0000] {logging_mixin.py:188} INFO - Downloaded GOOGL/1765704228.json to /tmp/minio_data/1765704228.json
[2025-12-15T15:33:48.376+0000] {logging_mixin.py:188} INFO - Downloaded GOOGL/1765704352.json to /tmp/minio_data/1765704352.json
[2025-12-15T15:33:48.498+0000] {logging_mixin.py:188} INFO - Downloaded GOOGL/1765704477.json to /tmp/minio_data/1765704477.json
[2025-12-15T15:33:48.567+0000] {logging_mixin.py:188} INFO - Downloaded GOOGL/1765704601.json to /tmp/minio_data/1765704601.json
[2025-12-15T15:33:48.673+0000] {logging_mixin.py:188} INFO - Downloaded GOOGL/1765704725.json to /tmp/minio_data/1765704725.json
[2025-12-15T15:33:48.728+0000] {logging_mixin.py:188} INFO - Downloaded GOOGL/1765704850.json to /tmp/minio_data/1765704850.json
[2025-12-15T15:33:48.784+0000] {logging_mixin.py:188} INFO - Downloaded GOOGL/1765704974.json to /tmp/minio_data/1765704974.json
[2025-12-15T15:33:48.878+0000] {logging_mixin.py:188} INFO - Downloaded GOOGL/1765705098.json to /tmp/minio_data/1765705098.json
[2025-12-15T15:33:48.959+0000] {logging_mixin.py:188} INFO - Downloaded GOOGL/1765705223.json to /tmp/minio_data/1765705223.json
[2025-12-15T15:33:49.006+0000] {logging_mixin.py:188} INFO - Downloaded GOOGL/1765705348.json to /tmp/minio_data/1765705348.json
[2025-12-15T15:33:49.083+0000] {logging_mixin.py:188} INFO - Downloaded GOOGL/1765705476.json to /tmp/minio_data/1765705476.json
[2025-12-15T15:33:49.159+0000] {logging_mixin.py:188} INFO - Downloaded GOOGL/1765705605.json to /tmp/minio_data/1765705605.json
[2025-12-15T15:33:49.207+0000] {logging_mixin.py:188} INFO - Downloaded GOOGL/1765705738.json to /tmp/minio_data/1765705738.json
[2025-12-15T15:33:49.250+0000] {logging_mixin.py:188} INFO - Downloaded GOOGL/1765705870.json to /tmp/minio_data/1765705870.json
[2025-12-15T15:33:49.305+0000] {logging_mixin.py:188} INFO - Downloaded GOOGL/1765706030.json to /tmp/minio_data/1765706030.json
[2025-12-15T15:33:49.380+0000] {logging_mixin.py:188} INFO - Downloaded GOOGL/1765706198.json to /tmp/minio_data/1765706198.json
[2025-12-15T15:33:49.428+0000] {logging_mixin.py:188} INFO - Downloaded GOOGL/1765706330.json to /tmp/minio_data/1765706330.json
[2025-12-15T15:33:49.482+0000] {logging_mixin.py:188} INFO - Downloaded GOOGL/1765706456.json to /tmp/minio_data/1765706456.json
[2025-12-15T15:33:49.523+0000] {logging_mixin.py:188} INFO - Downloaded GOOGL/1765706581.json to /tmp/minio_data/1765706581.json
[2025-12-15T15:33:49.598+0000] {logging_mixin.py:188} INFO - Downloaded GOOGL/1765706707.json to /tmp/minio_data/1765706707.json
[2025-12-15T15:33:49.649+0000] {logging_mixin.py:188} INFO - Downloaded GOOGL/1765706833.json to /tmp/minio_data/1765706833.json
[2025-12-15T15:33:49.715+0000] {logging_mixin.py:188} INFO - Downloaded MSFT/1765699183.json to /tmp/minio_data/1765699183.json
[2025-12-15T15:33:49.775+0000] {logging_mixin.py:188} INFO - Downloaded MSFT/1765700345.json to /tmp/minio_data/1765700345.json
[2025-12-15T15:33:49.829+0000] {logging_mixin.py:188} INFO - Downloaded MSFT/1765700470.json to /tmp/minio_data/1765700470.json
[2025-12-15T15:33:49.905+0000] {logging_mixin.py:188} INFO - Downloaded MSFT/1765700596.json to /tmp/minio_data/1765700596.json
[2025-12-15T15:33:49.998+0000] {logging_mixin.py:188} INFO - Downloaded MSFT/1765700721.json to /tmp/minio_data/1765700721.json
[2025-12-15T15:33:50.115+0000] {logging_mixin.py:188} INFO - Downloaded MSFT/1765700845.json to /tmp/minio_data/1765700845.json
[2025-12-15T15:33:50.174+0000] {logging_mixin.py:188} INFO - Downloaded MSFT/1765700970.json to /tmp/minio_data/1765700970.json
[2025-12-15T15:33:50.255+0000] {logging_mixin.py:188} INFO - Downloaded MSFT/1765701095.json to /tmp/minio_data/1765701095.json
[2025-12-15T15:33:50.332+0000] {logging_mixin.py:188} INFO - Downloaded MSFT/1765701221.json to /tmp/minio_data/1765701221.json
[2025-12-15T15:33:50.430+0000] {logging_mixin.py:188} INFO - Downloaded MSFT/1765701346.json to /tmp/minio_data/1765701346.json
[2025-12-15T15:33:50.532+0000] {logging_mixin.py:188} INFO - Downloaded MSFT/1765701470.json to /tmp/minio_data/1765701470.json
[2025-12-15T15:33:50.570+0000] {logging_mixin.py:188} INFO - Downloaded MSFT/1765701595.json to /tmp/minio_data/1765701595.json
[2025-12-15T15:33:50.623+0000] {logging_mixin.py:188} INFO - Downloaded MSFT/1765701735.json to /tmp/minio_data/1765701735.json
[2025-12-15T15:33:50.677+0000] {logging_mixin.py:188} INFO - Downloaded MSFT/1765701861.json to /tmp/minio_data/1765701861.json
[2025-12-15T15:33:50.727+0000] {logging_mixin.py:188} INFO - Downloaded MSFT/1765701986.json to /tmp/minio_data/1765701986.json
[2025-12-15T15:33:50.773+0000] {logging_mixin.py:188} INFO - Downloaded MSFT/1765702112.json to /tmp/minio_data/1765702112.json
[2025-12-15T15:33:50.828+0000] {logging_mixin.py:188} INFO - Downloaded MSFT/1765702238.json to /tmp/minio_data/1765702238.json
[2025-12-15T15:33:50.877+0000] {logging_mixin.py:188} INFO - Downloaded MSFT/1765702365.json to /tmp/minio_data/1765702365.json
[2025-12-15T15:33:50.909+0000] {logging_mixin.py:188} INFO - Downloaded MSFT/1765702490.json to /tmp/minio_data/1765702490.json
[2025-12-15T15:33:50.957+0000] {logging_mixin.py:188} INFO - Downloaded MSFT/1765702615.json to /tmp/minio_data/1765702615.json
[2025-12-15T15:33:51.002+0000] {logging_mixin.py:188} INFO - Downloaded MSFT/1765702741.json to /tmp/minio_data/1765702741.json
[2025-12-15T15:33:51.050+0000] {logging_mixin.py:188} INFO - Downloaded MSFT/1765702867.json to /tmp/minio_data/1765702867.json
[2025-12-15T15:33:51.097+0000] {logging_mixin.py:188} INFO - Downloaded MSFT/1765702993.json to /tmp/minio_data/1765702993.json
[2025-12-15T15:33:51.142+0000] {logging_mixin.py:188} INFO - Downloaded MSFT/1765703118.json to /tmp/minio_data/1765703118.json
[2025-12-15T15:33:51.224+0000] {logging_mixin.py:188} INFO - Downloaded MSFT/1765703243.json to /tmp/minio_data/1765703243.json
[2025-12-15T15:33:51.301+0000] {logging_mixin.py:188} INFO - Downloaded MSFT/1765703368.json to /tmp/minio_data/1765703368.json
[2025-12-15T15:33:51.373+0000] {logging_mixin.py:188} INFO - Downloaded MSFT/1765703494.json to /tmp/minio_data/1765703494.json
[2025-12-15T15:33:51.445+0000] {logging_mixin.py:188} INFO - Downloaded MSFT/1765703618.json to /tmp/minio_data/1765703618.json
[2025-12-15T15:33:51.538+0000] {logging_mixin.py:188} INFO - Downloaded MSFT/1765703742.json to /tmp/minio_data/1765703742.json
[2025-12-15T15:33:51.635+0000] {logging_mixin.py:188} INFO - Downloaded MSFT/1765703867.json to /tmp/minio_data/1765703867.json
[2025-12-15T15:33:51.728+0000] {logging_mixin.py:188} INFO - Downloaded MSFT/1765703991.json to /tmp/minio_data/1765703991.json
[2025-12-15T15:33:51.803+0000] {logging_mixin.py:188} INFO - Downloaded MSFT/1765704116.json to /tmp/minio_data/1765704116.json
[2025-12-15T15:33:51.664+0000] {logging_mixin.py:188} INFO - Downloaded MSFT/1765704241.json to /tmp/minio_data/1765704241.json
[2025-12-15T15:33:51.738+0000] {logging_mixin.py:188} INFO - Downloaded MSFT/1765704365.json to /tmp/minio_data/1765704365.json
[2025-12-15T15:33:51.793+0000] {logging_mixin.py:188} INFO - Downloaded MSFT/1765704489.json to /tmp/minio_data/1765704489.json
[2025-12-15T15:33:51.839+0000] {logging_mixin.py:188} INFO - Downloaded MSFT/1765704614.json to /tmp/minio_data/1765704614.json
[2025-12-15T15:33:51.887+0000] {logging_mixin.py:188} INFO - Downloaded MSFT/1765704738.json to /tmp/minio_data/1765704738.json
[2025-12-15T15:33:51.963+0000] {logging_mixin.py:188} INFO - Downloaded MSFT/1765704862.json to /tmp/minio_data/1765704862.json
[2025-12-15T15:33:52.012+0000] {logging_mixin.py:188} INFO - Downloaded MSFT/1765704987.json to /tmp/minio_data/1765704987.json
[2025-12-15T15:33:52.084+0000] {logging_mixin.py:188} INFO - Downloaded MSFT/1765705111.json to /tmp/minio_data/1765705111.json
[2025-12-15T15:33:52.166+0000] {logging_mixin.py:188} INFO - Downloaded MSFT/1765705236.json to /tmp/minio_data/1765705236.json
[2025-12-15T15:33:52.229+0000] {logging_mixin.py:188} INFO - Downloaded MSFT/1765705361.json to /tmp/minio_data/1765705361.json
[2025-12-15T15:33:52.280+0000] {logging_mixin.py:188} INFO - Downloaded MSFT/1765705490.json to /tmp/minio_data/1765705490.json
[2025-12-15T15:33:52.372+0000] {logging_mixin.py:188} INFO - Downloaded MSFT/1765705621.json to /tmp/minio_data/1765705621.json
[2025-12-15T15:33:52.451+0000] {logging_mixin.py:188} INFO - Downloaded MSFT/1765705752.json to /tmp/minio_data/1765705752.json
[2025-12-15T15:33:52.608+0000] {logging_mixin.py:188} INFO - Downloaded MSFT/1765705883.json to /tmp/minio_data/1765705883.json
[2025-12-15T15:33:53.135+0000] {logging_mixin.py:188} INFO - Downloaded MSFT/1765706046.json to /tmp/minio_data/1765706046.json
[2025-12-15T15:33:53.251+0000] {logging_mixin.py:188} INFO - Downloaded MSFT/1765706212.json to /tmp/minio_data/1765706212.json
[2025-12-15T15:33:53.395+0000] {logging_mixin.py:188} INFO - Downloaded MSFT/1765706343.json to /tmp/minio_data/1765706343.json
[2025-12-15T15:33:53.579+0000] {logging_mixin.py:188} INFO - Downloaded MSFT/1765706469.json to /tmp/minio_data/1765706469.json
[2025-12-15T15:33:53.689+0000] {logging_mixin.py:188} INFO - Downloaded MSFT/1765706594.json to /tmp/minio_data/1765706594.json
[2025-12-15T15:33:53.878+0000] {logging_mixin.py:188} INFO - Downloaded MSFT/1765706720.json to /tmp/minio_data/1765706720.json
[2025-12-15T15:33:54.007+0000] {logging_mixin.py:188} INFO - Downloaded MSFT/1765706846.json to /tmp/minio_data/1765706846.json
[2025-12-15T15:33:54.148+0000] {logging_mixin.py:188} INFO - Downloaded TSLA/1765699228.json to /tmp/minio_data/1765699228.json
[2025-12-15T15:33:54.346+0000] {logging_mixin.py:188} INFO - Downloaded TSLA/1765700372.json to /tmp/minio_data/1765700372.json
[2025-12-15T15:33:54.534+0000] {logging_mixin.py:188} INFO - Downloaded TSLA/1765700496.json to /tmp/minio_data/1765700496.json
[2025-12-15T15:33:54.644+0000] {logging_mixin.py:188} INFO - Downloaded TSLA/1765700622.json to /tmp/minio_data/1765700622.json
[2025-12-15T15:33:54.738+0000] {logging_mixin.py:188} INFO - Downloaded TSLA/1765700747.json to /tmp/minio_data/1765700747.json
[2025-12-15T15:33:54.831+0000] {logging_mixin.py:188} INFO - Downloaded TSLA/1765700871.json to /tmp/minio_data/1765700871.json
[2025-12-15T15:33:54.908+0000] {logging_mixin.py:188} INFO - Downloaded TSLA/1765700995.json to /tmp/minio_data/1765700995.json
[2025-12-15T15:33:54.988+0000] {logging_mixin.py:188} INFO - Downloaded TSLA/1765701121.json to /tmp/minio_data/1765701121.json
[2025-12-15T15:33:55.082+0000] {logging_mixin.py:188} INFO - Downloaded TSLA/1765701246.json to /tmp/minio_data/1765701246.json
[2025-12-15T15:33:55.185+0000] {logging_mixin.py:188} INFO - Downloaded TSLA/1765701372.json to /tmp/minio_data/1765701372.json
[2025-12-15T15:33:55.332+0000] {logging_mixin.py:188} INFO - Downloaded TSLA/1765701496.json to /tmp/minio_data/1765701496.json
[2025-12-15T15:33:55.456+0000] {logging_mixin.py:188} INFO - Downloaded TSLA/1765701620.json to /tmp/minio_data/1765701620.json
[2025-12-15T15:33:55.588+0000] {logging_mixin.py:188} INFO - Downloaded TSLA/1765701761.json to /tmp/minio_data/1765701761.json
[2025-12-15T15:33:55.699+0000] {logging_mixin.py:188} INFO - Downloaded TSLA/1765701887.json to /tmp/minio_data/1765701887.json
[2025-12-15T15:33:55.759+0000] {logging_mixin.py:188} INFO - Downloaded TSLA/1765702012.json to /tmp/minio_data/1765702012.json
[2025-12-15T15:33:55.822+0000] {logging_mixin.py:188} INFO - Downloaded TSLA/1765702139.json to /tmp/minio_data/1765702139.json
[2025-12-15T15:33:55.900+0000] {logging_mixin.py:188} INFO - Downloaded TSLA/1765702265.json to /tmp/minio_data/1765702265.json
[2025-12-15T15:33:55.966+0000] {logging_mixin.py:188} INFO - Downloaded TSLA/1765702391.json to /tmp/minio_data/1765702391.json
[2025-12-15T15:33:56.033+0000] {logging_mixin.py:188} INFO - Downloaded TSLA/1765702517.json to /tmp/minio_data/1765702517.json
[2025-12-15T15:33:56.095+0000] {logging_mixin.py:188} INFO - Downloaded TSLA/1765702642.json to /tmp/minio_data/1765702642.json
[2025-12-15T15:33:56.157+0000] {logging_mixin.py:188} INFO - Downloaded TSLA/1765702767.json to /tmp/minio_data/1765702767.json
[2025-12-15T15:33:56.210+0000] {logging_mixin.py:188} INFO - Downloaded TSLA/1765702893.json to /tmp/minio_data/1765702893.json
[2025-12-15T15:33:56.273+0000] {logging_mixin.py:188} INFO - Downloaded TSLA/1765703019.json to /tmp/minio_data/1765703019.json
[2025-12-15T15:33:56.340+0000] {logging_mixin.py:188} INFO - Downloaded TSLA/1765703144.json to /tmp/minio_data/1765703144.json
[2025-12-15T15:33:56.399+0000] {logging_mixin.py:188} INFO - Downloaded TSLA/1765703269.json to /tmp/minio_data/1765703269.json
[2025-12-15T15:33:56.460+0000] {logging_mixin.py:188} INFO - Downloaded TSLA/1765703394.json to /tmp/minio_data/1765703394.json
[2025-12-15T15:33:56.661+0000] {logging_mixin.py:188} INFO - Downloaded TSLA/1765703520.json to /tmp/minio_data/1765703520.json
[2025-12-15T15:33:56.756+0000] {logging_mixin.py:188} INFO - Downloaded TSLA/1765703644.json to /tmp/minio_data/1765703644.json
[2025-12-15T15:33:56.932+0000] {logging_mixin.py:188} INFO - Downloaded TSLA/1765703769.json to /tmp/minio_data/1765703769.json
[2025-12-15T15:33:57.090+0000] {logging_mixin.py:188} INFO - Downloaded TSLA/1765703893.json to /tmp/minio_data/1765703893.json
[2025-12-15T15:33:57.213+0000] {logging_mixin.py:188} INFO - Downloaded TSLA/1765704017.json to /tmp/minio_data/1765704017.json
[2025-12-15T15:33:57.346+0000] {logging_mixin.py:188} INFO - Downloaded TSLA/1765704142.json to /tmp/minio_data/1765704142.json
[2025-12-15T15:33:57.401+0000] {logging_mixin.py:188} INFO - Downloaded TSLA/1765704266.json to /tmp/minio_data/1765704266.json
[2025-12-15T15:33:57.509+0000] {logging_mixin.py:188} INFO - Downloaded TSLA/1765704390.json to /tmp/minio_data/1765704390.json
[2025-12-15T15:33:57.559+0000] {logging_mixin.py:188} INFO - Downloaded TSLA/1765704515.json to /tmp/minio_data/1765704515.json
[2025-12-15T15:33:57.629+0000] {logging_mixin.py:188} INFO - Downloaded TSLA/1765704639.json to /tmp/minio_data/1765704639.json
[2025-12-15T15:33:57.703+0000] {logging_mixin.py:188} INFO - Downloaded TSLA/1765704764.json to /tmp/minio_data/1765704764.json
[2025-12-15T15:33:57.762+0000] {logging_mixin.py:188} INFO - Downloaded TSLA/1765704888.json to /tmp/minio_data/1765704888.json
[2025-12-15T15:33:57.827+0000] {logging_mixin.py:188} INFO - Downloaded TSLA/1765705012.json to /tmp/minio_data/1765705012.json
[2025-12-15T15:33:57.868+0000] {logging_mixin.py:188} INFO - Downloaded TSLA/1765705138.json to /tmp/minio_data/1765705138.json
[2025-12-15T15:33:57.946+0000] {logging_mixin.py:188} INFO - Downloaded TSLA/1765705262.json to /tmp/minio_data/1765705262.json
[2025-12-15T15:33:57.995+0000] {logging_mixin.py:188} INFO - Downloaded TSLA/1765705386.json to /tmp/minio_data/1765705386.json
[2025-12-15T15:33:58.047+0000] {logging_mixin.py:188} INFO - Downloaded TSLA/1765705517.json to /tmp/minio_data/1765705517.json
[2025-12-15T15:33:58.130+0000] {logging_mixin.py:188} INFO - Downloaded TSLA/1765705651.json to /tmp/minio_data/1765705651.json
[2025-12-15T15:33:58.199+0000] {logging_mixin.py:188} INFO - Downloaded TSLA/1765705782.json to /tmp/minio_data/1765705782.json
[2025-12-15T15:33:58.287+0000] {logging_mixin.py:188} INFO - Downloaded TSLA/1765705924.json to /tmp/minio_data/1765705924.json
[2025-12-15T15:33:58.346+0000] {logging_mixin.py:188} INFO - Downloaded TSLA/1765706099.json to /tmp/minio_data/1765706099.json
[2025-12-15T15:33:58.418+0000] {logging_mixin.py:188} INFO - Downloaded TSLA/1765706244.json to /tmp/minio_data/1765706244.json
[2025-12-15T15:33:58.604+0000] {logging_mixin.py:188} INFO - Downloaded TSLA/1765706370.json to /tmp/minio_data/1765706370.json
[2025-12-15T15:33:58.668+0000] {logging_mixin.py:188} INFO - Downloaded TSLA/1765706495.json to /tmp/minio_data/1765706495.json
[2025-12-15T15:33:58.855+0000] {logging_mixin.py:188} INFO - Downloaded TSLA/1765706621.json to /tmp/minio_data/1765706621.json
[2025-12-15T15:33:58.954+0000] {logging_mixin.py:188} INFO - Downloaded TSLA/1765706746.json to /tmp/minio_data/1765706746.json
[2025-12-15T15:33:59.059+0000] {logging_mixin.py:188} INFO - Downloaded TSLA/1765706872.json to /tmp/minio_data/1765706872.json
[2025-12-15T15:33:59.077+0000] {logging_mixin.py:188} INFO -  Successfully downlaoded 265 files.
[2025-12-15T15:33:59.111+0000] {python.py:237} INFO - Done. Returned value was: ['/tmp/minio_data/1765699149.json', '/tmp/minio_data/1765700319.json', '/tmp/minio_data/1765700445.json', '/tmp/minio_data/1765700570.json', '/tmp/minio_data/1765700695.json', '/tmp/minio_data/1765700820.json', '/tmp/minio_data/1765700944.json', '/tmp/minio_data/1765701068.json', '/tmp/minio_data/1765701195.json', '/tmp/minio_data/1765701319.json', '/tmp/minio_data/1765701444.json', '/tmp/minio_data/1765701569.json', '/tmp/minio_data/1765701708.json', '/tmp/minio_data/1765701834.json', '/tmp/minio_data/1765701960.json', '/tmp/minio_data/1765702086.json', '/tmp/minio_data/1765702212.json', '/tmp/minio_data/1765702339.json', '/tmp/minio_data/1765702464.json', '/tmp/minio_data/1765702590.json', '/tmp/minio_data/1765702715.json', '/tmp/minio_data/1765702840.json', '/tmp/minio_data/1765702967.json', '/tmp/minio_data/1765703092.json', '/tmp/minio_data/1765703217.json', '/tmp/minio_data/1765703342.json', '/tmp/minio_data/1765703468.json', '/tmp/minio_data/1765703593.json', '/tmp/minio_data/1765703717.json', '/tmp/minio_data/1765703841.json', '/tmp/minio_data/1765703966.json', '/tmp/minio_data/1765704090.json', '/tmp/minio_data/1765704215.json', '/tmp/minio_data/1765704339.json', '/tmp/minio_data/1765704464.json', '/tmp/minio_data/1765704588.json', '/tmp/minio_data/1765704712.json', '/tmp/minio_data/1765704837.json', '/tmp/minio_data/1765704961.json', '/tmp/minio_data/1765705086.json', '/tmp/minio_data/1765705210.json', '/tmp/minio_data/1765705335.json', '/tmp/minio_data/1765705459.json', '/tmp/minio_data/1765705591.json', '/tmp/minio_data/1765705724.json', '/tmp/minio_data/1765705856.json', '/tmp/minio_data/1765706004.json', '/tmp/minio_data/1765706174.json', '/tmp/minio_data/1765706317.json', '/tmp/minio_data/1765706443.json', '/tmp/minio_data/1765706568.json', '/tmp/minio_data/1765706694.json', '/tmp/minio_data/1765706820.json', '/tmp/minio_data/1765699206.json', '/tmp/minio_data/1765700358.json', '/tmp/minio_data/1765700483.json', '/tmp/minio_data/1765700609.json', '/tmp/minio_data/1765700734.json', '/tmp/minio_data/1765700858.json', '/tmp/minio_data/1765700983.json', '/tmp/minio_data/1765701108.json', '/tmp/minio_data/1765701234.json', '/tmp/minio_data/1765701359.json', '/tmp/minio_data/1765701483.json', '/tmp/minio_data/1765701607.json', '/tmp/minio_data/1765701748.json', '/tmp/minio_data/1765701874.json', '/tmp/minio_data/1765701999.json', '/tmp/minio_data/1765702125.json', '/tmp/minio_data/1765702252.json', '/tmp/minio_data/1765702378.json', '/tmp/minio_data/1765702503.json', '/tmp/minio_data/1765702628.json', '/tmp/minio_data/1765702754.json', '/tmp/minio_data/1765702880.json', '/tmp/minio_data/1765703006.json', '/tmp/minio_data/1765703131.json', '/tmp/minio_data/1765703256.json', '/tmp/minio_data/1765703381.json', '/tmp/minio_data/1765703507.json', '/tmp/minio_data/1765703631.json', '/tmp/minio_data/1765703756.json', '/tmp/minio_data/1765703880.json', '/tmp/minio_data/1765704004.json', '/tmp/minio_data/1765704129.json', '/tmp/minio_data/1765704254.json', '/tmp/minio_data/1765704377.json', '/tmp/minio_data/1765704502.json', '/tmp/minio_data/1765704627.json', '/tmp/minio_data/1765704751.json', '/tmp/minio_data/1765704875.json', '/tmp/minio_data/1765705000.json', '/tmp/minio_data/1765705125.json', '/tmp/minio_data/1765705249.json', '/tmp/minio_data/1765705373.json', '/tmp/minio_data/1765705504.json', '/tmp/minio_data/1765705636.json', '/tmp/minio_data/1765705768.json', '/tmp/minio_data/1765705902.json', '/tmp/minio_data/1765706078.json', '/tmp/minio_data/1765706228.json', '/tmp/minio_data/1765706357.json', '/tmp/minio_data/1765706482.json', '/tmp/minio_data/1765706607.json', '/tmp/minio_data/1765706733.json', '/tmp/minio_data/1765706859.json', '/tmp/minio_data/1765699167.json', '/tmp/minio_data/1765700332.json', '/tmp/minio_data/1765700458.json', '/tmp/minio_data/1765700583.json', '/tmp/minio_data/1765700708.json', '/tmp/minio_data/1765700832.json', '/tmp/minio_data/1765700957.json', '/tmp/minio_data/1765701082.json', '/tmp/minio_data/1765701208.json', '/tmp/minio_data/1765701333.json', '/tmp/minio_data/1765701457.json', '/tmp/minio_data/1765701582.json', '/tmp/minio_data/1765701721.json', '/tmp/minio_data/1765701847.json', '/tmp/minio_data/1765701973.json', '/tmp/minio_data/1765702099.json', '/tmp/minio_data/1765702225.json', '/tmp/minio_data/1765702352.json', '/tmp/minio_data/1765702477.json', '/tmp/minio_data/1765702603.json', '/tmp/minio_data/1765702728.json', '/tmp/minio_data/1765702853.json', '/tmp/minio_data/1765702980.json', '/tmp/minio_data/1765703105.json', '/tmp/minio_data/1765703230.json', '/tmp/minio_data/1765703355.json', '/tmp/minio_data/1765703481.json', '/tmp/minio_data/1765703605.json', '/tmp/minio_data/1765703729.json', '/tmp/minio_data/1765703854.json', '/tmp/minio_data/1765703979.json', '/tmp/minio_data/1765704103.json', '/tmp/minio_data/1765704228.json', '/tmp/minio_data/1765704352.json', '/tmp/minio_data/1765704477.json', '/tmp/minio_data/1765704601.json', '/tmp/minio_data/1765704725.json', '/tmp/minio_data/1765704850.json', '/tmp/minio_data/1765704974.json', '/tmp/minio_data/1765705098.json', '/tmp/minio_data/1765705223.json', '/tmp/minio_data/1765705348.json', '/tmp/minio_data/1765705476.json', '/tmp/minio_data/1765705605.json', '/tmp/minio_data/1765705738.json', '/tmp/minio_data/1765705870.json', '/tmp/minio_data/1765706030.json', '/tmp/minio_data/1765706198.json', '/tmp/minio_data/1765706330.json', '/tmp/minio_data/1765706456.json', '/tmp/minio_data/1765706581.json', '/tmp/minio_data/1765706707.json', '/tmp/minio_data/1765706833.json', '/tmp/minio_data/1765699183.json', '/tmp/minio_data/1765700345.json', '/tmp/minio_data/1765700470.json', '/tmp/minio_data/1765700596.json', '/tmp/minio_data/1765700721.json', '/tmp/minio_data/1765700845.json', '/tmp/minio_data/1765700970.json', '/tmp/minio_data/1765701095.json', '/tmp/minio_data/1765701221.json', '/tmp/minio_data/1765701346.json', '/tmp/minio_data/1765701470.json', '/tmp/minio_data/1765701595.json', '/tmp/minio_data/1765701735.json', '/tmp/minio_data/1765701861.json', '/tmp/minio_data/1765701986.json', '/tmp/minio_data/1765702112.json', '/tmp/minio_data/1765702238.json', '/tmp/minio_data/1765702365.json', '/tmp/minio_data/1765702490.json', '/tmp/minio_data/1765702615.json', '/tmp/minio_data/1765702741.json', '/tmp/minio_data/1765702867.json', '/tmp/minio_data/1765702993.json', '/tmp/minio_data/1765703118.json', '/tmp/minio_data/1765703243.json', '/tmp/minio_data/1765703368.json', '/tmp/minio_data/1765703494.json', '/tmp/minio_data/1765703618.json', '/tmp/minio_data/1765703742.json', '/tmp/minio_data/1765703867.json', '/tmp/minio_data/1765703991.json', '/tmp/minio_data/1765704116.json', '/tmp/minio_data/1765704241.json', '/tmp/minio_data/1765704365.json', '/tmp/minio_data/1765704489.json', '/tmp/minio_data/1765704614.json', '/tmp/minio_data/1765704738.json', '/tmp/minio_data/1765704862.json', '/tmp/minio_data/1765704987.json', '/tmp/minio_data/1765705111.json', '/tmp/minio_data/1765705236.json', '/tmp/minio_data/1765705361.json', '/tmp/minio_data/1765705490.json', '/tmp/minio_data/1765705621.json', '/tmp/minio_data/1765705752.json', '/tmp/minio_data/1765705883.json', '/tmp/minio_data/1765706046.json', '/tmp/minio_data/1765706212.json', '/tmp/minio_data/1765706343.json', '/tmp/minio_data/1765706469.json', '/tmp/minio_data/1765706594.json', '/tmp/minio_data/1765706720.json', '/tmp/minio_data/1765706846.json', '/tmp/minio_data/1765699228.json', '/tmp/minio_data/1765700372.json', '/tmp/minio_data/1765700496.json', '/tmp/minio_data/1765700622.json', '/tmp/minio_data/1765700747.json', '/tmp/minio_data/1765700871.json', '/tmp/minio_data/1765700995.json', '/tmp/minio_data/1765701121.json', '/tmp/minio_data/1765701246.json', '/tmp/minio_data/1765701372.json', '/tmp/minio_data/1765701496.json', '/tmp/minio_data/1765701620.json', '/tmp/minio_data/1765701761.json', '/tmp/minio_data/1765701887.json', '/tmp/minio_data/1765702012.json', '/tmp/minio_data/1765702139.json', '/tmp/minio_data/1765702265.json', '/tmp/minio_data/1765702391.json', '/tmp/minio_data/1765702517.json', '/tmp/minio_data/1765702642.json', '/tmp/minio_data/1765702767.json', '/tmp/minio_data/1765702893.json', '/tmp/minio_data/1765703019.json', '/tmp/minio_data/1765703144.json', '/tmp/minio_data/1765703269.json', '/tmp/minio_data/1765703394.json', '/tmp/minio_data/1765703520.json', '/tmp/minio_data/1765703644.json', '/tmp/minio_data/1765703769.json', '/tmp/minio_data/1765703893.json', '/tmp/minio_data/1765704017.json', '/tmp/minio_data/1765704142.json', '/tmp/minio_data/1765704266.json', '/tmp/minio_data/1765704390.json', '/tmp/minio_data/1765704515.json', '/tmp/minio_data/1765704639.json', '/tmp/minio_data/1765704764.json', '/tmp/minio_data/1765704888.json', '/tmp/minio_data/1765705012.json', '/tmp/minio_data/1765705138.json', '/tmp/minio_data/1765705262.json', '/tmp/minio_data/1765705386.json', '/tmp/minio_data/1765705517.json', '/tmp/minio_data/1765705651.json', '/tmp/minio_data/1765705782.json', '/tmp/minio_data/1765705924.json', '/tmp/minio_data/1765706099.json', '/tmp/minio_data/1765706244.json', '/tmp/minio_data/1765706370.json', '/tmp/minio_data/1765706495.json', '/tmp/minio_data/1765706621.json', '/tmp/minio_data/1765706746.json', '/tmp/minio_data/1765706872.json']
[2025-12-15T15:33:59.126+0000] {taskinstance.py:441} INFO - ::group::Post task execution logs
[2025-12-15T15:34:03.264+0000] {taskinstance.py:1206} INFO - Marking task as SUCCESS. dag_id=minio_to_snowflake, task_id=download_from_minio, run_id=scheduled__2025-12-15T14:40:00+00:00, execution_date=20251215T144000, start_date=20251215T153327, end_date=20251215T153403
[2025-12-15T15:34:03.603+0000] {local_task_job_runner.py:243} INFO - Task exited with return code 0
[2025-12-15T15:34:03.975+0000] {taskinstance.py:3503} INFO - 1 downstream tasks scheduled from follow-on schedule check
[2025-12-15T15:34:04.005+0000] {local_task_job_runner.py:222} INFO - ::endgroup::
