[2025-12-15T11:48:19.504+0000] {local_task_job_runner.py:120} INFO - ::group::Pre task execution logs
[2025-12-15T11:48:19.858+0000] {taskinstance.py:2076} INFO - Dependencies all met for dep_context=non-requeueable deps ti=<TaskInstance: minio_to_snowflake.load_into_snowflake scheduled__2025-12-15T11:40:00+00:00 [queued]>
[2025-12-15T11:48:19.954+0000] {taskinstance.py:2076} INFO - Dependencies all met for dep_context=requeueable deps ti=<TaskInstance: minio_to_snowflake.load_into_snowflake scheduled__2025-12-15T11:40:00+00:00 [queued]>
[2025-12-15T11:48:19.962+0000] {taskinstance.py:2306} INFO - Starting attempt 1 of 3
[2025-12-15T11:48:20.095+0000] {taskinstance.py:2330} INFO - Executing <Task(PythonOperator): load_into_snowflake> on 2025-12-15 11:40:00+00:00
[2025-12-15T11:48:20.174+0000] {logging_mixin.py:188} WARNING - /home/***/.local/lib/python3.12/site-packages/***/task/task_runner/standard_task_runner.py:62 DeprecationWarning: This process (pid=12726) is multi-threaded, use of fork() may lead to deadlocks in the child.
[2025-12-15T11:48:20.189+0000] {standard_task_runner.py:64} INFO - Started process 12778 to run task
[2025-12-15T11:48:20.166+0000] {standard_task_runner.py:90} INFO - Running: ['***', 'tasks', 'run', 'minio_to_snowflake', 'load_into_snowflake', 'scheduled__2025-12-15T11:40:00+00:00', '--job-id', '50', '--raw', '--subdir', 'DAGS_FOLDER/minio_to_snowflake.py', '--cfg-path', '/tmp/tmpm0cs10xi']
[2025-12-15T11:48:20.204+0000] {standard_task_runner.py:91} INFO - Job 50: Subtask load_into_snowflake
[2025-12-15T11:48:20.670+0000] {task_command.py:426} INFO - Running <TaskInstance: minio_to_snowflake.load_into_snowflake scheduled__2025-12-15T11:40:00+00:00 [running]> on host 4abec113d47e
[2025-12-15T11:48:21.790+0000] {taskinstance.py:2648} INFO - Exporting env vars: AIRFLOW_CTX_DAG_OWNER='***' AIRFLOW_CTX_DAG_ID='minio_to_snowflake' AIRFLOW_CTX_TASK_ID='load_into_snowflake' AIRFLOW_CTX_EXECUTION_DATE='2025-12-15T11:40:00+00:00' AIRFLOW_CTX_TRY_NUMBER='1' AIRFLOW_CTX_DAG_RUN_ID='scheduled__2025-12-15T11:40:00+00:00'
[2025-12-15T11:48:21.817+0000] {taskinstance.py:430} INFO - ::endgroup::
[2025-12-15T11:48:22.174+0000] {logging_mixin.py:188} INFO - Received 265 files from previous task.
[2025-12-15T11:48:22.261+0000] {logging_mixin.py:188} INFO - Cnnecting to Snowflake...
[2025-12-15T11:48:22.328+0000] {connection.py:408} INFO - Snowflake Connector for Python Version: 3.11.0, Python Version: 3.12.4, Platform: Linux-6.6.87.2-microsoft-standard-WSL2-x86_64-with-glibc2.36
[2025-12-15T11:48:22.361+0000] {connection.py:1258} INFO - This connection is in OCSP Fail Open Mode. TLS Certificates would be checked for validity and revocation status. Any other Certificate Revocation related exceptions or OCSP Responder failures would be disregarded in favor of connectivity.
[2025-12-15T11:48:28.405+0000] {logging_mixin.py:188} INFO - Connected to Snowflake.
[2025-12-15T11:48:33.152+0000] {logging_mixin.py:188} INFO - Uploaded file to Snowflake stage: /tmp/minio_data/1765699149.json
[2025-12-15T11:48:40.260+0000] {connectionpool.py:824} WARNING - Retrying (Retry(total=0, connect=None, read=None, redirect=None, status=None)) after connection broken by 'ProtocolError('Connection aborted.', RemoteDisconnected('Remote end closed connection without response'))': /?accelerate
[2025-12-15T11:48:45.690+0000] {logging_mixin.py:188} INFO - Uploaded file to Snowflake stage: /tmp/minio_data/1765700319.json
[2025-12-15T11:48:51.785+0000] {logging_mixin.py:188} INFO - Uploaded file to Snowflake stage: /tmp/minio_data/1765700445.json
[2025-12-15T11:48:56.680+0000] {logging_mixin.py:188} INFO - Uploaded file to Snowflake stage: /tmp/minio_data/1765700570.json
[2025-12-15T11:48:58.238+0000] {logging_mixin.py:188} INFO - Uploaded file to Snowflake stage: /tmp/minio_data/1765700695.json
[2025-12-15T11:49:19.246+0000] {connectionpool.py:824} WARNING - Retrying (Retry(total=0, connect=None, read=None, redirect=None, status=None)) after connection broken by 'ProtocolError('Connection aborted.', RemoteDisconnected('Remote end closed connection without response'))': /?accelerate
[2025-12-15T11:49:20.010+0000] {logging_mixin.py:188} INFO - Uploaded file to Snowflake stage: /tmp/minio_data/1765700820.json
[2025-12-15T11:49:21.163+0000] {logging_mixin.py:188} INFO - Uploaded file to Snowflake stage: /tmp/minio_data/1765700944.json
[2025-12-15T11:49:30.049+0000] {logging_mixin.py:188} INFO - Uploaded file to Snowflake stage: /tmp/minio_data/1765701068.json
[2025-12-15T11:49:32.512+0000] {logging_mixin.py:188} INFO - Uploaded file to Snowflake stage: /tmp/minio_data/1765701195.json
[2025-12-15T11:49:33.563+0000] {logging_mixin.py:188} INFO - Uploaded file to Snowflake stage: /tmp/minio_data/1765701319.json
[2025-12-15T11:49:40.061+0000] {logging_mixin.py:188} INFO - Uploaded file to Snowflake stage: /tmp/minio_data/1765701444.json
[2025-12-15T11:49:41.174+0000] {logging_mixin.py:188} INFO - Uploaded file to Snowflake stage: /tmp/minio_data/1765701569.json
[2025-12-15T11:49:41.733+0000] {logging_mixin.py:188} INFO - Uploaded file to Snowflake stage: /tmp/minio_data/1765701708.json
[2025-12-15T11:49:57.361+0000] {logging_mixin.py:188} INFO - Uploaded file to Snowflake stage: /tmp/minio_data/1765701834.json
[2025-12-15T11:50:08.983+0000] {logging_mixin.py:188} INFO - Uploaded file to Snowflake stage: /tmp/minio_data/1765701960.json
[2025-12-15T11:50:15.186+0000] {logging_mixin.py:188} INFO - Uploaded file to Snowflake stage: /tmp/minio_data/1765702086.json
[2025-12-15T11:50:15.986+0000] {logging_mixin.py:188} INFO - Uploaded file to Snowflake stage: /tmp/minio_data/1765702212.json
[2025-12-15T11:50:17.254+0000] {logging_mixin.py:188} INFO - Uploaded file to Snowflake stage: /tmp/minio_data/1765702339.json
[2025-12-15T11:50:19.165+0000] {logging_mixin.py:188} INFO - Uploaded file to Snowflake stage: /tmp/minio_data/1765702464.json
[2025-12-15T11:50:20.535+0000] {logging_mixin.py:188} INFO - Uploaded file to Snowflake stage: /tmp/minio_data/1765702590.json
[2025-12-15T11:50:22.424+0000] {logging_mixin.py:188} INFO - Uploaded file to Snowflake stage: /tmp/minio_data/1765702715.json
[2025-12-15T11:50:24.519+0000] {logging_mixin.py:188} INFO - Uploaded file to Snowflake stage: /tmp/minio_data/1765702840.json
[2025-12-15T11:50:28.350+0000] {logging_mixin.py:188} INFO - Uploaded file to Snowflake stage: /tmp/minio_data/1765702967.json
[2025-12-15T11:50:32.039+0000] {logging_mixin.py:188} INFO - Uploaded file to Snowflake stage: /tmp/minio_data/1765703092.json
[2025-12-15T11:50:33.923+0000] {logging_mixin.py:188} INFO - Uploaded file to Snowflake stage: /tmp/minio_data/1765703217.json
[2025-12-15T11:50:35.112+0000] {logging_mixin.py:188} INFO - Uploaded file to Snowflake stage: /tmp/minio_data/1765703342.json
[2025-12-15T11:50:36.086+0000] {logging_mixin.py:188} INFO - Uploaded file to Snowflake stage: /tmp/minio_data/1765703468.json
[2025-12-15T11:50:37.225+0000] {logging_mixin.py:188} INFO - Uploaded file to Snowflake stage: /tmp/minio_data/1765703593.json
[2025-12-15T11:50:38.873+0000] {logging_mixin.py:188} INFO - Uploaded file to Snowflake stage: /tmp/minio_data/1765703717.json
[2025-12-15T11:50:40.830+0000] {logging_mixin.py:188} INFO - Uploaded file to Snowflake stage: /tmp/minio_data/1765703841.json
[2025-12-15T11:50:43.040+0000] {logging_mixin.py:188} INFO - Uploaded file to Snowflake stage: /tmp/minio_data/1765703966.json
[2025-12-15T11:50:45.182+0000] {logging_mixin.py:188} INFO - Uploaded file to Snowflake stage: /tmp/minio_data/1765704090.json
[2025-12-15T11:50:50.687+0000] {logging_mixin.py:188} INFO - Uploaded file to Snowflake stage: /tmp/minio_data/1765704215.json
[2025-12-15T11:50:52.368+0000] {logging_mixin.py:188} INFO - Uploaded file to Snowflake stage: /tmp/minio_data/1765704339.json
[2025-12-15T11:50:53.601+0000] {logging_mixin.py:188} INFO - Uploaded file to Snowflake stage: /tmp/minio_data/1765704464.json
[2025-12-15T11:50:57.869+0000] {logging_mixin.py:188} INFO - Uploaded file to Snowflake stage: /tmp/minio_data/1765704588.json
[2025-12-15T11:50:59.296+0000] {logging_mixin.py:188} INFO - Uploaded file to Snowflake stage: /tmp/minio_data/1765704712.json
[2025-12-15T11:51:00.518+0000] {logging_mixin.py:188} INFO - Uploaded file to Snowflake stage: /tmp/minio_data/1765704837.json
[2025-12-15T11:51:01.466+0000] {logging_mixin.py:188} INFO - Uploaded file to Snowflake stage: /tmp/minio_data/1765704961.json
[2025-12-15T11:51:02.382+0000] {logging_mixin.py:188} INFO - Uploaded file to Snowflake stage: /tmp/minio_data/1765705086.json
[2025-12-15T11:51:03.387+0000] {logging_mixin.py:188} INFO - Uploaded file to Snowflake stage: /tmp/minio_data/1765705210.json
[2025-12-15T11:51:04.876+0000] {logging_mixin.py:188} INFO - Uploaded file to Snowflake stage: /tmp/minio_data/1765705335.json
[2025-12-15T11:51:06.260+0000] {logging_mixin.py:188} INFO - Uploaded file to Snowflake stage: /tmp/minio_data/1765705459.json
[2025-12-15T11:51:08.433+0000] {logging_mixin.py:188} INFO - Uploaded file to Snowflake stage: /tmp/minio_data/1765705591.json
[2025-12-15T11:51:09.874+0000] {logging_mixin.py:188} INFO - Uploaded file to Snowflake stage: /tmp/minio_data/1765705724.json
[2025-12-15T11:51:13.520+0000] {logging_mixin.py:188} INFO - Uploaded file to Snowflake stage: /tmp/minio_data/1765705856.json
[2025-12-15T11:51:16.176+0000] {logging_mixin.py:188} INFO - Uploaded file to Snowflake stage: /tmp/minio_data/1765706004.json
[2025-12-15T11:51:17.246+0000] {logging_mixin.py:188} INFO - Uploaded file to Snowflake stage: /tmp/minio_data/1765706174.json
[2025-12-15T11:51:18.408+0000] {logging_mixin.py:188} INFO - Uploaded file to Snowflake stage: /tmp/minio_data/1765706317.json
[2025-12-15T11:51:19.357+0000] {logging_mixin.py:188} INFO - Uploaded file to Snowflake stage: /tmp/minio_data/1765706443.json
[2025-12-15T11:51:20.320+0000] {logging_mixin.py:188} INFO - Uploaded file to Snowflake stage: /tmp/minio_data/1765706568.json
[2025-12-15T11:51:21.321+0000] {logging_mixin.py:188} INFO - Uploaded file to Snowflake stage: /tmp/minio_data/1765706694.json
[2025-12-15T11:51:22.192+0000] {logging_mixin.py:188} INFO - Uploaded file to Snowflake stage: /tmp/minio_data/1765706820.json
[2025-12-15T11:51:23.309+0000] {logging_mixin.py:188} INFO - Uploaded file to Snowflake stage: /tmp/minio_data/1765699206.json
[2025-12-15T11:51:24.277+0000] {logging_mixin.py:188} INFO - Uploaded file to Snowflake stage: /tmp/minio_data/1765700358.json
[2025-12-15T11:51:25.851+0000] {logging_mixin.py:188} INFO - Uploaded file to Snowflake stage: /tmp/minio_data/1765700483.json
[2025-12-15T11:51:28.217+0000] {logging_mixin.py:188} INFO - Uploaded file to Snowflake stage: /tmp/minio_data/1765700609.json
[2025-12-15T11:51:30.140+0000] {logging_mixin.py:188} INFO - Uploaded file to Snowflake stage: /tmp/minio_data/1765700734.json
[2025-12-15T11:51:37.698+0000] {connectionpool.py:824} WARNING - Retrying (Retry(total=0, connect=None, read=None, redirect=None, status=None)) after connection broken by 'ProtocolError('Connection aborted.', RemoteDisconnected('Remote end closed connection without response'))': /?accelerate
[2025-12-15T11:52:08.829+0000] {logging_mixin.py:188} INFO - Uploaded file to Snowflake stage: /tmp/minio_data/1765700858.json
[2025-12-15T11:52:11.777+0000] {connectionpool.py:824} WARNING - Retrying (Retry(total=0, connect=None, read=None, redirect=None, status=None)) after connection broken by 'ProtocolError('Connection aborted.', RemoteDisconnected('Remote end closed connection without response'))': /?accelerate
[2025-12-15T11:52:13.559+0000] {logging_mixin.py:188} INFO - Uploaded file to Snowflake stage: /tmp/minio_data/1765700983.json
[2025-12-15T11:52:14.449+0000] {logging_mixin.py:188} INFO - Uploaded file to Snowflake stage: /tmp/minio_data/1765701108.json
[2025-12-15T11:52:15.373+0000] {logging_mixin.py:188} INFO - Uploaded file to Snowflake stage: /tmp/minio_data/1765701234.json
[2025-12-15T11:52:16.442+0000] {logging_mixin.py:188} INFO - Uploaded file to Snowflake stage: /tmp/minio_data/1765701359.json
[2025-12-15T11:52:17.245+0000] {logging_mixin.py:188} INFO - Uploaded file to Snowflake stage: /tmp/minio_data/1765701483.json
[2025-12-15T11:52:20.753+0000] {logging_mixin.py:188} INFO - Uploaded file to Snowflake stage: /tmp/minio_data/1765701607.json
[2025-12-15T11:52:30.834+0000] {logging_mixin.py:188} INFO - Uploaded file to Snowflake stage: /tmp/minio_data/1765701748.json
[2025-12-15T11:53:15.674+0000] {connectionpool.py:824} WARNING - Retrying (Retry(total=0, connect=None, read=None, redirect=None, status=None)) after connection broken by 'NewConnectionError('<snowflake.connector.vendored.urllib3.connection.HTTPSConnection object at 0x77068d7f9130>: Failed to establish a new connection: [Errno -2] Name or service not known')': /queries/v1/query-request?requestId=432317b3-e8b6-4bf6-9be0-7d596252a8c5&clientStartTime=1765799550938&retryCount=1&retryReason=None&request_guid=e7630c81-c483-46c3-80ba-2884ab1617d5
[2025-12-15T11:53:16.966+0000] {logging_mixin.py:188} INFO - Error uploading /tmp/minio_data/1765701874.json to Snowflake stage: 000612 (02000): None: Result not found
[2025-12-15T11:53:18.405+0000] {logging_mixin.py:188} INFO - Uploaded file to Snowflake stage: /tmp/minio_data/1765701999.json
[2025-12-15T11:53:19.462+0000] {logging_mixin.py:188} INFO - Uploaded file to Snowflake stage: /tmp/minio_data/1765702125.json
[2025-12-15T11:53:22.056+0000] {logging_mixin.py:188} INFO - Uploaded file to Snowflake stage: /tmp/minio_data/1765702252.json
[2025-12-15T11:53:23.001+0000] {logging_mixin.py:188} INFO - Uploaded file to Snowflake stage: /tmp/minio_data/1765702378.json
[2025-12-15T11:53:23.910+0000] {logging_mixin.py:188} INFO - Uploaded file to Snowflake stage: /tmp/minio_data/1765702503.json
[2025-12-15T11:53:24.902+0000] {logging_mixin.py:188} INFO - Uploaded file to Snowflake stage: /tmp/minio_data/1765702628.json
[2025-12-15T11:53:25.882+0000] {logging_mixin.py:188} INFO - Uploaded file to Snowflake stage: /tmp/minio_data/1765702754.json
[2025-12-15T11:53:26.767+0000] {logging_mixin.py:188} INFO - Uploaded file to Snowflake stage: /tmp/minio_data/1765702880.json
[2025-12-15T11:53:27.813+0000] {logging_mixin.py:188} INFO - Uploaded file to Snowflake stage: /tmp/minio_data/1765703006.json
[2025-12-15T11:53:28.521+0000] {logging_mixin.py:188} INFO - Uploaded file to Snowflake stage: /tmp/minio_data/1765703131.json
[2025-12-15T11:53:29.395+0000] {logging_mixin.py:188} INFO - Uploaded file to Snowflake stage: /tmp/minio_data/1765703256.json
[2025-12-15T11:53:32.208+0000] {logging_mixin.py:188} INFO - Uploaded file to Snowflake stage: /tmp/minio_data/1765703381.json
[2025-12-15T11:53:33.853+0000] {logging_mixin.py:188} INFO - Uploaded file to Snowflake stage: /tmp/minio_data/1765703507.json
[2025-12-15T11:53:35.149+0000] {logging_mixin.py:188} INFO - Uploaded file to Snowflake stage: /tmp/minio_data/1765703631.json
[2025-12-15T11:53:36.148+0000] {logging_mixin.py:188} INFO - Uploaded file to Snowflake stage: /tmp/minio_data/1765703756.json
[2025-12-15T11:53:37.108+0000] {logging_mixin.py:188} INFO - Uploaded file to Snowflake stage: /tmp/minio_data/1765703880.json
[2025-12-15T11:53:37.930+0000] {logging_mixin.py:188} INFO - Uploaded file to Snowflake stage: /tmp/minio_data/1765704004.json
[2025-12-15T11:53:38.959+0000] {logging_mixin.py:188} INFO - Uploaded file to Snowflake stage: /tmp/minio_data/1765704129.json
[2025-12-15T11:53:39.723+0000] {logging_mixin.py:188} INFO - Uploaded file to Snowflake stage: /tmp/minio_data/1765704254.json
[2025-12-15T11:53:40.352+0000] {logging_mixin.py:188} INFO - Uploaded file to Snowflake stage: /tmp/minio_data/1765704377.json
[2025-12-15T11:53:41.073+0000] {logging_mixin.py:188} INFO - Uploaded file to Snowflake stage: /tmp/minio_data/1765704502.json
[2025-12-15T11:53:41.919+0000] {logging_mixin.py:188} INFO - Uploaded file to Snowflake stage: /tmp/minio_data/1765704627.json
[2025-12-15T11:53:42.685+0000] {logging_mixin.py:188} INFO - Uploaded file to Snowflake stage: /tmp/minio_data/1765704751.json
[2025-12-15T11:53:43.413+0000] {logging_mixin.py:188} INFO - Uploaded file to Snowflake stage: /tmp/minio_data/1765704875.json
[2025-12-15T11:53:44.157+0000] {logging_mixin.py:188} INFO - Uploaded file to Snowflake stage: /tmp/minio_data/1765705000.json
[2025-12-15T11:53:44.996+0000] {logging_mixin.py:188} INFO - Uploaded file to Snowflake stage: /tmp/minio_data/1765705125.json
[2025-12-15T11:53:45.713+0000] {logging_mixin.py:188} INFO - Uploaded file to Snowflake stage: /tmp/minio_data/1765705249.json
[2025-12-15T11:53:46.457+0000] {logging_mixin.py:188} INFO - Uploaded file to Snowflake stage: /tmp/minio_data/1765705373.json
[2025-12-15T11:53:47.714+0000] {logging_mixin.py:188} INFO - Uploaded file to Snowflake stage: /tmp/minio_data/1765705504.json
[2025-12-15T11:53:49.029+0000] {logging_mixin.py:188} INFO - Uploaded file to Snowflake stage: /tmp/minio_data/1765705636.json
[2025-12-15T11:53:49.974+0000] {logging_mixin.py:188} INFO - Uploaded file to Snowflake stage: /tmp/minio_data/1765705768.json
[2025-12-15T11:53:50.967+0000] {logging_mixin.py:188} INFO - Uploaded file to Snowflake stage: /tmp/minio_data/1765705902.json
[2025-12-15T11:53:54.018+0000] {logging_mixin.py:188} INFO - Uploaded file to Snowflake stage: /tmp/minio_data/1765706078.json
[2025-12-15T11:53:54.913+0000] {logging_mixin.py:188} INFO - Uploaded file to Snowflake stage: /tmp/minio_data/1765706228.json
[2025-12-15T11:53:57.801+0000] {logging_mixin.py:188} INFO - Uploaded file to Snowflake stage: /tmp/minio_data/1765706357.json
[2025-12-15T11:54:04.099+0000] {connectionpool.py:824} WARNING - Retrying (Retry(total=0, connect=None, read=None, redirect=None, status=None)) after connection broken by 'ProtocolError('Connection aborted.', RemoteDisconnected('Remote end closed connection without response'))': /?accelerate
[2025-12-15T11:54:05.814+0000] {logging_mixin.py:188} INFO - Uploaded file to Snowflake stage: /tmp/minio_data/1765706482.json
[2025-12-15T11:54:06.606+0000] {logging_mixin.py:188} INFO - Uploaded file to Snowflake stage: /tmp/minio_data/1765706607.json
[2025-12-15T11:54:07.273+0000] {logging_mixin.py:188} INFO - Uploaded file to Snowflake stage: /tmp/minio_data/1765706733.json
[2025-12-15T11:54:07.924+0000] {logging_mixin.py:188} INFO - Uploaded file to Snowflake stage: /tmp/minio_data/1765706859.json
[2025-12-15T11:54:08.562+0000] {logging_mixin.py:188} INFO - Uploaded file to Snowflake stage: /tmp/minio_data/1765699167.json
[2025-12-15T11:54:09.677+0000] {logging_mixin.py:188} INFO - Uploaded file to Snowflake stage: /tmp/minio_data/1765700332.json
[2025-12-15T11:54:10.439+0000] {logging_mixin.py:188} INFO - Uploaded file to Snowflake stage: /tmp/minio_data/1765700458.json
[2025-12-15T11:54:11.153+0000] {logging_mixin.py:188} INFO - Uploaded file to Snowflake stage: /tmp/minio_data/1765700583.json
[2025-12-15T11:54:11.907+0000] {logging_mixin.py:188} INFO - Uploaded file to Snowflake stage: /tmp/minio_data/1765700708.json
[2025-12-15T11:54:12.984+0000] {logging_mixin.py:188} INFO - Uploaded file to Snowflake stage: /tmp/minio_data/1765700832.json
[2025-12-15T11:54:13.948+0000] {logging_mixin.py:188} INFO - Uploaded file to Snowflake stage: /tmp/minio_data/1765700957.json
[2025-12-15T11:54:14.743+0000] {logging_mixin.py:188} INFO - Uploaded file to Snowflake stage: /tmp/minio_data/1765701082.json
[2025-12-15T11:54:16.457+0000] {logging_mixin.py:188} INFO - Uploaded file to Snowflake stage: /tmp/minio_data/1765701208.json
[2025-12-15T11:54:17.292+0000] {logging_mixin.py:188} INFO - Uploaded file to Snowflake stage: /tmp/minio_data/1765701333.json
[2025-12-15T11:54:18.169+0000] {logging_mixin.py:188} INFO - Uploaded file to Snowflake stage: /tmp/minio_data/1765701457.json
[2025-12-15T11:54:19.023+0000] {logging_mixin.py:188} INFO - Uploaded file to Snowflake stage: /tmp/minio_data/1765701582.json
[2025-12-15T11:54:19.687+0000] {logging_mixin.py:188} INFO - Uploaded file to Snowflake stage: /tmp/minio_data/1765701721.json
[2025-12-15T11:54:22.284+0000] {logging_mixin.py:188} INFO - Uploaded file to Snowflake stage: /tmp/minio_data/1765701847.json
[2025-12-15T11:54:26.259+0000] {logging_mixin.py:188} INFO - Uploaded file to Snowflake stage: /tmp/minio_data/1765701973.json
[2025-12-15T11:54:28.943+0000] {logging_mixin.py:188} INFO - Uploaded file to Snowflake stage: /tmp/minio_data/1765702099.json
[2025-12-15T11:54:35.395+0000] {logging_mixin.py:188} INFO - Uploaded file to Snowflake stage: /tmp/minio_data/1765702225.json
[2025-12-15T11:54:36.150+0000] {logging_mixin.py:188} INFO - Uploaded file to Snowflake stage: /tmp/minio_data/1765702352.json
[2025-12-15T11:54:36.981+0000] {logging_mixin.py:188} INFO - Uploaded file to Snowflake stage: /tmp/minio_data/1765702477.json
[2025-12-15T11:54:37.882+0000] {logging_mixin.py:188} INFO - Uploaded file to Snowflake stage: /tmp/minio_data/1765702603.json
[2025-12-15T11:54:39.112+0000] {logging_mixin.py:188} INFO - Uploaded file to Snowflake stage: /tmp/minio_data/1765702728.json
[2025-12-15T11:54:40.907+0000] {logging_mixin.py:188} INFO - Uploaded file to Snowflake stage: /tmp/minio_data/1765702853.json
[2025-12-15T11:54:41.872+0000] {logging_mixin.py:188} INFO - Uploaded file to Snowflake stage: /tmp/minio_data/1765702980.json
[2025-12-15T11:54:44.302+0000] {logging_mixin.py:188} INFO - Uploaded file to Snowflake stage: /tmp/minio_data/1765703105.json
[2025-12-15T11:54:45.742+0000] {logging_mixin.py:188} INFO - Uploaded file to Snowflake stage: /tmp/minio_data/1765703230.json
[2025-12-15T11:54:47.188+0000] {logging_mixin.py:188} INFO - Uploaded file to Snowflake stage: /tmp/minio_data/1765703355.json
[2025-12-15T11:54:48.213+0000] {logging_mixin.py:188} INFO - Uploaded file to Snowflake stage: /tmp/minio_data/1765703481.json
[2025-12-15T11:54:49.582+0000] {logging_mixin.py:188} INFO - Uploaded file to Snowflake stage: /tmp/minio_data/1765703605.json
[2025-12-15T11:54:51.635+0000] {logging_mixin.py:188} INFO - Uploaded file to Snowflake stage: /tmp/minio_data/1765703729.json
[2025-12-15T11:54:54.414+0000] {logging_mixin.py:188} INFO - Uploaded file to Snowflake stage: /tmp/minio_data/1765703854.json
[2025-12-15T11:54:57.626+0000] {logging_mixin.py:188} INFO - Uploaded file to Snowflake stage: /tmp/minio_data/1765703979.json
[2025-12-15T11:54:59.770+0000] {logging_mixin.py:188} INFO - Uploaded file to Snowflake stage: /tmp/minio_data/1765704103.json
[2025-12-15T11:55:01.085+0000] {logging_mixin.py:188} INFO - Uploaded file to Snowflake stage: /tmp/minio_data/1765704228.json
[2025-12-15T11:55:01.899+0000] {logging_mixin.py:188} INFO - Uploaded file to Snowflake stage: /tmp/minio_data/1765704352.json
[2025-12-15T11:55:02.712+0000] {logging_mixin.py:188} INFO - Uploaded file to Snowflake stage: /tmp/minio_data/1765704477.json
[2025-12-15T11:55:04.393+0000] {logging_mixin.py:188} INFO - Uploaded file to Snowflake stage: /tmp/minio_data/1765704601.json
[2025-12-15T11:55:05.739+0000] {logging_mixin.py:188} INFO - Uploaded file to Snowflake stage: /tmp/minio_data/1765704725.json
[2025-12-15T11:55:33.628+0000] {connectionpool.py:824} WARNING - Retrying (Retry(total=0, connect=None, read=None, redirect=None, status=None)) after connection broken by 'ProtocolError('Connection aborted.', RemoteDisconnected('Remote end closed connection without response'))': /4sob1000-s/tables/12560761461/1765704850.json.gz
[2025-12-15T11:55:38.688+0000] {storage_client.py:318} WARNING - HEAD with url b'https://sfc-uk-ds1-28-customer-stage.s3.amazonaws.com/4sob1000-s/tables/12560761461/1765704850.json.gz' failed for transient error: HTTPSConnectionPool(host='sfc-uk-ds1-28-customer-stage.s3.amazonaws.com', port=443): Max retries exceeded with url: /4sob1000-s/tables/12560761461/1765704850.json.gz (Caused by NewConnectionError('<snowflake.connector.vendored.urllib3.connection.HTTPSConnection object at 0x77068d968d70>: Failed to establish a new connection: [Errno -5] No address associated with hostname'))
[2025-12-15T11:55:42.813+0000] {connectionpool.py:824} WARNING - Retrying (Retry(total=0, connect=None, read=None, redirect=None, status=None)) after connection broken by 'NewConnectionError('<snowflake.connector.vendored.urllib3.connection.HTTPSConnection object at 0x77068d96ac90>: Failed to establish a new connection: [Errno -5] No address associated with hostname')': /4sob1000-s/tables/12560761461/1765704850.json.gz
[2025-12-15T11:55:48.884+0000] {storage_client.py:318} WARNING - HEAD with url b'https://sfc-uk-ds1-28-customer-stage.s3.amazonaws.com/4sob1000-s/tables/12560761461/1765704850.json.gz' failed for transient error: HTTPSConnectionPool(host='sfc-uk-ds1-28-customer-stage.s3.amazonaws.com', port=443): Max retries exceeded with url: /4sob1000-s/tables/12560761461/1765704850.json.gz (Caused by NewConnectionError('<snowflake.connector.vendored.urllib3.connection.HTTPSConnection object at 0x77068d7e8920>: Failed to establish a new connection: [Errno -5] No address associated with hostname'))
[2025-12-15T11:55:52.937+0000] {connectionpool.py:824} WARNING - Retrying (Retry(total=0, connect=None, read=None, redirect=None, status=None)) after connection broken by 'NewConnectionError('<snowflake.connector.vendored.urllib3.connection.HTTPSConnection object at 0x77068d7e9880>: Failed to establish a new connection: [Errno -5] No address associated with hostname')': /4sob1000-s/tables/12560761461/1765704850.json.gz
[2025-12-15T11:55:57.510+0000] {storage_client.py:318} WARNING - HEAD with url b'https://sfc-uk-ds1-28-customer-stage.s3.amazonaws.com/4sob1000-s/tables/12560761461/1765704850.json.gz' failed for transient error: HTTPSConnectionPool(host='sfc-uk-ds1-28-customer-stage.s3.amazonaws.com', port=443): Max retries exceeded with url: /4sob1000-s/tables/12560761461/1765704850.json.gz (Caused by NewConnectionError('<snowflake.connector.vendored.urllib3.connection.HTTPSConnection object at 0x77068d7e95b0>: Failed to establish a new connection: [Errno -2] Name or service not known'))
[2025-12-15T11:56:00.945+0000] {connectionpool.py:824} WARNING - Retrying (Retry(total=0, connect=None, read=None, redirect=None, status=None)) after connection broken by 'NewConnectionError('<snowflake.connector.vendored.urllib3.connection.HTTPSConnection object at 0x77068d7eb620>: Failed to establish a new connection: [Errno -2] Name or service not known')': /4sob1000-s/tables/12560761461/1765704850.json.gz
[2025-12-15T11:56:31.235+0000] {storage_client.py:318} WARNING - HEAD with url b'https://sfc-uk-ds1-28-customer-stage.s3.amazonaws.com/4sob1000-s/tables/12560761461/1765704850.json.gz' failed for transient error: HTTPSConnectionPool(host='sfc-uk-ds1-28-customer-stage.s3.amazonaws.com', port=443): Max retries exceeded with url: /4sob1000-s/tables/12560761461/1765704850.json.gz (Caused by SSLError(SSLError("bad handshake: SysCallError(-1, 'Unexpected EOF')")))
[2025-12-15T11:56:52.033+0000] {logging_mixin.py:188} INFO - Uploaded file to Snowflake stage: /tmp/minio_data/1765704850.json
[2025-12-15T11:57:18.032+0000] {connectionpool.py:824} WARNING - Retrying (Retry(total=0, connect=None, read=None, redirect=None, status=None)) after connection broken by 'ProtocolError('Connection aborted.', RemoteDisconnected('Remote end closed connection without response'))': /4sob1000-s/tables/12560761461/1765704974.json.gz
[2025-12-15T11:57:32.464+0000] {logging_mixin.py:188} INFO - Uploaded file to Snowflake stage: /tmp/minio_data/1765704974.json
[2025-12-15T11:57:48.236+0000] {logging_mixin.py:188} INFO - Uploaded file to Snowflake stage: /tmp/minio_data/1765705098.json
[2025-12-15T11:58:11.516+0000] {connectionpool.py:824} WARNING - Retrying (Retry(total=0, connect=None, read=None, redirect=None, status=None)) after connection broken by 'NewConnectionError('<snowflake.connector.vendored.urllib3.connection.HTTPSConnection object at 0x77068d7fb8f0>: Failed to establish a new connection: [Errno -5] No address associated with hostname')': /?accelerate
[2025-12-15T11:58:16.768+0000] {storage_client.py:318} WARNING - GET with url b'https://sfc-uk-ds1-28-customer-stage.s3.amazonaws.com/?accelerate' failed for transient error: HTTPSConnectionPool(host='sfc-uk-ds1-28-customer-stage.s3.amazonaws.com', port=443): Max retries exceeded with url: /?accelerate (Caused by NewConnectionError('<snowflake.connector.vendored.urllib3.connection.HTTPSConnection object at 0x77068d7c4230>: Failed to establish a new connection: [Errno -5] No address associated with hostname'))
[2025-12-15T11:58:21.429+0000] {connectionpool.py:824} WARNING - Retrying (Retry(total=0, connect=None, read=None, redirect=None, status=None)) after connection broken by 'NewConnectionError('<snowflake.connector.vendored.urllib3.connection.HTTPSConnection object at 0x77068d77fb90>: Failed to establish a new connection: [Errno -5] No address associated with hostname')': /?accelerate
[2025-12-15T11:58:27.636+0000] {storage_client.py:318} WARNING - GET with url b'https://sfc-uk-ds1-28-customer-stage.s3.amazonaws.com/?accelerate' failed for transient error: HTTPSConnectionPool(host='sfc-uk-ds1-28-customer-stage.s3.amazonaws.com', port=443): Max retries exceeded with url: /?accelerate (Caused by NewConnectionError('<snowflake.connector.vendored.urllib3.connection.HTTPSConnection object at 0x77068d991f70>: Failed to establish a new connection: [Errno -5] No address associated with hostname'))
[2025-12-15T11:59:51.967+0000] {connectionpool.py:824} WARNING - Retrying (Retry(total=0, connect=None, read=None, redirect=None, status=None)) after connection broken by 'NewConnectionError('<snowflake.connector.vendored.urllib3.connection.HTTPSConnection object at 0x77068d7f83e0>: Failed to establish a new connection: [Errno -5] No address associated with hostname')': /?accelerate
[2025-12-15T12:00:00.020+0000] {storage_client.py:318} WARNING - GET with url b'https://sfc-uk-ds1-28-customer-stage.s3.amazonaws.com/?accelerate' failed for transient error: HTTPSConnectionPool(host='sfc-uk-ds1-28-customer-stage.s3.amazonaws.com', port=443): Max retries exceeded with url: /?accelerate (Caused by NewConnectionError('<snowflake.connector.vendored.urllib3.connection.HTTPSConnection object at 0x77068d999580>: Failed to establish a new connection: [Errno -5] No address associated with hostname'))
[2025-12-15T12:00:00.048+0000] {connectionpool.py:824} WARNING - Retrying (Retry(total=0, connect=None, read=None, redirect=None, status=None)) after connection broken by 'NewConnectionError('<snowflake.connector.vendored.urllib3.connection.HTTPSConnection object at 0x77068d99bc20>: Failed to establish a new connection: [Errno -2] Name or service not known')': /?accelerate
[2025-12-15T12:00:08.077+0000] {storage_client.py:318} WARNING - GET with url b'https://sfc-uk-ds1-28-customer-stage.s3.amazonaws.com/?accelerate' failed for transient error: HTTPSConnectionPool(host='sfc-uk-ds1-28-customer-stage.s3.amazonaws.com', port=443): Max retries exceeded with url: /?accelerate (Caused by NewConnectionError('<snowflake.connector.vendored.urllib3.connection.HTTPSConnection object at 0x77068d6c4a70>: Failed to establish a new connection: [Errno -2] Name or service not known'))
[2025-12-15T12:00:08.241+0000] {connectionpool.py:824} WARNING - Retrying (Retry(total=0, connect=None, read=None, redirect=None, status=None)) after connection broken by 'NewConnectionError('<snowflake.connector.vendored.urllib3.connection.HTTPSConnection object at 0x77068d6c6720>: Failed to establish a new connection: [Errno -2] Name or service not known')': /?accelerate
[2025-12-15T12:00:24.471+0000] {storage_client.py:318} WARNING - GET with url b'https://sfc-uk-ds1-28-customer-stage.s3.amazonaws.com/?accelerate' failed for transient error: HTTPSConnectionPool(host='sfc-uk-ds1-28-customer-stage.s3.amazonaws.com', port=443): Max retries exceeded with url: /?accelerate (Caused by NewConnectionError('<snowflake.connector.vendored.urllib3.connection.HTTPSConnection object at 0x77068d6c75f0>: Failed to establish a new connection: [Errno -2] Name or service not known'))
[2025-12-15T12:00:24.495+0000] {logging_mixin.py:188} INFO - Error uploading /tmp/minio_data/1765705223.json to Snowflake stage: GET with url b'https://sfc-uk-ds1-28-customer-stage.s3.amazonaws.com/?accelerate' failed for exceeding maximum retries.
[2025-12-15T12:01:25.549+0000] {connectionpool.py:824} WARNING - Retrying (Retry(total=0, connect=None, read=None, redirect=None, status=None)) after connection broken by 'NewConnectionError('<snowflake.connector.vendored.urllib3.connection.HTTPSConnection object at 0x77068d6c6690>: Failed to establish a new connection: [Errno -2] Name or service not known')': /queries/v1/query-request?requestId=211e3731-704f-4937-838f-df866a4acc50&clientStartTime=1765800024497&retryCount=1&retryReason=None&request_guid=5fe91b50-3bb0-411c-af53-1e9edfb23f8a
[2025-12-15T12:01:26.590+0000] {connectionpool.py:824} WARNING - Retrying (Retry(total=0, connect=None, read=None, redirect=None, status=None)) after connection broken by 'NewConnectionError('<snowflake.connector.vendored.urllib3.connection.HTTPSConnection object at 0x77068d6c5b50>: Failed to establish a new connection: [Errno -2] Name or service not known')': /queries/v1/query-request?requestId=211e3731-704f-4937-838f-df866a4acc50&clientStartTime=1765800024497&retryCount=2&retryReason=None&request_guid=96032ae3-ee13-438c-ad0e-26fc7a50862a
[2025-12-15T12:01:26.607+0000] {connectionpool.py:824} WARNING - Retrying (Retry(total=0, connect=None, read=None, redirect=None, status=None)) after connection broken by 'NewConnectionError('<snowflake.connector.vendored.urllib3.connection.HTTPSConnection object at 0x77068d99af60>: Failed to establish a new connection: [Errno -2] Name or service not known')': /queries/v1/query-request?requestId=211e3731-704f-4937-838f-df866a4acc50&clientStartTime=1765800024497&retryCount=3&retryReason=None&request_guid=0fe4f6e4-e2b9-470c-9051-f76606cf6bce
[2025-12-15T12:01:31.622+0000] {connectionpool.py:824} WARNING - Retrying (Retry(total=0, connect=None, read=None, redirect=None, status=None)) after connection broken by 'NewConnectionError('<snowflake.connector.vendored.urllib3.connection.HTTPSConnection object at 0x77068d7fb6e0>: Failed to establish a new connection: [Errno -2] Name or service not known')': /queries/v1/query-request?requestId=211e3731-704f-4937-838f-df866a4acc50&clientStartTime=1765800024497&retryCount=4&retryReason=None&request_guid=65be99df-de02-4278-8285-d4e8752b4aa1
[2025-12-15T12:01:39.645+0000] {connectionpool.py:824} WARNING - Retrying (Retry(total=0, connect=None, read=None, redirect=None, status=None)) after connection broken by 'NewConnectionError('<snowflake.connector.vendored.urllib3.connection.HTTPSConnection object at 0x77068d7c63f0>: Failed to establish a new connection: [Errno -2] Name or service not known')': /queries/v1/query-request?requestId=211e3731-704f-4937-838f-df866a4acc50&clientStartTime=1765800024497&retryCount=5&retryReason=None&request_guid=1902c9fc-9fe0-4dc1-95c4-3d22cd8474ea
[2025-12-15T12:01:39.680+0000] {connectionpool.py:824} WARNING - Retrying (Retry(total=0, connect=None, read=None, redirect=None, status=None)) after connection broken by 'NewConnectionError('<snowflake.connector.vendored.urllib3.connection.HTTPSConnection object at 0x77068d94b290>: Failed to establish a new connection: [Errno -2] Name or service not known')': /queries/v1/query-request?requestId=211e3731-704f-4937-838f-df866a4acc50&clientStartTime=1765800024497&retryCount=6&retryReason=None&request_guid=5dad3b8a-67bf-4aa9-b0d1-380e9a6593ee
[2025-12-15T12:01:45.700+0000] {connectionpool.py:824} WARNING - Retrying (Retry(total=0, connect=None, read=None, redirect=None, status=None)) after connection broken by 'NewConnectionError('<snowflake.connector.vendored.urllib3.connection.HTTPSConnection object at 0x77068d7e1880>: Failed to establish a new connection: [Errno -2] Name or service not known')': /queries/v1/query-request?requestId=211e3731-704f-4937-838f-df866a4acc50&clientStartTime=1765800024497&retryCount=7&retryReason=None&request_guid=99b50321-af29-4260-a95f-d0fd4cbbf3f2
[2025-12-15T12:01:47.761+0000] {connectionpool.py:824} WARNING - Retrying (Retry(total=0, connect=None, read=None, redirect=None, status=None)) after connection broken by 'NewConnectionError('<snowflake.connector.vendored.urllib3.connection.HTTPSConnection object at 0x77068d94b9b0>: Failed to establish a new connection: [Errno -2] Name or service not known')': /queries/v1/query-request?requestId=211e3731-704f-4937-838f-df866a4acc50&clientStartTime=1765800024497&retryCount=8&retryReason=None&request_guid=c3771f39-3e35-4903-ab99-dcb53bd3ca0d
[2025-12-15T12:01:48.815+0000] {connectionpool.py:824} WARNING - Retrying (Retry(total=0, connect=None, read=None, redirect=None, status=None)) after connection broken by 'NewConnectionError('<snowflake.connector.vendored.urllib3.connection.HTTPSConnection object at 0x77068d7c5160>: Failed to establish a new connection: [Errno -2] Name or service not known')': /queries/v1/query-request?requestId=211e3731-704f-4937-838f-df866a4acc50&clientStartTime=1765800024497&retryCount=9&retryReason=None&request_guid=c0485f58-da2f-41bd-b5fc-22be4bdab33c
[2025-12-15T12:01:52.949+0000] {connectionpool.py:824} WARNING - Retrying (Retry(total=0, connect=None, read=None, redirect=None, status=None)) after connection broken by 'NewConnectionError('<snowflake.connector.vendored.urllib3.connection.HTTPSConnection object at 0x77068d999eb0>: Failed to establish a new connection: [Errno -2] Name or service not known')': /queries/v1/query-request?requestId=211e3731-704f-4937-838f-df866a4acc50&clientStartTime=1765800024497&retryCount=10&retryReason=None&request_guid=d0838747-83e0-4279-8a6e-830a9ebfb6d9
[2025-12-15T12:01:58.197+0000] {connectionpool.py:824} WARNING - Retrying (Retry(total=0, connect=None, read=None, redirect=None, status=None)) after connection broken by 'NewConnectionError('<snowflake.connector.vendored.urllib3.connection.HTTPSConnection object at 0x77068d6c5820>: Failed to establish a new connection: [Errno -2] Name or service not known')': /queries/v1/query-request?requestId=211e3731-704f-4937-838f-df866a4acc50&clientStartTime=1765800024497&retryCount=11&retryReason=None&request_guid=dbf3a796-2156-40f3-ae06-372996442129
[2025-12-15T12:01:58.269+0000] {connectionpool.py:824} WARNING - Retrying (Retry(total=0, connect=None, read=None, redirect=None, status=None)) after connection broken by 'NewConnectionError('<snowflake.connector.vendored.urllib3.connection.HTTPSConnection object at 0x77068d7e2ab0>: Failed to establish a new connection: [Errno -2] Name or service not known')': /queries/v1/query-request?requestId=211e3731-704f-4937-838f-df866a4acc50&clientStartTime=1765800024497&retryCount=12&retryReason=None&request_guid=ba709b68-3e0f-478b-93dd-689369df19b0
[2025-12-15T12:02:02.514+0000] {connectionpool.py:824} WARNING - Retrying (Retry(total=0, connect=None, read=None, redirect=None, status=None)) after connection broken by 'NewConnectionError('<snowflake.connector.vendored.urllib3.connection.HTTPSConnection object at 0x77068d7e33e0>: Failed to establish a new connection: [Errno -2] Name or service not known')': /queries/v1/query-request?requestId=211e3731-704f-4937-838f-df866a4acc50&clientStartTime=1765800024497&retryCount=13&retryReason=None&request_guid=061eb60c-647e-4c3f-8bbb-00c760e8b43f
[2025-12-15T12:02:14.826+0000] {connectionpool.py:824} WARNING - Retrying (Retry(total=0, connect=None, read=None, redirect=None, status=None)) after connection broken by 'NewConnectionError('<snowflake.connector.vendored.urllib3.connection.HTTPSConnection object at 0x77068d6c52b0>: Failed to establish a new connection: [Errno -2] Name or service not known')': /queries/v1/query-request?requestId=211e3731-704f-4937-838f-df866a4acc50&clientStartTime=1765800024497&retryCount=14&retryReason=None&request_guid=a8f7e700-f14f-4937-9f31-e94f6e0a5b9b
[2025-12-15T12:02:20.885+0000] {connectionpool.py:824} WARNING - Retrying (Retry(total=0, connect=None, read=None, redirect=None, status=None)) after connection broken by 'NewConnectionError('<snowflake.connector.vendored.urllib3.connection.HTTPSConnection object at 0x77068d7f8410>: Failed to establish a new connection: [Errno -2] Name or service not known')': /queries/v1/query-request?requestId=211e3731-704f-4937-838f-df866a4acc50&clientStartTime=1765800024497&retryCount=15&retryReason=None&request_guid=9202d51c-eaa3-4313-8949-28a131a7d387
[2025-12-15T12:02:24.925+0000] {connectionpool.py:824} WARNING - Retrying (Retry(total=0, connect=None, read=None, redirect=None, status=None)) after connection broken by 'NewConnectionError('<snowflake.connector.vendored.urllib3.connection.HTTPSConnection object at 0x77068d7c4a40>: Failed to establish a new connection: [Errno -2] Name or service not known')': /queries/v1/query-request?requestId=211e3731-704f-4937-838f-df866a4acc50&clientStartTime=1765800024497&retryCount=16&retryReason=None&request_guid=ab0efa82-49b5-4870-ae45-d061ce0b498e
[2025-12-15T12:02:38.947+0000] {connectionpool.py:824} WARNING - Retrying (Retry(total=0, connect=None, read=None, redirect=None, status=None)) after connection broken by 'NewConnectionError('<snowflake.connector.vendored.urllib3.connection.HTTPSConnection object at 0x77068d7e0470>: Failed to establish a new connection: [Errno -2] Name or service not known')': /queries/v1/query-request?requestId=211e3731-704f-4937-838f-df866a4acc50&clientStartTime=1765800024497&retryCount=17&retryReason=None&request_guid=b476860c-5e0c-4864-b864-97e784f39ff3
[2025-12-15T12:02:54.954+0000] {connectionpool.py:824} WARNING - Retrying (Retry(total=0, connect=None, read=None, redirect=None, status=None)) after connection broken by 'NewConnectionError('<snowflake.connector.vendored.urllib3.connection.HTTPSConnection object at 0x77068d7e3f50>: Failed to establish a new connection: [Errno -2] Name or service not known')': /queries/v1/query-request?requestId=211e3731-704f-4937-838f-df866a4acc50&clientStartTime=1765800024497&retryCount=18&retryReason=None&request_guid=aa211e9a-fb8d-4e0d-a717-ca2834a35201
[2025-12-15T12:03:03.968+0000] {connectionpool.py:824} WARNING - Retrying (Retry(total=0, connect=None, read=None, redirect=None, status=None)) after connection broken by 'NewConnectionError('<snowflake.connector.vendored.urllib3.connection.HTTPSConnection object at 0x77068d7e3aa0>: Failed to establish a new connection: [Errno -2] Name or service not known')': /queries/v1/query-request?requestId=211e3731-704f-4937-838f-df866a4acc50&clientStartTime=1765800024497&retryCount=19&retryReason=None&request_guid=5bef89f9-b813-4741-a221-142bd1a949cf
[2025-12-15T12:03:19.006+0000] {connectionpool.py:824} WARNING - Retrying (Retry(total=0, connect=None, read=None, redirect=None, status=None)) after connection broken by 'NewConnectionError('<snowflake.connector.vendored.urllib3.connection.HTTPSConnection object at 0x77068d7e2630>: Failed to establish a new connection: [Errno -2] Name or service not known')': /queries/v1/query-request?requestId=211e3731-704f-4937-838f-df866a4acc50&clientStartTime=1765800024497&retryCount=20&retryReason=None&request_guid=6cf5c1c5-c177-41b7-acd4-0e377cba6dd7
[2025-12-15T12:03:21.086+0000] {connectionpool.py:824} WARNING - Retrying (Retry(total=0, connect=None, read=None, redirect=None, status=None)) after connection broken by 'NewConnectionError('<snowflake.connector.vendored.urllib3.connection.HTTPSConnection object at 0x77068d7c5880>: Failed to establish a new connection: [Errno -2] Name or service not known')': /queries/v1/query-request?requestId=211e3731-704f-4937-838f-df866a4acc50&clientStartTime=1765800024497&retryCount=21&retryReason=None&request_guid=9c7d0366-1645-472f-a2c5-500afd7474f4
[2025-12-15T12:03:33.185+0000] {connectionpool.py:824} WARNING - Retrying (Retry(total=0, connect=None, read=None, redirect=None, status=None)) after connection broken by 'NewConnectionError('<snowflake.connector.vendored.urllib3.connection.HTTPSConnection object at 0x77068d7e1220>: Failed to establish a new connection: [Errno -2] Name or service not known')': /queries/v1/query-request?requestId=211e3731-704f-4937-838f-df866a4acc50&clientStartTime=1765800024497&retryCount=22&retryReason=None&request_guid=493f9714-b045-446b-a72b-a030e1ebb6e3
[2025-12-15T12:03:45.274+0000] {connectionpool.py:824} WARNING - Retrying (Retry(total=0, connect=None, read=None, redirect=None, status=None)) after connection broken by 'NewConnectionError('<snowflake.connector.vendored.urllib3.connection.HTTPSConnection object at 0x77068d7e0a10>: Failed to establish a new connection: [Errno -2] Name or service not known')': /queries/v1/query-request?requestId=211e3731-704f-4937-838f-df866a4acc50&clientStartTime=1765800024497&retryCount=23&retryReason=None&request_guid=84a48738-d8c8-4fb7-a3c8-07e2319daf15
[2025-12-15T12:04:00.354+0000] {connectionpool.py:824} WARNING - Retrying (Retry(total=0, connect=None, read=None, redirect=None, status=None)) after connection broken by 'NewConnectionError('<snowflake.connector.vendored.urllib3.connection.HTTPSConnection object at 0x77068d9931d0>: Failed to establish a new connection: [Errno -2] Name or service not known')': /queries/v1/query-request?requestId=211e3731-704f-4937-838f-df866a4acc50&clientStartTime=1765800024497&retryCount=24&retryReason=None&request_guid=3797457d-70ea-41e1-8765-61f7e6b9b70d
[2025-12-15T12:04:11.422+0000] {connectionpool.py:824} WARNING - Retrying (Retry(total=0, connect=None, read=None, redirect=None, status=None)) after connection broken by 'NewConnectionError('<snowflake.connector.vendored.urllib3.connection.HTTPSConnection object at 0x77068d7e8350>: Failed to establish a new connection: [Errno -2] Name or service not known')': /queries/v1/query-request?requestId=211e3731-704f-4937-838f-df866a4acc50&clientStartTime=1765800024497&retryCount=25&retryReason=None&request_guid=f90d3295-e2bd-479d-a9c6-0086d6918413
[2025-12-15T12:04:32.656+0000] {logging_mixin.py:188} INFO - Uploaded file to Snowflake stage: /tmp/minio_data/1765705348.json
[2025-12-15T12:04:41.336+0000] {connectionpool.py:824} WARNING - Retrying (Retry(total=0, connect=None, read=None, redirect=None, status=None)) after connection broken by 'ProtocolError('Connection aborted.', RemoteDisconnected('Remote end closed connection without response'))': /?accelerate
[2025-12-15T12:04:43.117+0000] {logging_mixin.py:188} INFO - Uploaded file to Snowflake stage: /tmp/minio_data/1765705476.json
[2025-12-15T12:04:47.301+0000] {logging_mixin.py:188} INFO - Uploaded file to Snowflake stage: /tmp/minio_data/1765705605.json
[2025-12-15T12:04:52.349+0000] {logging_mixin.py:188} INFO - Uploaded file to Snowflake stage: /tmp/minio_data/1765705738.json
[2025-12-15T12:04:54.013+0000] {logging_mixin.py:188} INFO - Uploaded file to Snowflake stage: /tmp/minio_data/1765705870.json
[2025-12-15T12:04:54.746+0000] {logging_mixin.py:188} INFO - Uploaded file to Snowflake stage: /tmp/minio_data/1765706030.json
[2025-12-15T12:04:55.378+0000] {logging_mixin.py:188} INFO - Uploaded file to Snowflake stage: /tmp/minio_data/1765706198.json
[2025-12-15T12:04:57.630+0000] {logging_mixin.py:188} INFO - Uploaded file to Snowflake stage: /tmp/minio_data/1765706330.json
[2025-12-15T12:04:59.286+0000] {logging_mixin.py:188} INFO - Uploaded file to Snowflake stage: /tmp/minio_data/1765706456.json
[2025-12-15T12:05:00.814+0000] {logging_mixin.py:188} INFO - Uploaded file to Snowflake stage: /tmp/minio_data/1765706581.json
[2025-12-15T12:05:04.577+0000] {logging_mixin.py:188} INFO - Uploaded file to Snowflake stage: /tmp/minio_data/1765706707.json
[2025-12-15T12:05:05.546+0000] {logging_mixin.py:188} INFO - Uploaded file to Snowflake stage: /tmp/minio_data/1765706833.json
[2025-12-15T12:05:07.346+0000] {logging_mixin.py:188} INFO - Uploaded file to Snowflake stage: /tmp/minio_data/1765699183.json
[2025-12-15T12:05:13.723+0000] {connectionpool.py:824} WARNING - Retrying (Retry(total=0, connect=None, read=None, redirect=None, status=None)) after connection broken by 'ProtocolError('Connection aborted.', RemoteDisconnected('Remote end closed connection without response'))': /?accelerate
[2025-12-15T12:05:17.118+0000] {logging_mixin.py:188} INFO - Uploaded file to Snowflake stage: /tmp/minio_data/1765700345.json
