[2025-12-15T23:20:31.666+0000] {local_task_job_runner.py:120} INFO - ::group::Pre task execution logs
[2025-12-15T23:20:32.476+0000] {taskinstance.py:2076} INFO - Dependencies all met for dep_context=non-requeueable deps ti=<TaskInstance: minio_to_snowflake.download_from_minio scheduled__2025-12-15T23:15:00+00:00 [queued]>
[2025-12-15T23:20:32.679+0000] {taskinstance.py:2076} INFO - Dependencies all met for dep_context=requeueable deps ti=<TaskInstance: minio_to_snowflake.download_from_minio scheduled__2025-12-15T23:15:00+00:00 [queued]>
[2025-12-15T23:20:32.688+0000] {taskinstance.py:2306} INFO - Starting attempt 1 of 3
[2025-12-15T23:20:32.813+0000] {taskinstance.py:2330} INFO - Executing <Task(PythonOperator): download_from_minio> on 2025-12-15 23:15:00+00:00
[2025-12-15T23:20:32.920+0000] {logging_mixin.py:188} WARNING - /home/***/.local/lib/python3.12/site-packages/***/task/task_runner/standard_task_runner.py:62 DeprecationWarning: This process (pid=98833) is multi-threaded, use of fork() may lead to deadlocks in the child.
[2025-12-15T23:20:32.928+0000] {standard_task_runner.py:64} INFO - Started process 98875 to run task
[2025-12-15T23:20:32.918+0000] {standard_task_runner.py:90} INFO - Running: ['***', 'tasks', 'run', 'minio_to_snowflake', 'download_from_minio', 'scheduled__2025-12-15T23:15:00+00:00', '--job-id', '290', '--raw', '--subdir', 'DAGS_FOLDER/minio_to_snowflake.py', '--cfg-path', '/tmp/tmpa1kabt1g']
[2025-12-15T23:20:32.959+0000] {standard_task_runner.py:91} INFO - Job 290: Subtask download_from_minio
[2025-12-15T23:20:34.525+0000] {task_command.py:426} INFO - Running <TaskInstance: minio_to_snowflake.download_from_minio scheduled__2025-12-15T23:15:00+00:00 [running]> on host 4abec113d47e
[2025-12-15T23:20:35.704+0000] {taskinstance.py:2648} INFO - Exporting env vars: AIRFLOW_CTX_DAG_OWNER='***' AIRFLOW_CTX_DAG_ID='minio_to_snowflake' AIRFLOW_CTX_TASK_ID='download_from_minio' AIRFLOW_CTX_EXECUTION_DATE='2025-12-15T23:15:00+00:00' AIRFLOW_CTX_TRY_NUMBER='1' AIRFLOW_CTX_DAG_RUN_ID='scheduled__2025-12-15T23:15:00+00:00'
[2025-12-15T23:20:35.740+0000] {taskinstance.py:430} INFO - ::endgroup::
[2025-12-15T23:20:48.101+0000] {logging_mixin.py:188} INFO - Found 265 files in the bucket.
[2025-12-15T23:20:48.456+0000] {logging_mixin.py:188} INFO - Downloaded AAPL/1765699149.json to /tmp/minio_data/1765699149.json
[2025-12-15T23:20:48.654+0000] {logging_mixin.py:188} INFO - Downloaded AAPL/1765700319.json to /tmp/minio_data/1765700319.json
[2025-12-15T23:20:48.860+0000] {logging_mixin.py:188} INFO - Downloaded AAPL/1765700445.json to /tmp/minio_data/1765700445.json
[2025-12-15T23:20:48.993+0000] {logging_mixin.py:188} INFO - Downloaded AAPL/1765700570.json to /tmp/minio_data/1765700570.json
[2025-12-15T23:20:49.105+0000] {logging_mixin.py:188} INFO - Downloaded AAPL/1765700695.json to /tmp/minio_data/1765700695.json
[2025-12-15T23:20:49.195+0000] {logging_mixin.py:188} INFO - Downloaded AAPL/1765700820.json to /tmp/minio_data/1765700820.json
[2025-12-15T23:20:49.338+0000] {logging_mixin.py:188} INFO - Downloaded AAPL/1765700944.json to /tmp/minio_data/1765700944.json
[2025-12-15T23:20:49.436+0000] {logging_mixin.py:188} INFO - Downloaded AAPL/1765701068.json to /tmp/minio_data/1765701068.json
[2025-12-15T23:20:49.574+0000] {logging_mixin.py:188} INFO - Downloaded AAPL/1765701195.json to /tmp/minio_data/1765701195.json
[2025-12-15T23:20:49.681+0000] {logging_mixin.py:188} INFO - Downloaded AAPL/1765701319.json to /tmp/minio_data/1765701319.json
[2025-12-15T23:20:49.792+0000] {logging_mixin.py:188} INFO - Downloaded AAPL/1765701444.json to /tmp/minio_data/1765701444.json
[2025-12-15T23:20:49.932+0000] {logging_mixin.py:188} INFO - Downloaded AAPL/1765701569.json to /tmp/minio_data/1765701569.json
[2025-12-15T23:20:50.088+0000] {logging_mixin.py:188} INFO - Downloaded AAPL/1765701708.json to /tmp/minio_data/1765701708.json
[2025-12-15T23:20:50.155+0000] {logging_mixin.py:188} INFO - Downloaded AAPL/1765701834.json to /tmp/minio_data/1765701834.json
[2025-12-15T23:20:50.267+0000] {logging_mixin.py:188} INFO - Downloaded AAPL/1765701960.json to /tmp/minio_data/1765701960.json
[2025-12-15T23:20:50.367+0000] {logging_mixin.py:188} INFO - Downloaded AAPL/1765702086.json to /tmp/minio_data/1765702086.json
[2025-12-15T23:20:50.430+0000] {logging_mixin.py:188} INFO - Downloaded AAPL/1765702212.json to /tmp/minio_data/1765702212.json
[2025-12-15T23:20:50.522+0000] {logging_mixin.py:188} INFO - Downloaded AAPL/1765702339.json to /tmp/minio_data/1765702339.json
[2025-12-15T23:20:50.668+0000] {logging_mixin.py:188} INFO - Downloaded AAPL/1765702464.json to /tmp/minio_data/1765702464.json
[2025-12-15T23:20:50.849+0000] {logging_mixin.py:188} INFO - Downloaded AAPL/1765702590.json to /tmp/minio_data/1765702590.json
[2025-12-15T23:20:51.242+0000] {logging_mixin.py:188} INFO - Downloaded AAPL/1765702715.json to /tmp/minio_data/1765702715.json
[2025-12-15T23:20:51.447+0000] {logging_mixin.py:188} INFO - Downloaded AAPL/1765702840.json to /tmp/minio_data/1765702840.json
[2025-12-15T23:20:51.678+0000] {logging_mixin.py:188} INFO - Downloaded AAPL/1765702967.json to /tmp/minio_data/1765702967.json
[2025-12-15T23:20:51.893+0000] {logging_mixin.py:188} INFO - Downloaded AAPL/1765703092.json to /tmp/minio_data/1765703092.json
[2025-12-15T23:20:52.382+0000] {logging_mixin.py:188} INFO - Downloaded AAPL/1765703217.json to /tmp/minio_data/1765703217.json
[2025-12-15T23:20:52.692+0000] {logging_mixin.py:188} INFO - Downloaded AAPL/1765703342.json to /tmp/minio_data/1765703342.json
[2025-12-15T23:20:52.860+0000] {logging_mixin.py:188} INFO - Downloaded AAPL/1765703468.json to /tmp/minio_data/1765703468.json
[2025-12-15T23:20:52.995+0000] {logging_mixin.py:188} INFO - Downloaded AAPL/1765703593.json to /tmp/minio_data/1765703593.json
[2025-12-15T23:20:53.216+0000] {logging_mixin.py:188} INFO - Downloaded AAPL/1765703717.json to /tmp/minio_data/1765703717.json
[2025-12-15T23:20:53.314+0000] {logging_mixin.py:188} INFO - Downloaded AAPL/1765703841.json to /tmp/minio_data/1765703841.json
[2025-12-15T23:20:53.413+0000] {logging_mixin.py:188} INFO - Downloaded AAPL/1765703966.json to /tmp/minio_data/1765703966.json
[2025-12-15T23:20:53.546+0000] {logging_mixin.py:188} INFO - Downloaded AAPL/1765704090.json to /tmp/minio_data/1765704090.json
[2025-12-15T23:20:54.143+0000] {logging_mixin.py:188} INFO - Downloaded AAPL/1765704215.json to /tmp/minio_data/1765704215.json
[2025-12-15T23:20:54.505+0000] {logging_mixin.py:188} INFO - Downloaded AAPL/1765704339.json to /tmp/minio_data/1765704339.json
[2025-12-15T23:20:54.695+0000] {logging_mixin.py:188} INFO - Downloaded AAPL/1765704464.json to /tmp/minio_data/1765704464.json
[2025-12-15T23:20:54.960+0000] {logging_mixin.py:188} INFO - Downloaded AAPL/1765704588.json to /tmp/minio_data/1765704588.json
[2025-12-15T23:20:55.102+0000] {logging_mixin.py:188} INFO - Downloaded AAPL/1765704712.json to /tmp/minio_data/1765704712.json
[2025-12-15T23:20:55.236+0000] {logging_mixin.py:188} INFO - Downloaded AAPL/1765704837.json to /tmp/minio_data/1765704837.json
[2025-12-15T23:20:55.653+0000] {logging_mixin.py:188} INFO - Downloaded AAPL/1765704961.json to /tmp/minio_data/1765704961.json
[2025-12-15T23:20:55.787+0000] {logging_mixin.py:188} INFO - Downloaded AAPL/1765705086.json to /tmp/minio_data/1765705086.json
[2025-12-15T23:20:56.050+0000] {logging_mixin.py:188} INFO - Downloaded AAPL/1765705210.json to /tmp/minio_data/1765705210.json
[2025-12-15T23:20:56.276+0000] {logging_mixin.py:188} INFO - Downloaded AAPL/1765705335.json to /tmp/minio_data/1765705335.json
[2025-12-15T23:20:56.702+0000] {logging_mixin.py:188} INFO - Downloaded AAPL/1765705459.json to /tmp/minio_data/1765705459.json
[2025-12-15T23:20:57.299+0000] {logging_mixin.py:188} INFO - Downloaded AAPL/1765705591.json to /tmp/minio_data/1765705591.json
[2025-12-15T23:20:57.943+0000] {logging_mixin.py:188} INFO - Downloaded AAPL/1765705724.json to /tmp/minio_data/1765705724.json
[2025-12-15T23:20:58.400+0000] {logging_mixin.py:188} INFO - Downloaded AAPL/1765705856.json to /tmp/minio_data/1765705856.json
[2025-12-15T23:20:58.635+0000] {logging_mixin.py:188} INFO - Downloaded AAPL/1765706004.json to /tmp/minio_data/1765706004.json
[2025-12-15T23:20:59.037+0000] {logging_mixin.py:188} INFO - Downloaded AAPL/1765706174.json to /tmp/minio_data/1765706174.json
[2025-12-15T23:20:59.225+0000] {logging_mixin.py:188} INFO - Downloaded AAPL/1765706317.json to /tmp/minio_data/1765706317.json
[2025-12-15T23:20:59.411+0000] {logging_mixin.py:188} INFO - Downloaded AAPL/1765706443.json to /tmp/minio_data/1765706443.json
[2025-12-15T23:20:59.741+0000] {logging_mixin.py:188} INFO - Downloaded AAPL/1765706568.json to /tmp/minio_data/1765706568.json
[2025-12-15T23:21:00.036+0000] {logging_mixin.py:188} INFO - Downloaded AAPL/1765706694.json to /tmp/minio_data/1765706694.json
[2025-12-15T23:21:00.205+0000] {logging_mixin.py:188} INFO - Downloaded AAPL/1765706820.json to /tmp/minio_data/1765706820.json
[2025-12-15T23:21:00.470+0000] {logging_mixin.py:188} INFO - Downloaded AMZN/1765699206.json to /tmp/minio_data/1765699206.json
[2025-12-15T23:21:00.682+0000] {logging_mixin.py:188} INFO - Downloaded AMZN/1765700358.json to /tmp/minio_data/1765700358.json
[2025-12-15T23:21:00.829+0000] {logging_mixin.py:188} INFO - Downloaded AMZN/1765700483.json to /tmp/minio_data/1765700483.json
[2025-12-15T23:21:00.916+0000] {logging_mixin.py:188} INFO - Downloaded AMZN/1765700609.json to /tmp/minio_data/1765700609.json
[2025-12-15T23:21:01.007+0000] {logging_mixin.py:188} INFO - Downloaded AMZN/1765700734.json to /tmp/minio_data/1765700734.json
[2025-12-15T23:21:01.079+0000] {logging_mixin.py:188} INFO - Downloaded AMZN/1765700858.json to /tmp/minio_data/1765700858.json
[2025-12-15T23:21:01.231+0000] {logging_mixin.py:188} INFO - Downloaded AMZN/1765700983.json to /tmp/minio_data/1765700983.json
[2025-12-15T23:21:01.333+0000] {logging_mixin.py:188} INFO - Downloaded AMZN/1765701108.json to /tmp/minio_data/1765701108.json
[2025-12-15T23:21:01.464+0000] {logging_mixin.py:188} INFO - Downloaded AMZN/1765701234.json to /tmp/minio_data/1765701234.json
[2025-12-15T23:21:01.770+0000] {logging_mixin.py:188} INFO - Downloaded AMZN/1765701359.json to /tmp/minio_data/1765701359.json
[2025-12-15T23:21:02.032+0000] {logging_mixin.py:188} INFO - Downloaded AMZN/1765701483.json to /tmp/minio_data/1765701483.json
[2025-12-15T23:21:02.138+0000] {logging_mixin.py:188} INFO - Downloaded AMZN/1765701607.json to /tmp/minio_data/1765701607.json
[2025-12-15T23:21:02.390+0000] {logging_mixin.py:188} INFO - Downloaded AMZN/1765701748.json to /tmp/minio_data/1765701748.json
[2025-12-15T23:21:02.700+0000] {logging_mixin.py:188} INFO - Downloaded AMZN/1765701874.json to /tmp/minio_data/1765701874.json
[2025-12-15T23:21:03.003+0000] {logging_mixin.py:188} INFO - Downloaded AMZN/1765701999.json to /tmp/minio_data/1765701999.json
[2025-12-15T23:21:03.141+0000] {logging_mixin.py:188} INFO - Downloaded AMZN/1765702125.json to /tmp/minio_data/1765702125.json
[2025-12-15T23:21:03.262+0000] {logging_mixin.py:188} INFO - Downloaded AMZN/1765702252.json to /tmp/minio_data/1765702252.json
[2025-12-15T23:21:03.378+0000] {logging_mixin.py:188} INFO - Downloaded AMZN/1765702378.json to /tmp/minio_data/1765702378.json
[2025-12-15T23:21:03.490+0000] {logging_mixin.py:188} INFO - Downloaded AMZN/1765702503.json to /tmp/minio_data/1765702503.json
[2025-12-15T23:21:03.579+0000] {logging_mixin.py:188} INFO - Downloaded AMZN/1765702628.json to /tmp/minio_data/1765702628.json
[2025-12-15T23:21:03.721+0000] {logging_mixin.py:188} INFO - Downloaded AMZN/1765702754.json to /tmp/minio_data/1765702754.json
[2025-12-15T23:21:03.881+0000] {logging_mixin.py:188} INFO - Downloaded AMZN/1765702880.json to /tmp/minio_data/1765702880.json
[2025-12-15T23:21:04.020+0000] {logging_mixin.py:188} INFO - Downloaded AMZN/1765703006.json to /tmp/minio_data/1765703006.json
[2025-12-15T23:21:04.173+0000] {logging_mixin.py:188} INFO - Downloaded AMZN/1765703131.json to /tmp/minio_data/1765703131.json
[2025-12-15T23:21:04.326+0000] {logging_mixin.py:188} INFO - Downloaded AMZN/1765703256.json to /tmp/minio_data/1765703256.json
[2025-12-15T23:21:04.757+0000] {logging_mixin.py:188} INFO - Downloaded AMZN/1765703381.json to /tmp/minio_data/1765703381.json
[2025-12-15T23:21:05.448+0000] {logging_mixin.py:188} INFO - Downloaded AMZN/1765703507.json to /tmp/minio_data/1765703507.json
[2025-12-15T23:21:05.564+0000] {logging_mixin.py:188} INFO - Downloaded AMZN/1765703631.json to /tmp/minio_data/1765703631.json
[2025-12-15T23:21:05.750+0000] {logging_mixin.py:188} INFO - Downloaded AMZN/1765703756.json to /tmp/minio_data/1765703756.json
[2025-12-15T23:21:05.878+0000] {logging_mixin.py:188} INFO - Downloaded AMZN/1765703880.json to /tmp/minio_data/1765703880.json
[2025-12-15T23:21:06.046+0000] {logging_mixin.py:188} INFO - Downloaded AMZN/1765704004.json to /tmp/minio_data/1765704004.json
[2025-12-15T23:21:06.204+0000] {logging_mixin.py:188} INFO - Downloaded AMZN/1765704129.json to /tmp/minio_data/1765704129.json
[2025-12-15T23:21:06.294+0000] {logging_mixin.py:188} INFO - Downloaded AMZN/1765704254.json to /tmp/minio_data/1765704254.json
[2025-12-15T23:21:06.497+0000] {logging_mixin.py:188} INFO - Downloaded AMZN/1765704377.json to /tmp/minio_data/1765704377.json
[2025-12-15T23:21:06.662+0000] {logging_mixin.py:188} INFO - Downloaded AMZN/1765704502.json to /tmp/minio_data/1765704502.json
[2025-12-15T23:21:06.819+0000] {logging_mixin.py:188} INFO - Downloaded AMZN/1765704627.json to /tmp/minio_data/1765704627.json
[2025-12-15T23:21:06.982+0000] {logging_mixin.py:188} INFO - Downloaded AMZN/1765704751.json to /tmp/minio_data/1765704751.json
[2025-12-15T23:21:07.086+0000] {logging_mixin.py:188} INFO - Downloaded AMZN/1765704875.json to /tmp/minio_data/1765704875.json
[2025-12-15T23:21:07.181+0000] {logging_mixin.py:188} INFO - Downloaded AMZN/1765705000.json to /tmp/minio_data/1765705000.json
[2025-12-15T23:21:07.266+0000] {logging_mixin.py:188} INFO - Downloaded AMZN/1765705125.json to /tmp/minio_data/1765705125.json
[2025-12-15T23:21:07.345+0000] {logging_mixin.py:188} INFO - Downloaded AMZN/1765705249.json to /tmp/minio_data/1765705249.json
[2025-12-15T23:21:07.482+0000] {logging_mixin.py:188} INFO - Downloaded AMZN/1765705373.json to /tmp/minio_data/1765705373.json
[2025-12-15T23:21:07.580+0000] {logging_mixin.py:188} INFO - Downloaded AMZN/1765705504.json to /tmp/minio_data/1765705504.json
[2025-12-15T23:21:07.658+0000] {logging_mixin.py:188} INFO - Downloaded AMZN/1765705636.json to /tmp/minio_data/1765705636.json
[2025-12-15T23:21:07.782+0000] {logging_mixin.py:188} INFO - Downloaded AMZN/1765705768.json to /tmp/minio_data/1765705768.json
[2025-12-15T23:21:07.873+0000] {logging_mixin.py:188} INFO - Downloaded AMZN/1765705902.json to /tmp/minio_data/1765705902.json
[2025-12-15T23:21:08.004+0000] {logging_mixin.py:188} INFO - Downloaded AMZN/1765706078.json to /tmp/minio_data/1765706078.json
[2025-12-15T23:21:08.085+0000] {logging_mixin.py:188} INFO - Downloaded AMZN/1765706228.json to /tmp/minio_data/1765706228.json
[2025-12-15T23:21:08.251+0000] {logging_mixin.py:188} INFO - Downloaded AMZN/1765706357.json to /tmp/minio_data/1765706357.json
[2025-12-15T23:21:08.369+0000] {logging_mixin.py:188} INFO - Downloaded AMZN/1765706482.json to /tmp/minio_data/1765706482.json
[2025-12-15T23:21:08.500+0000] {logging_mixin.py:188} INFO - Downloaded AMZN/1765706607.json to /tmp/minio_data/1765706607.json
[2025-12-15T23:21:08.676+0000] {logging_mixin.py:188} INFO - Downloaded AMZN/1765706733.json to /tmp/minio_data/1765706733.json
[2025-12-15T23:21:08.839+0000] {logging_mixin.py:188} INFO - Downloaded AMZN/1765706859.json to /tmp/minio_data/1765706859.json
[2025-12-15T23:21:08.930+0000] {logging_mixin.py:188} INFO - Downloaded GOOGL/1765699167.json to /tmp/minio_data/1765699167.json
[2025-12-15T23:21:09.042+0000] {logging_mixin.py:188} INFO - Downloaded GOOGL/1765700332.json to /tmp/minio_data/1765700332.json
[2025-12-15T23:21:09.202+0000] {logging_mixin.py:188} INFO - Downloaded GOOGL/1765700458.json to /tmp/minio_data/1765700458.json
[2025-12-15T23:21:09.279+0000] {logging_mixin.py:188} INFO - Downloaded GOOGL/1765700583.json to /tmp/minio_data/1765700583.json
[2025-12-15T23:21:09.370+0000] {logging_mixin.py:188} INFO - Downloaded GOOGL/1765700708.json to /tmp/minio_data/1765700708.json
[2025-12-15T23:21:09.426+0000] {logging_mixin.py:188} INFO - Downloaded GOOGL/1765700832.json to /tmp/minio_data/1765700832.json
[2025-12-15T23:21:09.536+0000] {logging_mixin.py:188} INFO - Downloaded GOOGL/1765700957.json to /tmp/minio_data/1765700957.json
[2025-12-15T23:21:09.656+0000] {logging_mixin.py:188} INFO - Downloaded GOOGL/1765701082.json to /tmp/minio_data/1765701082.json
[2025-12-15T23:21:09.785+0000] {logging_mixin.py:188} INFO - Downloaded GOOGL/1765701208.json to /tmp/minio_data/1765701208.json
[2025-12-15T23:21:09.983+0000] {logging_mixin.py:188} INFO - Downloaded GOOGL/1765701333.json to /tmp/minio_data/1765701333.json
[2025-12-15T23:21:10.296+0000] {logging_mixin.py:188} INFO - Downloaded GOOGL/1765701457.json to /tmp/minio_data/1765701457.json
[2025-12-15T23:21:10.384+0000] {logging_mixin.py:188} INFO - Downloaded GOOGL/1765701582.json to /tmp/minio_data/1765701582.json
[2025-12-15T23:21:10.498+0000] {logging_mixin.py:188} INFO - Downloaded GOOGL/1765701721.json to /tmp/minio_data/1765701721.json
[2025-12-15T23:21:10.697+0000] {logging_mixin.py:188} INFO - Downloaded GOOGL/1765701847.json to /tmp/minio_data/1765701847.json
[2025-12-15T23:21:10.888+0000] {logging_mixin.py:188} INFO - Downloaded GOOGL/1765701973.json to /tmp/minio_data/1765701973.json
[2025-12-15T23:21:11.011+0000] {logging_mixin.py:188} INFO - Downloaded GOOGL/1765702099.json to /tmp/minio_data/1765702099.json
[2025-12-15T23:21:11.121+0000] {logging_mixin.py:188} INFO - Downloaded GOOGL/1765702225.json to /tmp/minio_data/1765702225.json
[2025-12-15T23:21:11.179+0000] {logging_mixin.py:188} INFO - Downloaded GOOGL/1765702352.json to /tmp/minio_data/1765702352.json
[2025-12-15T23:21:11.238+0000] {logging_mixin.py:188} INFO - Downloaded GOOGL/1765702477.json to /tmp/minio_data/1765702477.json
[2025-12-15T23:21:11.318+0000] {logging_mixin.py:188} INFO - Downloaded GOOGL/1765702603.json to /tmp/minio_data/1765702603.json
[2025-12-15T23:21:11.382+0000] {logging_mixin.py:188} INFO - Downloaded GOOGL/1765702728.json to /tmp/minio_data/1765702728.json
[2025-12-15T23:21:11.480+0000] {logging_mixin.py:188} INFO - Downloaded GOOGL/1765702853.json to /tmp/minio_data/1765702853.json
[2025-12-15T23:21:11.596+0000] {logging_mixin.py:188} INFO - Downloaded GOOGL/1765702980.json to /tmp/minio_data/1765702980.json
[2025-12-15T23:21:11.665+0000] {logging_mixin.py:188} INFO - Downloaded GOOGL/1765703105.json to /tmp/minio_data/1765703105.json
[2025-12-15T23:21:11.749+0000] {logging_mixin.py:188} INFO - Downloaded GOOGL/1765703230.json to /tmp/minio_data/1765703230.json
[2025-12-15T23:21:11.817+0000] {logging_mixin.py:188} INFO - Downloaded GOOGL/1765703355.json to /tmp/minio_data/1765703355.json
[2025-12-15T23:21:11.900+0000] {logging_mixin.py:188} INFO - Downloaded GOOGL/1765703481.json to /tmp/minio_data/1765703481.json
[2025-12-15T23:21:11.996+0000] {logging_mixin.py:188} INFO - Downloaded GOOGL/1765703605.json to /tmp/minio_data/1765703605.json
[2025-12-15T23:21:12.090+0000] {logging_mixin.py:188} INFO - Downloaded GOOGL/1765703729.json to /tmp/minio_data/1765703729.json
[2025-12-15T23:21:12.220+0000] {logging_mixin.py:188} INFO - Downloaded GOOGL/1765703854.json to /tmp/minio_data/1765703854.json
[2025-12-15T23:21:12.426+0000] {logging_mixin.py:188} INFO - Downloaded GOOGL/1765703979.json to /tmp/minio_data/1765703979.json
[2025-12-15T23:21:12.646+0000] {logging_mixin.py:188} INFO - Downloaded GOOGL/1765704103.json to /tmp/minio_data/1765704103.json
[2025-12-15T23:21:12.876+0000] {logging_mixin.py:188} INFO - Downloaded GOOGL/1765704228.json to /tmp/minio_data/1765704228.json
[2025-12-15T23:21:13.196+0000] {logging_mixin.py:188} INFO - Downloaded GOOGL/1765704352.json to /tmp/minio_data/1765704352.json
[2025-12-15T23:21:13.383+0000] {logging_mixin.py:188} INFO - Downloaded GOOGL/1765704477.json to /tmp/minio_data/1765704477.json
[2025-12-15T23:21:13.942+0000] {logging_mixin.py:188} INFO - Downloaded GOOGL/1765704601.json to /tmp/minio_data/1765704601.json
[2025-12-15T23:21:14.239+0000] {logging_mixin.py:188} INFO - Downloaded GOOGL/1765704725.json to /tmp/minio_data/1765704725.json
[2025-12-15T23:21:14.519+0000] {logging_mixin.py:188} INFO - Downloaded GOOGL/1765704850.json to /tmp/minio_data/1765704850.json
[2025-12-15T23:21:15.076+0000] {logging_mixin.py:188} INFO - Downloaded GOOGL/1765704974.json to /tmp/minio_data/1765704974.json
[2025-12-15T23:21:15.334+0000] {logging_mixin.py:188} INFO - Downloaded GOOGL/1765705098.json to /tmp/minio_data/1765705098.json
[2025-12-15T23:21:15.614+0000] {logging_mixin.py:188} INFO - Downloaded GOOGL/1765705223.json to /tmp/minio_data/1765705223.json
[2025-12-15T23:21:15.928+0000] {logging_mixin.py:188} INFO - Downloaded GOOGL/1765705348.json to /tmp/minio_data/1765705348.json
[2025-12-15T23:21:16.139+0000] {logging_mixin.py:188} INFO - Downloaded GOOGL/1765705476.json to /tmp/minio_data/1765705476.json
[2025-12-15T23:21:16.360+0000] {logging_mixin.py:188} INFO - Downloaded GOOGL/1765705605.json to /tmp/minio_data/1765705605.json
[2025-12-15T23:21:16.519+0000] {logging_mixin.py:188} INFO - Downloaded GOOGL/1765705738.json to /tmp/minio_data/1765705738.json
[2025-12-15T23:21:16.796+0000] {logging_mixin.py:188} INFO - Downloaded GOOGL/1765705870.json to /tmp/minio_data/1765705870.json
[2025-12-15T23:21:16.910+0000] {logging_mixin.py:188} INFO - Downloaded GOOGL/1765706030.json to /tmp/minio_data/1765706030.json
[2025-12-15T23:21:17.044+0000] {logging_mixin.py:188} INFO - Downloaded GOOGL/1765706198.json to /tmp/minio_data/1765706198.json
[2025-12-15T23:21:17.215+0000] {logging_mixin.py:188} INFO - Downloaded GOOGL/1765706330.json to /tmp/minio_data/1765706330.json
[2025-12-15T23:21:17.538+0000] {logging_mixin.py:188} INFO - Downloaded GOOGL/1765706456.json to /tmp/minio_data/1765706456.json
[2025-12-15T23:21:17.872+0000] {logging_mixin.py:188} INFO - Downloaded GOOGL/1765706581.json to /tmp/minio_data/1765706581.json
[2025-12-15T23:21:17.965+0000] {logging_mixin.py:188} INFO - Downloaded GOOGL/1765706707.json to /tmp/minio_data/1765706707.json
[2025-12-15T23:21:18.099+0000] {logging_mixin.py:188} INFO - Downloaded GOOGL/1765706833.json to /tmp/minio_data/1765706833.json
[2025-12-15T23:21:18.173+0000] {logging_mixin.py:188} INFO - Downloaded MSFT/1765699183.json to /tmp/minio_data/1765699183.json
[2025-12-15T23:21:18.312+0000] {logging_mixin.py:188} INFO - Downloaded MSFT/1765700345.json to /tmp/minio_data/1765700345.json
[2025-12-15T23:21:18.425+0000] {logging_mixin.py:188} INFO - Downloaded MSFT/1765700470.json to /tmp/minio_data/1765700470.json
[2025-12-15T23:21:18.482+0000] {logging_mixin.py:188} INFO - Downloaded MSFT/1765700596.json to /tmp/minio_data/1765700596.json
[2025-12-15T23:21:18.564+0000] {logging_mixin.py:188} INFO - Downloaded MSFT/1765700721.json to /tmp/minio_data/1765700721.json
[2025-12-15T23:21:18.640+0000] {logging_mixin.py:188} INFO - Downloaded MSFT/1765700845.json to /tmp/minio_data/1765700845.json
[2025-12-15T23:21:18.815+0000] {logging_mixin.py:188} INFO - Downloaded MSFT/1765700970.json to /tmp/minio_data/1765700970.json
[2025-12-15T23:21:19.637+0000] {logging_mixin.py:188} INFO - Downloaded MSFT/1765701095.json to /tmp/minio_data/1765701095.json
[2025-12-15T23:21:19.731+0000] {logging_mixin.py:188} INFO - Downloaded MSFT/1765701221.json to /tmp/minio_data/1765701221.json
[2025-12-15T23:21:19.787+0000] {logging_mixin.py:188} INFO - Downloaded MSFT/1765701346.json to /tmp/minio_data/1765701346.json
[2025-12-15T23:21:19.833+0000] {logging_mixin.py:188} INFO - Downloaded MSFT/1765701470.json to /tmp/minio_data/1765701470.json
[2025-12-15T23:21:19.885+0000] {logging_mixin.py:188} INFO - Downloaded MSFT/1765701595.json to /tmp/minio_data/1765701595.json
[2025-12-15T23:21:19.956+0000] {logging_mixin.py:188} INFO - Downloaded MSFT/1765701735.json to /tmp/minio_data/1765701735.json
[2025-12-15T23:21:20.026+0000] {logging_mixin.py:188} INFO - Downloaded MSFT/1765701861.json to /tmp/minio_data/1765701861.json
[2025-12-15T23:21:20.085+0000] {logging_mixin.py:188} INFO - Downloaded MSFT/1765701986.json to /tmp/minio_data/1765701986.json
[2025-12-15T23:21:20.174+0000] {logging_mixin.py:188} INFO - Downloaded MSFT/1765702112.json to /tmp/minio_data/1765702112.json
[2025-12-15T23:21:20.220+0000] {logging_mixin.py:188} INFO - Downloaded MSFT/1765702238.json to /tmp/minio_data/1765702238.json
[2025-12-15T23:21:20.278+0000] {logging_mixin.py:188} INFO - Downloaded MSFT/1765702365.json to /tmp/minio_data/1765702365.json
[2025-12-15T23:21:20.388+0000] {logging_mixin.py:188} INFO - Downloaded MSFT/1765702490.json to /tmp/minio_data/1765702490.json
[2025-12-15T23:21:20.456+0000] {logging_mixin.py:188} INFO - Downloaded MSFT/1765702615.json to /tmp/minio_data/1765702615.json
[2025-12-15T23:21:20.580+0000] {logging_mixin.py:188} INFO - Downloaded MSFT/1765702741.json to /tmp/minio_data/1765702741.json
[2025-12-15T23:21:20.653+0000] {logging_mixin.py:188} INFO - Downloaded MSFT/1765702867.json to /tmp/minio_data/1765702867.json
[2025-12-15T23:21:20.719+0000] {logging_mixin.py:188} INFO - Downloaded MSFT/1765702993.json to /tmp/minio_data/1765702993.json
[2025-12-15T23:21:20.772+0000] {logging_mixin.py:188} INFO - Downloaded MSFT/1765703118.json to /tmp/minio_data/1765703118.json
[2025-12-15T23:21:20.836+0000] {logging_mixin.py:188} INFO - Downloaded MSFT/1765703243.json to /tmp/minio_data/1765703243.json
[2025-12-15T23:21:20.895+0000] {logging_mixin.py:188} INFO - Downloaded MSFT/1765703368.json to /tmp/minio_data/1765703368.json
[2025-12-15T23:21:20.981+0000] {logging_mixin.py:188} INFO - Downloaded MSFT/1765703494.json to /tmp/minio_data/1765703494.json
[2025-12-15T23:21:21.062+0000] {logging_mixin.py:188} INFO - Downloaded MSFT/1765703618.json to /tmp/minio_data/1765703618.json
[2025-12-15T23:21:21.114+0000] {logging_mixin.py:188} INFO - Downloaded MSFT/1765703742.json to /tmp/minio_data/1765703742.json
[2025-12-15T23:21:21.169+0000] {logging_mixin.py:188} INFO - Downloaded MSFT/1765703867.json to /tmp/minio_data/1765703867.json
[2025-12-15T23:21:21.223+0000] {logging_mixin.py:188} INFO - Downloaded MSFT/1765703991.json to /tmp/minio_data/1765703991.json
[2025-12-15T23:21:21.304+0000] {logging_mixin.py:188} INFO - Downloaded MSFT/1765704116.json to /tmp/minio_data/1765704116.json
[2025-12-15T23:21:21.400+0000] {logging_mixin.py:188} INFO - Downloaded MSFT/1765704241.json to /tmp/minio_data/1765704241.json
[2025-12-15T23:21:21.585+0000] {logging_mixin.py:188} INFO - Downloaded MSFT/1765704365.json to /tmp/minio_data/1765704365.json
[2025-12-15T23:21:21.663+0000] {logging_mixin.py:188} INFO - Downloaded MSFT/1765704489.json to /tmp/minio_data/1765704489.json
[2025-12-15T23:21:21.730+0000] {logging_mixin.py:188} INFO - Downloaded MSFT/1765704614.json to /tmp/minio_data/1765704614.json
[2025-12-15T23:21:21.793+0000] {logging_mixin.py:188} INFO - Downloaded MSFT/1765704738.json to /tmp/minio_data/1765704738.json
[2025-12-15T23:21:21.856+0000] {logging_mixin.py:188} INFO - Downloaded MSFT/1765704862.json to /tmp/minio_data/1765704862.json
[2025-12-15T23:21:21.920+0000] {logging_mixin.py:188} INFO - Downloaded MSFT/1765704987.json to /tmp/minio_data/1765704987.json
[2025-12-15T23:21:21.965+0000] {logging_mixin.py:188} INFO - Downloaded MSFT/1765705111.json to /tmp/minio_data/1765705111.json
[2025-12-15T23:21:22.005+0000] {logging_mixin.py:188} INFO - Downloaded MSFT/1765705236.json to /tmp/minio_data/1765705236.json
[2025-12-15T23:21:22.055+0000] {logging_mixin.py:188} INFO - Downloaded MSFT/1765705361.json to /tmp/minio_data/1765705361.json
[2025-12-15T23:21:22.088+0000] {logging_mixin.py:188} INFO - Downloaded MSFT/1765705490.json to /tmp/minio_data/1765705490.json
[2025-12-15T23:21:22.177+0000] {logging_mixin.py:188} INFO - Downloaded MSFT/1765705621.json to /tmp/minio_data/1765705621.json
[2025-12-15T23:21:22.270+0000] {logging_mixin.py:188} INFO - Downloaded MSFT/1765705752.json to /tmp/minio_data/1765705752.json
[2025-12-15T23:21:22.324+0000] {logging_mixin.py:188} INFO - Downloaded MSFT/1765705883.json to /tmp/minio_data/1765705883.json
[2025-12-15T23:21:22.369+0000] {logging_mixin.py:188} INFO - Downloaded MSFT/1765706046.json to /tmp/minio_data/1765706046.json
[2025-12-15T23:21:22.430+0000] {logging_mixin.py:188} INFO - Downloaded MSFT/1765706212.json to /tmp/minio_data/1765706212.json
[2025-12-15T23:21:22.481+0000] {logging_mixin.py:188} INFO - Downloaded MSFT/1765706343.json to /tmp/minio_data/1765706343.json
[2025-12-15T23:21:22.506+0000] {logging_mixin.py:188} INFO - Downloaded MSFT/1765706469.json to /tmp/minio_data/1765706469.json
[2025-12-15T23:21:22.552+0000] {logging_mixin.py:188} INFO - Downloaded MSFT/1765706594.json to /tmp/minio_data/1765706594.json
[2025-12-15T23:21:22.598+0000] {logging_mixin.py:188} INFO - Downloaded MSFT/1765706720.json to /tmp/minio_data/1765706720.json
[2025-12-15T23:21:22.652+0000] {logging_mixin.py:188} INFO - Downloaded MSFT/1765706846.json to /tmp/minio_data/1765706846.json
[2025-12-15T23:21:22.705+0000] {logging_mixin.py:188} INFO - Downloaded TSLA/1765699228.json to /tmp/minio_data/1765699228.json
[2025-12-15T23:21:22.750+0000] {logging_mixin.py:188} INFO - Downloaded TSLA/1765700372.json to /tmp/minio_data/1765700372.json
[2025-12-15T23:21:22.841+0000] {logging_mixin.py:188} INFO - Downloaded TSLA/1765700496.json to /tmp/minio_data/1765700496.json
[2025-12-15T23:21:22.965+0000] {logging_mixin.py:188} INFO - Downloaded TSLA/1765700622.json to /tmp/minio_data/1765700622.json
[2025-12-15T23:21:23.266+0000] {logging_mixin.py:188} INFO - Downloaded TSLA/1765700747.json to /tmp/minio_data/1765700747.json
[2025-12-15T23:21:23.602+0000] {logging_mixin.py:188} INFO - Downloaded TSLA/1765700871.json to /tmp/minio_data/1765700871.json
[2025-12-15T23:21:24.223+0000] {logging_mixin.py:188} INFO - Downloaded TSLA/1765700995.json to /tmp/minio_data/1765700995.json
[2025-12-15T23:21:24.789+0000] {logging_mixin.py:188} INFO - Downloaded TSLA/1765701121.json to /tmp/minio_data/1765701121.json
[2025-12-15T23:21:24.944+0000] {logging_mixin.py:188} INFO - Downloaded TSLA/1765701246.json to /tmp/minio_data/1765701246.json
[2025-12-15T23:21:25.166+0000] {logging_mixin.py:188} INFO - Downloaded TSLA/1765701372.json to /tmp/minio_data/1765701372.json
[2025-12-15T23:21:25.380+0000] {logging_mixin.py:188} INFO - Downloaded TSLA/1765701496.json to /tmp/minio_data/1765701496.json
[2025-12-15T23:21:25.598+0000] {logging_mixin.py:188} INFO - Downloaded TSLA/1765701620.json to /tmp/minio_data/1765701620.json
[2025-12-15T23:21:25.738+0000] {logging_mixin.py:188} INFO - Downloaded TSLA/1765701761.json to /tmp/minio_data/1765701761.json
[2025-12-15T23:21:26.225+0000] {logging_mixin.py:188} INFO - Downloaded TSLA/1765701887.json to /tmp/minio_data/1765701887.json
[2025-12-15T23:21:26.653+0000] {logging_mixin.py:188} INFO - Downloaded TSLA/1765702012.json to /tmp/minio_data/1765702012.json
[2025-12-15T23:21:27.118+0000] {logging_mixin.py:188} INFO - Downloaded TSLA/1765702139.json to /tmp/minio_data/1765702139.json
[2025-12-15T23:21:27.291+0000] {logging_mixin.py:188} INFO - Downloaded TSLA/1765702265.json to /tmp/minio_data/1765702265.json
[2025-12-15T23:21:28.052+0000] {logging_mixin.py:188} INFO - Downloaded TSLA/1765702391.json to /tmp/minio_data/1765702391.json
[2025-12-15T23:21:28.308+0000] {logging_mixin.py:188} INFO - Downloaded TSLA/1765702517.json to /tmp/minio_data/1765702517.json
[2025-12-15T23:21:28.540+0000] {logging_mixin.py:188} INFO - Downloaded TSLA/1765702642.json to /tmp/minio_data/1765702642.json
[2025-12-15T23:21:28.759+0000] {logging_mixin.py:188} INFO - Downloaded TSLA/1765702767.json to /tmp/minio_data/1765702767.json
[2025-12-15T23:21:29.467+0000] {logging_mixin.py:188} INFO - Downloaded TSLA/1765702893.json to /tmp/minio_data/1765702893.json
[2025-12-15T23:21:29.848+0000] {logging_mixin.py:188} INFO - Downloaded TSLA/1765703019.json to /tmp/minio_data/1765703019.json
[2025-12-15T23:21:30.129+0000] {logging_mixin.py:188} INFO - Downloaded TSLA/1765703144.json to /tmp/minio_data/1765703144.json
[2025-12-15T23:21:30.215+0000] {logging_mixin.py:188} INFO - Downloaded TSLA/1765703269.json to /tmp/minio_data/1765703269.json
[2025-12-15T23:21:31.247+0000] {logging_mixin.py:188} INFO - Downloaded TSLA/1765703394.json to /tmp/minio_data/1765703394.json
[2025-12-15T23:21:31.561+0000] {logging_mixin.py:188} INFO - Downloaded TSLA/1765703520.json to /tmp/minio_data/1765703520.json
[2025-12-15T23:21:31.729+0000] {logging_mixin.py:188} INFO - Downloaded TSLA/1765703644.json to /tmp/minio_data/1765703644.json
[2025-12-15T23:21:31.868+0000] {logging_mixin.py:188} INFO - Downloaded TSLA/1765703769.json to /tmp/minio_data/1765703769.json
[2025-12-15T23:21:32.244+0000] {logging_mixin.py:188} INFO - Downloaded TSLA/1765703893.json to /tmp/minio_data/1765703893.json
[2025-12-15T23:21:34.083+0000] {logging_mixin.py:188} INFO - Downloaded TSLA/1765704017.json to /tmp/minio_data/1765704017.json
[2025-12-15T23:21:34.318+0000] {logging_mixin.py:188} INFO - Downloaded TSLA/1765704142.json to /tmp/minio_data/1765704142.json
[2025-12-15T23:21:34.376+0000] {logging_mixin.py:188} INFO - Downloaded TSLA/1765704266.json to /tmp/minio_data/1765704266.json
[2025-12-15T23:21:34.463+0000] {logging_mixin.py:188} INFO - Downloaded TSLA/1765704390.json to /tmp/minio_data/1765704390.json
[2025-12-15T23:21:34.672+0000] {logging_mixin.py:188} INFO - Downloaded TSLA/1765704515.json to /tmp/minio_data/1765704515.json
[2025-12-15T23:21:34.946+0000] {logging_mixin.py:188} INFO - Downloaded TSLA/1765704639.json to /tmp/minio_data/1765704639.json
[2025-12-15T23:21:35.098+0000] {logging_mixin.py:188} INFO - Downloaded TSLA/1765704764.json to /tmp/minio_data/1765704764.json
[2025-12-15T23:21:35.204+0000] {logging_mixin.py:188} INFO - Downloaded TSLA/1765704888.json to /tmp/minio_data/1765704888.json
[2025-12-15T23:21:35.244+0000] {logging_mixin.py:188} INFO - Downloaded TSLA/1765705012.json to /tmp/minio_data/1765705012.json
[2025-12-15T23:21:35.699+0000] {logging_mixin.py:188} INFO - Downloaded TSLA/1765705138.json to /tmp/minio_data/1765705138.json
[2025-12-15T23:21:36.403+0000] {logging_mixin.py:188} INFO - Downloaded TSLA/1765705262.json to /tmp/minio_data/1765705262.json
[2025-12-15T23:21:36.476+0000] {logging_mixin.py:188} INFO - Downloaded TSLA/1765705386.json to /tmp/minio_data/1765705386.json
[2025-12-15T23:21:36.586+0000] {logging_mixin.py:188} INFO - Downloaded TSLA/1765705517.json to /tmp/minio_data/1765705517.json
[2025-12-15T23:21:36.663+0000] {logging_mixin.py:188} INFO - Downloaded TSLA/1765705651.json to /tmp/minio_data/1765705651.json
[2025-12-15T23:21:36.748+0000] {logging_mixin.py:188} INFO - Downloaded TSLA/1765705782.json to /tmp/minio_data/1765705782.json
[2025-12-15T23:21:36.833+0000] {logging_mixin.py:188} INFO - Downloaded TSLA/1765705924.json to /tmp/minio_data/1765705924.json
[2025-12-15T23:21:36.892+0000] {logging_mixin.py:188} INFO - Downloaded TSLA/1765706099.json to /tmp/minio_data/1765706099.json
[2025-12-15T23:21:36.944+0000] {logging_mixin.py:188} INFO - Downloaded TSLA/1765706244.json to /tmp/minio_data/1765706244.json
[2025-12-15T23:21:37.023+0000] {logging_mixin.py:188} INFO - Downloaded TSLA/1765706370.json to /tmp/minio_data/1765706370.json
[2025-12-15T23:21:37.120+0000] {logging_mixin.py:188} INFO - Downloaded TSLA/1765706495.json to /tmp/minio_data/1765706495.json
[2025-12-15T23:21:37.188+0000] {logging_mixin.py:188} INFO - Downloaded TSLA/1765706621.json to /tmp/minio_data/1765706621.json
[2025-12-15T23:21:37.309+0000] {logging_mixin.py:188} INFO - Downloaded TSLA/1765706746.json to /tmp/minio_data/1765706746.json
[2025-12-15T23:21:37.353+0000] {logging_mixin.py:188} INFO - Downloaded TSLA/1765706872.json to /tmp/minio_data/1765706872.json
[2025-12-15T23:21:37.355+0000] {logging_mixin.py:188} INFO -  Successfully downlaoded 265 files.
[2025-12-15T23:21:37.368+0000] {python.py:237} INFO - Done. Returned value was: ['/tmp/minio_data/1765699149.json', '/tmp/minio_data/1765700319.json', '/tmp/minio_data/1765700445.json', '/tmp/minio_data/1765700570.json', '/tmp/minio_data/1765700695.json', '/tmp/minio_data/1765700820.json', '/tmp/minio_data/1765700944.json', '/tmp/minio_data/1765701068.json', '/tmp/minio_data/1765701195.json', '/tmp/minio_data/1765701319.json', '/tmp/minio_data/1765701444.json', '/tmp/minio_data/1765701569.json', '/tmp/minio_data/1765701708.json', '/tmp/minio_data/1765701834.json', '/tmp/minio_data/1765701960.json', '/tmp/minio_data/1765702086.json', '/tmp/minio_data/1765702212.json', '/tmp/minio_data/1765702339.json', '/tmp/minio_data/1765702464.json', '/tmp/minio_data/1765702590.json', '/tmp/minio_data/1765702715.json', '/tmp/minio_data/1765702840.json', '/tmp/minio_data/1765702967.json', '/tmp/minio_data/1765703092.json', '/tmp/minio_data/1765703217.json', '/tmp/minio_data/1765703342.json', '/tmp/minio_data/1765703468.json', '/tmp/minio_data/1765703593.json', '/tmp/minio_data/1765703717.json', '/tmp/minio_data/1765703841.json', '/tmp/minio_data/1765703966.json', '/tmp/minio_data/1765704090.json', '/tmp/minio_data/1765704215.json', '/tmp/minio_data/1765704339.json', '/tmp/minio_data/1765704464.json', '/tmp/minio_data/1765704588.json', '/tmp/minio_data/1765704712.json', '/tmp/minio_data/1765704837.json', '/tmp/minio_data/1765704961.json', '/tmp/minio_data/1765705086.json', '/tmp/minio_data/1765705210.json', '/tmp/minio_data/1765705335.json', '/tmp/minio_data/1765705459.json', '/tmp/minio_data/1765705591.json', '/tmp/minio_data/1765705724.json', '/tmp/minio_data/1765705856.json', '/tmp/minio_data/1765706004.json', '/tmp/minio_data/1765706174.json', '/tmp/minio_data/1765706317.json', '/tmp/minio_data/1765706443.json', '/tmp/minio_data/1765706568.json', '/tmp/minio_data/1765706694.json', '/tmp/minio_data/1765706820.json', '/tmp/minio_data/1765699206.json', '/tmp/minio_data/1765700358.json', '/tmp/minio_data/1765700483.json', '/tmp/minio_data/1765700609.json', '/tmp/minio_data/1765700734.json', '/tmp/minio_data/1765700858.json', '/tmp/minio_data/1765700983.json', '/tmp/minio_data/1765701108.json', '/tmp/minio_data/1765701234.json', '/tmp/minio_data/1765701359.json', '/tmp/minio_data/1765701483.json', '/tmp/minio_data/1765701607.json', '/tmp/minio_data/1765701748.json', '/tmp/minio_data/1765701874.json', '/tmp/minio_data/1765701999.json', '/tmp/minio_data/1765702125.json', '/tmp/minio_data/1765702252.json', '/tmp/minio_data/1765702378.json', '/tmp/minio_data/1765702503.json', '/tmp/minio_data/1765702628.json', '/tmp/minio_data/1765702754.json', '/tmp/minio_data/1765702880.json', '/tmp/minio_data/1765703006.json', '/tmp/minio_data/1765703131.json', '/tmp/minio_data/1765703256.json', '/tmp/minio_data/1765703381.json', '/tmp/minio_data/1765703507.json', '/tmp/minio_data/1765703631.json', '/tmp/minio_data/1765703756.json', '/tmp/minio_data/1765703880.json', '/tmp/minio_data/1765704004.json', '/tmp/minio_data/1765704129.json', '/tmp/minio_data/1765704254.json', '/tmp/minio_data/1765704377.json', '/tmp/minio_data/1765704502.json', '/tmp/minio_data/1765704627.json', '/tmp/minio_data/1765704751.json', '/tmp/minio_data/1765704875.json', '/tmp/minio_data/1765705000.json', '/tmp/minio_data/1765705125.json', '/tmp/minio_data/1765705249.json', '/tmp/minio_data/1765705373.json', '/tmp/minio_data/1765705504.json', '/tmp/minio_data/1765705636.json', '/tmp/minio_data/1765705768.json', '/tmp/minio_data/1765705902.json', '/tmp/minio_data/1765706078.json', '/tmp/minio_data/1765706228.json', '/tmp/minio_data/1765706357.json', '/tmp/minio_data/1765706482.json', '/tmp/minio_data/1765706607.json', '/tmp/minio_data/1765706733.json', '/tmp/minio_data/1765706859.json', '/tmp/minio_data/1765699167.json', '/tmp/minio_data/1765700332.json', '/tmp/minio_data/1765700458.json', '/tmp/minio_data/1765700583.json', '/tmp/minio_data/1765700708.json', '/tmp/minio_data/1765700832.json', '/tmp/minio_data/1765700957.json', '/tmp/minio_data/1765701082.json', '/tmp/minio_data/1765701208.json', '/tmp/minio_data/1765701333.json', '/tmp/minio_data/1765701457.json', '/tmp/minio_data/1765701582.json', '/tmp/minio_data/1765701721.json', '/tmp/minio_data/1765701847.json', '/tmp/minio_data/1765701973.json', '/tmp/minio_data/1765702099.json', '/tmp/minio_data/1765702225.json', '/tmp/minio_data/1765702352.json', '/tmp/minio_data/1765702477.json', '/tmp/minio_data/1765702603.json', '/tmp/minio_data/1765702728.json', '/tmp/minio_data/1765702853.json', '/tmp/minio_data/1765702980.json', '/tmp/minio_data/1765703105.json', '/tmp/minio_data/1765703230.json', '/tmp/minio_data/1765703355.json', '/tmp/minio_data/1765703481.json', '/tmp/minio_data/1765703605.json', '/tmp/minio_data/1765703729.json', '/tmp/minio_data/1765703854.json', '/tmp/minio_data/1765703979.json', '/tmp/minio_data/1765704103.json', '/tmp/minio_data/1765704228.json', '/tmp/minio_data/1765704352.json', '/tmp/minio_data/1765704477.json', '/tmp/minio_data/1765704601.json', '/tmp/minio_data/1765704725.json', '/tmp/minio_data/1765704850.json', '/tmp/minio_data/1765704974.json', '/tmp/minio_data/1765705098.json', '/tmp/minio_data/1765705223.json', '/tmp/minio_data/1765705348.json', '/tmp/minio_data/1765705476.json', '/tmp/minio_data/1765705605.json', '/tmp/minio_data/1765705738.json', '/tmp/minio_data/1765705870.json', '/tmp/minio_data/1765706030.json', '/tmp/minio_data/1765706198.json', '/tmp/minio_data/1765706330.json', '/tmp/minio_data/1765706456.json', '/tmp/minio_data/1765706581.json', '/tmp/minio_data/1765706707.json', '/tmp/minio_data/1765706833.json', '/tmp/minio_data/1765699183.json', '/tmp/minio_data/1765700345.json', '/tmp/minio_data/1765700470.json', '/tmp/minio_data/1765700596.json', '/tmp/minio_data/1765700721.json', '/tmp/minio_data/1765700845.json', '/tmp/minio_data/1765700970.json', '/tmp/minio_data/1765701095.json', '/tmp/minio_data/1765701221.json', '/tmp/minio_data/1765701346.json', '/tmp/minio_data/1765701470.json', '/tmp/minio_data/1765701595.json', '/tmp/minio_data/1765701735.json', '/tmp/minio_data/1765701861.json', '/tmp/minio_data/1765701986.json', '/tmp/minio_data/1765702112.json', '/tmp/minio_data/1765702238.json', '/tmp/minio_data/1765702365.json', '/tmp/minio_data/1765702490.json', '/tmp/minio_data/1765702615.json', '/tmp/minio_data/1765702741.json', '/tmp/minio_data/1765702867.json', '/tmp/minio_data/1765702993.json', '/tmp/minio_data/1765703118.json', '/tmp/minio_data/1765703243.json', '/tmp/minio_data/1765703368.json', '/tmp/minio_data/1765703494.json', '/tmp/minio_data/1765703618.json', '/tmp/minio_data/1765703742.json', '/tmp/minio_data/1765703867.json', '/tmp/minio_data/1765703991.json', '/tmp/minio_data/1765704116.json', '/tmp/minio_data/1765704241.json', '/tmp/minio_data/1765704365.json', '/tmp/minio_data/1765704489.json', '/tmp/minio_data/1765704614.json', '/tmp/minio_data/1765704738.json', '/tmp/minio_data/1765704862.json', '/tmp/minio_data/1765704987.json', '/tmp/minio_data/1765705111.json', '/tmp/minio_data/1765705236.json', '/tmp/minio_data/1765705361.json', '/tmp/minio_data/1765705490.json', '/tmp/minio_data/1765705621.json', '/tmp/minio_data/1765705752.json', '/tmp/minio_data/1765705883.json', '/tmp/minio_data/1765706046.json', '/tmp/minio_data/1765706212.json', '/tmp/minio_data/1765706343.json', '/tmp/minio_data/1765706469.json', '/tmp/minio_data/1765706594.json', '/tmp/minio_data/1765706720.json', '/tmp/minio_data/1765706846.json', '/tmp/minio_data/1765699228.json', '/tmp/minio_data/1765700372.json', '/tmp/minio_data/1765700496.json', '/tmp/minio_data/1765700622.json', '/tmp/minio_data/1765700747.json', '/tmp/minio_data/1765700871.json', '/tmp/minio_data/1765700995.json', '/tmp/minio_data/1765701121.json', '/tmp/minio_data/1765701246.json', '/tmp/minio_data/1765701372.json', '/tmp/minio_data/1765701496.json', '/tmp/minio_data/1765701620.json', '/tmp/minio_data/1765701761.json', '/tmp/minio_data/1765701887.json', '/tmp/minio_data/1765702012.json', '/tmp/minio_data/1765702139.json', '/tmp/minio_data/1765702265.json', '/tmp/minio_data/1765702391.json', '/tmp/minio_data/1765702517.json', '/tmp/minio_data/1765702642.json', '/tmp/minio_data/1765702767.json', '/tmp/minio_data/1765702893.json', '/tmp/minio_data/1765703019.json', '/tmp/minio_data/1765703144.json', '/tmp/minio_data/1765703269.json', '/tmp/minio_data/1765703394.json', '/tmp/minio_data/1765703520.json', '/tmp/minio_data/1765703644.json', '/tmp/minio_data/1765703769.json', '/tmp/minio_data/1765703893.json', '/tmp/minio_data/1765704017.json', '/tmp/minio_data/1765704142.json', '/tmp/minio_data/1765704266.json', '/tmp/minio_data/1765704390.json', '/tmp/minio_data/1765704515.json', '/tmp/minio_data/1765704639.json', '/tmp/minio_data/1765704764.json', '/tmp/minio_data/1765704888.json', '/tmp/minio_data/1765705012.json', '/tmp/minio_data/1765705138.json', '/tmp/minio_data/1765705262.json', '/tmp/minio_data/1765705386.json', '/tmp/minio_data/1765705517.json', '/tmp/minio_data/1765705651.json', '/tmp/minio_data/1765705782.json', '/tmp/minio_data/1765705924.json', '/tmp/minio_data/1765706099.json', '/tmp/minio_data/1765706244.json', '/tmp/minio_data/1765706370.json', '/tmp/minio_data/1765706495.json', '/tmp/minio_data/1765706621.json', '/tmp/minio_data/1765706746.json', '/tmp/minio_data/1765706872.json']
[2025-12-15T23:21:37.377+0000] {taskinstance.py:441} INFO - ::group::Post task execution logs
[2025-12-15T23:21:37.699+0000] {taskinstance.py:1206} INFO - Marking task as SUCCESS. dag_id=minio_to_snowflake, task_id=download_from_minio, run_id=scheduled__2025-12-15T23:15:00+00:00, execution_date=20251215T231500, start_date=20251215T232032, end_date=20251215T232137
[2025-12-15T23:21:38.150+0000] {local_task_job_runner.py:243} INFO - Task exited with return code 0
[2025-12-15T23:21:38.428+0000] {taskinstance.py:3503} INFO - 0 downstream tasks scheduled from follow-on schedule check
[2025-12-15T23:21:38.466+0000] {local_task_job_runner.py:222} INFO - ::endgroup::
