[2025-12-15T11:42:03.910+0000] {local_task_job_runner.py:120} INFO - ::group::Pre task execution logs
[2025-12-15T11:42:06.318+0000] {taskinstance.py:2076} INFO - Dependencies all met for dep_context=non-requeueable deps ti=<TaskInstance: minio_to_snowflake.load_into_snowflake scheduled__2025-12-15T09:45:00+00:00 [queued]>
[2025-12-15T11:42:07.279+0000] {taskinstance.py:2076} INFO - Dependencies all met for dep_context=requeueable deps ti=<TaskInstance: minio_to_snowflake.load_into_snowflake scheduled__2025-12-15T09:45:00+00:00 [queued]>
[2025-12-15T11:42:07.483+0000] {taskinstance.py:2306} INFO - Starting attempt 2 of 3
[2025-12-15T11:42:08.710+0000] {taskinstance.py:2330} INFO - Executing <Task(PythonOperator): load_into_snowflake> on 2025-12-15 09:45:00+00:00
[2025-12-15T11:42:08.877+0000] {logging_mixin.py:188} WARNING - /home/***/.local/lib/python3.12/site-packages/***/task/task_runner/standard_task_runner.py:62 DeprecationWarning: This process (pid=11402) is multi-threaded, use of fork() may lead to deadlocks in the child.
[2025-12-15T11:42:08.893+0000] {standard_task_runner.py:64} INFO - Started process 11421 to run task
[2025-12-15T11:42:08.880+0000] {standard_task_runner.py:90} INFO - Running: ['***', 'tasks', 'run', 'minio_to_snowflake', 'load_into_snowflake', 'scheduled__2025-12-15T09:45:00+00:00', '--job-id', '46', '--raw', '--subdir', 'DAGS_FOLDER/minio_to_snowflake.py', '--cfg-path', '/tmp/tmpzub4d5pt']
[2025-12-15T11:42:08.927+0000] {standard_task_runner.py:91} INFO - Job 46: Subtask load_into_snowflake
[2025-12-15T11:42:10.978+0000] {task_command.py:426} INFO - Running <TaskInstance: minio_to_snowflake.load_into_snowflake scheduled__2025-12-15T09:45:00+00:00 [running]> on host 4abec113d47e
[2025-12-15T11:42:12.418+0000] {taskinstance.py:2648} INFO - Exporting env vars: AIRFLOW_CTX_DAG_OWNER='***' AIRFLOW_CTX_DAG_ID='minio_to_snowflake' AIRFLOW_CTX_TASK_ID='load_into_snowflake' AIRFLOW_CTX_EXECUTION_DATE='2025-12-15T09:45:00+00:00' AIRFLOW_CTX_TRY_NUMBER='2' AIRFLOW_CTX_DAG_RUN_ID='scheduled__2025-12-15T09:45:00+00:00'
[2025-12-15T11:42:12.499+0000] {taskinstance.py:430} INFO - ::endgroup::
[2025-12-15T11:42:13.837+0000] {logging_mixin.py:188} INFO - Received 265 files from previous task.
[2025-12-15T11:42:13.887+0000] {logging_mixin.py:188} INFO - Cnnecting to Snowflake...
[2025-12-15T11:42:13.930+0000] {connection.py:408} INFO - Snowflake Connector for Python Version: 3.11.0, Python Version: 3.12.4, Platform: Linux-6.6.87.2-microsoft-standard-WSL2-x86_64-with-glibc2.36
[2025-12-15T11:42:13.993+0000] {connection.py:1258} INFO - This connection is in OCSP Fail Open Mode. TLS Certificates would be checked for validity and revocation status. Any other Certificate Revocation related exceptions or OCSP Responder failures would be disregarded in favor of connectivity.
[2025-12-15T11:42:14.338+0000] {connectionpool.py:824} WARNING - Retrying (Retry(total=0, connect=None, read=None, redirect=None, status=None)) after connection broken by 'NewConnectionError('<snowflake.connector.vendored.urllib3.connection.HTTPSConnection object at 0x77068db61490>: Failed to establish a new connection: [Errno -2] Name or service not known')': /session/v1/login-request?request_id=7e164bc5-1078-448c-9a1c-95ca29fd70ed&databaseName=STOCKS_DB&schemaName=COMMON&warehouse=COMPUTE_WH&request_guid=faad9981-7dab-43fb-84fb-0e0aa5d7da87
[2025-12-15T11:42:16.217+0000] {connectionpool.py:824} WARNING - Retrying (Retry(total=0, connect=None, read=None, redirect=None, status=None)) after connection broken by 'NewConnectionError('<snowflake.connector.vendored.urllib3.connection.HTTPSConnection object at 0x77068d9e7260>: Failed to establish a new connection: [Errno -2] Name or service not known')': /session/v1/login-request?request_id=12ba5051-2d54-4204-aa8d-58327a0709a6&databaseName=STOCKS_DB&schemaName=COMMON&warehouse=COMPUTE_WH&request_guid=d0677593-9285-4f3a-8734-562c266a61b3
[2025-12-15T11:42:16.345+0000] {logging_mixin.py:188} INFO - Error in load_into_snowflake: 250001: 250001: Could not connect to Snowflake backend after 2 attempt(s).Aborting
[2025-12-15T11:42:16.346+0000] {python.py:237} INFO - Done. Returned value was: None
[2025-12-15T11:42:16.349+0000] {taskinstance.py:441} INFO - ::group::Post task execution logs
[2025-12-15T11:42:16.769+0000] {taskinstance.py:1206} INFO - Marking task as SUCCESS. dag_id=minio_to_snowflake, task_id=load_into_snowflake, run_id=scheduled__2025-12-15T09:45:00+00:00, execution_date=20251215T094500, start_date=20251215T114206, end_date=20251215T114216
[2025-12-15T11:42:17.363+0000] {local_task_job_runner.py:243} INFO - Task exited with return code 0
[2025-12-15T11:42:17.753+0000] {local_task_job_runner.py:222} INFO - ::endgroup::
