[2025-12-14T12:03:59.107+0000] {processor.py:161} INFO - Started process (PID=176) to work on /opt/airflow/dags/minio_to_snowflake.py
[2025-12-14T12:03:59.120+0000] {processor.py:830} INFO - Processing file /opt/airflow/dags/minio_to_snowflake.py for tasks to queue
[2025-12-14T12:03:59.135+0000] {logging_mixin.py:188} INFO - [2025-12-14T12:03:59.134+0000] {dagbag.py:545} INFO - Filling up the DagBag from /opt/airflow/dags/minio_to_snowflake.py
[2025-12-14T12:04:30.164+0000] {logging_mixin.py:188} INFO - [2025-12-14T12:04:30.153+0000] {timeout.py:68} ERROR - Process timed out, PID: 176
[2025-12-14T12:04:30.169+0000] {logging_mixin.py:188} WARNING - Exception ignored in: <function WeakKeyDictionary.__init__.<locals>.remove at 0x7cf95440a7a0>
[2025-12-14T12:04:30.177+0000] {logging_mixin.py:188} WARNING - Traceback (most recent call last):
[2025-12-14T12:04:30.189+0000] {logging_mixin.py:188} WARNING -   File "/usr/local/lib/python3.12/weakref.py", line 369, in remove
[2025-12-14T12:04:30.195+0000] {logging_mixin.py:188} WARNING -     def remove(k, selfref=ref(self)):
[2025-12-14T12:04:30.203+0000] {logging_mixin.py:188} WARNING -   File "/home/airflow/.local/lib/python3.12/site-packages/airflow/utils/timeout.py", line 69, in handle_timeout
[2025-12-14T12:04:30.220+0000] {logging_mixin.py:188} WARNING -     raise AirflowTaskTimeout(self.error_message)
[2025-12-14T12:04:30.225+0000] {logging_mixin.py:188} WARNING - airflow.exceptions.AirflowTaskTimeout: DagBag import timeout for /opt/airflow/dags/minio_to_snowflake.py after 30.0s.
Please take a look at these docs to improve your DAG import time:
* https://airflow.apache.org/docs/apache-airflow/2.9.3/best-practices.html#top-level-python-code
* https://airflow.apache.org/docs/apache-airflow/2.9.3/best-practices.html#reducing-dag-complexity, PID: 176
[2025-12-14T12:04:42.115+0000] {processor.py:840} INFO - DAG(s) 'minio_to_snowflake' retrieved from /opt/airflow/dags/minio_to_snowflake.py
[2025-12-14T12:04:44.375+0000] {logging_mixin.py:188} INFO - [2025-12-14T12:04:44.373+0000] {override.py:1858} INFO - Created Permission View: can read on DAG:minio_to_snowflake
[2025-12-14T12:04:44.420+0000] {logging_mixin.py:188} INFO - [2025-12-14T12:04:44.419+0000] {override.py:1858} INFO - Created Permission View: can delete on DAG:minio_to_snowflake
[2025-12-14T12:04:44.448+0000] {logging_mixin.py:188} INFO - [2025-12-14T12:04:44.447+0000] {override.py:1858} INFO - Created Permission View: can edit on DAG:minio_to_snowflake
[2025-12-14T12:04:44.450+0000] {logging_mixin.py:188} INFO - [2025-12-14T12:04:44.449+0000] {dag.py:3089} INFO - Sync 1 DAGs
[2025-12-14T12:04:44.527+0000] {logging_mixin.py:188} INFO - [2025-12-14T12:04:44.526+0000] {dag.py:3111} INFO - Creating ORM DAG for minio_to_snowflake
[2025-12-14T12:04:44.631+0000] {logging_mixin.py:188} INFO - [2025-12-14T12:04:44.630+0000] {dag.py:3947} INFO - Setting next_dagrun for minio_to_snowflake to 2025-12-14 11:55:00+00:00, run_after=2025-12-14 12:00:00+00:00
[2025-12-14T12:04:44.726+0000] {processor.py:183} INFO - Processing /opt/airflow/dags/minio_to_snowflake.py took 45.076 seconds
[2025-12-14T12:05:17.775+0000] {processor.py:161} INFO - Started process (PID=199) to work on /opt/airflow/dags/minio_to_snowflake.py
[2025-12-14T12:05:17.779+0000] {processor.py:830} INFO - Processing file /opt/airflow/dags/minio_to_snowflake.py for tasks to queue
[2025-12-14T12:05:17.812+0000] {logging_mixin.py:188} INFO - [2025-12-14T12:05:17.811+0000] {dagbag.py:545} INFO - Filling up the DagBag from /opt/airflow/dags/minio_to_snowflake.py
[2025-12-14T12:05:37.383+0000] {processor.py:840} INFO - DAG(s) 'minio_to_snowflake' retrieved from /opt/airflow/dags/minio_to_snowflake.py
[2025-12-14T12:05:41.290+0000] {logging_mixin.py:188} INFO - [2025-12-14T12:05:41.288+0000] {dag.py:3089} INFO - Sync 1 DAGs
[2025-12-14T12:05:42.195+0000] {logging_mixin.py:188} INFO - [2025-12-14T12:05:42.195+0000] {dag.py:3947} INFO - Setting next_dagrun for minio_to_snowflake to 2025-12-14 12:00:00+00:00, run_after=2025-12-14 12:05:00+00:00
[2025-12-14T12:05:42.461+0000] {processor.py:183} INFO - Processing /opt/airflow/dags/minio_to_snowflake.py took 24.079 seconds
[2025-12-14T12:06:19.197+0000] {processor.py:161} INFO - Started process (PID=213) to work on /opt/airflow/dags/minio_to_snowflake.py
[2025-12-14T12:06:19.206+0000] {processor.py:830} INFO - Processing file /opt/airflow/dags/minio_to_snowflake.py for tasks to queue
[2025-12-14T12:06:19.255+0000] {logging_mixin.py:188} INFO - [2025-12-14T12:06:19.248+0000] {dagbag.py:545} INFO - Filling up the DagBag from /opt/airflow/dags/minio_to_snowflake.py
[2025-12-14T12:06:37.419+0000] {processor.py:840} INFO - DAG(s) 'minio_to_snowflake' retrieved from /opt/airflow/dags/minio_to_snowflake.py
[2025-12-14T12:06:38.263+0000] {logging_mixin.py:188} INFO - [2025-12-14T12:06:38.262+0000] {dag.py:3089} INFO - Sync 1 DAGs
[2025-12-14T12:06:38.570+0000] {logging_mixin.py:188} INFO - [2025-12-14T12:06:38.570+0000] {dag.py:3947} INFO - Setting next_dagrun for minio_to_snowflake to 2025-12-14 12:00:00+00:00, run_after=2025-12-14 12:05:00+00:00
[2025-12-14T12:06:38.751+0000] {processor.py:183} INFO - Processing /opt/airflow/dags/minio_to_snowflake.py took 18.845 seconds
[2025-12-14T12:07:12.060+0000] {processor.py:161} INFO - Started process (PID=227) to work on /opt/airflow/dags/minio_to_snowflake.py
[2025-12-14T12:07:12.071+0000] {processor.py:830} INFO - Processing file /opt/airflow/dags/minio_to_snowflake.py for tasks to queue
[2025-12-14T12:07:12.079+0000] {logging_mixin.py:188} INFO - [2025-12-14T12:07:12.078+0000] {dagbag.py:545} INFO - Filling up the DagBag from /opt/airflow/dags/minio_to_snowflake.py
[2025-12-14T12:07:22.229+0000] {processor.py:840} INFO - DAG(s) 'minio_to_snowflake' retrieved from /opt/airflow/dags/minio_to_snowflake.py
[2025-12-14T12:07:22.563+0000] {logging_mixin.py:188} INFO - [2025-12-14T12:07:22.550+0000] {dag.py:3089} INFO - Sync 1 DAGs
[2025-12-14T12:07:22.997+0000] {logging_mixin.py:188} INFO - [2025-12-14T12:07:22.996+0000] {dag.py:3947} INFO - Setting next_dagrun for minio_to_snowflake to 2025-12-14 12:00:00+00:00, run_after=2025-12-14 12:05:00+00:00
[2025-12-14T12:07:25.122+0000] {processor.py:183} INFO - Processing /opt/airflow/dags/minio_to_snowflake.py took 13.119 seconds
[2025-12-14T12:08:00.782+0000] {processor.py:161} INFO - Started process (PID=242) to work on /opt/airflow/dags/minio_to_snowflake.py
[2025-12-14T12:08:00.787+0000] {processor.py:830} INFO - Processing file /opt/airflow/dags/minio_to_snowflake.py for tasks to queue
[2025-12-14T12:08:00.854+0000] {logging_mixin.py:188} INFO - [2025-12-14T12:08:00.853+0000] {dagbag.py:545} INFO - Filling up the DagBag from /opt/airflow/dags/minio_to_snowflake.py
[2025-12-14T12:08:10.426+0000] {processor.py:840} INFO - DAG(s) 'minio_to_snowflake' retrieved from /opt/airflow/dags/minio_to_snowflake.py
[2025-12-14T12:08:11.011+0000] {logging_mixin.py:188} INFO - [2025-12-14T12:08:10.996+0000] {dag.py:3089} INFO - Sync 1 DAGs
[2025-12-14T12:08:11.712+0000] {logging_mixin.py:188} INFO - [2025-12-14T12:08:11.711+0000] {dag.py:3947} INFO - Setting next_dagrun for minio_to_snowflake to 2025-12-14 12:00:00+00:00, run_after=2025-12-14 12:05:00+00:00
[2025-12-14T12:08:12.142+0000] {processor.py:183} INFO - Processing /opt/airflow/dags/minio_to_snowflake.py took 11.430 seconds
[2025-12-14T12:08:42.643+0000] {processor.py:161} INFO - Started process (PID=257) to work on /opt/airflow/dags/minio_to_snowflake.py
[2025-12-14T12:08:42.647+0000] {processor.py:830} INFO - Processing file /opt/airflow/dags/minio_to_snowflake.py for tasks to queue
[2025-12-14T12:08:42.654+0000] {logging_mixin.py:188} INFO - [2025-12-14T12:08:42.653+0000] {dagbag.py:545} INFO - Filling up the DagBag from /opt/airflow/dags/minio_to_snowflake.py
[2025-12-14T12:08:48.356+0000] {processor.py:840} INFO - DAG(s) 'minio_to_snowflake' retrieved from /opt/airflow/dags/minio_to_snowflake.py
[2025-12-14T12:08:48.689+0000] {logging_mixin.py:188} INFO - [2025-12-14T12:08:48.682+0000] {dag.py:3089} INFO - Sync 1 DAGs
[2025-12-14T12:08:48.932+0000] {logging_mixin.py:188} INFO - [2025-12-14T12:08:48.931+0000] {dag.py:3947} INFO - Setting next_dagrun for minio_to_snowflake to 2025-12-14 12:00:00+00:00, run_after=2025-12-14 12:05:00+00:00
[2025-12-14T12:08:49.051+0000] {processor.py:183} INFO - Processing /opt/airflow/dags/minio_to_snowflake.py took 6.436 seconds
[2025-12-14T12:09:38.775+0000] {processor.py:161} INFO - Started process (PID=272) to work on /opt/airflow/dags/minio_to_snowflake.py
[2025-12-14T12:09:38.802+0000] {processor.py:830} INFO - Processing file /opt/airflow/dags/minio_to_snowflake.py for tasks to queue
[2025-12-14T12:09:39.224+0000] {logging_mixin.py:188} INFO - [2025-12-14T12:09:39.175+0000] {dagbag.py:545} INFO - Filling up the DagBag from /opt/airflow/dags/minio_to_snowflake.py
[2025-12-14T12:10:12.011+0000] {logging_mixin.py:188} INFO - [2025-12-14T12:10:11.977+0000] {timeout.py:68} ERROR - Process timed out, PID: 272
[2025-12-14T12:19:19.457+0000] {processor.py:161} INFO - Started process (PID=257) to work on /opt/airflow/dags/minio_to_snowflake.py
[2025-12-14T12:19:19.477+0000] {processor.py:830} INFO - Processing file /opt/airflow/dags/minio_to_snowflake.py for tasks to queue
[2025-12-14T12:19:19.506+0000] {logging_mixin.py:188} INFO - [2025-12-14T12:19:19.502+0000] {dagbag.py:545} INFO - Filling up the DagBag from /opt/airflow/dags/minio_to_snowflake.py
[2025-12-14T12:19:50.544+0000] {processor.py:840} INFO - DAG(s) 'minio_to_snowflake' retrieved from /opt/airflow/dags/minio_to_snowflake.py
[2025-12-14T12:19:55.359+0000] {logging_mixin.py:188} INFO - [2025-12-14T12:19:55.251+0000] {dag.py:3089} INFO - Sync 1 DAGs
[2025-12-14T12:19:57.087+0000] {logging_mixin.py:188} INFO - [2025-12-14T12:19:57.086+0000] {dag.py:3947} INFO - Setting next_dagrun for minio_to_snowflake to 2025-12-14 12:15:00+00:00, run_after=2025-12-14 12:20:00+00:00
[2025-12-14T12:19:57.663+0000] {processor.py:183} INFO - Processing /opt/airflow/dags/minio_to_snowflake.py took 36.978 seconds
[2025-12-14T12:20:32.555+0000] {processor.py:161} INFO - Started process (PID=282) to work on /opt/airflow/dags/minio_to_snowflake.py
[2025-12-14T12:20:32.841+0000] {processor.py:830} INFO - Processing file /opt/airflow/dags/minio_to_snowflake.py for tasks to queue
[2025-12-14T12:20:35.203+0000] {logging_mixin.py:188} INFO - [2025-12-14T12:20:35.007+0000] {dagbag.py:545} INFO - Filling up the DagBag from /opt/airflow/dags/minio_to_snowflake.py
[2025-12-14T12:21:08.695+0000] {logging_mixin.py:188} INFO - [2025-12-14T12:21:08.692+0000] {timeout.py:68} ERROR - Process timed out, PID: 282
[2025-12-14T12:21:44.737+0000] {processor.py:161} INFO - Started process (PID=304) to work on /opt/airflow/dags/minio_to_snowflake.py
[2025-12-14T12:21:44.782+0000] {processor.py:830} INFO - Processing file /opt/airflow/dags/minio_to_snowflake.py for tasks to queue
[2025-12-14T12:21:44.843+0000] {logging_mixin.py:188} INFO - [2025-12-14T12:21:44.801+0000] {dagbag.py:545} INFO - Filling up the DagBag from /opt/airflow/dags/minio_to_snowflake.py
[2025-12-14T12:23:12.167+0000] {processor.py:161} INFO - Started process (PID=323) to work on /opt/airflow/dags/minio_to_snowflake.py
[2025-12-14T12:23:12.500+0000] {processor.py:830} INFO - Processing file /opt/airflow/dags/minio_to_snowflake.py for tasks to queue
[2025-12-14T12:23:12.770+0000] {logging_mixin.py:188} INFO - [2025-12-14T12:23:12.669+0000] {dagbag.py:545} INFO - Filling up the DagBag from /opt/airflow/dags/minio_to_snowflake.py
[2025-12-14T12:24:32.274+0000] {processor.py:161} INFO - Started process (PID=334) to work on /opt/airflow/dags/minio_to_snowflake.py
[2025-12-14T12:24:32.283+0000] {processor.py:830} INFO - Processing file /opt/airflow/dags/minio_to_snowflake.py for tasks to queue
[2025-12-14T12:24:32.311+0000] {logging_mixin.py:188} INFO - [2025-12-14T12:24:32.298+0000] {dagbag.py:545} INFO - Filling up the DagBag from /opt/airflow/dags/minio_to_snowflake.py
[2025-12-14T12:25:51.257+0000] {processor.py:161} INFO - Started process (PID=355) to work on /opt/airflow/dags/minio_to_snowflake.py
[2025-12-14T12:25:51.259+0000] {processor.py:830} INFO - Processing file /opt/airflow/dags/minio_to_snowflake.py for tasks to queue
[2025-12-14T12:25:51.261+0000] {logging_mixin.py:188} INFO - [2025-12-14T12:25:51.260+0000] {dagbag.py:545} INFO - Filling up the DagBag from /opt/airflow/dags/minio_to_snowflake.py
[2025-12-14T12:26:01.549+0000] {processor.py:840} INFO - DAG(s) 'minio_to_snowflake' retrieved from /opt/airflow/dags/minio_to_snowflake.py
[2025-12-14T12:26:01.920+0000] {logging_mixin.py:188} INFO - [2025-12-14T12:26:01.920+0000] {dag.py:3089} INFO - Sync 1 DAGs
[2025-12-14T12:26:01.978+0000] {logging_mixin.py:188} INFO - [2025-12-14T12:26:01.977+0000] {dag.py:3947} INFO - Setting next_dagrun for minio_to_snowflake to 2025-12-14 12:20:00+00:00, run_after=2025-12-14 12:25:00+00:00
[2025-12-14T12:26:02.051+0000] {processor.py:183} INFO - Processing /opt/airflow/dags/minio_to_snowflake.py took 10.810 seconds
[2025-12-14T12:26:40.879+0000] {processor.py:161} INFO - Started process (PID=385) to work on /opt/airflow/dags/minio_to_snowflake.py
[2025-12-14T12:26:40.943+0000] {processor.py:830} INFO - Processing file /opt/airflow/dags/minio_to_snowflake.py for tasks to queue
[2025-12-14T12:26:40.990+0000] {logging_mixin.py:188} INFO - [2025-12-14T12:26:40.978+0000] {dagbag.py:545} INFO - Filling up the DagBag from /opt/airflow/dags/minio_to_snowflake.py
[2025-12-14T12:27:13.288+0000] {logging_mixin.py:188} INFO - [2025-12-14T12:27:13.287+0000] {timeout.py:68} ERROR - Process timed out, PID: 385
[2025-12-14T12:27:13.297+0000] {logging_mixin.py:188} WARNING - Exception ignored in: <module 'collections.abc' from '/usr/local/lib/python3.12/collections/abc.py'>
[2025-12-14T12:27:13.301+0000] {logging_mixin.py:188} WARNING - Traceback (most recent call last):
[2025-12-14T12:27:13.356+0000] {logging_mixin.py:188} WARNING -   File "<string>", line 0, in <module>
[2025-12-14T12:27:13.387+0000] {logging_mixin.py:188} WARNING -   File "/home/airflow/.local/lib/python3.12/site-packages/airflow/utils/timeout.py", line 69, in handle_timeout
[2025-12-14T12:27:13.405+0000] {logging_mixin.py:188} WARNING -     raise AirflowTaskTimeout(self.error_message)
[2025-12-14T12:27:13.411+0000] {logging_mixin.py:188} WARNING - airflow.exceptions.AirflowTaskTimeout: DagBag import timeout for /opt/airflow/dags/minio_to_snowflake.py after 30.0s.
Please take a look at these docs to improve your DAG import time:
* https://airflow.apache.org/docs/apache-airflow/2.9.3/best-practices.html#top-level-python-code
* https://airflow.apache.org/docs/apache-airflow/2.9.3/best-practices.html#reducing-dag-complexity, PID: 385
[2025-12-14T12:27:13.597+0000] {logging_mixin.py:188} WARNING - <frozen importlib._bootstrap>:488 RuntimeWarning: Cython module failed to patch module with custom type
[2025-12-14T12:28:06.747+0000] {processor.py:161} INFO - Started process (PID=701) to work on /opt/airflow/dags/minio_to_snowflake.py
[2025-12-14T12:28:06.878+0000] {processor.py:830} INFO - Processing file /opt/airflow/dags/minio_to_snowflake.py for tasks to queue
[2025-12-14T12:28:07.063+0000] {logging_mixin.py:188} INFO - [2025-12-14T12:28:07.000+0000] {dagbag.py:545} INFO - Filling up the DagBag from /opt/airflow/dags/minio_to_snowflake.py
[2025-12-14T12:28:43.343+0000] {logging_mixin.py:188} INFO - [2025-12-14T12:28:43.324+0000] {timeout.py:68} ERROR - Process timed out, PID: 701
[2025-12-14T12:29:18.119+0000] {processor.py:161} INFO - Started process (PID=2549) to work on /opt/airflow/dags/minio_to_snowflake.py
[2025-12-14T12:29:18.322+0000] {processor.py:830} INFO - Processing file /opt/airflow/dags/minio_to_snowflake.py for tasks to queue
[2025-12-14T12:29:18.599+0000] {logging_mixin.py:188} INFO - [2025-12-14T12:29:18.521+0000] {dagbag.py:545} INFO - Filling up the DagBag from /opt/airflow/dags/minio_to_snowflake.py
[2025-12-14T12:29:50.817+0000] {logging_mixin.py:188} INFO - [2025-12-14T12:29:50.631+0000] {timeout.py:68} ERROR - Process timed out, PID: 2549
[2025-12-14T12:30:20.061+0000] {processor.py:161} INFO - Started process (PID=2567) to work on /opt/airflow/dags/minio_to_snowflake.py
[2025-12-14T12:30:20.085+0000] {processor.py:830} INFO - Processing file /opt/airflow/dags/minio_to_snowflake.py for tasks to queue
[2025-12-14T12:30:20.101+0000] {logging_mixin.py:188} INFO - [2025-12-14T12:30:20.100+0000] {dagbag.py:545} INFO - Filling up the DagBag from /opt/airflow/dags/minio_to_snowflake.py
[2025-12-14T12:30:57.273+0000] {logging_mixin.py:188} INFO - [2025-12-14T12:30:57.271+0000] {timeout.py:68} ERROR - Process timed out, PID: 2567
[2025-12-14T12:30:57.278+0000] {logging_mixin.py:188} WARNING - Exception ignored in: <function WeakKeyDictionary.__init__.<locals>.remove at 0x75b4ba1ae7a0>
[2025-12-14T12:30:57.280+0000] {logging_mixin.py:188} WARNING - Traceback (most recent call last):
[2025-12-14T12:30:57.281+0000] {logging_mixin.py:188} WARNING -   File "/usr/local/lib/python3.12/weakref.py", line 369, in remove
[2025-12-14T12:30:57.288+0000] {logging_mixin.py:188} WARNING -     def remove(k, selfref=ref(self)):
[2025-12-14T12:30:57.300+0000] {logging_mixin.py:188} WARNING -   File "/home/airflow/.local/lib/python3.12/site-packages/airflow/utils/timeout.py", line 69, in handle_timeout
[2025-12-14T12:30:57.309+0000] {logging_mixin.py:188} WARNING -     raise AirflowTaskTimeout(self.error_message)
[2025-12-14T12:30:57.310+0000] {logging_mixin.py:188} WARNING - airflow.exceptions.AirflowTaskTimeout: DagBag import timeout for /opt/airflow/dags/minio_to_snowflake.py after 30.0s.
Please take a look at these docs to improve your DAG import time:
* https://airflow.apache.org/docs/apache-airflow/2.9.3/best-practices.html#top-level-python-code
* https://airflow.apache.org/docs/apache-airflow/2.9.3/best-practices.html#reducing-dag-complexity, PID: 2567
[2025-12-14T12:30:59.403+0000] {processor.py:840} INFO - DAG(s) 'minio_to_snowflake' retrieved from /opt/airflow/dags/minio_to_snowflake.py
[2025-12-14T12:30:59.971+0000] {logging_mixin.py:188} INFO - [2025-12-14T12:30:59.970+0000] {dag.py:3089} INFO - Sync 1 DAGs
[2025-12-14T12:31:00.026+0000] {logging_mixin.py:188} INFO - [2025-12-14T12:31:00.026+0000] {dag.py:3947} INFO - Setting next_dagrun for minio_to_snowflake to 2025-12-14 12:25:00+00:00, run_after=2025-12-14 12:30:00+00:00
[2025-12-14T12:31:00.152+0000] {processor.py:183} INFO - Processing /opt/airflow/dags/minio_to_snowflake.py took 38.897 seconds
[2025-12-14T12:31:31.031+0000] {processor.py:161} INFO - Started process (PID=2594) to work on /opt/airflow/dags/minio_to_snowflake.py
[2025-12-14T12:31:31.040+0000] {processor.py:830} INFO - Processing file /opt/airflow/dags/minio_to_snowflake.py for tasks to queue
[2025-12-14T12:31:31.069+0000] {logging_mixin.py:188} INFO - [2025-12-14T12:31:31.057+0000] {dagbag.py:545} INFO - Filling up the DagBag from /opt/airflow/dags/minio_to_snowflake.py
[2025-12-14T12:31:39.966+0000] {processor.py:840} INFO - DAG(s) 'minio_to_snowflake' retrieved from /opt/airflow/dags/minio_to_snowflake.py
[2025-12-14T12:31:40.058+0000] {logging_mixin.py:188} INFO - [2025-12-14T12:31:40.053+0000] {dag.py:3089} INFO - Sync 1 DAGs
[2025-12-14T12:31:40.124+0000] {logging_mixin.py:188} INFO - [2025-12-14T12:31:40.123+0000] {dag.py:3947} INFO - Setting next_dagrun for minio_to_snowflake to 2025-12-14 12:30:00+00:00, run_after=2025-12-14 12:35:00+00:00
[2025-12-14T12:31:40.192+0000] {processor.py:183} INFO - Processing /opt/airflow/dags/minio_to_snowflake.py took 7.847 seconds
[2025-12-14T12:32:13.553+0000] {processor.py:161} INFO - Started process (PID=3142) to work on /opt/airflow/dags/minio_to_snowflake.py
[2025-12-14T12:32:13.585+0000] {processor.py:830} INFO - Processing file /opt/airflow/dags/minio_to_snowflake.py for tasks to queue
[2025-12-14T12:32:13.651+0000] {logging_mixin.py:188} INFO - [2025-12-14T12:32:13.609+0000] {dagbag.py:545} INFO - Filling up the DagBag from /opt/airflow/dags/minio_to_snowflake.py
[2025-12-14T12:32:19.906+0000] {processor.py:840} INFO - DAG(s) 'minio_to_snowflake' retrieved from /opt/airflow/dags/minio_to_snowflake.py
[2025-12-14T12:32:20.248+0000] {logging_mixin.py:188} INFO - [2025-12-14T12:32:20.247+0000] {dag.py:3089} INFO - Sync 1 DAGs
[2025-12-14T12:32:20.529+0000] {logging_mixin.py:188} INFO - [2025-12-14T12:32:20.526+0000] {dag.py:3947} INFO - Setting next_dagrun for minio_to_snowflake to 2025-12-14 12:30:00+00:00, run_after=2025-12-14 12:35:00+00:00
[2025-12-14T12:32:20.623+0000] {processor.py:183} INFO - Processing /opt/airflow/dags/minio_to_snowflake.py took 7.168 seconds
[2025-12-14T12:32:51.598+0000] {processor.py:161} INFO - Started process (PID=3183) to work on /opt/airflow/dags/minio_to_snowflake.py
[2025-12-14T12:32:51.601+0000] {processor.py:830} INFO - Processing file /opt/airflow/dags/minio_to_snowflake.py for tasks to queue
[2025-12-14T12:32:51.615+0000] {logging_mixin.py:188} INFO - [2025-12-14T12:32:51.614+0000] {dagbag.py:545} INFO - Filling up the DagBag from /opt/airflow/dags/minio_to_snowflake.py
[2025-12-14T12:32:56.572+0000] {processor.py:840} INFO - DAG(s) 'minio_to_snowflake' retrieved from /opt/airflow/dags/minio_to_snowflake.py
[2025-12-14T12:32:56.668+0000] {logging_mixin.py:188} INFO - [2025-12-14T12:32:56.667+0000] {dag.py:3089} INFO - Sync 1 DAGs
[2025-12-14T12:32:56.710+0000] {logging_mixin.py:188} INFO - [2025-12-14T12:32:56.710+0000] {dag.py:3947} INFO - Setting next_dagrun for minio_to_snowflake to 2025-12-14 12:30:00+00:00, run_after=2025-12-14 12:35:00+00:00
[2025-12-14T12:32:56.791+0000] {processor.py:183} INFO - Processing /opt/airflow/dags/minio_to_snowflake.py took 5.232 seconds
[2025-12-14T12:33:28.571+0000] {processor.py:161} INFO - Started process (PID=3234) to work on /opt/airflow/dags/minio_to_snowflake.py
[2025-12-14T12:33:28.573+0000] {processor.py:830} INFO - Processing file /opt/airflow/dags/minio_to_snowflake.py for tasks to queue
[2025-12-14T12:33:28.578+0000] {logging_mixin.py:188} INFO - [2025-12-14T12:33:28.577+0000] {dagbag.py:545} INFO - Filling up the DagBag from /opt/airflow/dags/minio_to_snowflake.py
[2025-12-14T12:33:31.261+0000] {processor.py:840} INFO - DAG(s) 'minio_to_snowflake' retrieved from /opt/airflow/dags/minio_to_snowflake.py
[2025-12-14T12:33:31.353+0000] {logging_mixin.py:188} INFO - [2025-12-14T12:33:31.351+0000] {dag.py:3089} INFO - Sync 1 DAGs
[2025-12-14T12:33:31.448+0000] {logging_mixin.py:188} INFO - [2025-12-14T12:33:31.447+0000] {dag.py:3947} INFO - Setting next_dagrun for minio_to_snowflake to 2025-12-14 12:30:00+00:00, run_after=2025-12-14 12:35:00+00:00
[2025-12-14T12:33:31.511+0000] {processor.py:183} INFO - Processing /opt/airflow/dags/minio_to_snowflake.py took 2.970 seconds
[2025-12-14T12:34:02.690+0000] {processor.py:161} INFO - Started process (PID=3281) to work on /opt/airflow/dags/minio_to_snowflake.py
[2025-12-14T12:34:02.708+0000] {processor.py:830} INFO - Processing file /opt/airflow/dags/minio_to_snowflake.py for tasks to queue
[2025-12-14T12:34:02.713+0000] {logging_mixin.py:188} INFO - [2025-12-14T12:34:02.713+0000] {dagbag.py:545} INFO - Filling up the DagBag from /opt/airflow/dags/minio_to_snowflake.py
[2025-12-14T12:34:04.477+0000] {processor.py:840} INFO - DAG(s) 'minio_to_snowflake' retrieved from /opt/airflow/dags/minio_to_snowflake.py
[2025-12-14T12:34:04.529+0000] {logging_mixin.py:188} INFO - [2025-12-14T12:34:04.526+0000] {dag.py:3089} INFO - Sync 1 DAGs
[2025-12-14T12:34:04.560+0000] {logging_mixin.py:188} INFO - [2025-12-14T12:34:04.560+0000] {dag.py:3947} INFO - Setting next_dagrun for minio_to_snowflake to 2025-12-14 12:30:00+00:00, run_after=2025-12-14 12:35:00+00:00
[2025-12-14T12:34:04.595+0000] {processor.py:183} INFO - Processing /opt/airflow/dags/minio_to_snowflake.py took 1.954 seconds
[2025-12-14T12:34:34.773+0000] {processor.py:161} INFO - Started process (PID=3331) to work on /opt/airflow/dags/minio_to_snowflake.py
[2025-12-14T12:34:34.775+0000] {processor.py:830} INFO - Processing file /opt/airflow/dags/minio_to_snowflake.py for tasks to queue
[2025-12-14T12:34:34.777+0000] {logging_mixin.py:188} INFO - [2025-12-14T12:34:34.776+0000] {dagbag.py:545} INFO - Filling up the DagBag from /opt/airflow/dags/minio_to_snowflake.py
[2025-12-14T12:34:37.122+0000] {processor.py:840} INFO - DAG(s) 'minio_to_snowflake' retrieved from /opt/airflow/dags/minio_to_snowflake.py
[2025-12-14T12:34:37.188+0000] {logging_mixin.py:188} INFO - [2025-12-14T12:34:37.179+0000] {dag.py:3089} INFO - Sync 1 DAGs
[2025-12-14T12:34:37.299+0000] {logging_mixin.py:188} INFO - [2025-12-14T12:34:37.298+0000] {dag.py:3947} INFO - Setting next_dagrun for minio_to_snowflake to 2025-12-14 12:30:00+00:00, run_after=2025-12-14 12:35:00+00:00
[2025-12-14T12:34:37.416+0000] {processor.py:183} INFO - Processing /opt/airflow/dags/minio_to_snowflake.py took 2.661 seconds
[2025-12-14T12:35:08.812+0000] {processor.py:161} INFO - Started process (PID=3700) to work on /opt/airflow/dags/minio_to_snowflake.py
[2025-12-14T12:35:08.833+0000] {processor.py:830} INFO - Processing file /opt/airflow/dags/minio_to_snowflake.py for tasks to queue
[2025-12-14T12:35:08.845+0000] {logging_mixin.py:188} INFO - [2025-12-14T12:35:08.842+0000] {dagbag.py:545} INFO - Filling up the DagBag from /opt/airflow/dags/minio_to_snowflake.py
[2025-12-14T12:35:12.692+0000] {processor.py:840} INFO - DAG(s) 'minio_to_snowflake' retrieved from /opt/airflow/dags/minio_to_snowflake.py
[2025-12-14T12:35:12.738+0000] {logging_mixin.py:188} INFO - [2025-12-14T12:35:12.737+0000] {dag.py:3089} INFO - Sync 1 DAGs
[2025-12-14T12:35:12.780+0000] {logging_mixin.py:188} INFO - [2025-12-14T12:35:12.780+0000] {dag.py:3947} INFO - Setting next_dagrun for minio_to_snowflake to 2025-12-14 12:35:00+00:00, run_after=2025-12-14 12:40:00+00:00
[2025-12-14T12:35:12.812+0000] {processor.py:183} INFO - Processing /opt/airflow/dags/minio_to_snowflake.py took 4.254 seconds
[2025-12-14T12:35:43.545+0000] {processor.py:161} INFO - Started process (PID=3984) to work on /opt/airflow/dags/minio_to_snowflake.py
[2025-12-14T12:35:43.546+0000] {processor.py:830} INFO - Processing file /opt/airflow/dags/minio_to_snowflake.py for tasks to queue
[2025-12-14T12:35:43.549+0000] {logging_mixin.py:188} INFO - [2025-12-14T12:35:43.549+0000] {dagbag.py:545} INFO - Filling up the DagBag from /opt/airflow/dags/minio_to_snowflake.py
[2025-12-14T12:35:49.138+0000] {processor.py:840} INFO - DAG(s) 'minio_to_snowflake' retrieved from /opt/airflow/dags/minio_to_snowflake.py
[2025-12-14T12:35:49.211+0000] {logging_mixin.py:188} INFO - [2025-12-14T12:35:49.210+0000] {dag.py:3089} INFO - Sync 1 DAGs
[2025-12-14T12:35:49.259+0000] {logging_mixin.py:188} INFO - [2025-12-14T12:35:49.256+0000] {dag.py:3947} INFO - Setting next_dagrun for minio_to_snowflake to 2025-12-14 12:35:00+00:00, run_after=2025-12-14 12:40:00+00:00
[2025-12-14T12:35:49.340+0000] {processor.py:183} INFO - Processing /opt/airflow/dags/minio_to_snowflake.py took 4.414 seconds
[2025-12-14T12:36:19.853+0000] {processor.py:161} INFO - Started process (PID=4062) to work on /opt/airflow/dags/minio_to_snowflake.py
[2025-12-14T12:36:19.856+0000] {processor.py:830} INFO - Processing file /opt/airflow/dags/minio_to_snowflake.py for tasks to queue
[2025-12-14T12:36:19.859+0000] {logging_mixin.py:188} INFO - [2025-12-14T12:36:19.857+0000] {dagbag.py:545} INFO - Filling up the DagBag from /opt/airflow/dags/minio_to_snowflake.py
[2025-12-14T12:36:21.353+0000] {processor.py:840} INFO - DAG(s) 'minio_to_snowflake' retrieved from /opt/airflow/dags/minio_to_snowflake.py
[2025-12-14T12:36:21.394+0000] {logging_mixin.py:188} INFO - [2025-12-14T12:36:21.392+0000] {dag.py:3089} INFO - Sync 1 DAGs
[2025-12-14T12:36:21.426+0000] {logging_mixin.py:188} INFO - [2025-12-14T12:36:21.425+0000] {dag.py:3947} INFO - Setting next_dagrun for minio_to_snowflake to 2025-12-14 12:35:00+00:00, run_after=2025-12-14 12:40:00+00:00
[2025-12-14T12:36:21.469+0000] {processor.py:183} INFO - Processing /opt/airflow/dags/minio_to_snowflake.py took 1.633 seconds
[2025-12-14T12:36:52.533+0000] {processor.py:161} INFO - Started process (PID=4138) to work on /opt/airflow/dags/minio_to_snowflake.py
[2025-12-14T12:36:52.537+0000] {processor.py:830} INFO - Processing file /opt/airflow/dags/minio_to_snowflake.py for tasks to queue
[2025-12-14T12:36:52.539+0000] {logging_mixin.py:188} INFO - [2025-12-14T12:36:52.539+0000] {dagbag.py:545} INFO - Filling up the DagBag from /opt/airflow/dags/minio_to_snowflake.py
[2025-12-14T12:36:55.604+0000] {processor.py:840} INFO - DAG(s) 'minio_to_snowflake' retrieved from /opt/airflow/dags/minio_to_snowflake.py
[2025-12-14T12:36:55.709+0000] {logging_mixin.py:188} INFO - [2025-12-14T12:36:55.708+0000] {dag.py:3089} INFO - Sync 1 DAGs
[2025-12-14T12:36:55.797+0000] {logging_mixin.py:188} INFO - [2025-12-14T12:36:55.797+0000] {dag.py:3947} INFO - Setting next_dagrun for minio_to_snowflake to 2025-12-14 12:35:00+00:00, run_after=2025-12-14 12:40:00+00:00
[2025-12-14T12:36:55.867+0000] {processor.py:183} INFO - Processing /opt/airflow/dags/minio_to_snowflake.py took 3.351 seconds
[2025-12-14T12:37:26.415+0000] {processor.py:161} INFO - Started process (PID=4218) to work on /opt/airflow/dags/minio_to_snowflake.py
[2025-12-14T12:37:26.418+0000] {processor.py:830} INFO - Processing file /opt/airflow/dags/minio_to_snowflake.py for tasks to queue
[2025-12-14T12:37:26.421+0000] {logging_mixin.py:188} INFO - [2025-12-14T12:37:26.420+0000] {dagbag.py:545} INFO - Filling up the DagBag from /opt/airflow/dags/minio_to_snowflake.py
[2025-12-14T12:37:33.909+0000] {processor.py:840} INFO - DAG(s) 'minio_to_snowflake' retrieved from /opt/airflow/dags/minio_to_snowflake.py
[2025-12-14T12:37:34.326+0000] {logging_mixin.py:188} INFO - [2025-12-14T12:37:34.325+0000] {dag.py:3089} INFO - Sync 1 DAGs
[2025-12-14T12:37:34.580+0000] {logging_mixin.py:188} INFO - [2025-12-14T12:37:34.579+0000] {dag.py:3947} INFO - Setting next_dagrun for minio_to_snowflake to 2025-12-14 12:35:00+00:00, run_after=2025-12-14 12:40:00+00:00
[2025-12-14T12:37:34.769+0000] {processor.py:183} INFO - Processing /opt/airflow/dags/minio_to_snowflake.py took 8.416 seconds
[2025-12-14T12:38:05.734+0000] {processor.py:161} INFO - Started process (PID=4304) to work on /opt/airflow/dags/minio_to_snowflake.py
[2025-12-14T12:38:05.746+0000] {processor.py:830} INFO - Processing file /opt/airflow/dags/minio_to_snowflake.py for tasks to queue
[2025-12-14T12:38:05.764+0000] {logging_mixin.py:188} INFO - [2025-12-14T12:38:05.753+0000] {dagbag.py:545} INFO - Filling up the DagBag from /opt/airflow/dags/minio_to_snowflake.py
[2025-12-14T12:38:09.375+0000] {processor.py:840} INFO - DAG(s) 'minio_to_snowflake' retrieved from /opt/airflow/dags/minio_to_snowflake.py
[2025-12-14T12:38:09.446+0000] {logging_mixin.py:188} INFO - [2025-12-14T12:38:09.444+0000] {dag.py:3089} INFO - Sync 1 DAGs
[2025-12-14T12:38:09.512+0000] {logging_mixin.py:188} INFO - [2025-12-14T12:38:09.512+0000] {dag.py:3947} INFO - Setting next_dagrun for minio_to_snowflake to 2025-12-14 12:35:00+00:00, run_after=2025-12-14 12:40:00+00:00
[2025-12-14T12:38:09.561+0000] {processor.py:183} INFO - Processing /opt/airflow/dags/minio_to_snowflake.py took 3.908 seconds
[2025-12-14T12:38:40.088+0000] {processor.py:161} INFO - Started process (PID=4377) to work on /opt/airflow/dags/minio_to_snowflake.py
[2025-12-14T12:38:40.089+0000] {processor.py:830} INFO - Processing file /opt/airflow/dags/minio_to_snowflake.py for tasks to queue
[2025-12-14T12:38:40.091+0000] {logging_mixin.py:188} INFO - [2025-12-14T12:38:40.090+0000] {dagbag.py:545} INFO - Filling up the DagBag from /opt/airflow/dags/minio_to_snowflake.py
[2025-12-14T12:38:41.772+0000] {processor.py:840} INFO - DAG(s) 'minio_to_snowflake' retrieved from /opt/airflow/dags/minio_to_snowflake.py
[2025-12-14T12:38:41.913+0000] {logging_mixin.py:188} INFO - [2025-12-14T12:38:41.912+0000] {dag.py:3089} INFO - Sync 1 DAGs
[2025-12-14T12:38:41.997+0000] {logging_mixin.py:188} INFO - [2025-12-14T12:38:41.996+0000] {dag.py:3947} INFO - Setting next_dagrun for minio_to_snowflake to 2025-12-14 12:35:00+00:00, run_after=2025-12-14 12:40:00+00:00
[2025-12-14T12:38:42.104+0000] {processor.py:183} INFO - Processing /opt/airflow/dags/minio_to_snowflake.py took 2.027 seconds
[2025-12-14T12:39:13.017+0000] {processor.py:161} INFO - Started process (PID=4452) to work on /opt/airflow/dags/minio_to_snowflake.py
[2025-12-14T12:39:13.020+0000] {processor.py:830} INFO - Processing file /opt/airflow/dags/minio_to_snowflake.py for tasks to queue
[2025-12-14T12:39:13.034+0000] {logging_mixin.py:188} INFO - [2025-12-14T12:39:13.024+0000] {dagbag.py:545} INFO - Filling up the DagBag from /opt/airflow/dags/minio_to_snowflake.py
[2025-12-14T12:39:15.854+0000] {processor.py:840} INFO - DAG(s) 'minio_to_snowflake' retrieved from /opt/airflow/dags/minio_to_snowflake.py
[2025-12-14T12:39:15.893+0000] {logging_mixin.py:188} INFO - [2025-12-14T12:39:15.892+0000] {dag.py:3089} INFO - Sync 1 DAGs
[2025-12-14T12:39:15.932+0000] {logging_mixin.py:188} INFO - [2025-12-14T12:39:15.932+0000] {dag.py:3947} INFO - Setting next_dagrun for minio_to_snowflake to 2025-12-14 12:35:00+00:00, run_after=2025-12-14 12:40:00+00:00
[2025-12-14T12:39:15.972+0000] {processor.py:183} INFO - Processing /opt/airflow/dags/minio_to_snowflake.py took 2.995 seconds
[2025-12-14T12:39:47.203+0000] {processor.py:161} INFO - Started process (PID=4523) to work on /opt/airflow/dags/minio_to_snowflake.py
[2025-12-14T12:39:47.445+0000] {processor.py:830} INFO - Processing file /opt/airflow/dags/minio_to_snowflake.py for tasks to queue
[2025-12-14T12:39:47.521+0000] {logging_mixin.py:188} INFO - [2025-12-14T12:39:47.481+0000] {dagbag.py:545} INFO - Filling up the DagBag from /opt/airflow/dags/minio_to_snowflake.py
[2025-12-14T12:39:57.855+0000] {processor.py:840} INFO - DAG(s) 'minio_to_snowflake' retrieved from /opt/airflow/dags/minio_to_snowflake.py
[2025-12-14T12:39:58.069+0000] {logging_mixin.py:188} INFO - [2025-12-14T12:39:58.068+0000] {dag.py:3089} INFO - Sync 1 DAGs
[2025-12-14T12:39:58.247+0000] {logging_mixin.py:188} INFO - [2025-12-14T12:39:58.246+0000] {dag.py:3947} INFO - Setting next_dagrun for minio_to_snowflake to 2025-12-14 12:35:00+00:00, run_after=2025-12-14 12:40:00+00:00
[2025-12-14T12:39:58.442+0000] {processor.py:183} INFO - Processing /opt/airflow/dags/minio_to_snowflake.py took 11.644 seconds
[2025-12-14T12:40:29.400+0000] {processor.py:161} INFO - Started process (PID=5146) to work on /opt/airflow/dags/minio_to_snowflake.py
[2025-12-14T12:40:29.404+0000] {processor.py:830} INFO - Processing file /opt/airflow/dags/minio_to_snowflake.py for tasks to queue
[2025-12-14T12:40:29.411+0000] {logging_mixin.py:188} INFO - [2025-12-14T12:40:29.410+0000] {dagbag.py:545} INFO - Filling up the DagBag from /opt/airflow/dags/minio_to_snowflake.py
[2025-12-14T12:40:38.580+0000] {processor.py:840} INFO - DAG(s) 'minio_to_snowflake' retrieved from /opt/airflow/dags/minio_to_snowflake.py
[2025-12-14T12:40:38.828+0000] {logging_mixin.py:188} INFO - [2025-12-14T12:40:38.820+0000] {dag.py:3089} INFO - Sync 1 DAGs
[2025-12-14T12:40:38.945+0000] {logging_mixin.py:188} INFO - [2025-12-14T12:40:38.945+0000] {dag.py:3947} INFO - Setting next_dagrun for minio_to_snowflake to 2025-12-14 12:40:00+00:00, run_after=2025-12-14 12:45:00+00:00
[2025-12-14T12:40:39.044+0000] {processor.py:183} INFO - Processing /opt/airflow/dags/minio_to_snowflake.py took 8.237 seconds
[2025-12-14T12:41:10.104+0000] {processor.py:161} INFO - Started process (PID=5236) to work on /opt/airflow/dags/minio_to_snowflake.py
[2025-12-14T12:41:10.113+0000] {processor.py:830} INFO - Processing file /opt/airflow/dags/minio_to_snowflake.py for tasks to queue
[2025-12-14T12:41:10.118+0000] {logging_mixin.py:188} INFO - [2025-12-14T12:41:10.117+0000] {dagbag.py:545} INFO - Filling up the DagBag from /opt/airflow/dags/minio_to_snowflake.py
[2025-12-14T12:41:21.362+0000] {processor.py:840} INFO - DAG(s) 'minio_to_snowflake' retrieved from /opt/airflow/dags/minio_to_snowflake.py
[2025-12-14T12:41:21.491+0000] {logging_mixin.py:188} INFO - [2025-12-14T12:41:21.490+0000] {dag.py:3089} INFO - Sync 1 DAGs
[2025-12-14T12:41:21.587+0000] {logging_mixin.py:188} INFO - [2025-12-14T12:41:21.587+0000] {dag.py:3947} INFO - Setting next_dagrun for minio_to_snowflake to 2025-12-14 12:40:00+00:00, run_after=2025-12-14 12:45:00+00:00
[2025-12-14T12:41:21.697+0000] {processor.py:183} INFO - Processing /opt/airflow/dags/minio_to_snowflake.py took 11.653 seconds
[2025-12-14T12:41:52.211+0000] {processor.py:161} INFO - Started process (PID=5321) to work on /opt/airflow/dags/minio_to_snowflake.py
[2025-12-14T12:41:52.214+0000] {processor.py:830} INFO - Processing file /opt/airflow/dags/minio_to_snowflake.py for tasks to queue
[2025-12-14T12:41:52.218+0000] {logging_mixin.py:188} INFO - [2025-12-14T12:41:52.216+0000] {dagbag.py:545} INFO - Filling up the DagBag from /opt/airflow/dags/minio_to_snowflake.py
[2025-12-14T12:41:54.024+0000] {processor.py:840} INFO - DAG(s) 'minio_to_snowflake' retrieved from /opt/airflow/dags/minio_to_snowflake.py
[2025-12-14T12:41:54.086+0000] {logging_mixin.py:188} INFO - [2025-12-14T12:41:54.085+0000] {dag.py:3089} INFO - Sync 1 DAGs
[2025-12-14T12:41:54.132+0000] {logging_mixin.py:188} INFO - [2025-12-14T12:41:54.132+0000] {dag.py:3947} INFO - Setting next_dagrun for minio_to_snowflake to 2025-12-14 12:40:00+00:00, run_after=2025-12-14 12:45:00+00:00
[2025-12-14T12:41:54.164+0000] {processor.py:183} INFO - Processing /opt/airflow/dags/minio_to_snowflake.py took 1.984 seconds
[2025-12-14T12:42:25.030+0000] {processor.py:161} INFO - Started process (PID=5374) to work on /opt/airflow/dags/minio_to_snowflake.py
[2025-12-14T12:42:25.035+0000] {processor.py:830} INFO - Processing file /opt/airflow/dags/minio_to_snowflake.py for tasks to queue
[2025-12-14T12:42:25.039+0000] {logging_mixin.py:188} INFO - [2025-12-14T12:42:25.038+0000] {dagbag.py:545} INFO - Filling up the DagBag from /opt/airflow/dags/minio_to_snowflake.py
[2025-12-14T12:42:28.399+0000] {processor.py:840} INFO - DAG(s) 'minio_to_snowflake' retrieved from /opt/airflow/dags/minio_to_snowflake.py
[2025-12-14T12:42:28.480+0000] {logging_mixin.py:188} INFO - [2025-12-14T12:42:28.479+0000] {dag.py:3089} INFO - Sync 1 DAGs
[2025-12-14T12:42:28.524+0000] {logging_mixin.py:188} INFO - [2025-12-14T12:42:28.523+0000] {dag.py:3947} INFO - Setting next_dagrun for minio_to_snowflake to 2025-12-14 12:40:00+00:00, run_after=2025-12-14 12:45:00+00:00
[2025-12-14T12:42:28.559+0000] {processor.py:183} INFO - Processing /opt/airflow/dags/minio_to_snowflake.py took 3.549 seconds
[2025-12-14T12:42:59.069+0000] {processor.py:161} INFO - Started process (PID=5423) to work on /opt/airflow/dags/minio_to_snowflake.py
[2025-12-14T12:42:59.077+0000] {processor.py:830} INFO - Processing file /opt/airflow/dags/minio_to_snowflake.py for tasks to queue
[2025-12-14T12:42:59.080+0000] {logging_mixin.py:188} INFO - [2025-12-14T12:42:59.079+0000] {dagbag.py:545} INFO - Filling up the DagBag from /opt/airflow/dags/minio_to_snowflake.py
[2025-12-14T12:43:01.047+0000] {processor.py:840} INFO - DAG(s) 'minio_to_snowflake' retrieved from /opt/airflow/dags/minio_to_snowflake.py
[2025-12-14T12:43:01.093+0000] {logging_mixin.py:188} INFO - [2025-12-14T12:43:01.092+0000] {dag.py:3089} INFO - Sync 1 DAGs
[2025-12-14T12:43:01.130+0000] {logging_mixin.py:188} INFO - [2025-12-14T12:43:01.130+0000] {dag.py:3947} INFO - Setting next_dagrun for minio_to_snowflake to 2025-12-14 12:40:00+00:00, run_after=2025-12-14 12:45:00+00:00
[2025-12-14T12:43:01.169+0000] {processor.py:183} INFO - Processing /opt/airflow/dags/minio_to_snowflake.py took 2.127 seconds
[2025-12-14T12:43:32.281+0000] {processor.py:161} INFO - Started process (PID=5474) to work on /opt/airflow/dags/minio_to_snowflake.py
[2025-12-14T12:43:32.284+0000] {processor.py:830} INFO - Processing file /opt/airflow/dags/minio_to_snowflake.py for tasks to queue
[2025-12-14T12:43:32.292+0000] {logging_mixin.py:188} INFO - [2025-12-14T12:43:32.291+0000] {dagbag.py:545} INFO - Filling up the DagBag from /opt/airflow/dags/minio_to_snowflake.py
[2025-12-14T12:43:37.036+0000] {processor.py:840} INFO - DAG(s) 'minio_to_snowflake' retrieved from /opt/airflow/dags/minio_to_snowflake.py
[2025-12-14T12:43:37.130+0000] {logging_mixin.py:188} INFO - [2025-12-14T12:43:37.129+0000] {dag.py:3089} INFO - Sync 1 DAGs
[2025-12-14T12:43:37.267+0000] {logging_mixin.py:188} INFO - [2025-12-14T12:43:37.266+0000] {dag.py:3947} INFO - Setting next_dagrun for minio_to_snowflake to 2025-12-14 12:40:00+00:00, run_after=2025-12-14 12:45:00+00:00
[2025-12-14T12:43:37.623+0000] {processor.py:183} INFO - Processing /opt/airflow/dags/minio_to_snowflake.py took 5.403 seconds
[2025-12-14T12:44:08.618+0000] {processor.py:161} INFO - Started process (PID=5511) to work on /opt/airflow/dags/minio_to_snowflake.py
[2025-12-14T12:44:08.620+0000] {processor.py:830} INFO - Processing file /opt/airflow/dags/minio_to_snowflake.py for tasks to queue
[2025-12-14T12:44:08.622+0000] {logging_mixin.py:188} INFO - [2025-12-14T12:44:08.621+0000] {dagbag.py:545} INFO - Filling up the DagBag from /opt/airflow/dags/minio_to_snowflake.py
[2025-12-14T12:44:12.976+0000] {processor.py:840} INFO - DAG(s) 'minio_to_snowflake' retrieved from /opt/airflow/dags/minio_to_snowflake.py
[2025-12-14T12:44:13.233+0000] {logging_mixin.py:188} INFO - [2025-12-14T12:44:13.231+0000] {dag.py:3089} INFO - Sync 1 DAGs
[2025-12-14T12:44:13.443+0000] {logging_mixin.py:188} INFO - [2025-12-14T12:44:13.441+0000] {dag.py:3947} INFO - Setting next_dagrun for minio_to_snowflake to 2025-12-14 12:40:00+00:00, run_after=2025-12-14 12:45:00+00:00
[2025-12-14T12:44:13.724+0000] {processor.py:183} INFO - Processing /opt/airflow/dags/minio_to_snowflake.py took 3.673 seconds
[2025-12-14T12:44:44.726+0000] {processor.py:161} INFO - Started process (PID=5559) to work on /opt/airflow/dags/minio_to_snowflake.py
[2025-12-14T12:44:44.738+0000] {processor.py:830} INFO - Processing file /opt/airflow/dags/minio_to_snowflake.py for tasks to queue
[2025-12-14T12:44:44.740+0000] {logging_mixin.py:188} INFO - [2025-12-14T12:44:44.740+0000] {dagbag.py:545} INFO - Filling up the DagBag from /opt/airflow/dags/minio_to_snowflake.py
[2025-12-14T12:44:58.182+0000] {processor.py:840} INFO - DAG(s) 'minio_to_snowflake' retrieved from /opt/airflow/dags/minio_to_snowflake.py
[2025-12-14T12:44:58.546+0000] {logging_mixin.py:188} INFO - [2025-12-14T12:44:58.534+0000] {dag.py:3089} INFO - Sync 1 DAGs
[2025-12-14T12:44:59.102+0000] {logging_mixin.py:188} INFO - [2025-12-14T12:44:59.102+0000] {dag.py:3947} INFO - Setting next_dagrun for minio_to_snowflake to 2025-12-14 12:40:00+00:00, run_after=2025-12-14 12:45:00+00:00
[2025-12-14T12:44:59.584+0000] {processor.py:183} INFO - Processing /opt/airflow/dags/minio_to_snowflake.py took 14.902 seconds
[2025-12-14T18:15:14.334+0000] {processor.py:161} INFO - Started process (PID=235) to work on /opt/airflow/dags/minio_to_snowflake.py
[2025-12-14T18:15:17.158+0000] {processor.py:830} INFO - Processing file /opt/airflow/dags/minio_to_snowflake.py for tasks to queue
[2025-12-14T18:15:17.550+0000] {logging_mixin.py:188} INFO - [2025-12-14T18:15:17.534+0000] {dagbag.py:545} INFO - Filling up the DagBag from /opt/airflow/dags/minio_to_snowflake.py
[2025-12-14T18:16:20.226+0000] {logging_mixin.py:188} INFO - [2025-12-14T18:16:20.013+0000] {timeout.py:68} ERROR - Process timed out, PID: 235
[2025-12-14T18:18:01.470+0000] {processor.py:161} INFO - Started process (PID=281) to work on /opt/airflow/dags/minio_to_snowflake.py
[2025-12-14T18:18:01.506+0000] {processor.py:830} INFO - Processing file /opt/airflow/dags/minio_to_snowflake.py for tasks to queue
[2025-12-14T18:18:01.672+0000] {logging_mixin.py:188} INFO - [2025-12-14T18:18:01.617+0000] {dagbag.py:545} INFO - Filling up the DagBag from /opt/airflow/dags/minio_to_snowflake.py
[2025-12-14T18:18:35.188+0000] {logging_mixin.py:188} INFO - [2025-12-14T18:18:35.187+0000] {timeout.py:68} ERROR - Process timed out, PID: 281
[2025-12-14T18:19:26.447+0000] {processor.py:161} INFO - Started process (PID=294) to work on /opt/airflow/dags/minio_to_snowflake.py
[2025-12-14T18:19:26.465+0000] {processor.py:830} INFO - Processing file /opt/airflow/dags/minio_to_snowflake.py for tasks to queue
[2025-12-14T18:19:26.922+0000] {logging_mixin.py:188} INFO - [2025-12-14T18:19:26.858+0000] {dagbag.py:545} INFO - Filling up the DagBag from /opt/airflow/dags/minio_to_snowflake.py
[2025-12-14T18:21:14.223+0000] {processor.py:161} INFO - Started process (PID=312) to work on /opt/airflow/dags/minio_to_snowflake.py
[2025-12-14T18:21:17.177+0000] {processor.py:830} INFO - Processing file /opt/airflow/dags/minio_to_snowflake.py for tasks to queue
[2025-12-14T18:21:21.113+0000] {logging_mixin.py:188} INFO - [2025-12-14T18:21:18.397+0000] {dagbag.py:545} INFO - Filling up the DagBag from /opt/airflow/dags/minio_to_snowflake.py
[2025-12-14T18:23:18.814+0000] {processor.py:161} INFO - Started process (PID=331) to work on /opt/airflow/dags/minio_to_snowflake.py
[2025-12-14T18:23:20.047+0000] {processor.py:830} INFO - Processing file /opt/airflow/dags/minio_to_snowflake.py for tasks to queue
[2025-12-14T18:23:21.919+0000] {logging_mixin.py:188} INFO - [2025-12-14T18:23:20.199+0000] {dagbag.py:545} INFO - Filling up the DagBag from /opt/airflow/dags/minio_to_snowflake.py
[2025-12-14T18:24:31.189+0000] {processor.py:161} INFO - Started process (PID=349) to work on /opt/airflow/dags/minio_to_snowflake.py
[2025-12-14T18:24:31.229+0000] {processor.py:830} INFO - Processing file /opt/airflow/dags/minio_to_snowflake.py for tasks to queue
[2025-12-14T18:24:31.603+0000] {logging_mixin.py:188} INFO - [2025-12-14T18:24:31.245+0000] {dagbag.py:545} INFO - Filling up the DagBag from /opt/airflow/dags/minio_to_snowflake.py
[2025-12-14T19:10:44.995+0000] {processor.py:161} INFO - Started process (PID=178) to work on /opt/airflow/dags/minio_to_snowflake.py
[2025-12-14T19:10:45.008+0000] {processor.py:830} INFO - Processing file /opt/airflow/dags/minio_to_snowflake.py for tasks to queue
[2025-12-14T19:10:45.024+0000] {logging_mixin.py:188} INFO - [2025-12-14T19:10:45.023+0000] {dagbag.py:545} INFO - Filling up the DagBag from /opt/airflow/dags/minio_to_snowflake.py
[2025-12-14T19:11:17.123+0000] {logging_mixin.py:188} INFO - [2025-12-14T19:11:17.119+0000] {timeout.py:68} ERROR - Process timed out, PID: 178
[2025-12-14T19:11:55.232+0000] {processor.py:161} INFO - Started process (PID=200) to work on /opt/airflow/dags/minio_to_snowflake.py
[2025-12-14T19:11:55.353+0000] {processor.py:830} INFO - Processing file /opt/airflow/dags/minio_to_snowflake.py for tasks to queue
[2025-12-14T19:11:55.604+0000] {logging_mixin.py:188} INFO - [2025-12-14T19:11:55.602+0000] {dagbag.py:545} INFO - Filling up the DagBag from /opt/airflow/dags/minio_to_snowflake.py
[2025-12-14T19:13:14.416+0000] {processor.py:161} INFO - Started process (PID=212) to work on /opt/airflow/dags/minio_to_snowflake.py
[2025-12-14T19:13:14.475+0000] {processor.py:830} INFO - Processing file /opt/airflow/dags/minio_to_snowflake.py for tasks to queue
[2025-12-14T19:13:14.837+0000] {logging_mixin.py:188} INFO - [2025-12-14T19:13:14.605+0000] {dagbag.py:545} INFO - Filling up the DagBag from /opt/airflow/dags/minio_to_snowflake.py
[2025-12-14T19:13:47.729+0000] {logging_mixin.py:188} INFO - [2025-12-14T19:13:47.655+0000] {timeout.py:68} ERROR - Process timed out, PID: 212
[2025-12-14T19:14:44.925+0000] {processor.py:161} INFO - Started process (PID=234) to work on /opt/airflow/dags/minio_to_snowflake.py
[2025-12-14T19:14:44.957+0000] {processor.py:830} INFO - Processing file /opt/airflow/dags/minio_to_snowflake.py for tasks to queue
[2025-12-14T19:14:45.679+0000] {logging_mixin.py:188} INFO - [2025-12-14T19:14:45.677+0000] {dagbag.py:545} INFO - Filling up the DagBag from /opt/airflow/dags/minio_to_snowflake.py
[2025-12-14T19:15:20.651+0000] {logging_mixin.py:188} INFO - [2025-12-14T19:15:19.401+0000] {timeout.py:68} ERROR - Process timed out, PID: 234
[2025-12-14T19:16:09.214+0000] {processor.py:161} INFO - Started process (PID=255) to work on /opt/airflow/dags/minio_to_snowflake.py
[2025-12-14T19:16:09.284+0000] {processor.py:830} INFO - Processing file /opt/airflow/dags/minio_to_snowflake.py for tasks to queue
[2025-12-14T19:16:09.402+0000] {logging_mixin.py:188} INFO - [2025-12-14T19:16:09.386+0000] {dagbag.py:545} INFO - Filling up the DagBag from /opt/airflow/dags/minio_to_snowflake.py
[2025-12-14T19:17:32.958+0000] {processor.py:161} INFO - Started process (PID=275) to work on /opt/airflow/dags/minio_to_snowflake.py
[2025-12-14T19:17:32.971+0000] {processor.py:830} INFO - Processing file /opt/airflow/dags/minio_to_snowflake.py for tasks to queue
[2025-12-14T19:17:33.226+0000] {logging_mixin.py:188} INFO - [2025-12-14T19:17:33.088+0000] {dagbag.py:545} INFO - Filling up the DagBag from /opt/airflow/dags/minio_to_snowflake.py
[2025-12-14T19:18:04.989+0000] {logging_mixin.py:188} INFO - [2025-12-14T19:18:04.987+0000] {timeout.py:68} ERROR - Process timed out, PID: 275
[2025-12-14T19:19:34.599+0000] {processor.py:161} INFO - Started process (PID=295) to work on /opt/airflow/dags/minio_to_snowflake.py
[2025-12-14T19:20:25.641+0000] {processor.py:161} INFO - Started process (PID=305) to work on /opt/airflow/dags/minio_to_snowflake.py
[2025-12-14T19:20:26.037+0000] {processor.py:830} INFO - Processing file /opt/airflow/dags/minio_to_snowflake.py for tasks to queue
[2025-12-14T19:20:27.267+0000] {logging_mixin.py:188} INFO - [2025-12-14T19:20:26.947+0000] {dagbag.py:545} INFO - Filling up the DagBag from /opt/airflow/dags/minio_to_snowflake.py
[2025-12-14T19:21:00.546+0000] {logging_mixin.py:188} INFO - [2025-12-14T19:21:00.545+0000] {timeout.py:68} ERROR - Process timed out, PID: 305
[2025-12-14T19:21:47.706+0000] {processor.py:161} INFO - Started process (PID=325) to work on /opt/airflow/dags/minio_to_snowflake.py
[2025-12-14T19:21:47.829+0000] {processor.py:830} INFO - Processing file /opt/airflow/dags/minio_to_snowflake.py for tasks to queue
[2025-12-14T19:21:48.812+0000] {logging_mixin.py:188} INFO - [2025-12-14T19:21:48.326+0000] {dagbag.py:545} INFO - Filling up the DagBag from /opt/airflow/dags/minio_to_snowflake.py
[2025-12-14T19:22:24.696+0000] {logging_mixin.py:188} INFO - [2025-12-14T19:22:24.494+0000] {timeout.py:68} ERROR - Process timed out, PID: 325
[2025-12-14T19:25:14.375+0000] {processor.py:161} INFO - Started process (PID=356) to work on /opt/airflow/dags/minio_to_snowflake.py
[2025-12-14T19:25:14.462+0000] {processor.py:830} INFO - Processing file /opt/airflow/dags/minio_to_snowflake.py for tasks to queue
[2025-12-14T19:25:28.506+0000] {logging_mixin.py:188} INFO - [2025-12-14T19:25:25.762+0000] {dagbag.py:545} INFO - Filling up the DagBag from /opt/airflow/dags/minio_to_snowflake.py
[2025-12-14T19:26:49.577+0000] {processor.py:161} INFO - Started process (PID=375) to work on /opt/airflow/dags/minio_to_snowflake.py
[2025-12-14T19:26:50.850+0000] {processor.py:830} INFO - Processing file /opt/airflow/dags/minio_to_snowflake.py for tasks to queue
[2025-12-14T19:27:07.136+0000] {logging_mixin.py:188} INFO - [2025-12-14T19:26:58.964+0000] {dagbag.py:545} INFO - Filling up the DagBag from /opt/airflow/dags/minio_to_snowflake.py
[2025-12-14T19:29:15.247+0000] {logging_mixin.py:188} INFO - [2025-12-14T19:29:13.757+0000] {timeout.py:68} ERROR - Process timed out, PID: 375
