[2025-12-15T17:30:12.917+0000] {local_task_job_runner.py:120} INFO - ::group::Pre task execution logs
[2025-12-15T17:30:12.962+0000] {taskinstance.py:2076} INFO - Dependencies all met for dep_context=non-requeueable deps ti=<TaskInstance: minio_to_snowflake.load_into_snowflake scheduled__2025-12-15T17:25:00+00:00 [queued]>
[2025-12-15T17:30:12.975+0000] {taskinstance.py:2076} INFO - Dependencies all met for dep_context=requeueable deps ti=<TaskInstance: minio_to_snowflake.load_into_snowflake scheduled__2025-12-15T17:25:00+00:00 [queued]>
[2025-12-15T17:30:12.976+0000] {taskinstance.py:2306} INFO - Starting attempt 1 of 3
[2025-12-15T17:30:12.997+0000] {taskinstance.py:2330} INFO - Executing <Task(PythonOperator): load_into_snowflake> on 2025-12-15 17:25:00+00:00
[2025-12-15T17:30:13.011+0000] {logging_mixin.py:188} WARNING - /home/***/.local/lib/python3.12/site-packages/***/task/task_runner/standard_task_runner.py:62 DeprecationWarning: This process (pid=35219) is multi-threaded, use of fork() may lead to deadlocks in the child.
[2025-12-15T17:30:13.013+0000] {standard_task_runner.py:64} INFO - Started process 35224 to run task
[2025-12-15T17:30:13.011+0000] {standard_task_runner.py:90} INFO - Running: ['***', 'tasks', 'run', 'minio_to_snowflake', 'load_into_snowflake', 'scheduled__2025-12-15T17:25:00+00:00', '--job-id', '163', '--raw', '--subdir', 'DAGS_FOLDER/minio_to_snowflake.py', '--cfg-path', '/tmp/tmpk6hlmpji']
[2025-12-15T17:30:13.015+0000] {standard_task_runner.py:91} INFO - Job 163: Subtask load_into_snowflake
[2025-12-15T17:30:13.131+0000] {task_command.py:426} INFO - Running <TaskInstance: minio_to_snowflake.load_into_snowflake scheduled__2025-12-15T17:25:00+00:00 [running]> on host 4abec113d47e
[2025-12-15T17:30:13.290+0000] {taskinstance.py:2648} INFO - Exporting env vars: AIRFLOW_CTX_DAG_OWNER='***' AIRFLOW_CTX_DAG_ID='minio_to_snowflake' AIRFLOW_CTX_TASK_ID='load_into_snowflake' AIRFLOW_CTX_EXECUTION_DATE='2025-12-15T17:25:00+00:00' AIRFLOW_CTX_TRY_NUMBER='1' AIRFLOW_CTX_DAG_RUN_ID='scheduled__2025-12-15T17:25:00+00:00'
[2025-12-15T17:30:13.292+0000] {taskinstance.py:430} INFO - ::endgroup::
[2025-12-15T17:30:13.328+0000] {logging_mixin.py:188} INFO - Received 265 files from previous task.
[2025-12-15T17:30:13.329+0000] {logging_mixin.py:188} INFO - Cnnecting to Snowflake...
[2025-12-15T17:30:13.331+0000] {connection.py:408} INFO - Snowflake Connector for Python Version: 3.11.0, Python Version: 3.12.4, Platform: Linux-6.6.87.2-microsoft-standard-WSL2-x86_64-with-glibc2.36
[2025-12-15T17:30:13.333+0000] {connection.py:1258} INFO - This connection is in OCSP Fail Open Mode. TLS Certificates would be checked for validity and revocation status. Any other Certificate Revocation related exceptions or OCSP Responder failures would be disregarded in favor of connectivity.
[2025-12-15T17:30:17.354+0000] {logging_mixin.py:188} INFO - Connected to Snowflake.
[2025-12-15T17:30:23.292+0000] {logging_mixin.py:188} INFO - Uploaded file to Snowflake stage: /tmp/minio_data/1765699149.json
[2025-12-15T17:30:24.059+0000] {logging_mixin.py:188} INFO - Uploaded file to Snowflake stage: /tmp/minio_data/1765700319.json
[2025-12-15T17:30:25.437+0000] {logging_mixin.py:188} INFO - Uploaded file to Snowflake stage: /tmp/minio_data/1765700445.json
[2025-12-15T17:30:27.314+0000] {logging_mixin.py:188} INFO - Uploaded file to Snowflake stage: /tmp/minio_data/1765700570.json
[2025-12-15T17:30:28.228+0000] {logging_mixin.py:188} INFO - Uploaded file to Snowflake stage: /tmp/minio_data/1765700695.json
[2025-12-15T17:30:33.279+0000] {logging_mixin.py:188} INFO - Uploaded file to Snowflake stage: /tmp/minio_data/1765700820.json
[2025-12-15T17:30:33.990+0000] {logging_mixin.py:188} INFO - Uploaded file to Snowflake stage: /tmp/minio_data/1765700944.json
[2025-12-15T17:30:34.757+0000] {logging_mixin.py:188} INFO - Uploaded file to Snowflake stage: /tmp/minio_data/1765701068.json
[2025-12-15T17:30:35.482+0000] {logging_mixin.py:188} INFO - Uploaded file to Snowflake stage: /tmp/minio_data/1765701195.json
[2025-12-15T17:30:36.593+0000] {logging_mixin.py:188} INFO - Uploaded file to Snowflake stage: /tmp/minio_data/1765701319.json
[2025-12-15T17:30:37.203+0000] {logging_mixin.py:188} INFO - Uploaded file to Snowflake stage: /tmp/minio_data/1765701444.json
[2025-12-15T17:30:38.021+0000] {logging_mixin.py:188} INFO - Uploaded file to Snowflake stage: /tmp/minio_data/1765701569.json
[2025-12-15T17:30:38.639+0000] {logging_mixin.py:188} INFO - Uploaded file to Snowflake stage: /tmp/minio_data/1765701708.json
[2025-12-15T17:30:39.291+0000] {logging_mixin.py:188} INFO - Uploaded file to Snowflake stage: /tmp/minio_data/1765701834.json
[2025-12-15T17:30:40.028+0000] {logging_mixin.py:188} INFO - Uploaded file to Snowflake stage: /tmp/minio_data/1765701960.json
[2025-12-15T17:30:41.043+0000] {logging_mixin.py:188} INFO - Uploaded file to Snowflake stage: /tmp/minio_data/1765702086.json
[2025-12-15T17:30:41.795+0000] {logging_mixin.py:188} INFO - Uploaded file to Snowflake stage: /tmp/minio_data/1765702212.json
[2025-12-15T17:30:42.472+0000] {logging_mixin.py:188} INFO - Uploaded file to Snowflake stage: /tmp/minio_data/1765702339.json
[2025-12-15T17:30:43.178+0000] {logging_mixin.py:188} INFO - Uploaded file to Snowflake stage: /tmp/minio_data/1765702464.json
[2025-12-15T17:30:43.865+0000] {logging_mixin.py:188} INFO - Uploaded file to Snowflake stage: /tmp/minio_data/1765702590.json
[2025-12-15T17:30:44.702+0000] {logging_mixin.py:188} INFO - Uploaded file to Snowflake stage: /tmp/minio_data/1765702715.json
[2025-12-15T17:30:45.723+0000] {logging_mixin.py:188} INFO - Uploaded file to Snowflake stage: /tmp/minio_data/1765702840.json
[2025-12-15T17:30:46.461+0000] {logging_mixin.py:188} INFO - Uploaded file to Snowflake stage: /tmp/minio_data/1765702967.json
[2025-12-15T17:30:47.274+0000] {logging_mixin.py:188} INFO - Uploaded file to Snowflake stage: /tmp/minio_data/1765703092.json
[2025-12-15T17:30:47.851+0000] {logging_mixin.py:188} INFO - Uploaded file to Snowflake stage: /tmp/minio_data/1765703217.json
[2025-12-15T17:30:48.456+0000] {logging_mixin.py:188} INFO - Uploaded file to Snowflake stage: /tmp/minio_data/1765703342.json
[2025-12-15T17:30:49.133+0000] {logging_mixin.py:188} INFO - Uploaded file to Snowflake stage: /tmp/minio_data/1765703468.json
[2025-12-15T17:30:49.856+0000] {logging_mixin.py:188} INFO - Uploaded file to Snowflake stage: /tmp/minio_data/1765703593.json
[2025-12-15T17:30:51.134+0000] {logging_mixin.py:188} INFO - Uploaded file to Snowflake stage: /tmp/minio_data/1765703717.json
[2025-12-15T17:30:51.745+0000] {logging_mixin.py:188} INFO - Uploaded file to Snowflake stage: /tmp/minio_data/1765703841.json
[2025-12-15T17:30:52.780+0000] {logging_mixin.py:188} INFO - Uploaded file to Snowflake stage: /tmp/minio_data/1765703966.json
[2025-12-15T17:30:53.603+0000] {logging_mixin.py:188} INFO - Uploaded file to Snowflake stage: /tmp/minio_data/1765704090.json
[2025-12-15T17:30:54.622+0000] {logging_mixin.py:188} INFO - Uploaded file to Snowflake stage: /tmp/minio_data/1765704215.json
[2025-12-15T17:30:55.480+0000] {logging_mixin.py:188} INFO - Uploaded file to Snowflake stage: /tmp/minio_data/1765704339.json
[2025-12-15T17:30:56.313+0000] {logging_mixin.py:188} INFO - Uploaded file to Snowflake stage: /tmp/minio_data/1765704464.json
[2025-12-15T17:30:57.330+0000] {logging_mixin.py:188} INFO - Uploaded file to Snowflake stage: /tmp/minio_data/1765704588.json
[2025-12-15T17:30:58.194+0000] {logging_mixin.py:188} INFO - Uploaded file to Snowflake stage: /tmp/minio_data/1765704712.json
[2025-12-15T17:30:58.972+0000] {logging_mixin.py:188} INFO - Uploaded file to Snowflake stage: /tmp/minio_data/1765704837.json
[2025-12-15T17:30:59.779+0000] {logging_mixin.py:188} INFO - Uploaded file to Snowflake stage: /tmp/minio_data/1765704961.json
[2025-12-15T17:31:00.626+0000] {logging_mixin.py:188} INFO - Uploaded file to Snowflake stage: /tmp/minio_data/1765705086.json
[2025-12-15T17:31:01.369+0000] {logging_mixin.py:188} INFO - Uploaded file to Snowflake stage: /tmp/minio_data/1765705210.json
[2025-12-15T17:31:02.388+0000] {logging_mixin.py:188} INFO - Uploaded file to Snowflake stage: /tmp/minio_data/1765705335.json
[2025-12-15T17:31:03.379+0000] {logging_mixin.py:188} INFO - Uploaded file to Snowflake stage: /tmp/minio_data/1765705459.json
[2025-12-15T17:31:06.761+0000] {logging_mixin.py:188} INFO - Uploaded file to Snowflake stage: /tmp/minio_data/1765705591.json
[2025-12-15T17:31:08.745+0000] {logging_mixin.py:188} INFO - Uploaded file to Snowflake stage: /tmp/minio_data/1765705724.json
[2025-12-15T17:31:10.004+0000] {logging_mixin.py:188} INFO - Uploaded file to Snowflake stage: /tmp/minio_data/1765705856.json
[2025-12-15T17:31:11.308+0000] {logging_mixin.py:188} INFO - Uploaded file to Snowflake stage: /tmp/minio_data/1765706004.json
[2025-12-15T17:31:12.516+0000] {logging_mixin.py:188} INFO - Uploaded file to Snowflake stage: /tmp/minio_data/1765706174.json
[2025-12-15T17:31:13.503+0000] {logging_mixin.py:188} INFO - Uploaded file to Snowflake stage: /tmp/minio_data/1765706317.json
[2025-12-15T17:31:14.497+0000] {logging_mixin.py:188} INFO - Uploaded file to Snowflake stage: /tmp/minio_data/1765706443.json
[2025-12-15T17:31:16.433+0000] {logging_mixin.py:188} INFO - Uploaded file to Snowflake stage: /tmp/minio_data/1765706568.json
[2025-12-15T17:31:17.348+0000] {logging_mixin.py:188} INFO - Uploaded file to Snowflake stage: /tmp/minio_data/1765706694.json
[2025-12-15T17:31:19.095+0000] {logging_mixin.py:188} INFO - Uploaded file to Snowflake stage: /tmp/minio_data/1765706820.json
[2025-12-15T17:31:20.180+0000] {logging_mixin.py:188} INFO - Uploaded file to Snowflake stage: /tmp/minio_data/1765699206.json
[2025-12-15T17:31:21.561+0000] {logging_mixin.py:188} INFO - Uploaded file to Snowflake stage: /tmp/minio_data/1765700358.json
[2025-12-15T17:31:23.162+0000] {logging_mixin.py:188} INFO - Uploaded file to Snowflake stage: /tmp/minio_data/1765700483.json
[2025-12-15T17:31:24.574+0000] {logging_mixin.py:188} INFO - Uploaded file to Snowflake stage: /tmp/minio_data/1765700609.json
[2025-12-15T17:31:26.814+0000] {logging_mixin.py:188} INFO - Uploaded file to Snowflake stage: /tmp/minio_data/1765700734.json
[2025-12-15T17:31:28.192+0000] {logging_mixin.py:188} INFO - Uploaded file to Snowflake stage: /tmp/minio_data/1765700858.json
[2025-12-15T17:31:29.323+0000] {logging_mixin.py:188} INFO - Uploaded file to Snowflake stage: /tmp/minio_data/1765700983.json
[2025-12-15T17:31:30.417+0000] {logging_mixin.py:188} INFO - Uploaded file to Snowflake stage: /tmp/minio_data/1765701108.json
[2025-12-15T17:31:31.779+0000] {logging_mixin.py:188} INFO - Uploaded file to Snowflake stage: /tmp/minio_data/1765701234.json
[2025-12-15T17:31:33.380+0000] {logging_mixin.py:188} INFO - Uploaded file to Snowflake stage: /tmp/minio_data/1765701359.json
[2025-12-15T17:31:35.650+0000] {logging_mixin.py:188} INFO - Uploaded file to Snowflake stage: /tmp/minio_data/1765701483.json
[2025-12-15T17:31:36.706+0000] {logging_mixin.py:188} INFO - Uploaded file to Snowflake stage: /tmp/minio_data/1765701607.json
[2025-12-15T17:31:37.733+0000] {logging_mixin.py:188} INFO - Uploaded file to Snowflake stage: /tmp/minio_data/1765701748.json
[2025-12-15T17:31:38.949+0000] {logging_mixin.py:188} INFO - Uploaded file to Snowflake stage: /tmp/minio_data/1765701874.json
[2025-12-15T17:31:40.282+0000] {logging_mixin.py:188} INFO - Uploaded file to Snowflake stage: /tmp/minio_data/1765701999.json
[2025-12-15T17:31:41.690+0000] {logging_mixin.py:188} INFO - Uploaded file to Snowflake stage: /tmp/minio_data/1765702125.json
[2025-12-15T17:31:42.767+0000] {logging_mixin.py:188} INFO - Uploaded file to Snowflake stage: /tmp/minio_data/1765702252.json
[2025-12-15T17:31:43.790+0000] {logging_mixin.py:188} INFO - Uploaded file to Snowflake stage: /tmp/minio_data/1765702378.json
[2025-12-15T17:31:44.983+0000] {logging_mixin.py:188} INFO - Uploaded file to Snowflake stage: /tmp/minio_data/1765702503.json
[2025-12-15T17:31:46.123+0000] {logging_mixin.py:188} INFO - Uploaded file to Snowflake stage: /tmp/minio_data/1765702628.json
[2025-12-15T17:31:47.636+0000] {logging_mixin.py:188} INFO - Uploaded file to Snowflake stage: /tmp/minio_data/1765702754.json
[2025-12-15T17:31:48.549+0000] {logging_mixin.py:188} INFO - Uploaded file to Snowflake stage: /tmp/minio_data/1765702880.json
[2025-12-15T17:31:49.599+0000] {logging_mixin.py:188} INFO - Uploaded file to Snowflake stage: /tmp/minio_data/1765703006.json
[2025-12-15T17:31:50.993+0000] {logging_mixin.py:188} INFO - Uploaded file to Snowflake stage: /tmp/minio_data/1765703131.json
[2025-12-15T17:31:51.799+0000] {logging_mixin.py:188} INFO - Uploaded file to Snowflake stage: /tmp/minio_data/1765703256.json
[2025-12-15T17:31:53.218+0000] {logging_mixin.py:188} INFO - Uploaded file to Snowflake stage: /tmp/minio_data/1765703381.json
[2025-12-15T17:31:54.291+0000] {logging_mixin.py:188} INFO - Uploaded file to Snowflake stage: /tmp/minio_data/1765703507.json
[2025-12-15T17:31:55.888+0000] {logging_mixin.py:188} INFO - Uploaded file to Snowflake stage: /tmp/minio_data/1765703631.json
[2025-12-15T17:31:57.007+0000] {logging_mixin.py:188} INFO - Uploaded file to Snowflake stage: /tmp/minio_data/1765703756.json
[2025-12-15T17:31:58.140+0000] {logging_mixin.py:188} INFO - Uploaded file to Snowflake stage: /tmp/minio_data/1765703880.json
[2025-12-15T17:31:59.082+0000] {logging_mixin.py:188} INFO - Uploaded file to Snowflake stage: /tmp/minio_data/1765704004.json
[2025-12-15T17:32:00.681+0000] {logging_mixin.py:188} INFO - Uploaded file to Snowflake stage: /tmp/minio_data/1765704129.json
[2025-12-15T17:32:01.968+0000] {logging_mixin.py:188} INFO - Uploaded file to Snowflake stage: /tmp/minio_data/1765704254.json
[2025-12-15T17:32:03.090+0000] {logging_mixin.py:188} INFO - Uploaded file to Snowflake stage: /tmp/minio_data/1765704377.json
[2025-12-15T17:32:04.432+0000] {logging_mixin.py:188} INFO - Uploaded file to Snowflake stage: /tmp/minio_data/1765704502.json
[2025-12-15T17:32:05.502+0000] {logging_mixin.py:188} INFO - Uploaded file to Snowflake stage: /tmp/minio_data/1765704627.json
[2025-12-15T17:32:07.001+0000] {logging_mixin.py:188} INFO - Uploaded file to Snowflake stage: /tmp/minio_data/1765704751.json
[2025-12-15T17:32:08.208+0000] {logging_mixin.py:188} INFO - Uploaded file to Snowflake stage: /tmp/minio_data/1765704875.json
[2025-12-15T17:32:09.213+0000] {logging_mixin.py:188} INFO - Uploaded file to Snowflake stage: /tmp/minio_data/1765705000.json
[2025-12-15T17:32:10.144+0000] {logging_mixin.py:188} INFO - Uploaded file to Snowflake stage: /tmp/minio_data/1765705125.json
[2025-12-15T17:32:10.932+0000] {logging_mixin.py:188} INFO - Uploaded file to Snowflake stage: /tmp/minio_data/1765705249.json
[2025-12-15T17:32:11.691+0000] {logging_mixin.py:188} INFO - Uploaded file to Snowflake stage: /tmp/minio_data/1765705373.json
[2025-12-15T17:32:12.565+0000] {logging_mixin.py:188} INFO - Uploaded file to Snowflake stage: /tmp/minio_data/1765705504.json
[2025-12-15T17:32:13.375+0000] {logging_mixin.py:188} INFO - Uploaded file to Snowflake stage: /tmp/minio_data/1765705636.json
[2025-12-15T17:32:14.577+0000] {logging_mixin.py:188} INFO - Uploaded file to Snowflake stage: /tmp/minio_data/1765705768.json
[2025-12-15T17:32:15.577+0000] {logging_mixin.py:188} INFO - Uploaded file to Snowflake stage: /tmp/minio_data/1765705902.json
[2025-12-15T17:32:17.464+0000] {logging_mixin.py:188} INFO - Uploaded file to Snowflake stage: /tmp/minio_data/1765706078.json
[2025-12-15T17:32:18.414+0000] {logging_mixin.py:188} INFO - Uploaded file to Snowflake stage: /tmp/minio_data/1765706228.json
[2025-12-15T17:32:19.354+0000] {logging_mixin.py:188} INFO - Uploaded file to Snowflake stage: /tmp/minio_data/1765706357.json
[2025-12-15T17:32:20.598+0000] {logging_mixin.py:188} INFO - Uploaded file to Snowflake stage: /tmp/minio_data/1765706482.json
[2025-12-15T17:32:21.707+0000] {logging_mixin.py:188} INFO - Uploaded file to Snowflake stage: /tmp/minio_data/1765706607.json
[2025-12-15T17:32:23.013+0000] {logging_mixin.py:188} INFO - Uploaded file to Snowflake stage: /tmp/minio_data/1765706733.json
[2025-12-15T17:32:24.927+0000] {logging_mixin.py:188} INFO - Uploaded file to Snowflake stage: /tmp/minio_data/1765706859.json
[2025-12-15T17:32:28.165+0000] {logging_mixin.py:188} INFO - Uploaded file to Snowflake stage: /tmp/minio_data/1765699167.json
[2025-12-15T17:32:30.245+0000] {logging_mixin.py:188} INFO - Uploaded file to Snowflake stage: /tmp/minio_data/1765700332.json
[2025-12-15T17:32:31.360+0000] {logging_mixin.py:188} INFO - Uploaded file to Snowflake stage: /tmp/minio_data/1765700458.json
[2025-12-15T17:32:32.393+0000] {logging_mixin.py:188} INFO - Uploaded file to Snowflake stage: /tmp/minio_data/1765700583.json
[2025-12-15T17:32:34.447+0000] {logging_mixin.py:188} INFO - Uploaded file to Snowflake stage: /tmp/minio_data/1765700708.json
[2025-12-15T17:32:36.339+0000] {logging_mixin.py:188} INFO - Uploaded file to Snowflake stage: /tmp/minio_data/1765700832.json
[2025-12-15T17:32:37.281+0000] {logging_mixin.py:188} INFO - Uploaded file to Snowflake stage: /tmp/minio_data/1765700957.json
[2025-12-15T17:32:39.359+0000] {logging_mixin.py:188} INFO - Uploaded file to Snowflake stage: /tmp/minio_data/1765701082.json
[2025-12-15T17:32:40.426+0000] {logging_mixin.py:188} INFO - Uploaded file to Snowflake stage: /tmp/minio_data/1765701208.json
[2025-12-15T17:32:41.816+0000] {logging_mixin.py:188} INFO - Uploaded file to Snowflake stage: /tmp/minio_data/1765701333.json
[2025-12-15T17:32:43.711+0000] {logging_mixin.py:188} INFO - Uploaded file to Snowflake stage: /tmp/minio_data/1765701457.json
[2025-12-15T17:32:45.168+0000] {logging_mixin.py:188} INFO - Uploaded file to Snowflake stage: /tmp/minio_data/1765701582.json
[2025-12-15T17:32:46.427+0000] {logging_mixin.py:188} INFO - Uploaded file to Snowflake stage: /tmp/minio_data/1765701721.json
[2025-12-15T17:32:48.826+0000] {logging_mixin.py:188} INFO - Uploaded file to Snowflake stage: /tmp/minio_data/1765701847.json
[2025-12-15T17:33:00.886+0000] {logging_mixin.py:188} INFO - Uploaded file to Snowflake stage: /tmp/minio_data/1765701973.json
[2025-12-15T17:33:06.870+0000] {connectionpool.py:824} WARNING - Retrying (Retry(total=0, connect=None, read=None, redirect=None, status=None)) after connection broken by 'ProtocolError('Connection aborted.', RemoteDisconnected('Remote end closed connection without response'))': /?accelerate
[2025-12-15T17:33:25.434+0000] {logging_mixin.py:188} INFO - Uploaded file to Snowflake stage: /tmp/minio_data/1765702099.json
[2025-12-15T17:33:28.353+0000] {logging_mixin.py:188} INFO - Uploaded file to Snowflake stage: /tmp/minio_data/1765702225.json
[2025-12-15T17:33:35.861+0000] {logging_mixin.py:188} INFO - Uploaded file to Snowflake stage: /tmp/minio_data/1765702352.json
[2025-12-15T17:33:41.167+0000] {logging_mixin.py:188} INFO - Uploaded file to Snowflake stage: /tmp/minio_data/1765702477.json
[2025-12-15T17:33:48.406+0000] {logging_mixin.py:188} INFO - Uploaded file to Snowflake stage: /tmp/minio_data/1765702603.json
[2025-12-15T17:34:00.176+0000] {logging_mixin.py:188} INFO - Uploaded file to Snowflake stage: /tmp/minio_data/1765702728.json
[2025-12-15T17:34:02.364+0000] {logging_mixin.py:188} INFO - Uploaded file to Snowflake stage: /tmp/minio_data/1765702853.json
[2025-12-15T17:34:05.803+0000] {logging_mixin.py:188} INFO - Uploaded file to Snowflake stage: /tmp/minio_data/1765702980.json
[2025-12-15T17:34:11.085+0000] {logging_mixin.py:188} INFO - Uploaded file to Snowflake stage: /tmp/minio_data/1765703105.json
[2025-12-15T17:34:13.560+0000] {logging_mixin.py:188} INFO - Uploaded file to Snowflake stage: /tmp/minio_data/1765703230.json
[2025-12-15T17:34:15.640+0000] {logging_mixin.py:188} INFO - Uploaded file to Snowflake stage: /tmp/minio_data/1765703355.json
[2025-12-15T17:34:17.228+0000] {logging_mixin.py:188} INFO - Uploaded file to Snowflake stage: /tmp/minio_data/1765703481.json
[2025-12-15T17:34:18.424+0000] {logging_mixin.py:188} INFO - Uploaded file to Snowflake stage: /tmp/minio_data/1765703605.json
[2025-12-15T17:34:19.280+0000] {logging_mixin.py:188} INFO - Uploaded file to Snowflake stage: /tmp/minio_data/1765703729.json
[2025-12-15T17:34:20.690+0000] {logging_mixin.py:188} INFO - Uploaded file to Snowflake stage: /tmp/minio_data/1765703854.json
[2025-12-15T17:34:21.655+0000] {logging_mixin.py:188} INFO - Uploaded file to Snowflake stage: /tmp/minio_data/1765703979.json
[2025-12-15T17:34:22.586+0000] {logging_mixin.py:188} INFO - Uploaded file to Snowflake stage: /tmp/minio_data/1765704103.json
[2025-12-15T17:34:23.368+0000] {logging_mixin.py:188} INFO - Uploaded file to Snowflake stage: /tmp/minio_data/1765704228.json
[2025-12-15T17:34:24.255+0000] {logging_mixin.py:188} INFO - Uploaded file to Snowflake stage: /tmp/minio_data/1765704352.json
[2025-12-15T17:34:25.059+0000] {logging_mixin.py:188} INFO - Uploaded file to Snowflake stage: /tmp/minio_data/1765704477.json
[2025-12-15T17:34:25.951+0000] {logging_mixin.py:188} INFO - Uploaded file to Snowflake stage: /tmp/minio_data/1765704601.json
[2025-12-15T17:34:26.843+0000] {logging_mixin.py:188} INFO - Uploaded file to Snowflake stage: /tmp/minio_data/1765704725.json
[2025-12-15T17:34:27.804+0000] {logging_mixin.py:188} INFO - Uploaded file to Snowflake stage: /tmp/minio_data/1765704850.json
[2025-12-15T17:34:28.915+0000] {logging_mixin.py:188} INFO - Uploaded file to Snowflake stage: /tmp/minio_data/1765704974.json
[2025-12-15T17:34:29.931+0000] {logging_mixin.py:188} INFO - Uploaded file to Snowflake stage: /tmp/minio_data/1765705098.json
[2025-12-15T17:34:32.178+0000] {logging_mixin.py:188} INFO - Uploaded file to Snowflake stage: /tmp/minio_data/1765705223.json
[2025-12-15T17:34:35.490+0000] {logging_mixin.py:188} INFO - Uploaded file to Snowflake stage: /tmp/minio_data/1765705348.json
[2025-12-15T17:34:38.699+0000] {logging_mixin.py:188} INFO - Uploaded file to Snowflake stage: /tmp/minio_data/1765705476.json
[2025-12-15T17:34:43.924+0000] {logging_mixin.py:188} INFO - Uploaded file to Snowflake stage: /tmp/minio_data/1765705605.json
[2025-12-15T17:34:45.542+0000] {logging_mixin.py:188} INFO - Uploaded file to Snowflake stage: /tmp/minio_data/1765705738.json
[2025-12-15T17:34:47.877+0000] {logging_mixin.py:188} INFO - Uploaded file to Snowflake stage: /tmp/minio_data/1765705870.json
[2025-12-15T17:34:49.492+0000] {logging_mixin.py:188} INFO - Uploaded file to Snowflake stage: /tmp/minio_data/1765706030.json
[2025-12-15T17:34:52.770+0000] {logging_mixin.py:188} INFO - Uploaded file to Snowflake stage: /tmp/minio_data/1765706198.json
[2025-12-15T17:34:58.337+0000] {logging_mixin.py:188} INFO - Uploaded file to Snowflake stage: /tmp/minio_data/1765706330.json
[2025-12-15T17:35:00.725+0000] {logging_mixin.py:188} INFO - Uploaded file to Snowflake stage: /tmp/minio_data/1765706456.json
[2025-12-15T17:35:02.664+0000] {logging_mixin.py:188} INFO - Uploaded file to Snowflake stage: /tmp/minio_data/1765706581.json
[2025-12-15T17:35:04.000+0000] {logging_mixin.py:188} INFO - Uploaded file to Snowflake stage: /tmp/minio_data/1765706707.json
[2025-12-15T17:35:05.035+0000] {logging_mixin.py:188} INFO - Uploaded file to Snowflake stage: /tmp/minio_data/1765706833.json
[2025-12-15T17:35:06.300+0000] {logging_mixin.py:188} INFO - Uploaded file to Snowflake stage: /tmp/minio_data/1765699183.json
[2025-12-15T17:35:07.815+0000] {logging_mixin.py:188} INFO - Uploaded file to Snowflake stage: /tmp/minio_data/1765700345.json
[2025-12-15T17:35:11.944+0000] {logging_mixin.py:188} INFO - Uploaded file to Snowflake stage: /tmp/minio_data/1765700470.json
[2025-12-15T17:35:18.791+0000] {logging_mixin.py:188} INFO - Uploaded file to Snowflake stage: /tmp/minio_data/1765700596.json
[2025-12-15T17:35:21.662+0000] {logging_mixin.py:188} INFO - Uploaded file to Snowflake stage: /tmp/minio_data/1765700721.json
[2025-12-15T17:35:22.770+0000] {logging_mixin.py:188} INFO - Uploaded file to Snowflake stage: /tmp/minio_data/1765700845.json
[2025-12-15T17:35:27.201+0000] {logging_mixin.py:188} INFO - Uploaded file to Snowflake stage: /tmp/minio_data/1765700970.json
[2025-12-15T17:35:32.378+0000] {logging_mixin.py:188} INFO - Uploaded file to Snowflake stage: /tmp/minio_data/1765701095.json
[2025-12-15T17:35:38.632+0000] {logging_mixin.py:188} INFO - Uploaded file to Snowflake stage: /tmp/minio_data/1765701221.json
[2025-12-15T17:35:45.853+0000] {logging_mixin.py:188} INFO - Uploaded file to Snowflake stage: /tmp/minio_data/1765701346.json
[2025-12-15T17:35:53.909+0000] {logging_mixin.py:188} INFO - Uploaded file to Snowflake stage: /tmp/minio_data/1765701470.json
[2025-12-15T17:35:55.258+0000] {logging_mixin.py:188} INFO - Uploaded file to Snowflake stage: /tmp/minio_data/1765701595.json
[2025-12-15T17:36:08.972+0000] {connectionpool.py:824} WARNING - Retrying (Retry(total=0, connect=None, read=None, redirect=None, status=None)) after connection broken by 'ProtocolError('Connection aborted.', RemoteDisconnected('Remote end closed connection without response'))': /4sob1000-s/tables/12560761461/1765701735.json.gz
[2025-12-15T17:36:36.668+0000] {logging_mixin.py:188} INFO - Uploaded file to Snowflake stage: /tmp/minio_data/1765701735.json
[2025-12-15T17:36:40.570+0000] {logging_mixin.py:188} INFO - Uploaded file to Snowflake stage: /tmp/minio_data/1765701861.json
[2025-12-15T17:36:45.417+0000] {logging_mixin.py:188} INFO - Uploaded file to Snowflake stage: /tmp/minio_data/1765701986.json
[2025-12-15T17:36:47.295+0000] {logging_mixin.py:188} INFO - Uploaded file to Snowflake stage: /tmp/minio_data/1765702112.json
[2025-12-15T17:36:48.242+0000] {logging_mixin.py:188} INFO - Uploaded file to Snowflake stage: /tmp/minio_data/1765702238.json
[2025-12-15T17:36:49.424+0000] {logging_mixin.py:188} INFO - Uploaded file to Snowflake stage: /tmp/minio_data/1765702365.json
[2025-12-15T17:36:46.147+0000] {logging_mixin.py:188} INFO - Uploaded file to Snowflake stage: /tmp/minio_data/1765702490.json
[2025-12-15T17:36:47.506+0000] {logging_mixin.py:188} INFO - Uploaded file to Snowflake stage: /tmp/minio_data/1765702615.json
[2025-12-15T17:36:49.530+0000] {logging_mixin.py:188} INFO - Uploaded file to Snowflake stage: /tmp/minio_data/1765702741.json
[2025-12-15T17:36:50.453+0000] {logging_mixin.py:188} INFO - Uploaded file to Snowflake stage: /tmp/minio_data/1765702867.json
[2025-12-15T17:36:51.217+0000] {logging_mixin.py:188} INFO - Uploaded file to Snowflake stage: /tmp/minio_data/1765702993.json
[2025-12-15T17:36:51.948+0000] {logging_mixin.py:188} INFO - Uploaded file to Snowflake stage: /tmp/minio_data/1765703118.json
[2025-12-15T17:36:52.966+0000] {logging_mixin.py:188} INFO - Uploaded file to Snowflake stage: /tmp/minio_data/1765703243.json
[2025-12-15T17:36:53.922+0000] {logging_mixin.py:188} INFO - Uploaded file to Snowflake stage: /tmp/minio_data/1765703368.json
[2025-12-15T17:36:55.772+0000] {logging_mixin.py:188} INFO - Uploaded file to Snowflake stage: /tmp/minio_data/1765703494.json
[2025-12-15T17:37:00.980+0000] {logging_mixin.py:188} INFO - Uploaded file to Snowflake stage: /tmp/minio_data/1765703618.json
[2025-12-15T17:37:02.600+0000] {logging_mixin.py:188} INFO - Uploaded file to Snowflake stage: /tmp/minio_data/1765703742.json
[2025-12-15T17:37:11.914+0000] {connectionpool.py:824} WARNING - Retrying (Retry(total=0, connect=None, read=None, redirect=None, status=None)) after connection broken by 'ProtocolError('Connection aborted.', RemoteDisconnected('Remote end closed connection without response'))': /4sob1000-s/tables/12560761461/1765703867.json.gz
[2025-12-15T17:37:16.908+0000] {logging_mixin.py:188} INFO - Uploaded file to Snowflake stage: /tmp/minio_data/1765703867.json
[2025-12-15T17:37:18.093+0000] {logging_mixin.py:188} INFO - Uploaded file to Snowflake stage: /tmp/minio_data/1765703991.json
[2025-12-15T17:37:22.056+0000] {logging_mixin.py:188} INFO - Uploaded file to Snowflake stage: /tmp/minio_data/1765704116.json
[2025-12-15T17:37:28.144+0000] {logging_mixin.py:188} INFO - Uploaded file to Snowflake stage: /tmp/minio_data/1765704241.json
[2025-12-15T17:37:30.416+0000] {logging_mixin.py:188} INFO - Uploaded file to Snowflake stage: /tmp/minio_data/1765704365.json
[2025-12-15T17:37:31.585+0000] {logging_mixin.py:188} INFO - Uploaded file to Snowflake stage: /tmp/minio_data/1765704489.json
[2025-12-15T17:37:35.174+0000] {logging_mixin.py:188} INFO - Uploaded file to Snowflake stage: /tmp/minio_data/1765704614.json
[2025-12-15T17:37:40.571+0000] {logging_mixin.py:188} INFO - Uploaded file to Snowflake stage: /tmp/minio_data/1765704738.json
[2025-12-15T17:37:43.442+0000] {logging_mixin.py:188} INFO - Uploaded file to Snowflake stage: /tmp/minio_data/1765704862.json
[2025-12-15T17:37:51.231+0000] {logging_mixin.py:188} INFO - Uploaded file to Snowflake stage: /tmp/minio_data/1765704987.json
[2025-12-15T17:38:01.301+0000] {logging_mixin.py:188} INFO - Uploaded file to Snowflake stage: /tmp/minio_data/1765705111.json
[2025-12-15T17:38:06.879+0000] {logging_mixin.py:188} INFO - Uploaded file to Snowflake stage: /tmp/minio_data/1765705236.json
[2025-12-15T17:38:07.626+0000] {logging_mixin.py:188} INFO - Uploaded file to Snowflake stage: /tmp/minio_data/1765705361.json
[2025-12-15T17:38:08.403+0000] {logging_mixin.py:188} INFO - Uploaded file to Snowflake stage: /tmp/minio_data/1765705490.json
[2025-12-15T17:38:10.035+0000] {logging_mixin.py:188} INFO - Uploaded file to Snowflake stage: /tmp/minio_data/1765705621.json
[2025-12-15T17:38:11.392+0000] {logging_mixin.py:188} INFO - Uploaded file to Snowflake stage: /tmp/minio_data/1765705752.json
[2025-12-15T17:38:12.957+0000] {logging_mixin.py:188} INFO - Uploaded file to Snowflake stage: /tmp/minio_data/1765705883.json
[2025-12-15T17:38:13.957+0000] {logging_mixin.py:188} INFO - Uploaded file to Snowflake stage: /tmp/minio_data/1765706046.json
[2025-12-15T17:38:16.905+0000] {logging_mixin.py:188} INFO - Uploaded file to Snowflake stage: /tmp/minio_data/1765706212.json
[2025-12-15T17:38:18.288+0000] {logging_mixin.py:188} INFO - Uploaded file to Snowflake stage: /tmp/minio_data/1765706343.json
[2025-12-15T17:38:19.289+0000] {logging_mixin.py:188} INFO - Uploaded file to Snowflake stage: /tmp/minio_data/1765706469.json
[2025-12-15T17:38:21.036+0000] {logging_mixin.py:188} INFO - Uploaded file to Snowflake stage: /tmp/minio_data/1765706594.json
[2025-12-15T17:38:23.108+0000] {logging_mixin.py:188} INFO - Uploaded file to Snowflake stage: /tmp/minio_data/1765706720.json
[2025-12-15T17:38:24.894+0000] {logging_mixin.py:188} INFO - Uploaded file to Snowflake stage: /tmp/minio_data/1765706846.json
[2025-12-15T17:38:26.793+0000] {logging_mixin.py:188} INFO - Uploaded file to Snowflake stage: /tmp/minio_data/1765699228.json
[2025-12-15T17:38:28.987+0000] {logging_mixin.py:188} INFO - Uploaded file to Snowflake stage: /tmp/minio_data/1765700372.json
[2025-12-15T17:38:30.901+0000] {logging_mixin.py:188} INFO - Uploaded file to Snowflake stage: /tmp/minio_data/1765700496.json
[2025-12-15T17:38:34.383+0000] {logging_mixin.py:188} INFO - Uploaded file to Snowflake stage: /tmp/minio_data/1765700622.json
[2025-12-15T17:38:36.065+0000] {logging_mixin.py:188} INFO - Uploaded file to Snowflake stage: /tmp/minio_data/1765700747.json
[2025-12-15T17:38:37.092+0000] {logging_mixin.py:188} INFO - Uploaded file to Snowflake stage: /tmp/minio_data/1765700871.json
[2025-12-15T17:38:38.124+0000] {logging_mixin.py:188} INFO - Uploaded file to Snowflake stage: /tmp/minio_data/1765700995.json
[2025-12-15T17:38:39.888+0000] {logging_mixin.py:188} INFO - Uploaded file to Snowflake stage: /tmp/minio_data/1765701121.json
[2025-12-15T17:38:44.590+0000] {logging_mixin.py:188} INFO - Uploaded file to Snowflake stage: /tmp/minio_data/1765701246.json
[2025-12-15T17:38:50.561+0000] {logging_mixin.py:188} INFO - Uploaded file to Snowflake stage: /tmp/minio_data/1765701372.json
[2025-12-15T17:38:58.896+0000] {logging_mixin.py:188} INFO - Uploaded file to Snowflake stage: /tmp/minio_data/1765701496.json
[2025-12-15T17:39:01.231+0000] {logging_mixin.py:188} INFO - Uploaded file to Snowflake stage: /tmp/minio_data/1765701620.json
[2025-12-15T17:39:02.302+0000] {logging_mixin.py:188} INFO - Uploaded file to Snowflake stage: /tmp/minio_data/1765701761.json
[2025-12-15T17:39:03.503+0000] {logging_mixin.py:188} INFO - Uploaded file to Snowflake stage: /tmp/minio_data/1765701887.json
[2025-12-15T17:39:04.475+0000] {logging_mixin.py:188} INFO - Uploaded file to Snowflake stage: /tmp/minio_data/1765702012.json
[2025-12-15T17:39:05.700+0000] {logging_mixin.py:188} INFO - Uploaded file to Snowflake stage: /tmp/minio_data/1765702139.json
[2025-12-15T17:39:07.204+0000] {logging_mixin.py:188} INFO - Uploaded file to Snowflake stage: /tmp/minio_data/1765702265.json
[2025-12-15T17:39:08.811+0000] {logging_mixin.py:188} INFO - Uploaded file to Snowflake stage: /tmp/minio_data/1765702391.json
[2025-12-15T17:39:10.366+0000] {logging_mixin.py:188} INFO - Uploaded file to Snowflake stage: /tmp/minio_data/1765702517.json
[2025-12-15T17:39:11.250+0000] {logging_mixin.py:188} INFO - Uploaded file to Snowflake stage: /tmp/minio_data/1765702642.json
[2025-12-15T17:39:18.372+0000] {logging_mixin.py:188} INFO - Uploaded file to Snowflake stage: /tmp/minio_data/1765702767.json
[2025-12-15T17:39:20.654+0000] {logging_mixin.py:188} INFO - Uploaded file to Snowflake stage: /tmp/minio_data/1765702893.json
[2025-12-15T17:39:25.925+0000] {logging_mixin.py:188} INFO - Uploaded file to Snowflake stage: /tmp/minio_data/1765703019.json
[2025-12-15T17:39:27.164+0000] {logging_mixin.py:188} INFO - Uploaded file to Snowflake stage: /tmp/minio_data/1765703144.json
[2025-12-15T17:39:33.037+0000] {logging_mixin.py:188} INFO - Uploaded file to Snowflake stage: /tmp/minio_data/1765703269.json
[2025-12-15T17:40:30.066+0000] {connectionpool.py:824} WARNING - Retrying (Retry(total=0, connect=None, read=None, redirect=None, status=None)) after connection broken by 'ProtocolError('Connection aborted.', RemoteDisconnected('Remote end closed connection without response'))': /4sob1000-s/tables/12560761461/1765703394.json.gz
[2025-12-15T17:40:51.871+0000] {connectionpool.py:824} WARNING - Retrying (Retry(total=0, connect=None, read=None, redirect=None, status=None)) after connection broken by 'ProtocolError('Connection aborted.', RemoteDisconnected('Remote end closed connection without response'))': /4sob1000-s/tables/12560761461/1765703394.json.gz
[2025-12-15T17:41:06.770+0000] {logging_mixin.py:188} INFO - Uploaded file to Snowflake stage: /tmp/minio_data/1765703394.json
[2025-12-15T17:41:55.549+0000] {logging_mixin.py:188} INFO - Uploaded file to Snowflake stage: /tmp/minio_data/1765703520.json
[2025-12-15T17:42:02.295+0000] {connectionpool.py:824} WARNING - Retrying (Retry(total=0, connect=None, read=None, redirect=None, status=None)) after connection broken by 'ProtocolError('Connection aborted.', RemoteDisconnected('Remote end closed connection without response'))': /?accelerate
[2025-12-15T17:42:06.287+0000] {logging_mixin.py:188} INFO - Uploaded file to Snowflake stage: /tmp/minio_data/1765703644.json
[2025-12-15T17:42:15.398+0000] {connectionpool.py:824} WARNING - Retrying (Retry(total=0, connect=None, read=None, redirect=None, status=None)) after connection broken by 'ProtocolError('Connection aborted.', RemoteDisconnected('Remote end closed connection without response'))': /4sob1000-s/tables/12560761461/1765703769.json.gz
[2025-12-15T17:42:18.191+0000] {logging_mixin.py:188} INFO - Uploaded file to Snowflake stage: /tmp/minio_data/1765703769.json
[2025-12-15T17:42:19.129+0000] {logging_mixin.py:188} INFO - Uploaded file to Snowflake stage: /tmp/minio_data/1765703893.json
[2025-12-15T17:42:25.158+0000] {logging_mixin.py:188} INFO - Uploaded file to Snowflake stage: /tmp/minio_data/1765704017.json
[2025-12-15T17:42:27.493+0000] {logging_mixin.py:188} INFO - Uploaded file to Snowflake stage: /tmp/minio_data/1765704142.json
[2025-12-15T17:42:32.344+0000] {logging_mixin.py:188} INFO - Uploaded file to Snowflake stage: /tmp/minio_data/1765704266.json
[2025-12-15T17:42:36.604+0000] {logging_mixin.py:188} INFO - Uploaded file to Snowflake stage: /tmp/minio_data/1765704390.json
[2025-12-15T17:42:42.741+0000] {logging_mixin.py:188} INFO - Uploaded file to Snowflake stage: /tmp/minio_data/1765704515.json
[2025-12-15T17:42:48.729+0000] {logging_mixin.py:188} INFO - Uploaded file to Snowflake stage: /tmp/minio_data/1765704639.json
[2025-12-15T17:42:54.725+0000] {connectionpool.py:824} WARNING - Retrying (Retry(total=0, connect=None, read=None, redirect=None, status=None)) after connection broken by 'ProtocolError('Connection aborted.', RemoteDisconnected('Remote end closed connection without response'))': /?accelerate
[2025-12-15T17:43:06.497+0000] {logging_mixin.py:188} INFO - Uploaded file to Snowflake stage: /tmp/minio_data/1765704764.json
[2025-12-15T17:43:11.414+0000] {logging_mixin.py:188} INFO - Uploaded file to Snowflake stage: /tmp/minio_data/1765704888.json
[2025-12-15T17:43:14.132+0000] {logging_mixin.py:188} INFO - Uploaded file to Snowflake stage: /tmp/minio_data/1765705012.json
[2025-12-15T17:43:15.426+0000] {logging_mixin.py:188} INFO - Uploaded file to Snowflake stage: /tmp/minio_data/1765705138.json
[2025-12-15T17:43:23.621+0000] {logging_mixin.py:188} INFO - Uploaded file to Snowflake stage: /tmp/minio_data/1765705262.json
[2025-12-15T17:43:50.770+0000] {logging_mixin.py:188} INFO - Uploaded file to Snowflake stage: /tmp/minio_data/1765705386.json
[2025-12-15T18:21:30.909+0000] {connectionpool.py:824} WARNING - Retrying (Retry(total=0, connect=None, read=None, redirect=None, status=None)) after connection broken by 'NewConnectionError('<snowflake.connector.vendored.urllib3.connection.HTTPSConnection object at 0x726825c01850>: Failed to establish a new connection: [Errno -2] Name or service not known')': /queries/v1/query-request?requestId=c70e7d86-4ce4-4341-992d-cc8f16b289b1&clientStartTime=1765820631310&retryCount=1&retryReason=None&request_guid=b8959e8a-aebf-4641-a5d4-938764bb967e
[2025-12-15T18:21:31.375+0000] {connectionpool.py:824} WARNING - Retrying (Retry(total=0, connect=None, read=None, redirect=None, status=None)) after connection broken by 'NewConnectionError('<snowflake.connector.vendored.urllib3.connection.HTTPSConnection object at 0x726825b9a6f0>: Failed to establish a new connection: [Errno -2] Name or service not known')': /queries/v1/query-request?requestId=c70e7d86-4ce4-4341-992d-cc8f16b289b1&clientStartTime=1765820631310&retryCount=2&retryReason=None&request_guid=1cbbab93-cc44-41d3-8d63-e7583073fb6a
[2025-12-15T18:21:34.978+0000] {connectionpool.py:824} WARNING - Retrying (Retry(total=0, connect=None, read=None, redirect=None, status=None)) after connection broken by 'NewConnectionError('<snowflake.connector.vendored.urllib3.connection.HTTPSConnection object at 0x726825ba7d10>: Failed to establish a new connection: [Errno -2] Name or service not known')': /queries/v1/query-request?requestId=c70e7d86-4ce4-4341-992d-cc8f16b289b1&clientStartTime=1765820631310&retryCount=3&retryReason=None&request_guid=594152f0-54f9-477a-9edd-b888bc080c94
[2025-12-15T18:21:36.087+0000] {connectionpool.py:824} WARNING - Retrying (Retry(total=0, connect=None, read=None, redirect=None, status=None)) after connection broken by 'NewConnectionError('<snowflake.connector.vendored.urllib3.connection.HTTPSConnection object at 0x726825a7aea0>: Failed to establish a new connection: [Errno -2] Name or service not known')': /queries/v1/query-request?requestId=c70e7d86-4ce4-4341-992d-cc8f16b289b1&clientStartTime=1765820631310&retryCount=4&retryReason=None&request_guid=534178cc-6630-4012-b970-365d905f1b5d
[2025-12-15T18:21:52.341+0000] {connectionpool.py:824} WARNING - Retrying (Retry(total=0, connect=None, read=None, redirect=None, status=None)) after connection broken by 'NewConnectionError('<snowflake.connector.vendored.urllib3.connection.HTTPSConnection object at 0x726825a78200>: Failed to establish a new connection: [Errno -2] Name or service not known')': /queries/v1/query-request?requestId=c70e7d86-4ce4-4341-992d-cc8f16b289b1&clientStartTime=1765820631310&retryCount=5&retryReason=None&request_guid=8551c607-94fa-4ca3-ba75-351dbc1e7425
[2025-12-15T18:22:05.601+0000] {connectionpool.py:824} WARNING - Retrying (Retry(total=0, connect=None, read=None, redirect=None, status=None)) after connection broken by 'NewConnectionError('<snowflake.connector.vendored.urllib3.connection.HTTPSConnection object at 0x726825ba7d10>: Failed to establish a new connection: [Errno -2] Name or service not known')': /queries/v1/query-request?requestId=c70e7d86-4ce4-4341-992d-cc8f16b289b1&clientStartTime=1765820631310&retryCount=6&retryReason=None&request_guid=3a410d9a-2cd1-4019-b83f-fd84b5477f77
[2025-12-15T18:22:19.853+0000] {connectionpool.py:824} WARNING - Retrying (Retry(total=0, connect=None, read=None, redirect=None, status=None)) after connection broken by 'NewConnectionError('<snowflake.connector.vendored.urllib3.connection.HTTPSConnection object at 0x726825c00f50>: Failed to establish a new connection: [Errno -2] Name or service not known')': /queries/v1/query-request?requestId=c70e7d86-4ce4-4341-992d-cc8f16b289b1&clientStartTime=1765820631310&retryCount=7&retryReason=None&request_guid=7907c73c-6188-4bb8-bc39-131045ab2791
[2025-12-15T18:22:33.310+0000] {connectionpool.py:824} WARNING - Retrying (Retry(total=0, connect=None, read=None, redirect=None, status=None)) after connection broken by 'NewConnectionError('<snowflake.connector.vendored.urllib3.connection.HTTPSConnection object at 0x726825bda3f0>: Failed to establish a new connection: [Errno -2] Name or service not known')': /queries/v1/query-request?requestId=c70e7d86-4ce4-4341-992d-cc8f16b289b1&clientStartTime=1765820631310&retryCount=8&retryReason=None&request_guid=c35ba288-2dcd-4e7f-9de0-bea9ab663181
[2025-12-15T18:22:44.080+0000] {connectionpool.py:824} WARNING - Retrying (Retry(total=0, connect=None, read=None, redirect=None, status=None)) after connection broken by 'NewConnectionError('<snowflake.connector.vendored.urllib3.connection.HTTPSConnection object at 0x726825bda930>: Failed to establish a new connection: [Errno -2] Name or service not known')': /queries/v1/query-request?requestId=c70e7d86-4ce4-4341-992d-cc8f16b289b1&clientStartTime=1765820631310&retryCount=9&retryReason=None&request_guid=e0030df6-f21b-4416-969c-ca179a6579ab
[2025-12-15T18:22:58.604+0000] {connectionpool.py:824} WARNING - Retrying (Retry(total=0, connect=None, read=None, redirect=None, status=None)) after connection broken by 'NewConnectionError('<snowflake.connector.vendored.urllib3.connection.HTTPSConnection object at 0x726825a7b620>: Failed to establish a new connection: [Errno -2] Name or service not known')': /queries/v1/query-request?requestId=c70e7d86-4ce4-4341-992d-cc8f16b289b1&clientStartTime=1765820631310&retryCount=10&retryReason=None&request_guid=f5e1b66d-8212-40c0-a03a-1b6076b00747
[2025-12-15T18:23:00.144+0000] {connectionpool.py:824} WARNING - Retrying (Retry(total=0, connect=None, read=None, redirect=None, status=None)) after connection broken by 'NewConnectionError('<snowflake.connector.vendored.urllib3.connection.HTTPSConnection object at 0x726825a7b3b0>: Failed to establish a new connection: [Errno -2] Name or service not known')': /queries/v1/query-request?requestId=c70e7d86-4ce4-4341-992d-cc8f16b289b1&clientStartTime=1765820631310&retryCount=11&retryReason=None&request_guid=d881c026-42af-41d5-8510-da2df8b664b4
[2025-12-15T18:23:04.413+0000] {connectionpool.py:824} WARNING - Retrying (Retry(total=0, connect=None, read=None, redirect=None, status=None)) after connection broken by 'NewConnectionError('<snowflake.connector.vendored.urllib3.connection.HTTPSConnection object at 0x726825a799d0>: Failed to establish a new connection: [Errno -2] Name or service not known')': /queries/v1/query-request?requestId=c70e7d86-4ce4-4341-992d-cc8f16b289b1&clientStartTime=1765820631310&retryCount=12&retryReason=None&request_guid=068e6a20-15bd-45cd-825d-ab54ea7dcf4f
[2025-12-15T18:23:17.119+0000] {connectionpool.py:824} WARNING - Retrying (Retry(total=0, connect=None, read=None, redirect=None, status=None)) after connection broken by 'NewConnectionError('<snowflake.connector.vendored.urllib3.connection.HTTPSConnection object at 0x726825bd9ac0>: Failed to establish a new connection: [Errno -2] Name or service not known')': /queries/v1/query-request?requestId=c70e7d86-4ce4-4341-992d-cc8f16b289b1&clientStartTime=1765820631310&retryCount=13&retryReason=None&request_guid=3dd457d3-da8b-4f67-ba17-94ced0034847
[2025-12-15T18:23:24.552+0000] {connectionpool.py:824} WARNING - Retrying (Retry(total=0, connect=None, read=None, redirect=None, status=None)) after connection broken by 'NewConnectionError('<snowflake.connector.vendored.urllib3.connection.HTTPSConnection object at 0x726825a31580>: Failed to establish a new connection: [Errno -2] Name or service not known')': /queries/v1/query-request?requestId=c70e7d86-4ce4-4341-992d-cc8f16b289b1&clientStartTime=1765820631310&retryCount=14&retryReason=None&request_guid=95b32f3c-93fa-4482-b094-68912cea1b0e
[2025-12-15T18:23:32.617+0000] {connectionpool.py:824} WARNING - Retrying (Retry(total=0, connect=None, read=None, redirect=None, status=None)) after connection broken by 'NewConnectionError('<snowflake.connector.vendored.urllib3.connection.HTTPSConnection object at 0x726825a782f0>: Failed to establish a new connection: [Errno -2] Name or service not known')': /queries/v1/query-request?requestId=c70e7d86-4ce4-4341-992d-cc8f16b289b1&clientStartTime=1765820631310&retryCount=15&retryReason=None&request_guid=25387a28-e920-4f89-86e5-dbceda737f2b
[2025-12-15T18:23:33.688+0000] {connectionpool.py:824} WARNING - Retrying (Retry(total=0, connect=None, read=None, redirect=None, status=None)) after connection broken by 'NewConnectionError('<snowflake.connector.vendored.urllib3.connection.HTTPSConnection object at 0x726825a785f0>: Failed to establish a new connection: [Errno -2] Name or service not known')': /queries/v1/query-request?requestId=c70e7d86-4ce4-4341-992d-cc8f16b289b1&clientStartTime=1765820631310&retryCount=16&retryReason=None&request_guid=efc710ca-067c-47d9-bedd-2c6c5bd0d8b4
[2025-12-15T18:23:43.743+0000] {connectionpool.py:824} WARNING - Retrying (Retry(total=0, connect=None, read=None, redirect=None, status=None)) after connection broken by 'NewConnectionError('<snowflake.connector.vendored.urllib3.connection.HTTPSConnection object at 0x726825be38c0>: Failed to establish a new connection: [Errno -2] Name or service not known')': /queries/v1/query-request?requestId=c70e7d86-4ce4-4341-992d-cc8f16b289b1&clientStartTime=1765820631310&retryCount=17&retryReason=None&request_guid=e62a06b1-23a6-4784-8914-4bf259aa162b
[2025-12-15T18:23:44.852+0000] {connectionpool.py:824} WARNING - Retrying (Retry(total=0, connect=None, read=None, redirect=None, status=None)) after connection broken by 'NewConnectionError('<snowflake.connector.vendored.urllib3.connection.HTTPSConnection object at 0x726825be0710>: Failed to establish a new connection: [Errno -2] Name or service not known')': /queries/v1/query-request?requestId=c70e7d86-4ce4-4341-992d-cc8f16b289b1&clientStartTime=1765820631310&retryCount=18&retryReason=None&request_guid=2d208c63-155e-49a7-b85a-fca0e68345a1
[2025-12-15T18:23:45.895+0000] {connectionpool.py:824} WARNING - Retrying (Retry(total=0, connect=None, read=None, redirect=None, status=None)) after connection broken by 'NewConnectionError('<snowflake.connector.vendored.urllib3.connection.HTTPSConnection object at 0x72682592e7e0>: Failed to establish a new connection: [Errno -2] Name or service not known')': /queries/v1/query-request?requestId=c70e7d86-4ce4-4341-992d-cc8f16b289b1&clientStartTime=1765820631310&retryCount=19&retryReason=None&request_guid=9671791c-8383-4c2f-a7f8-e5050a58b519
[2025-12-15T18:24:01.960+0000] {connectionpool.py:824} WARNING - Retrying (Retry(total=0, connect=None, read=None, redirect=None, status=None)) after connection broken by 'NewConnectionError('<snowflake.connector.vendored.urllib3.connection.HTTPSConnection object at 0x726825be3b30>: Failed to establish a new connection: [Errno -2] Name or service not known')': /queries/v1/query-request?requestId=c70e7d86-4ce4-4341-992d-cc8f16b289b1&clientStartTime=1765820631310&retryCount=20&retryReason=None&request_guid=79628ebc-a386-41c6-bd76-3810a5cc3fd8
[2025-12-15T18:24:18.007+0000] {connectionpool.py:824} WARNING - Retrying (Retry(total=0, connect=None, read=None, redirect=None, status=None)) after connection broken by 'NewConnectionError('<snowflake.connector.vendored.urllib3.connection.HTTPSConnection object at 0x726825a7aae0>: Failed to establish a new connection: [Errno -2] Name or service not known')': /queries/v1/query-request?requestId=c70e7d86-4ce4-4341-992d-cc8f16b289b1&clientStartTime=1765820631310&retryCount=21&retryReason=None&request_guid=ec3eff0e-cd3a-42f5-a000-504b7d6d2735
[2025-12-15T18:24:26.091+0000] {connectionpool.py:824} WARNING - Retrying (Retry(total=0, connect=None, read=None, redirect=None, status=None)) after connection broken by 'NewConnectionError('<snowflake.connector.vendored.urllib3.connection.HTTPSConnection object at 0x726825a31910>: Failed to establish a new connection: [Errno -2] Name or service not known')': /queries/v1/query-request?requestId=c70e7d86-4ce4-4341-992d-cc8f16b289b1&clientStartTime=1765820631310&retryCount=22&retryReason=None&request_guid=f9624a4d-f98b-498f-ae38-069008575f7d
[2025-12-15T18:24:32.221+0000] {connectionpool.py:824} WARNING - Retrying (Retry(total=0, connect=None, read=None, redirect=None, status=None)) after connection broken by 'NewConnectionError('<snowflake.connector.vendored.urllib3.connection.HTTPSConnection object at 0x726825c504a0>: Failed to establish a new connection: [Errno -2] Name or service not known')': /queries/v1/query-request?requestId=c70e7d86-4ce4-4341-992d-cc8f16b289b1&clientStartTime=1765820631310&retryCount=23&retryReason=None&request_guid=c7edbca1-221d-4e72-8eac-eb0d4b5f12b3
[2025-12-15T18:24:34.250+0000] {connectionpool.py:824} WARNING - Retrying (Retry(total=0, connect=None, read=None, redirect=None, status=None)) after connection broken by 'NewConnectionError('<snowflake.connector.vendored.urllib3.connection.HTTPSConnection object at 0x72682592deb0>: Failed to establish a new connection: [Errno -2] Name or service not known')': /queries/v1/query-request?requestId=c70e7d86-4ce4-4341-992d-cc8f16b289b1&clientStartTime=1765820631310&retryCount=24&retryReason=None&request_guid=6225a2f3-5cc9-4c96-9d03-44a0fc2be13b
[2025-12-15T18:24:41.262+0000] {connectionpool.py:824} WARNING - Retrying (Retry(total=0, connect=None, read=None, redirect=None, status=None)) after connection broken by 'NewConnectionError('<snowflake.connector.vendored.urllib3.connection.HTTPSConnection object at 0x72682592f260>: Failed to establish a new connection: [Errno -2] Name or service not known')': /queries/v1/query-request?requestId=c70e7d86-4ce4-4341-992d-cc8f16b289b1&clientStartTime=1765820631310&retryCount=25&retryReason=None&request_guid=7e98912f-0de7-4b71-bede-5cb121d7500f
[2025-12-15T18:24:46.300+0000] {connectionpool.py:824} WARNING - Retrying (Retry(total=0, connect=None, read=None, redirect=None, status=None)) after connection broken by 'NewConnectionError('<snowflake.connector.vendored.urllib3.connection.HTTPSConnection object at 0x726825c503b0>: Failed to establish a new connection: [Errno -2] Name or service not known')': /queries/v1/query-request?requestId=c70e7d86-4ce4-4341-992d-cc8f16b289b1&clientStartTime=1765820631310&retryCount=26&retryReason=None&request_guid=e11128d6-aa9e-416b-91a2-67b6c012e16e
[2025-12-15T18:24:55.338+0000] {connectionpool.py:824} WARNING - Retrying (Retry(total=0, connect=None, read=None, redirect=None, status=None)) after connection broken by 'NewConnectionError('<snowflake.connector.vendored.urllib3.connection.HTTPSConnection object at 0x726825a332c0>: Failed to establish a new connection: [Errno -2] Name or service not known')': /queries/v1/query-request?requestId=c70e7d86-4ce4-4341-992d-cc8f16b289b1&clientStartTime=1765820631310&retryCount=27&retryReason=None&request_guid=96f0c228-730a-4f5a-a307-513253ffede0
[2025-12-15T18:25:04.409+0000] {connectionpool.py:824} WARNING - Retrying (Retry(total=0, connect=None, read=None, redirect=None, status=None)) after connection broken by 'NewConnectionError('<snowflake.connector.vendored.urllib3.connection.HTTPSConnection object at 0x726825a793a0>: Failed to establish a new connection: [Errno -2] Name or service not known')': /queries/v1/query-request?requestId=c70e7d86-4ce4-4341-992d-cc8f16b289b1&clientStartTime=1765820631310&retryCount=28&retryReason=None&request_guid=a558052d-c76c-4b8e-90c1-dd25741ed549
[2025-12-15T18:25:06.469+0000] {connectionpool.py:824} WARNING - Retrying (Retry(total=0, connect=None, read=None, redirect=None, status=None)) after connection broken by 'NewConnectionError('<snowflake.connector.vendored.urllib3.connection.HTTPSConnection object at 0x726825be02c0>: Failed to establish a new connection: [Errno -2] Name or service not known')': /queries/v1/query-request?requestId=c70e7d86-4ce4-4341-992d-cc8f16b289b1&clientStartTime=1765820631310&retryCount=29&retryReason=None&request_guid=19d317e6-7938-4835-814d-7ddb8abce50d
[2025-12-15T18:25:09.556+0000] {connectionpool.py:824} WARNING - Retrying (Retry(total=0, connect=None, read=None, redirect=None, status=None)) after connection broken by 'NewConnectionError('<snowflake.connector.vendored.urllib3.connection.HTTPSConnection object at 0x72682592cce0>: Failed to establish a new connection: [Errno -2] Name or service not known')': /queries/v1/query-request?requestId=c70e7d86-4ce4-4341-992d-cc8f16b289b1&clientStartTime=1765820631310&retryCount=30&retryReason=None&request_guid=b2c6ef0e-7aab-4934-9cad-2c884cc3bb08
[2025-12-15T18:25:17.636+0000] {connectionpool.py:824} WARNING - Retrying (Retry(total=0, connect=None, read=None, redirect=None, status=None)) after connection broken by 'NewConnectionError('<snowflake.connector.vendored.urllib3.connection.HTTPSConnection object at 0x726825a1de50>: Failed to establish a new connection: [Errno -2] Name or service not known')': /queries/v1/query-request?requestId=c70e7d86-4ce4-4341-992d-cc8f16b289b1&clientStartTime=1765820631310&retryCount=31&retryReason=None&request_guid=1c347a8d-9087-4e10-9498-78139793a465
[2025-12-15T18:25:28.705+0000] {connectionpool.py:824} WARNING - Retrying (Retry(total=0, connect=None, read=None, redirect=None, status=None)) after connection broken by 'NewConnectionError('<snowflake.connector.vendored.urllib3.connection.HTTPSConnection object at 0x726825a1f140>: Failed to establish a new connection: [Errno -2] Name or service not known')': /queries/v1/query-request?requestId=c70e7d86-4ce4-4341-992d-cc8f16b289b1&clientStartTime=1765820631310&retryCount=32&retryReason=None&request_guid=eed0a4b3-343e-4b84-aaba-11f2df48fa68
[2025-12-15T18:25:40.777+0000] {connectionpool.py:824} WARNING - Retrying (Retry(total=0, connect=None, read=None, redirect=None, status=None)) after connection broken by 'NewConnectionError('<snowflake.connector.vendored.urllib3.connection.HTTPSConnection object at 0x72682592cef0>: Failed to establish a new connection: [Errno -2] Name or service not known')': /queries/v1/query-request?requestId=c70e7d86-4ce4-4341-992d-cc8f16b289b1&clientStartTime=1765820631310&retryCount=33&retryReason=None&request_guid=12c48448-a432-4aff-adc5-569c5ab6dcd7
[2025-12-15T18:25:47.829+0000] {connectionpool.py:824} WARNING - Retrying (Retry(total=0, connect=None, read=None, redirect=None, status=None)) after connection broken by 'NewConnectionError('<snowflake.connector.vendored.urllib3.connection.HTTPSConnection object at 0x726825be3d10>: Failed to establish a new connection: [Errno -2] Name or service not known')': /queries/v1/query-request?requestId=c70e7d86-4ce4-4341-992d-cc8f16b289b1&clientStartTime=1765820631310&retryCount=34&retryReason=None&request_guid=a51a6607-82f6-440a-9ece-4767f42c34a3
[2025-12-15T18:25:49.866+0000] {connectionpool.py:824} WARNING - Retrying (Retry(total=0, connect=None, read=None, redirect=None, status=None)) after connection broken by 'NewConnectionError('<snowflake.connector.vendored.urllib3.connection.HTTPSConnection object at 0x726825a7b620>: Failed to establish a new connection: [Errno -2] Name or service not known')': /queries/v1/query-request?requestId=c70e7d86-4ce4-4341-992d-cc8f16b289b1&clientStartTime=1765820631310&retryCount=35&retryReason=None&request_guid=0c60ae47-df5b-4d95-87c6-39e96624c27b
[2025-12-15T18:26:00.904+0000] {connectionpool.py:824} WARNING - Retrying (Retry(total=0, connect=None, read=None, redirect=None, status=None)) after connection broken by 'NewConnectionError('<snowflake.connector.vendored.urllib3.connection.HTTPSConnection object at 0x726825c00bc0>: Failed to establish a new connection: [Errno -2] Name or service not known')': /queries/v1/query-request?requestId=c70e7d86-4ce4-4341-992d-cc8f16b289b1&clientStartTime=1765820631310&retryCount=36&retryReason=None&request_guid=ddb7b2f0-2f36-4fff-940a-dc77d5a90a6a
[2025-12-15T18:26:12.912+0000] {connectionpool.py:824} WARNING - Retrying (Retry(total=0, connect=None, read=None, redirect=None, status=None)) after connection broken by 'NewConnectionError('<snowflake.connector.vendored.urllib3.connection.HTTPSConnection object at 0x726825a1e1b0>: Failed to establish a new connection: [Errno -2] Name or service not known')': /queries/v1/query-request?requestId=c70e7d86-4ce4-4341-992d-cc8f16b289b1&clientStartTime=1765820631310&retryCount=37&retryReason=None&request_guid=992a138e-a1a1-4ad2-a932-d9d7333d2347
[2025-12-15T18:26:17.946+0000] {connectionpool.py:824} WARNING - Retrying (Retry(total=0, connect=None, read=None, redirect=None, status=None)) after connection broken by 'NewConnectionError('<snowflake.connector.vendored.urllib3.connection.HTTPSConnection object at 0x726825a1c590>: Failed to establish a new connection: [Errno -2] Name or service not known')': /queries/v1/query-request?requestId=c70e7d86-4ce4-4341-992d-cc8f16b289b1&clientStartTime=1765820631310&retryCount=38&retryReason=None&request_guid=948774a1-c767-4b4d-a73f-245f5a897e18
[2025-12-15T18:26:30.001+0000] {connectionpool.py:824} WARNING - Retrying (Retry(total=0, connect=None, read=None, redirect=None, status=None)) after connection broken by 'NewConnectionError('<snowflake.connector.vendored.urllib3.connection.HTTPSConnection object at 0x726825a1f6e0>: Failed to establish a new connection: [Errno -2] Name or service not known')': /queries/v1/query-request?requestId=c70e7d86-4ce4-4341-992d-cc8f16b289b1&clientStartTime=1765820631310&retryCount=39&retryReason=None&request_guid=5aa16b0f-0f5a-4473-a4be-8ae5cd232ad8
[2025-12-15T18:26:33.030+0000] {connectionpool.py:824} WARNING - Retrying (Retry(total=0, connect=None, read=None, redirect=None, status=None)) after connection broken by 'NewConnectionError('<snowflake.connector.vendored.urllib3.connection.HTTPSConnection object at 0x726825a314c0>: Failed to establish a new connection: [Errno -2] Name or service not known')': /queries/v1/query-request?requestId=c70e7d86-4ce4-4341-992d-cc8f16b289b1&clientStartTime=1765820631310&retryCount=40&retryReason=None&request_guid=055ae4fd-3d87-49f9-8755-e06a41f5a90d
[2025-12-15T18:26:44.051+0000] {connectionpool.py:824} WARNING - Retrying (Retry(total=0, connect=None, read=None, redirect=None, status=None)) after connection broken by 'NewConnectionError('<snowflake.connector.vendored.urllib3.connection.HTTPSConnection object at 0x726825a7af90>: Failed to establish a new connection: [Errno -2] Name or service not known')': /queries/v1/query-request?requestId=c70e7d86-4ce4-4341-992d-cc8f16b289b1&clientStartTime=1765820631310&retryCount=41&retryReason=None&request_guid=a1ef7205-78ac-4953-8c18-295f5946ac2b
[2025-12-15T18:26:53.086+0000] {connectionpool.py:824} WARNING - Retrying (Retry(total=0, connect=None, read=None, redirect=None, status=None)) after connection broken by 'NewConnectionError('<snowflake.connector.vendored.urllib3.connection.HTTPSConnection object at 0x726825be3d10>: Failed to establish a new connection: [Errno -2] Name or service not known')': /queries/v1/query-request?requestId=c70e7d86-4ce4-4341-992d-cc8f16b289b1&clientStartTime=1765820631310&retryCount=42&retryReason=None&request_guid=b6c898a8-0b0a-4c4b-919c-204bda0e08a4
[2025-12-15T18:26:54.100+0000] {connectionpool.py:824} WARNING - Retrying (Retry(total=0, connect=None, read=None, redirect=None, status=None)) after connection broken by 'NewConnectionError('<snowflake.connector.vendored.urllib3.connection.HTTPSConnection object at 0x72682592deb0>: Failed to establish a new connection: [Errno -2] Name or service not known')': /queries/v1/query-request?requestId=c70e7d86-4ce4-4341-992d-cc8f16b289b1&clientStartTime=1765820631310&retryCount=43&retryReason=None&request_guid=c175bcb6-22d9-4c8f-bff5-d47c9b2b5275
[2025-12-15T18:27:02.121+0000] {connectionpool.py:824} WARNING - Retrying (Retry(total=0, connect=None, read=None, redirect=None, status=None)) after connection broken by 'NewConnectionError('<snowflake.connector.vendored.urllib3.connection.HTTPSConnection object at 0x726825a1c8f0>: Failed to establish a new connection: [Errno -2] Name or service not known')': /queries/v1/query-request?requestId=c70e7d86-4ce4-4341-992d-cc8f16b289b1&clientStartTime=1765820631310&retryCount=44&retryReason=None&request_guid=9d61f0d3-3e73-474e-aba6-46284fdfc0e0
[2025-12-15T18:27:03.134+0000] {connectionpool.py:824} WARNING - Retrying (Retry(total=0, connect=None, read=None, redirect=None, status=None)) after connection broken by 'NewConnectionError('<snowflake.connector.vendored.urllib3.connection.HTTPSConnection object at 0x726825a1eae0>: Failed to establish a new connection: [Errno -2] Name or service not known')': /queries/v1/query-request?requestId=c70e7d86-4ce4-4341-992d-cc8f16b289b1&clientStartTime=1765820631310&retryCount=45&retryReason=None&request_guid=063e09f6-59d3-4dcd-bb6a-b83c8715e041
[2025-12-15T18:27:07.167+0000] {connectionpool.py:824} WARNING - Retrying (Retry(total=0, connect=None, read=None, redirect=None, status=None)) after connection broken by 'NewConnectionError('<snowflake.connector.vendored.urllib3.connection.HTTPSConnection object at 0x72682592f260>: Failed to establish a new connection: [Errno -2] Name or service not known')': /queries/v1/query-request?requestId=c70e7d86-4ce4-4341-992d-cc8f16b289b1&clientStartTime=1765820631310&retryCount=46&retryReason=None&request_guid=81ad42f5-67bd-4185-81e0-8f82153702b6
[2025-12-15T18:27:10.184+0000] {connectionpool.py:824} WARNING - Retrying (Retry(total=0, connect=None, read=None, redirect=None, status=None)) after connection broken by 'NewConnectionError('<snowflake.connector.vendored.urllib3.connection.HTTPSConnection object at 0x726825be37d0>: Failed to establish a new connection: [Errno -2] Name or service not known')': /queries/v1/query-request?requestId=c70e7d86-4ce4-4341-992d-cc8f16b289b1&clientStartTime=1765820631310&retryCount=47&retryReason=None&request_guid=a8b95176-27ff-4eb8-96e0-84f0be68bea5
[2025-12-15T18:27:26.240+0000] {connectionpool.py:824} WARNING - Retrying (Retry(total=0, connect=None, read=None, redirect=None, status=None)) after connection broken by 'NewConnectionError('<snowflake.connector.vendored.urllib3.connection.HTTPSConnection object at 0x726825ba7170>: Failed to establish a new connection: [Errno -2] Name or service not known')': /queries/v1/query-request?requestId=c70e7d86-4ce4-4341-992d-cc8f16b289b1&clientStartTime=1765820631310&retryCount=48&retryReason=None&request_guid=9be544b3-1fdc-49d2-a2c6-a938290a0f17
[2025-12-15T18:27:39.261+0000] {connectionpool.py:824} WARNING - Retrying (Retry(total=0, connect=None, read=None, redirect=None, status=None)) after connection broken by 'NewConnectionError('<snowflake.connector.vendored.urllib3.connection.HTTPSConnection object at 0x726825bdabd0>: Failed to establish a new connection: [Errno -2] Name or service not known')': /queries/v1/query-request?requestId=c70e7d86-4ce4-4341-992d-cc8f16b289b1&clientStartTime=1765820631310&retryCount=49&retryReason=None&request_guid=30841e72-2185-4ffd-8699-8bdab68e3130
[2025-12-15T18:27:39.315+0000] {connectionpool.py:824} WARNING - Retrying (Retry(total=0, connect=None, read=None, redirect=None, status=None)) after connection broken by 'NewConnectionError('<snowflake.connector.vendored.urllib3.connection.HTTPSConnection object at 0x726825a1dee0>: Failed to establish a new connection: [Errno -2] Name or service not known')': /queries/v1/query-request?requestId=c70e7d86-4ce4-4341-992d-cc8f16b289b1&clientStartTime=1765820631310&retryCount=50&retryReason=None&request_guid=227552a2-2635-425e-bdbd-11187af548ec
[2025-12-15T18:27:50.345+0000] {connectionpool.py:824} WARNING - Retrying (Retry(total=0, connect=None, read=None, redirect=None, status=None)) after connection broken by 'NewConnectionError('<snowflake.connector.vendored.urllib3.connection.HTTPSConnection object at 0x726825a1c200>: Failed to establish a new connection: [Errno -2] Name or service not known')': /queries/v1/query-request?requestId=c70e7d86-4ce4-4341-992d-cc8f16b289b1&clientStartTime=1765820631310&retryCount=51&retryReason=None&request_guid=5e96ee51-ad18-43a0-a7ac-afcf5f9bd48b
[2025-12-15T18:27:50.358+0000] {connectionpool.py:824} WARNING - Retrying (Retry(total=0, connect=None, read=None, redirect=None, status=None)) after connection broken by 'NewConnectionError('<snowflake.connector.vendored.urllib3.connection.HTTPSConnection object at 0x726825a4d0d0>: Failed to establish a new connection: [Errno -2] Name or service not known')': /queries/v1/query-request?requestId=c70e7d86-4ce4-4341-992d-cc8f16b289b1&clientStartTime=1765820631310&retryCount=52&retryReason=None&request_guid=3c45b462-0314-42b3-a341-72823f372edc
[2025-12-15T18:27:55.400+0000] {connectionpool.py:824} WARNING - Retrying (Retry(total=0, connect=None, read=None, redirect=None, status=None)) after connection broken by 'NewConnectionError('<snowflake.connector.vendored.urllib3.connection.HTTPSConnection object at 0x726825c00890>: Failed to establish a new connection: [Errno -2] Name or service not known')': /queries/v1/query-request?requestId=c70e7d86-4ce4-4341-992d-cc8f16b289b1&clientStartTime=1765820631310&retryCount=53&retryReason=None&request_guid=7f232bec-f404-4fd8-ade6-12ee3b052569
[2025-12-15T18:28:02.427+0000] {connectionpool.py:824} WARNING - Retrying (Retry(total=0, connect=None, read=None, redirect=None, status=None)) after connection broken by 'NewConnectionError('<snowflake.connector.vendored.urllib3.connection.HTTPSConnection object at 0x726825a7baa0>: Failed to establish a new connection: [Errno -2] Name or service not known')': /queries/v1/query-request?requestId=c70e7d86-4ce4-4341-992d-cc8f16b289b1&clientStartTime=1765820631310&retryCount=54&retryReason=None&request_guid=c4b9210e-ce01-4089-b009-9b38c758389f
[2025-12-15T18:28:03.453+0000] {connectionpool.py:824} WARNING - Retrying (Retry(total=0, connect=None, read=None, redirect=None, status=None)) after connection broken by 'NewConnectionError('<snowflake.connector.vendored.urllib3.connection.HTTPSConnection object at 0x726825a1e630>: Failed to establish a new connection: [Errno -2] Name or service not known')': /queries/v1/query-request?requestId=c70e7d86-4ce4-4341-992d-cc8f16b289b1&clientStartTime=1765820631310&retryCount=55&retryReason=None&request_guid=f78176d6-0c09-45e7-8fc8-42cca29e9f76
[2025-12-15T18:28:08.503+0000] {connectionpool.py:824} WARNING - Retrying (Retry(total=0, connect=None, read=None, redirect=None, status=None)) after connection broken by 'NewConnectionError('<snowflake.connector.vendored.urllib3.connection.HTTPSConnection object at 0x726825a1d250>: Failed to establish a new connection: [Errno -2] Name or service not known')': /queries/v1/query-request?requestId=c70e7d86-4ce4-4341-992d-cc8f16b289b1&clientStartTime=1765820631310&retryCount=56&retryReason=None&request_guid=c9ef7ab6-be4e-4ea2-899a-6cd834dd9fc4
[2025-12-15T18:28:22.544+0000] {connectionpool.py:824} WARNING - Retrying (Retry(total=0, connect=None, read=None, redirect=None, status=None)) after connection broken by 'NewConnectionError('<snowflake.connector.vendored.urllib3.connection.HTTPSConnection object at 0x726825be15e0>: Failed to establish a new connection: [Errno -2] Name or service not known')': /queries/v1/query-request?requestId=c70e7d86-4ce4-4341-992d-cc8f16b289b1&clientStartTime=1765820631310&retryCount=57&retryReason=None&request_guid=fe3dccca-ec6d-4035-8b71-eaa5c31dc7d7
[2025-12-15T18:28:32.573+0000] {connectionpool.py:824} WARNING - Retrying (Retry(total=0, connect=None, read=None, redirect=None, status=None)) after connection broken by 'NewConnectionError('<snowflake.connector.vendored.urllib3.connection.HTTPSConnection object at 0x726825a4ee40>: Failed to establish a new connection: [Errno -2] Name or service not known')': /queries/v1/query-request?requestId=c70e7d86-4ce4-4341-992d-cc8f16b289b1&clientStartTime=1765820631310&retryCount=58&retryReason=None&request_guid=f626e1c3-bc71-47df-8427-aa38356f79c2
[2025-12-15T18:28:32.597+0000] {connectionpool.py:824} WARNING - Retrying (Retry(total=0, connect=None, read=None, redirect=None, status=None)) after connection broken by 'NewConnectionError('<snowflake.connector.vendored.urllib3.connection.HTTPSConnection object at 0x726825a4fb00>: Failed to establish a new connection: [Errno -2] Name or service not known')': /queries/v1/query-request?requestId=c70e7d86-4ce4-4341-992d-cc8f16b289b1&clientStartTime=1765820631310&retryCount=59&retryReason=None&request_guid=5ff8a2e8-12a7-4f80-8e67-d037a1d1141b
[2025-12-15T18:28:40.627+0000] {connectionpool.py:824} WARNING - Retrying (Retry(total=0, connect=None, read=None, redirect=None, status=None)) after connection broken by 'NewConnectionError('<snowflake.connector.vendored.urllib3.connection.HTTPSConnection object at 0x726825c00380>: Failed to establish a new connection: [Errno -2] Name or service not known')': /queries/v1/query-request?requestId=c70e7d86-4ce4-4341-992d-cc8f16b289b1&clientStartTime=1765820631310&retryCount=60&retryReason=None&request_guid=2a98c93e-5b5d-4e41-9a1d-a5f03c188308
[2025-12-15T18:28:40.639+0000] {connectionpool.py:824} WARNING - Retrying (Retry(total=0, connect=None, read=None, redirect=None, status=None)) after connection broken by 'NewConnectionError('<snowflake.connector.vendored.urllib3.connection.HTTPSConnection object at 0x726825a1f020>: Failed to establish a new connection: [Errno -2] Name or service not known')': /queries/v1/query-request?requestId=c70e7d86-4ce4-4341-992d-cc8f16b289b1&clientStartTime=1765820631310&retryCount=61&retryReason=None&request_guid=e19a36a6-29e2-4b71-84d4-4b321707ea67
[2025-12-15T18:28:56.667+0000] {connectionpool.py:824} WARNING - Retrying (Retry(total=0, connect=None, read=None, redirect=None, status=None)) after connection broken by 'NewConnectionError('<snowflake.connector.vendored.urllib3.connection.HTTPSConnection object at 0x726825a1da90>: Failed to establish a new connection: [Errno -2] Name or service not known')': /queries/v1/query-request?requestId=c70e7d86-4ce4-4341-992d-cc8f16b289b1&clientStartTime=1765820631310&retryCount=62&retryReason=None&request_guid=55a535a7-71f2-4e9d-9162-a984b04e3ad7
[2025-12-15T18:29:11.694+0000] {connectionpool.py:824} WARNING - Retrying (Retry(total=0, connect=None, read=None, redirect=None, status=None)) after connection broken by 'NewConnectionError('<snowflake.connector.vendored.urllib3.connection.HTTPSConnection object at 0x726825bda630>: Failed to establish a new connection: [Errno -2] Name or service not known')': /queries/v1/query-request?requestId=c70e7d86-4ce4-4341-992d-cc8f16b289b1&clientStartTime=1765820631310&retryCount=63&retryReason=None&request_guid=a2ee65ae-e0c4-4e56-81ff-0cc35aa2e4c1
[2025-12-15T18:29:16.723+0000] {connectionpool.py:824} WARNING - Retrying (Retry(total=0, connect=None, read=None, redirect=None, status=None)) after connection broken by 'NewConnectionError('<snowflake.connector.vendored.urllib3.connection.HTTPSConnection object at 0x726825ba6d50>: Failed to establish a new connection: [Errno -2] Name or service not known')': /queries/v1/query-request?requestId=c70e7d86-4ce4-4341-992d-cc8f16b289b1&clientStartTime=1765820631310&retryCount=64&retryReason=None&request_guid=134b3a11-3cbb-4e5a-9fc6-9f2628f31b44
[2025-12-15T18:29:22.740+0000] {connectionpool.py:824} WARNING - Retrying (Retry(total=0, connect=None, read=None, redirect=None, status=None)) after connection broken by 'NewConnectionError('<snowflake.connector.vendored.urllib3.connection.HTTPSConnection object at 0x726825a78110>: Failed to establish a new connection: [Errno -2] Name or service not known')': /queries/v1/query-request?requestId=c70e7d86-4ce4-4341-992d-cc8f16b289b1&clientStartTime=1765820631310&retryCount=65&retryReason=None&request_guid=0b1e793f-efa3-40c1-b7cb-75510ba2b13a
[2025-12-15T18:29:36.750+0000] {connectionpool.py:824} WARNING - Retrying (Retry(total=0, connect=None, read=None, redirect=None, status=None)) after connection broken by 'NewConnectionError('<snowflake.connector.vendored.urllib3.connection.HTTPSConnection object at 0x726825a7b2c0>: Failed to establish a new connection: [Errno -2] Name or service not known')': /queries/v1/query-request?requestId=c70e7d86-4ce4-4341-992d-cc8f16b289b1&clientStartTime=1765820631310&retryCount=66&retryReason=None&request_guid=5250cf7f-a01e-4a03-9f4a-729e379357df
[2025-12-15T18:29:40.776+0000] {connectionpool.py:824} WARNING - Retrying (Retry(total=0, connect=None, read=None, redirect=None, status=None)) after connection broken by 'NewConnectionError('<snowflake.connector.vendored.urllib3.connection.HTTPSConnection object at 0x726825bda7e0>: Failed to establish a new connection: [Errno -2] Name or service not known')': /queries/v1/query-request?requestId=c70e7d86-4ce4-4341-992d-cc8f16b289b1&clientStartTime=1765820631310&retryCount=67&retryReason=None&request_guid=46334270-e587-496f-913e-1e4eb2203ea1
[2025-12-15T18:29:59.187+0000] {logging_mixin.py:188} INFO - Uploaded file to Snowflake stage: /tmp/minio_data/1765705517.json
[2025-12-15T18:30:00.112+0000] {logging_mixin.py:188} INFO - Uploaded file to Snowflake stage: /tmp/minio_data/1765705651.json
[2025-12-15T18:30:00.856+0000] {logging_mixin.py:188} INFO - Uploaded file to Snowflake stage: /tmp/minio_data/1765705782.json
[2025-12-15T18:30:01.635+0000] {logging_mixin.py:188} INFO - Uploaded file to Snowflake stage: /tmp/minio_data/1765705924.json
[2025-12-15T18:30:02.392+0000] {logging_mixin.py:188} INFO - Uploaded file to Snowflake stage: /tmp/minio_data/1765706099.json
[2025-12-15T18:30:03.153+0000] {logging_mixin.py:188} INFO - Uploaded file to Snowflake stage: /tmp/minio_data/1765706244.json
[2025-12-15T18:30:03.815+0000] {logging_mixin.py:188} INFO - Uploaded file to Snowflake stage: /tmp/minio_data/1765706370.json
[2025-12-15T18:30:04.856+0000] {logging_mixin.py:188} INFO - Uploaded file to Snowflake stage: /tmp/minio_data/1765706495.json
[2025-12-15T18:30:05.622+0000] {logging_mixin.py:188} INFO - Uploaded file to Snowflake stage: /tmp/minio_data/1765706621.json
[2025-12-15T18:30:06.334+0000] {logging_mixin.py:188} INFO - Uploaded file to Snowflake stage: /tmp/minio_data/1765706746.json
[2025-12-15T18:30:07.128+0000] {logging_mixin.py:188} INFO - Uploaded file to Snowflake stage: /tmp/minio_data/1765706872.json
[2025-12-15T18:30:07.129+0000] {logging_mixin.py:188} INFO - Successfully uploaded 265 files to Snowflake stage.
[2025-12-15T18:30:07.130+0000] {logging_mixin.py:188} INFO - Loading data into Snowflake table...
[2025-12-15T18:30:11.561+0000] {cursor.py:1149} INFO - Number of results in first chunk: 236
[2025-12-15T18:30:11.574+0000] {logging_mixin.py:188} INFO - COPY INTO completed
[2025-12-15T18:30:11.575+0000] {logging_mixin.py:188} INFO - Files loaded: 1765699228.json.gz
[2025-12-15T18:30:11.578+0000] {logging_mixin.py:188} INFO - Rows inserted: 1
[2025-12-15T18:30:12.860+0000] {cursor.py:1149} INFO - Number of results in first chunk: 236
[2025-12-15T18:30:12.862+0000] {logging_mixin.py:188} INFO - Cleaned up stage
[2025-12-15T18:30:12.879+0000] {connection.py:773} INFO - closed
[2025-12-15T18:30:13.153+0000] {connection.py:779} INFO - No async queries seem to be running, deleting session
[2025-12-15T18:30:13.390+0000] {logging_mixin.py:188} INFO - Snowflake connection closed.
[2025-12-15T18:30:13.404+0000] {python.py:237} INFO - Done. Returned value was: None
[2025-12-15T18:30:13.412+0000] {taskinstance.py:441} INFO - ::group::Post task execution logs
[2025-12-15T18:30:13.917+0000] {taskinstance.py:1206} INFO - Marking task as SUCCESS. dag_id=minio_to_snowflake, task_id=load_into_snowflake, run_id=scheduled__2025-12-15T17:25:00+00:00, execution_date=20251215T172500, start_date=20251215T173012, end_date=20251215T183013
[2025-12-15T18:30:14.211+0000] {local_task_job_runner.py:243} INFO - Task exited with return code 0
[2025-12-15T18:30:14.590+0000] {taskinstance.py:3503} INFO - 0 downstream tasks scheduled from follow-on schedule check
[2025-12-15T18:30:14.600+0000] {local_task_job_runner.py:222} INFO - ::endgroup::
