[2025-12-15T11:43:13.043+0000] {local_task_job_runner.py:120} INFO - ::group::Pre task execution logs
[2025-12-15T11:43:13.520+0000] {taskinstance.py:2076} INFO - Dependencies all met for dep_context=non-requeueable deps ti=<TaskInstance: minio_to_snowflake.load_into_snowflake scheduled__2025-12-15T10:35:00+00:00 [queued]>
[2025-12-15T11:43:13.629+0000] {taskinstance.py:2076} INFO - Dependencies all met for dep_context=requeueable deps ti=<TaskInstance: minio_to_snowflake.load_into_snowflake scheduled__2025-12-15T10:35:00+00:00 [queued]>
[2025-12-15T11:43:13.645+0000] {taskinstance.py:2306} INFO - Starting attempt 1 of 3
[2025-12-15T11:43:13.841+0000] {taskinstance.py:2330} INFO - Executing <Task(PythonOperator): load_into_snowflake> on 2025-12-15 10:35:00+00:00
[2025-12-15T11:43:13.972+0000] {standard_task_runner.py:90} INFO - Running: ['***', 'tasks', 'run', 'minio_to_snowflake', 'load_into_snowflake', 'scheduled__2025-12-15T10:35:00+00:00', '--job-id', '47', '--raw', '--subdir', 'DAGS_FOLDER/minio_to_snowflake.py', '--cfg-path', '/tmp/tmptpb2j15c']
[2025-12-15T11:43:13.983+0000] {logging_mixin.py:188} WARNING - /home/***/.local/lib/python3.12/site-packages/***/task/task_runner/standard_task_runner.py:62 DeprecationWarning: This process (pid=11966) is multi-threaded, use of fork() may lead to deadlocks in the child.
[2025-12-15T11:43:14.096+0000] {standard_task_runner.py:64} INFO - Started process 11980 to run task
[2025-12-15T11:43:14.000+0000] {standard_task_runner.py:91} INFO - Job 47: Subtask load_into_snowflake
[2025-12-15T11:43:14.878+0000] {task_command.py:426} INFO - Running <TaskInstance: minio_to_snowflake.load_into_snowflake scheduled__2025-12-15T10:35:00+00:00 [running]> on host 4abec113d47e
[2025-12-15T11:43:15.735+0000] {taskinstance.py:2648} INFO - Exporting env vars: AIRFLOW_CTX_DAG_OWNER='***' AIRFLOW_CTX_DAG_ID='minio_to_snowflake' AIRFLOW_CTX_TASK_ID='load_into_snowflake' AIRFLOW_CTX_EXECUTION_DATE='2025-12-15T10:35:00+00:00' AIRFLOW_CTX_TRY_NUMBER='1' AIRFLOW_CTX_DAG_RUN_ID='scheduled__2025-12-15T10:35:00+00:00'
[2025-12-15T11:43:15.739+0000] {taskinstance.py:430} INFO - ::endgroup::
[2025-12-15T11:43:16.016+0000] {logging_mixin.py:188} INFO - Received 265 files from previous task.
[2025-12-15T11:43:16.030+0000] {logging_mixin.py:188} INFO - Cnnecting to Snowflake...
[2025-12-15T11:43:16.045+0000] {connection.py:408} INFO - Snowflake Connector for Python Version: 3.11.0, Python Version: 3.12.4, Platform: Linux-6.6.87.2-microsoft-standard-WSL2-x86_64-with-glibc2.36
[2025-12-15T11:43:16.061+0000] {connection.py:1258} INFO - This connection is in OCSP Fail Open Mode. TLS Certificates would be checked for validity and revocation status. Any other Certificate Revocation related exceptions or OCSP Responder failures would be disregarded in favor of connectivity.
[2025-12-15T11:43:18.308+0000] {logging_mixin.py:188} INFO - Connected to Snowflake.
[2025-12-15T11:43:20.652+0000] {logging_mixin.py:188} INFO - Uploaded file to Snowflake stage: /tmp/minio_data/1765699149.json
[2025-12-15T11:43:21.708+0000] {logging_mixin.py:188} INFO - Uploaded file to Snowflake stage: /tmp/minio_data/1765700319.json
[2025-12-15T11:43:22.595+0000] {logging_mixin.py:188} INFO - Uploaded file to Snowflake stage: /tmp/minio_data/1765700445.json
[2025-12-15T11:43:23.380+0000] {logging_mixin.py:188} INFO - Uploaded file to Snowflake stage: /tmp/minio_data/1765700570.json
[2025-12-15T11:43:24.086+0000] {logging_mixin.py:188} INFO - Uploaded file to Snowflake stage: /tmp/minio_data/1765700695.json
[2025-12-15T11:43:24.905+0000] {logging_mixin.py:188} INFO - Uploaded file to Snowflake stage: /tmp/minio_data/1765700820.json
[2025-12-15T11:43:25.672+0000] {logging_mixin.py:188} INFO - Uploaded file to Snowflake stage: /tmp/minio_data/1765700944.json
[2025-12-15T11:43:26.360+0000] {logging_mixin.py:188} INFO - Uploaded file to Snowflake stage: /tmp/minio_data/1765701068.json
[2025-12-15T11:43:27.073+0000] {logging_mixin.py:188} INFO - Uploaded file to Snowflake stage: /tmp/minio_data/1765701195.json
[2025-12-15T11:43:27.763+0000] {logging_mixin.py:188} INFO - Uploaded file to Snowflake stage: /tmp/minio_data/1765701319.json
[2025-12-15T11:43:28.541+0000] {logging_mixin.py:188} INFO - Uploaded file to Snowflake stage: /tmp/minio_data/1765701444.json
[2025-12-15T11:43:29.294+0000] {logging_mixin.py:188} INFO - Uploaded file to Snowflake stage: /tmp/minio_data/1765701569.json
[2025-12-15T11:43:30.073+0000] {logging_mixin.py:188} INFO - Uploaded file to Snowflake stage: /tmp/minio_data/1765701708.json
[2025-12-15T11:43:30.799+0000] {logging_mixin.py:188} INFO - Uploaded file to Snowflake stage: /tmp/minio_data/1765701834.json
[2025-12-15T11:43:31.575+0000] {logging_mixin.py:188} INFO - Uploaded file to Snowflake stage: /tmp/minio_data/1765701960.json
[2025-12-15T11:43:32.298+0000] {logging_mixin.py:188} INFO - Uploaded file to Snowflake stage: /tmp/minio_data/1765702086.json
[2025-12-15T11:43:32.954+0000] {logging_mixin.py:188} INFO - Uploaded file to Snowflake stage: /tmp/minio_data/1765702212.json
[2025-12-15T11:43:33.640+0000] {logging_mixin.py:188} INFO - Uploaded file to Snowflake stage: /tmp/minio_data/1765702339.json
[2025-12-15T11:43:34.327+0000] {logging_mixin.py:188} INFO - Uploaded file to Snowflake stage: /tmp/minio_data/1765702464.json
[2025-12-15T11:43:35.022+0000] {logging_mixin.py:188} INFO - Uploaded file to Snowflake stage: /tmp/minio_data/1765702590.json
[2025-12-15T11:43:35.792+0000] {logging_mixin.py:188} INFO - Uploaded file to Snowflake stage: /tmp/minio_data/1765702715.json
[2025-12-15T11:43:36.472+0000] {logging_mixin.py:188} INFO - Uploaded file to Snowflake stage: /tmp/minio_data/1765702840.json
[2025-12-15T11:43:37.271+0000] {logging_mixin.py:188} INFO - Uploaded file to Snowflake stage: /tmp/minio_data/1765702967.json
[2025-12-15T11:43:38.003+0000] {logging_mixin.py:188} INFO - Uploaded file to Snowflake stage: /tmp/minio_data/1765703092.json
[2025-12-15T11:43:39.110+0000] {logging_mixin.py:188} INFO - Uploaded file to Snowflake stage: /tmp/minio_data/1765703217.json
[2025-12-15T11:43:40.289+0000] {logging_mixin.py:188} INFO - Uploaded file to Snowflake stage: /tmp/minio_data/1765703342.json
[2025-12-15T11:43:41.284+0000] {logging_mixin.py:188} INFO - Uploaded file to Snowflake stage: /tmp/minio_data/1765703468.json
[2025-12-15T11:43:42.109+0000] {logging_mixin.py:188} INFO - Uploaded file to Snowflake stage: /tmp/minio_data/1765703593.json
[2025-12-15T11:43:42.846+0000] {logging_mixin.py:188} INFO - Uploaded file to Snowflake stage: /tmp/minio_data/1765703717.json
[2025-12-15T11:43:44.113+0000] {logging_mixin.py:188} INFO - Uploaded file to Snowflake stage: /tmp/minio_data/1765703841.json
[2025-12-15T11:43:51.140+0000] {connectionpool.py:824} WARNING - Retrying (Retry(total=0, connect=None, read=None, redirect=None, status=None)) after connection broken by 'ProtocolError('Connection aborted.', RemoteDisconnected('Remote end closed connection without response'))': /4sob1000-s/tables/12560761461/1765703966.json.gz
[2025-12-15T11:43:56.225+0000] {logging_mixin.py:188} INFO - Uploaded file to Snowflake stage: /tmp/minio_data/1765703966.json
[2025-12-15T11:44:01.504+0000] {logging_mixin.py:188} INFO - Uploaded file to Snowflake stage: /tmp/minio_data/1765704090.json
[2025-12-15T11:44:12.656+0000] {logging_mixin.py:188} INFO - Uploaded file to Snowflake stage: /tmp/minio_data/1765704215.json
[2025-12-15T11:44:45.908+0000] {connectionpool.py:824} WARNING - Retrying (Retry(total=0, connect=None, read=None, redirect=None, status=None)) after connection broken by 'NewConnectionError('<snowflake.connector.vendored.urllib3.connection.HTTPSConnection object at 0x77068d7b7080>: Failed to establish a new connection: [Errno -5] No address associated with hostname')': /?accelerate
[2025-12-15T11:44:46.959+0000] {storage_client.py:318} WARNING - GET with url b'https://sfc-uk-ds1-28-customer-stage.s3.amazonaws.com/?accelerate' failed for transient error: HTTPSConnectionPool(host='sfc-uk-ds1-28-customer-stage.s3.amazonaws.com', port=443): Max retries exceeded with url: /?accelerate (Caused by NewConnectionError('<snowflake.connector.vendored.urllib3.connection.HTTPSConnection object at 0x77068d806540>: Failed to establish a new connection: [Errno -2] Name or service not known'))
[2025-12-15T11:44:46.987+0000] {connectionpool.py:824} WARNING - Retrying (Retry(total=0, connect=None, read=None, redirect=None, status=None)) after connection broken by 'NewConnectionError('<snowflake.connector.vendored.urllib3.connection.HTTPSConnection object at 0x77068d8047a0>: Failed to establish a new connection: [Errno -2] Name or service not known')': /?accelerate
[2025-12-15T11:44:49.025+0000] {storage_client.py:318} WARNING - GET with url b'https://sfc-uk-ds1-28-customer-stage.s3.amazonaws.com/?accelerate' failed for transient error: HTTPSConnectionPool(host='sfc-uk-ds1-28-customer-stage.s3.amazonaws.com', port=443): Max retries exceeded with url: /?accelerate (Caused by NewConnectionError('<snowflake.connector.vendored.urllib3.connection.HTTPSConnection object at 0x77068d8064e0>: Failed to establish a new connection: [Errno -2] Name or service not known'))
[2025-12-15T11:44:49.064+0000] {connectionpool.py:824} WARNING - Retrying (Retry(total=0, connect=None, read=None, redirect=None, status=None)) after connection broken by 'NewConnectionError('<snowflake.connector.vendored.urllib3.connection.HTTPSConnection object at 0x77068d804bc0>: Failed to establish a new connection: [Errno -2] Name or service not known')': /?accelerate
[2025-12-15T11:44:54.439+0000] {storage_client.py:318} WARNING - GET with url b'https://sfc-uk-ds1-28-customer-stage.s3.amazonaws.com/?accelerate' failed for transient error: HTTPSConnectionPool(host='sfc-uk-ds1-28-customer-stage.s3.amazonaws.com', port=443): Max retries exceeded with url: /?accelerate (Caused by NewConnectionError('<snowflake.connector.vendored.urllib3.connection.HTTPSConnection object at 0x77068d805d00>: Failed to establish a new connection: [Errno -2] Name or service not known'))
[2025-12-15T11:44:58.055+0000] {logging_mixin.py:188} INFO - Uploaded file to Snowflake stage: /tmp/minio_data/1765704339.json
[2025-12-15T11:45:04.961+0000] {logging_mixin.py:188} INFO - Uploaded file to Snowflake stage: /tmp/minio_data/1765704464.json
[2025-12-15T11:45:10.922+0000] {logging_mixin.py:188} INFO - Uploaded file to Snowflake stage: /tmp/minio_data/1765704588.json
[2025-12-15T11:45:11.639+0000] {logging_mixin.py:188} INFO - Uploaded file to Snowflake stage: /tmp/minio_data/1765704712.json
[2025-12-15T11:45:12.790+0000] {logging_mixin.py:188} INFO - Uploaded file to Snowflake stage: /tmp/minio_data/1765704837.json
[2025-12-15T11:45:14.083+0000] {logging_mixin.py:188} INFO - Uploaded file to Snowflake stage: /tmp/minio_data/1765704961.json
[2025-12-15T11:45:14.983+0000] {logging_mixin.py:188} INFO - Uploaded file to Snowflake stage: /tmp/minio_data/1765705086.json
[2025-12-15T11:45:16.166+0000] {logging_mixin.py:188} INFO - Uploaded file to Snowflake stage: /tmp/minio_data/1765705210.json
[2025-12-15T11:45:17.325+0000] {logging_mixin.py:188} INFO - Uploaded file to Snowflake stage: /tmp/minio_data/1765705335.json
[2025-12-15T11:45:18.502+0000] {logging_mixin.py:188} INFO - Uploaded file to Snowflake stage: /tmp/minio_data/1765705459.json
[2025-12-15T11:45:19.702+0000] {logging_mixin.py:188} INFO - Uploaded file to Snowflake stage: /tmp/minio_data/1765705591.json
[2025-12-15T11:45:22.132+0000] {logging_mixin.py:188} INFO - Uploaded file to Snowflake stage: /tmp/minio_data/1765705724.json
[2025-12-15T11:45:23.774+0000] {logging_mixin.py:188} INFO - Uploaded file to Snowflake stage: /tmp/minio_data/1765705856.json
[2025-12-15T11:45:26.100+0000] {logging_mixin.py:188} INFO - Uploaded file to Snowflake stage: /tmp/minio_data/1765706004.json
[2025-12-15T11:45:28.308+0000] {logging_mixin.py:188} INFO - Uploaded file to Snowflake stage: /tmp/minio_data/1765706174.json
[2025-12-15T11:45:29.295+0000] {logging_mixin.py:188} INFO - Uploaded file to Snowflake stage: /tmp/minio_data/1765706317.json
[2025-12-15T11:45:30.484+0000] {logging_mixin.py:188} INFO - Uploaded file to Snowflake stage: /tmp/minio_data/1765706443.json
[2025-12-15T11:45:31.799+0000] {logging_mixin.py:188} INFO - Uploaded file to Snowflake stage: /tmp/minio_data/1765706568.json
[2025-12-15T11:45:36.583+0000] {logging_mixin.py:188} INFO - Uploaded file to Snowflake stage: /tmp/minio_data/1765706694.json
[2025-12-15T11:45:37.734+0000] {logging_mixin.py:188} INFO - Uploaded file to Snowflake stage: /tmp/minio_data/1765706820.json
[2025-12-15T11:45:41.348+0000] {logging_mixin.py:188} INFO - Uploaded file to Snowflake stage: /tmp/minio_data/1765699206.json
[2025-12-15T11:45:42.625+0000] {logging_mixin.py:188} INFO - Uploaded file to Snowflake stage: /tmp/minio_data/1765700358.json
[2025-12-15T11:45:43.809+0000] {logging_mixin.py:188} INFO - Uploaded file to Snowflake stage: /tmp/minio_data/1765700483.json
[2025-12-15T11:45:46.616+0000] {logging_mixin.py:188} INFO - Uploaded file to Snowflake stage: /tmp/minio_data/1765700609.json
[2025-12-15T11:45:49.663+0000] {logging_mixin.py:188} INFO - Uploaded file to Snowflake stage: /tmp/minio_data/1765700734.json
[2025-12-15T11:45:57.026+0000] {logging_mixin.py:188} INFO - Uploaded file to Snowflake stage: /tmp/minio_data/1765700858.json
[2025-12-15T11:46:01.681+0000] {logging_mixin.py:188} INFO - Uploaded file to Snowflake stage: /tmp/minio_data/1765700983.json
[2025-12-15T11:46:11.345+0000] {logging_mixin.py:188} INFO - Uploaded file to Snowflake stage: /tmp/minio_data/1765701108.json
[2025-12-15T11:46:17.887+0000] {logging_mixin.py:188} INFO - Uploaded file to Snowflake stage: /tmp/minio_data/1765701234.json
[2025-12-15T11:46:19.262+0000] {logging_mixin.py:188} INFO - Uploaded file to Snowflake stage: /tmp/minio_data/1765701359.json
[2025-12-15T11:46:20.400+0000] {logging_mixin.py:188} INFO - Uploaded file to Snowflake stage: /tmp/minio_data/1765701483.json
[2025-12-15T11:46:23.934+0000] {logging_mixin.py:188} INFO - Uploaded file to Snowflake stage: /tmp/minio_data/1765701607.json
[2025-12-15T11:46:25.090+0000] {logging_mixin.py:188} INFO - Uploaded file to Snowflake stage: /tmp/minio_data/1765701748.json
[2025-12-15T11:46:26.134+0000] {logging_mixin.py:188} INFO - Uploaded file to Snowflake stage: /tmp/minio_data/1765701874.json
[2025-12-15T11:46:27.303+0000] {logging_mixin.py:188} INFO - Uploaded file to Snowflake stage: /tmp/minio_data/1765701999.json
[2025-12-15T11:46:28.800+0000] {logging_mixin.py:188} INFO - Uploaded file to Snowflake stage: /tmp/minio_data/1765702125.json
[2025-12-15T11:46:30.305+0000] {logging_mixin.py:188} INFO - Uploaded file to Snowflake stage: /tmp/minio_data/1765702252.json
[2025-12-15T11:46:31.661+0000] {logging_mixin.py:188} INFO - Uploaded file to Snowflake stage: /tmp/minio_data/1765702378.json
[2025-12-15T11:46:33.634+0000] {logging_mixin.py:188} INFO - Uploaded file to Snowflake stage: /tmp/minio_data/1765702503.json
[2025-12-15T11:46:35.133+0000] {logging_mixin.py:188} INFO - Uploaded file to Snowflake stage: /tmp/minio_data/1765702628.json
[2025-12-15T11:46:35.374+0000] {logging_mixin.py:188} INFO - Uploaded file to Snowflake stage: /tmp/minio_data/1765702754.json
[2025-12-15T11:46:37.524+0000] {logging_mixin.py:188} INFO - Uploaded file to Snowflake stage: /tmp/minio_data/1765702880.json
[2025-12-15T11:46:41.343+0000] {logging_mixin.py:188} INFO - Uploaded file to Snowflake stage: /tmp/minio_data/1765703006.json
[2025-12-15T11:46:46.385+0000] {logging_mixin.py:188} INFO - Uploaded file to Snowflake stage: /tmp/minio_data/1765703131.json
[2025-12-15T11:46:49.507+0000] {logging_mixin.py:188} INFO - Uploaded file to Snowflake stage: /tmp/minio_data/1765703256.json
[2025-12-15T11:46:53.013+0000] {logging_mixin.py:188} INFO - Uploaded file to Snowflake stage: /tmp/minio_data/1765703381.json
[2025-12-15T11:46:58.661+0000] {connectionpool.py:824} WARNING - Retrying (Retry(total=0, connect=None, read=None, redirect=None, status=None)) after connection broken by 'ProtocolError('Connection aborted.', RemoteDisconnected('Remote end closed connection without response'))': /?accelerate
[2025-12-15T11:47:10.494+0000] {logging_mixin.py:188} INFO - Uploaded file to Snowflake stage: /tmp/minio_data/1765703507.json
[2025-12-15T11:47:23.171+0000] {connectionpool.py:824} WARNING - Retrying (Retry(total=0, connect=None, read=None, redirect=None, status=None)) after connection broken by 'NewConnectionError('<snowflake.connector.vendored.urllib3.connection.HTTPSConnection object at 0x77068d6c6d50>: Failed to establish a new connection: [Errno -5] No address associated with hostname')': /?accelerate
[2025-12-15T11:47:28.288+0000] {logging_mixin.py:188} INFO - Uploaded file to Snowflake stage: /tmp/minio_data/1765703631.json
[2025-12-15T11:47:37.489+0000] {logging_mixin.py:188} INFO - Uploaded file to Snowflake stage: /tmp/minio_data/1765703756.json
[2025-12-15T11:47:42.909+0000] {logging_mixin.py:188} INFO - Uploaded file to Snowflake stage: /tmp/minio_data/1765703880.json
[2025-12-15T11:47:44.736+0000] {logging_mixin.py:188} INFO - Uploaded file to Snowflake stage: /tmp/minio_data/1765704004.json
[2025-12-15T11:47:46.440+0000] {logging_mixin.py:188} INFO - Uploaded file to Snowflake stage: /tmp/minio_data/1765704129.json
[2025-12-15T11:47:48.232+0000] {logging_mixin.py:188} INFO - Uploaded file to Snowflake stage: /tmp/minio_data/1765704254.json
[2025-12-15T11:47:49.599+0000] {logging_mixin.py:188} INFO - Uploaded file to Snowflake stage: /tmp/minio_data/1765704377.json
[2025-12-15T11:47:51.670+0000] {logging_mixin.py:188} INFO - Uploaded file to Snowflake stage: /tmp/minio_data/1765704502.json
[2025-12-15T11:47:53.425+0000] {logging_mixin.py:188} INFO - Uploaded file to Snowflake stage: /tmp/minio_data/1765704627.json
[2025-12-15T11:47:55.421+0000] {logging_mixin.py:188} INFO - Uploaded file to Snowflake stage: /tmp/minio_data/1765704751.json
[2025-12-15T11:47:56.813+0000] {logging_mixin.py:188} INFO - Uploaded file to Snowflake stage: /tmp/minio_data/1765704875.json
[2025-12-15T11:47:58.208+0000] {logging_mixin.py:188} INFO - Uploaded file to Snowflake stage: /tmp/minio_data/1765705000.json
[2025-12-15T11:47:59.346+0000] {logging_mixin.py:188} INFO - Uploaded file to Snowflake stage: /tmp/minio_data/1765705125.json
[2025-12-15T11:48:00.478+0000] {logging_mixin.py:188} INFO - Uploaded file to Snowflake stage: /tmp/minio_data/1765705249.json
[2025-12-15T11:48:01.682+0000] {logging_mixin.py:188} INFO - Uploaded file to Snowflake stage: /tmp/minio_data/1765705373.json
[2025-12-15T11:48:02.827+0000] {logging_mixin.py:188} INFO - Uploaded file to Snowflake stage: /tmp/minio_data/1765705504.json
[2025-12-15T11:48:03.115+0000] {logging_mixin.py:188} INFO - Uploaded file to Snowflake stage: /tmp/minio_data/1765705636.json
[2025-12-15T11:48:05.271+0000] {logging_mixin.py:188} INFO - Uploaded file to Snowflake stage: /tmp/minio_data/1765705768.json
[2025-12-15T11:48:07.629+0000] {logging_mixin.py:188} INFO - Uploaded file to Snowflake stage: /tmp/minio_data/1765705902.json
[2025-12-15T11:48:09.593+0000] {logging_mixin.py:188} INFO - Uploaded file to Snowflake stage: /tmp/minio_data/1765706078.json
[2025-12-15T11:48:11.232+0000] {logging_mixin.py:188} INFO - Uploaded file to Snowflake stage: /tmp/minio_data/1765706228.json
[2025-12-15T11:48:12.425+0000] {logging_mixin.py:188} INFO - Uploaded file to Snowflake stage: /tmp/minio_data/1765706357.json
[2025-12-15T11:48:13.992+0000] {logging_mixin.py:188} INFO - Uploaded file to Snowflake stage: /tmp/minio_data/1765706482.json
[2025-12-15T11:48:16.556+0000] {logging_mixin.py:188} INFO - Uploaded file to Snowflake stage: /tmp/minio_data/1765706607.json
[2025-12-15T11:48:18.444+0000] {logging_mixin.py:188} INFO - Uploaded file to Snowflake stage: /tmp/minio_data/1765706733.json
[2025-12-15T11:48:24.418+0000] {logging_mixin.py:188} INFO - Uploaded file to Snowflake stage: /tmp/minio_data/1765706859.json
[2025-12-15T11:48:25.940+0000] {logging_mixin.py:188} INFO - Uploaded file to Snowflake stage: /tmp/minio_data/1765699167.json
[2025-12-15T11:48:27.223+0000] {logging_mixin.py:188} INFO - Uploaded file to Snowflake stage: /tmp/minio_data/1765700332.json
[2025-12-15T11:48:28.918+0000] {logging_mixin.py:188} INFO - Uploaded file to Snowflake stage: /tmp/minio_data/1765700458.json
[2025-12-15T11:48:30.252+0000] {logging_mixin.py:188} INFO - Uploaded file to Snowflake stage: /tmp/minio_data/1765700583.json
[2025-12-15T11:48:33.335+0000] {logging_mixin.py:188} INFO - Uploaded file to Snowflake stage: /tmp/minio_data/1765700708.json
[2025-12-15T11:48:41.633+0000] {logging_mixin.py:188} INFO - Uploaded file to Snowflake stage: /tmp/minio_data/1765700832.json
[2025-12-15T11:48:51.494+0000] {logging_mixin.py:188} INFO - Uploaded file to Snowflake stage: /tmp/minio_data/1765700957.json
[2025-12-15T11:49:19.249+0000] {connectionpool.py:824} WARNING - Retrying (Retry(total=0, connect=None, read=None, redirect=None, status=None)) after connection broken by 'ProtocolError('Connection aborted.', RemoteDisconnected('Remote end closed connection without response'))': /4sob1000-s/tables/12560761461/1765701082.json.gz
[2025-12-15T11:49:19.602+0000] {logging_mixin.py:188} INFO - Uploaded file to Snowflake stage: /tmp/minio_data/1765701082.json
[2025-12-15T11:49:20.878+0000] {logging_mixin.py:188} INFO - Uploaded file to Snowflake stage: /tmp/minio_data/1765701208.json
[2025-12-15T11:49:39.980+0000] {logging_mixin.py:188} INFO - Uploaded file to Snowflake stage: /tmp/minio_data/1765701333.json
[2025-12-15T11:49:41.327+0000] {logging_mixin.py:188} INFO - Uploaded file to Snowflake stage: /tmp/minio_data/1765701457.json
[2025-12-15T11:49:42.115+0000] {logging_mixin.py:188} INFO - Uploaded file to Snowflake stage: /tmp/minio_data/1765701582.json
[2025-12-15T11:49:57.445+0000] {connectionpool.py:824} WARNING - Retrying (Retry(total=0, connect=None, read=None, redirect=None, status=None)) after connection broken by 'ProtocolError('Connection aborted.', RemoteDisconnected('Remote end closed connection without response'))': /?accelerate
[2025-12-15T11:50:05.410+0000] {logging_mixin.py:188} INFO - Uploaded file to Snowflake stage: /tmp/minio_data/1765701721.json
[2025-12-15T11:50:15.484+0000] {logging_mixin.py:188} INFO - Uploaded file to Snowflake stage: /tmp/minio_data/1765701847.json
[2025-12-15T11:50:17.253+0000] {logging_mixin.py:188} INFO - Uploaded file to Snowflake stage: /tmp/minio_data/1765701973.json
[2025-12-15T11:50:19.679+0000] {logging_mixin.py:188} INFO - Uploaded file to Snowflake stage: /tmp/minio_data/1765702099.json
[2025-12-15T11:50:20.901+0000] {logging_mixin.py:188} INFO - Uploaded file to Snowflake stage: /tmp/minio_data/1765702225.json
[2025-12-15T11:50:23.441+0000] {logging_mixin.py:188} INFO - Uploaded file to Snowflake stage: /tmp/minio_data/1765702352.json
[2025-12-15T11:50:25.729+0000] {logging_mixin.py:188} INFO - Uploaded file to Snowflake stage: /tmp/minio_data/1765702477.json
[2025-12-15T11:50:32.723+0000] {logging_mixin.py:188} INFO - Uploaded file to Snowflake stage: /tmp/minio_data/1765702603.json
[2025-12-15T11:50:34.486+0000] {logging_mixin.py:188} INFO - Uploaded file to Snowflake stage: /tmp/minio_data/1765702728.json
[2025-12-15T11:50:36.154+0000] {logging_mixin.py:188} INFO - Uploaded file to Snowflake stage: /tmp/minio_data/1765702853.json
[2025-12-15T11:50:38.315+0000] {logging_mixin.py:188} INFO - Uploaded file to Snowflake stage: /tmp/minio_data/1765702980.json
[2025-12-15T11:50:41.614+0000] {logging_mixin.py:188} INFO - Uploaded file to Snowflake stage: /tmp/minio_data/1765703105.json
[2025-12-15T11:50:44.529+0000] {logging_mixin.py:188} INFO - Uploaded file to Snowflake stage: /tmp/minio_data/1765703230.json
[2025-12-15T11:50:49.964+0000] {logging_mixin.py:188} INFO - Uploaded file to Snowflake stage: /tmp/minio_data/1765703355.json
[2025-12-15T11:50:52.068+0000] {logging_mixin.py:188} INFO - Uploaded file to Snowflake stage: /tmp/minio_data/1765703481.json
[2025-12-15T11:50:53.772+0000] {logging_mixin.py:188} INFO - Uploaded file to Snowflake stage: /tmp/minio_data/1765703605.json
[2025-12-15T11:50:58.822+0000] {logging_mixin.py:188} INFO - Uploaded file to Snowflake stage: /tmp/minio_data/1765703729.json
[2025-12-15T11:51:00.381+0000] {logging_mixin.py:188} INFO - Uploaded file to Snowflake stage: /tmp/minio_data/1765703854.json
[2025-12-15T11:51:01.630+0000] {logging_mixin.py:188} INFO - Uploaded file to Snowflake stage: /tmp/minio_data/1765703979.json
[2025-12-15T11:51:02.861+0000] {logging_mixin.py:188} INFO - Uploaded file to Snowflake stage: /tmp/minio_data/1765704103.json
[2025-12-15T11:51:04.413+0000] {logging_mixin.py:188} INFO - Uploaded file to Snowflake stage: /tmp/minio_data/1765704228.json
[2025-12-15T11:51:06.227+0000] {logging_mixin.py:188} INFO - Uploaded file to Snowflake stage: /tmp/minio_data/1765704352.json
[2025-12-15T11:51:09.033+0000] {logging_mixin.py:188} INFO - Uploaded file to Snowflake stage: /tmp/minio_data/1765704477.json
[2025-12-15T11:51:13.065+0000] {logging_mixin.py:188} INFO - Uploaded file to Snowflake stage: /tmp/minio_data/1765704601.json
[2025-12-15T11:51:16.160+0000] {logging_mixin.py:188} INFO - Uploaded file to Snowflake stage: /tmp/minio_data/1765704725.json
[2025-12-15T11:51:17.296+0000] {logging_mixin.py:188} INFO - Uploaded file to Snowflake stage: /tmp/minio_data/1765704850.json
[2025-12-15T11:51:18.708+0000] {logging_mixin.py:188} INFO - Uploaded file to Snowflake stage: /tmp/minio_data/1765704974.json
[2025-12-15T11:51:20.034+0000] {logging_mixin.py:188} INFO - Uploaded file to Snowflake stage: /tmp/minio_data/1765705098.json
[2025-12-15T11:51:21.312+0000] {logging_mixin.py:188} INFO - Uploaded file to Snowflake stage: /tmp/minio_data/1765705223.json
[2025-12-15T11:51:22.532+0000] {logging_mixin.py:188} INFO - Uploaded file to Snowflake stage: /tmp/minio_data/1765705348.json
[2025-12-15T11:51:23.910+0000] {logging_mixin.py:188} INFO - Uploaded file to Snowflake stage: /tmp/minio_data/1765705476.json
[2025-12-15T11:51:25.353+0000] {logging_mixin.py:188} INFO - Uploaded file to Snowflake stage: /tmp/minio_data/1765705605.json
[2025-12-15T11:51:28.184+0000] {logging_mixin.py:188} INFO - Uploaded file to Snowflake stage: /tmp/minio_data/1765705738.json
[2025-12-15T11:51:30.592+0000] {logging_mixin.py:188} INFO - Uploaded file to Snowflake stage: /tmp/minio_data/1765705870.json
[2025-12-15T11:51:58.162+0000] {logging_mixin.py:188} INFO - Uploaded file to Snowflake stage: /tmp/minio_data/1765706030.json
[2025-12-15T11:52:13.261+0000] {logging_mixin.py:188} INFO - Uploaded file to Snowflake stage: /tmp/minio_data/1765706198.json
[2025-12-15T11:52:14.355+0000] {logging_mixin.py:188} INFO - Uploaded file to Snowflake stage: /tmp/minio_data/1765706330.json
[2025-12-15T11:52:15.684+0000] {logging_mixin.py:188} INFO - Uploaded file to Snowflake stage: /tmp/minio_data/1765706456.json
[2025-12-15T11:52:16.973+0000] {logging_mixin.py:188} INFO - Uploaded file to Snowflake stage: /tmp/minio_data/1765706581.json
[2025-12-15T11:52:47.525+0000] {connectionpool.py:824} WARNING - Retrying (Retry(total=0, connect=None, read=None, redirect=None, status=None)) after connection broken by 'NewConnectionError('<snowflake.connector.vendored.urllib3.connection.HTTPSConnection object at 0x77068d7fb020>: Failed to establish a new connection: [Errno -5] No address associated with hostname')': /?accelerate
[2025-12-15T11:52:52.562+0000] {storage_client.py:318} WARNING - GET with url b'https://sfc-uk-ds1-28-customer-stage.s3.amazonaws.com/?accelerate' failed for transient error: HTTPSConnectionPool(host='sfc-uk-ds1-28-customer-stage.s3.amazonaws.com', port=443): Max retries exceeded with url: /?accelerate (Caused by NewConnectionError('<snowflake.connector.vendored.urllib3.connection.HTTPSConnection object at 0x77068d7fbb60>: Failed to establish a new connection: [Errno -5] No address associated with hostname'))
[2025-12-15T11:52:56.681+0000] {connectionpool.py:824} WARNING - Retrying (Retry(total=0, connect=None, read=None, redirect=None, status=None)) after connection broken by 'NewConnectionError('<snowflake.connector.vendored.urllib3.connection.HTTPSConnection object at 0x77068d7fb7d0>: Failed to establish a new connection: [Errno -5] No address associated with hostname')': /?accelerate
[2025-12-15T11:53:02.626+0000] {storage_client.py:318} WARNING - GET with url b'https://sfc-uk-ds1-28-customer-stage.s3.amazonaws.com/?accelerate' failed for transient error: HTTPSConnectionPool(host='sfc-uk-ds1-28-customer-stage.s3.amazonaws.com', port=443): Max retries exceeded with url: /?accelerate (Caused by NewConnectionError('<snowflake.connector.vendored.urllib3.connection.HTTPSConnection object at 0x77068d7f8e90>: Failed to establish a new connection: [Errno -5] No address associated with hostname'))
[2025-12-15T11:53:06.640+0000] {connectionpool.py:824} WARNING - Retrying (Retry(total=0, connect=None, read=None, redirect=None, status=None)) after connection broken by 'NewConnectionError('<snowflake.connector.vendored.urllib3.connection.HTTPSConnection object at 0x77068d7fb3b0>: Failed to establish a new connection: [Errno -5] No address associated with hostname')': /?accelerate
[2025-12-15T11:53:12.437+0000] {storage_client.py:318} WARNING - GET with url b'https://sfc-uk-ds1-28-customer-stage.s3.amazonaws.com/?accelerate' failed for transient error: HTTPSConnectionPool(host='sfc-uk-ds1-28-customer-stage.s3.amazonaws.com', port=443): Max retries exceeded with url: /?accelerate (Caused by NewConnectionError('<snowflake.connector.vendored.urllib3.connection.HTTPSConnection object at 0x77068d7fa270>: Failed to establish a new connection: [Errno -2] Name or service not known'))
[2025-12-15T11:53:12.459+0000] {connectionpool.py:824} WARNING - Retrying (Retry(total=0, connect=None, read=None, redirect=None, status=None)) after connection broken by 'NewConnectionError('<snowflake.connector.vendored.urllib3.connection.HTTPSConnection object at 0x77068d7fa7b0>: Failed to establish a new connection: [Errno -2] Name or service not known')': /?accelerate
[2025-12-15T11:53:18.763+0000] {storage_client.py:318} WARNING - GET with url b'https://sfc-uk-ds1-28-customer-stage.s3.amazonaws.com/?accelerate' failed for transient error: HTTPSConnectionPool(host='sfc-uk-ds1-28-customer-stage.s3.amazonaws.com', port=443): Max retries exceeded with url: /?accelerate (Caused by NewConnectionError('<snowflake.connector.vendored.urllib3.connection.HTTPSConnection object at 0x77068d6c74d0>: Failed to establish a new connection: [Errno -2] Name or service not known'))
[2025-12-15T11:53:22.956+0000] {logging_mixin.py:188} INFO - Uploaded file to Snowflake stage: /tmp/minio_data/1765706707.json
[2025-12-15T11:53:24.217+0000] {logging_mixin.py:188} INFO - Uploaded file to Snowflake stage: /tmp/minio_data/1765706833.json
[2025-12-15T11:53:27.020+0000] {logging_mixin.py:188} INFO - Uploaded file to Snowflake stage: /tmp/minio_data/1765699183.json
[2025-12-15T11:53:28.226+0000] {logging_mixin.py:188} INFO - Uploaded file to Snowflake stage: /tmp/minio_data/1765700345.json
[2025-12-15T11:53:29.345+0000] {logging_mixin.py:188} INFO - Uploaded file to Snowflake stage: /tmp/minio_data/1765700470.json
[2025-12-15T11:53:32.950+0000] {logging_mixin.py:188} INFO - Uploaded file to Snowflake stage: /tmp/minio_data/1765700596.json
[2025-12-15T11:53:34.545+0000] {logging_mixin.py:188} INFO - Uploaded file to Snowflake stage: /tmp/minio_data/1765700721.json
[2025-12-15T11:53:35.857+0000] {logging_mixin.py:188} INFO - Uploaded file to Snowflake stage: /tmp/minio_data/1765700845.json
[2025-12-15T11:53:37.266+0000] {logging_mixin.py:188} INFO - Uploaded file to Snowflake stage: /tmp/minio_data/1765700970.json
[2025-12-15T11:53:38.410+0000] {logging_mixin.py:188} INFO - Uploaded file to Snowflake stage: /tmp/minio_data/1765701095.json
[2025-12-15T11:53:39.497+0000] {logging_mixin.py:188} INFO - Uploaded file to Snowflake stage: /tmp/minio_data/1765701221.json
[2025-12-15T11:53:40.422+0000] {logging_mixin.py:188} INFO - Uploaded file to Snowflake stage: /tmp/minio_data/1765701346.json
[2025-12-15T11:53:41.426+0000] {logging_mixin.py:188} INFO - Uploaded file to Snowflake stage: /tmp/minio_data/1765701470.json
[2025-12-15T11:53:42.448+0000] {logging_mixin.py:188} INFO - Uploaded file to Snowflake stage: /tmp/minio_data/1765701595.json
[2025-12-15T11:53:43.523+0000] {logging_mixin.py:188} INFO - Uploaded file to Snowflake stage: /tmp/minio_data/1765701735.json
[2025-12-15T11:53:44.445+0000] {logging_mixin.py:188} INFO - Uploaded file to Snowflake stage: /tmp/minio_data/1765701861.json
[2025-12-15T11:53:45.400+0000] {logging_mixin.py:188} INFO - Uploaded file to Snowflake stage: /tmp/minio_data/1765701986.json
[2025-12-15T11:53:46.394+0000] {logging_mixin.py:188} INFO - Uploaded file to Snowflake stage: /tmp/minio_data/1765702112.json
[2025-12-15T11:53:47.969+0000] {logging_mixin.py:188} INFO - Uploaded file to Snowflake stage: /tmp/minio_data/1765702238.json
[2025-12-15T11:53:49.744+0000] {logging_mixin.py:188} INFO - Uploaded file to Snowflake stage: /tmp/minio_data/1765702365.json
[2025-12-15T11:53:51.582+0000] {logging_mixin.py:188} INFO - Uploaded file to Snowflake stage: /tmp/minio_data/1765702490.json
[2025-12-15T11:53:54.504+0000] {logging_mixin.py:188} INFO - Uploaded file to Snowflake stage: /tmp/minio_data/1765702615.json
[2025-12-15T11:53:57.803+0000] {logging_mixin.py:188} INFO - Uploaded file to Snowflake stage: /tmp/minio_data/1765702741.json
[2025-12-15T11:54:04.083+0000] {connectionpool.py:824} WARNING - Retrying (Retry(total=0, connect=None, read=None, redirect=None, status=None)) after connection broken by 'ProtocolError('Connection aborted.', RemoteDisconnected('Remote end closed connection without response'))': /?accelerate
[2025-12-15T11:54:06.237+0000] {logging_mixin.py:188} INFO - Uploaded file to Snowflake stage: /tmp/minio_data/1765702867.json
[2025-12-15T11:54:07.091+0000] {logging_mixin.py:188} INFO - Uploaded file to Snowflake stage: /tmp/minio_data/1765702993.json
[2025-12-15T11:54:07.929+0000] {logging_mixin.py:188} INFO - Uploaded file to Snowflake stage: /tmp/minio_data/1765703118.json
[2025-12-15T11:54:08.825+0000] {logging_mixin.py:188} INFO - Uploaded file to Snowflake stage: /tmp/minio_data/1765703243.json
[2025-12-15T11:54:09.815+0000] {logging_mixin.py:188} INFO - Uploaded file to Snowflake stage: /tmp/minio_data/1765703368.json
[2025-12-15T11:54:10.694+0000] {logging_mixin.py:188} INFO - Uploaded file to Snowflake stage: /tmp/minio_data/1765703494.json
[2025-12-15T11:54:11.537+0000] {logging_mixin.py:188} INFO - Uploaded file to Snowflake stage: /tmp/minio_data/1765703618.json
[2025-12-15T11:54:12.960+0000] {logging_mixin.py:188} INFO - Uploaded file to Snowflake stage: /tmp/minio_data/1765703742.json
[2025-12-15T11:54:14.186+0000] {logging_mixin.py:188} INFO - Uploaded file to Snowflake stage: /tmp/minio_data/1765703867.json
[2025-12-15T11:54:15.209+0000] {logging_mixin.py:188} INFO - Uploaded file to Snowflake stage: /tmp/minio_data/1765703991.json
[2025-12-15T11:54:16.928+0000] {logging_mixin.py:188} INFO - Uploaded file to Snowflake stage: /tmp/minio_data/1765704116.json
[2025-12-15T11:54:18.111+0000] {logging_mixin.py:188} INFO - Uploaded file to Snowflake stage: /tmp/minio_data/1765704241.json
[2025-12-15T11:54:19.205+0000] {logging_mixin.py:188} INFO - Uploaded file to Snowflake stage: /tmp/minio_data/1765704365.json
[2025-12-15T11:54:20.140+0000] {logging_mixin.py:188} INFO - Uploaded file to Snowflake stage: /tmp/minio_data/1765704489.json
[2025-12-15T11:54:23.096+0000] {logging_mixin.py:188} INFO - Uploaded file to Snowflake stage: /tmp/minio_data/1765704614.json
[2025-12-15T11:54:28.390+0000] {logging_mixin.py:188} INFO - Uploaded file to Snowflake stage: /tmp/minio_data/1765704738.json
[2025-12-15T11:54:35.457+0000] {logging_mixin.py:188} INFO - Uploaded file to Snowflake stage: /tmp/minio_data/1765704862.json
[2025-12-15T11:54:36.497+0000] {logging_mixin.py:188} INFO - Uploaded file to Snowflake stage: /tmp/minio_data/1765704987.json
[2025-12-15T11:54:37.366+0000] {logging_mixin.py:188} INFO - Uploaded file to Snowflake stage: /tmp/minio_data/1765705111.json
[2025-12-15T11:54:38.377+0000] {logging_mixin.py:188} INFO - Uploaded file to Snowflake stage: /tmp/minio_data/1765705236.json
[2025-12-15T11:54:40.539+0000] {logging_mixin.py:188} INFO - Uploaded file to Snowflake stage: /tmp/minio_data/1765705361.json
[2025-12-15T11:54:41.974+0000] {logging_mixin.py:188} INFO - Uploaded file to Snowflake stage: /tmp/minio_data/1765705490.json
[2025-12-15T11:54:44.632+0000] {logging_mixin.py:188} INFO - Uploaded file to Snowflake stage: /tmp/minio_data/1765705621.json
[2025-12-15T11:54:46.271+0000] {logging_mixin.py:188} INFO - Uploaded file to Snowflake stage: /tmp/minio_data/1765705752.json
[2025-12-15T11:54:47.638+0000] {logging_mixin.py:188} INFO - Uploaded file to Snowflake stage: /tmp/minio_data/1765705883.json
[2025-12-15T11:54:49.034+0000] {logging_mixin.py:188} INFO - Uploaded file to Snowflake stage: /tmp/minio_data/1765706046.json
[2025-12-15T11:54:51.604+0000] {logging_mixin.py:188} INFO - Uploaded file to Snowflake stage: /tmp/minio_data/1765706212.json
[2025-12-15T11:54:54.683+0000] {logging_mixin.py:188} INFO - Uploaded file to Snowflake stage: /tmp/minio_data/1765706343.json
[2025-12-15T11:54:58.163+0000] {logging_mixin.py:188} INFO - Uploaded file to Snowflake stage: /tmp/minio_data/1765706469.json
[2025-12-15T11:55:00.456+0000] {logging_mixin.py:188} INFO - Uploaded file to Snowflake stage: /tmp/minio_data/1765706594.json
[2025-12-15T11:55:01.498+0000] {logging_mixin.py:188} INFO - Uploaded file to Snowflake stage: /tmp/minio_data/1765706720.json
[2025-12-15T11:55:02.721+0000] {logging_mixin.py:188} INFO - Uploaded file to Snowflake stage: /tmp/minio_data/1765706846.json
[2025-12-15T11:55:04.598+0000] {logging_mixin.py:188} INFO - Uploaded file to Snowflake stage: /tmp/minio_data/1765699228.json
[2025-12-15T11:55:49.754+0000] {connectionpool.py:824} WARNING - Retrying (Retry(total=0, connect=None, read=None, redirect=None, status=None)) after connection broken by 'ProtocolError('Connection aborted.', RemoteDisconnected('Remote end closed connection without response'))': /4sob1000-s/tables/12560761461/1765700372.json.gz
[2025-12-15T11:55:51.758+0000] {storage_client.py:318} WARNING - HEAD with url b'https://sfc-uk-ds1-28-customer-stage.s3.amazonaws.com/4sob1000-s/tables/12560761461/1765700372.json.gz' failed for transient error: HTTPSConnectionPool(host='sfc-uk-ds1-28-customer-stage.s3.amazonaws.com', port=443): Max retries exceeded with url: /4sob1000-s/tables/12560761461/1765700372.json.gz (Caused by NewConnectionError('<snowflake.connector.vendored.urllib3.connection.HTTPSConnection object at 0x77068d7fa4e0>: Failed to establish a new connection: [Errno -2] Name or service not known'))
[2025-12-15T11:55:52.184+0000] {connectionpool.py:824} WARNING - Retrying (Retry(total=0, connect=None, read=None, redirect=None, status=None)) after connection broken by 'NewConnectionError('<snowflake.connector.vendored.urllib3.connection.HTTPSConnection object at 0x77068d7fa2a0>: Failed to establish a new connection: [Errno -2] Name or service not known')': /4sob1000-s/tables/12560761461/1765700372.json.gz
[2025-12-15T11:55:54.937+0000] {storage_client.py:318} WARNING - HEAD with url b'https://sfc-uk-ds1-28-customer-stage.s3.amazonaws.com/4sob1000-s/tables/12560761461/1765700372.json.gz' failed for transient error: HTTPSConnectionPool(host='sfc-uk-ds1-28-customer-stage.s3.amazonaws.com', port=443): Max retries exceeded with url: /4sob1000-s/tables/12560761461/1765700372.json.gz (Caused by NewConnectionError('<snowflake.connector.vendored.urllib3.connection.HTTPSConnection object at 0x77068d7fa000>: Failed to establish a new connection: [Errno -2] Name or service not known'))
[2025-12-15T11:55:55.204+0000] {connectionpool.py:824} WARNING - Retrying (Retry(total=0, connect=None, read=None, redirect=None, status=None)) after connection broken by 'NewConnectionError('<snowflake.connector.vendored.urllib3.connection.HTTPSConnection object at 0x77068d7faf60>: Failed to establish a new connection: [Errno -2] Name or service not known')': /4sob1000-s/tables/12560761461/1765700372.json.gz
[2025-12-15T11:55:59.447+0000] {storage_client.py:318} WARNING - HEAD with url b'https://sfc-uk-ds1-28-customer-stage.s3.amazonaws.com/4sob1000-s/tables/12560761461/1765700372.json.gz' failed for transient error: HTTPSConnectionPool(host='sfc-uk-ds1-28-customer-stage.s3.amazonaws.com', port=443): Max retries exceeded with url: /4sob1000-s/tables/12560761461/1765700372.json.gz (Caused by NewConnectionError('<snowflake.connector.vendored.urllib3.connection.HTTPSConnection object at 0x77068d7f9a00>: Failed to establish a new connection: [Errno -2] Name or service not known'))
[2025-12-15T11:55:59.662+0000] {connectionpool.py:824} WARNING - Retrying (Retry(total=0, connect=None, read=None, redirect=None, status=None)) after connection broken by 'NewConnectionError('<snowflake.connector.vendored.urllib3.connection.HTTPSConnection object at 0x77068d7fa5d0>: Failed to establish a new connection: [Errno -2] Name or service not known')': /4sob1000-s/tables/12560761461/1765700372.json.gz
[2025-12-15T11:56:07.968+0000] {storage_client.py:318} WARNING - HEAD with url b'https://sfc-uk-ds1-28-customer-stage.s3.amazonaws.com/4sob1000-s/tables/12560761461/1765700372.json.gz' failed for transient error: HTTPSConnectionPool(host='sfc-uk-ds1-28-customer-stage.s3.amazonaws.com', port=443): Max retries exceeded with url: /4sob1000-s/tables/12560761461/1765700372.json.gz (Caused by NewConnectionError('<snowflake.connector.vendored.urllib3.connection.HTTPSConnection object at 0x77068d7fbb00>: Failed to establish a new connection: [Errno -2] Name or service not known'))
[2025-12-15T11:56:12.053+0000] {connectionpool.py:824} WARNING - Retrying (Retry(total=0, connect=None, read=None, redirect=None, status=None)) after connection broken by 'NewConnectionError('<snowflake.connector.vendored.urllib3.connection.HTTPSConnection object at 0x77068d94f260>: Failed to establish a new connection: [Errno -5] No address associated with hostname')': /4sob1000-s/tables/12560761461/1765700372.json.gz
[2025-12-15T11:56:32.087+0000] {storage_client.py:318} WARNING - HEAD with url b'https://sfc-uk-ds1-28-customer-stage.s3.amazonaws.com/4sob1000-s/tables/12560761461/1765700372.json.gz' failed for transient error: HTTPSConnectionPool(host='sfc-uk-ds1-28-customer-stage.s3.amazonaws.com', port=443): Max retries exceeded with url: /4sob1000-s/tables/12560761461/1765700372.json.gz (Caused by NewConnectionError('<snowflake.connector.vendored.urllib3.connection.HTTPSConnection object at 0x77068d6c6a50>: Failed to establish a new connection: [Errno -5] No address associated with hostname'))
[2025-12-15T11:56:32.265+0000] {file_transfer_agent.py:606} ERROR - An exception was raised in <bound method SnowflakeStorageClient.prepare_upload of <snowflake.connector.s3_storage_client.SnowflakeS3RestClient object at 0x77068d996540>>
Traceback (most recent call last):
  File "/home/airflow/.local/lib/python3.12/site-packages/snowflake/connector/file_transfer_agent.py", line 603, in function_and_callback_wrapper
    work(*args, **kwargs),
    ^^^^^^^^^^^^^^^^^^^^^
  File "/home/airflow/.local/lib/python3.12/site-packages/snowflake/connector/storage_client.py", line 223, in prepare_upload
    self.preprocess()
  File "/home/airflow/.local/lib/python3.12/site-packages/snowflake/connector/storage_client.py", line 189, in preprocess
    file_header = self.get_file_header(
                  ^^^^^^^^^^^^^^^^^^^^^
  File "/home/airflow/.local/lib/python3.12/site-packages/snowflake/connector/s3_storage_client.py", line 389, in get_file_header
    response = self._send_request_with_authentication_and_retry(
               ^^^^^^^^^^^^^^^^^^^^^^^^^^^^^^^^^^^^^^^^^^^^^^^^^
  File "/home/airflow/.local/lib/python3.12/site-packages/snowflake/connector/s3_storage_client.py", line 370, in _send_request_with_authentication_and_retry
    return self._send_request_with_retry(
           ^^^^^^^^^^^^^^^^^^^^^^^^^^^^^^
  File "/home/airflow/.local/lib/python3.12/site-packages/snowflake/connector/storage_client.py", line 321, in _send_request_with_retry
    raise RequestExceedMaxRetryError(
snowflake.connector.errors.RequestExceedMaxRetryError: HEAD with url b'https://sfc-uk-ds1-28-customer-stage.s3.amazonaws.com/4sob1000-s/tables/12560761461/1765700372.json.gz' failed for exceeding maximum retries.
[2025-12-15T11:56:32.914+0000] {logging_mixin.py:188} INFO - Error uploading /tmp/minio_data/1765700372.json to Snowflake stage: 253003: 253003: While putting file(s) there was an error: 'HEAD with url b'https://sfc-uk-ds1-28-customer-stage.s3.amazonaws.com/4sob1000-s/tables/12560761461/1765700372.json.gz' failed for exceeding maximum retries.', this might be caused by your access to the blob storage provider, or by Snowflake.
[2025-12-15T11:56:42.514+0000] {connectionpool.py:824} WARNING - Retrying (Retry(total=0, connect=None, read=None, redirect=None, status=None)) after connection broken by 'NewConnectionError('<snowflake.connector.vendored.urllib3.connection.HTTPSConnection object at 0x7706a73b2900>: Failed to establish a new connection: [Errno -5] No address associated with hostname')': /?accelerate
[2025-12-15T11:57:04.184+0000] {logging_mixin.py:188} INFO - Uploaded file to Snowflake stage: /tmp/minio_data/1765700496.json
[2025-12-15T11:57:05.672+0000] {connectionpool.py:824} WARNING - Retrying (Retry(total=0, connect=None, read=None, redirect=None, status=None)) after connection broken by 'NewConnectionError('<snowflake.connector.vendored.urllib3.connection.HTTPSConnection object at 0x77068db63d10>: Failed to establish a new connection: [Errno -5] No address associated with hostname')': /queries/v1/query-request?requestId=675be796-13d5-4d34-9124-f856cec8f35f&request_guid=55cd883a-e2ff-4346-9fc7-2727d318c6f8
[2025-12-15T11:57:38.791+0000] {logging_mixin.py:188} INFO - Uploaded file to Snowflake stage: /tmp/minio_data/1765700622.json
[2025-12-15T11:57:46.365+0000] {logging_mixin.py:188} INFO - Uploaded file to Snowflake stage: /tmp/minio_data/1765700747.json
[2025-12-15T11:57:58.070+0000] {logging_mixin.py:188} INFO - Uploaded file to Snowflake stage: /tmp/minio_data/1765700871.json
[2025-12-15T11:59:53.097+0000] {connectionpool.py:824} WARNING - Retrying (Retry(total=0, connect=None, read=None, redirect=None, status=None)) after connection broken by 'NewConnectionError('<snowflake.connector.vendored.urllib3.connection.HTTPSConnection object at 0x77068d7f9280>: Failed to establish a new connection: [Errno -5] No address associated with hostname')': /queries/v1/query-request?requestId=5d863bcf-428b-454d-84c7-81c97481beed&clientStartTime=1765799878368&retryCount=1&retryReason=None&request_guid=27987573-f239-4ab0-8b4f-414f8c369ceb
[2025-12-15T11:59:57.190+0000] {connectionpool.py:824} WARNING - Retrying (Retry(total=0, connect=None, read=None, redirect=None, status=None)) after connection broken by 'NewConnectionError('<snowflake.connector.vendored.urllib3.connection.HTTPSConnection object at 0x77068d995b80>: Failed to establish a new connection: [Errno -2] Name or service not known')': /queries/v1/query-request?requestId=5d863bcf-428b-454d-84c7-81c97481beed&clientStartTime=1765799878368&retryCount=2&retryReason=None&request_guid=e5236a44-c4db-48a0-bdce-0630b31577c4
[2025-12-15T11:59:57.238+0000] {connectionpool.py:824} WARNING - Retrying (Retry(total=0, connect=None, read=None, redirect=None, status=None)) after connection broken by 'NewConnectionError('<snowflake.connector.vendored.urllib3.connection.HTTPSConnection object at 0x77068d9940e0>: Failed to establish a new connection: [Errno -2] Name or service not known')': /queries/v1/query-request?requestId=5d863bcf-428b-454d-84c7-81c97481beed&clientStartTime=1765799878368&retryCount=3&retryReason=None&request_guid=d9704849-1885-4bc0-88f2-35d3eb9e76bd
[2025-12-15T12:00:06.485+0000] {connectionpool.py:824} WARNING - Retrying (Retry(total=0, connect=None, read=None, redirect=None, status=None)) after connection broken by 'NewConnectionError('<snowflake.connector.vendored.urllib3.connection.HTTPSConnection object at 0x77068d997920>: Failed to establish a new connection: [Errno -2] Name or service not known')': /queries/v1/query-request?requestId=5d863bcf-428b-454d-84c7-81c97481beed&clientStartTime=1765799878368&retryCount=4&retryReason=None&request_guid=3a507141-8267-4ef8-af87-e1e4951facb0
[2025-12-15T12:00:16.819+0000] {connectionpool.py:824} WARNING - Retrying (Retry(total=0, connect=None, read=None, redirect=None, status=None)) after connection broken by 'NewConnectionError('<snowflake.connector.vendored.urllib3.connection.HTTPSConnection object at 0x77068d996a20>: Failed to establish a new connection: [Errno -2] Name or service not known')': /queries/v1/query-request?requestId=5d863bcf-428b-454d-84c7-81c97481beed&clientStartTime=1765799878368&retryCount=5&retryReason=None&request_guid=0aff3a98-1fa1-4a28-8267-2a8e5bdadc20
[2025-12-15T12:00:28.921+0000] {connectionpool.py:824} WARNING - Retrying (Retry(total=0, connect=None, read=None, redirect=None, status=None)) after connection broken by 'NewConnectionError('<snowflake.connector.vendored.urllib3.connection.HTTPSConnection object at 0x77068db9b3b0>: Failed to establish a new connection: [Errno -2] Name or service not known')': /queries/v1/query-request?requestId=5d863bcf-428b-454d-84c7-81c97481beed&clientStartTime=1765799878368&retryCount=6&retryReason=None&request_guid=1f1d3674-1fe2-40ab-96c5-e7126da583f0
[2025-12-15T12:00:39.989+0000] {connectionpool.py:824} WARNING - Retrying (Retry(total=0, connect=None, read=None, redirect=None, status=None)) after connection broken by 'NewConnectionError('<snowflake.connector.vendored.urllib3.connection.HTTPSConnection object at 0x77068d7fa2d0>: Failed to establish a new connection: [Errno -2] Name or service not known')': /queries/v1/query-request?requestId=5d863bcf-428b-454d-84c7-81c97481beed&clientStartTime=1765799878368&retryCount=7&retryReason=None&request_guid=d9ba53c7-9257-4363-a2fa-eb80adf73dc6
[2025-12-15T12:00:46.072+0000] {connectionpool.py:824} WARNING - Retrying (Retry(total=0, connect=None, read=None, redirect=None, status=None)) after connection broken by 'NewConnectionError('<snowflake.connector.vendored.urllib3.connection.HTTPSConnection object at 0x77068d995130>: Failed to establish a new connection: [Errno -2] Name or service not known')': /queries/v1/query-request?requestId=5d863bcf-428b-454d-84c7-81c97481beed&clientStartTime=1765799878368&retryCount=8&retryReason=None&request_guid=8cad309e-4058-4ca4-8a18-1c8afedd7b44
[2025-12-15T12:01:02.254+0000] {connectionpool.py:824} WARNING - Retrying (Retry(total=0, connect=None, read=None, redirect=None, status=None)) after connection broken by 'NewConnectionError('<snowflake.connector.vendored.urllib3.connection.HTTPSConnection object at 0x77068d994140>: Failed to establish a new connection: [Errno -2] Name or service not known')': /queries/v1/query-request?requestId=5d863bcf-428b-454d-84c7-81c97481beed&clientStartTime=1765799878368&retryCount=9&retryReason=None&request_guid=e0814382-8158-4665-a3c7-d145761c4892
[2025-12-15T12:01:10.573+0000] {connectionpool.py:824} WARNING - Retrying (Retry(total=0, connect=None, read=None, redirect=None, status=None)) after connection broken by 'NewConnectionError('<snowflake.connector.vendored.urllib3.connection.HTTPSConnection object at 0x77068d997a10>: Failed to establish a new connection: [Errno -2] Name or service not known')': /queries/v1/query-request?requestId=5d863bcf-428b-454d-84c7-81c97481beed&clientStartTime=1765799878368&retryCount=10&retryReason=None&request_guid=bbc753f6-55ee-459e-9931-5b18f8449592
[2025-12-15T12:01:14.705+0000] {connectionpool.py:824} WARNING - Retrying (Retry(total=0, connect=None, read=None, redirect=None, status=None)) after connection broken by 'NewConnectionError('<snowflake.connector.vendored.urllib3.connection.HTTPSConnection object at 0x77068d994d70>: Failed to establish a new connection: [Errno -2] Name or service not known')': /queries/v1/query-request?requestId=5d863bcf-428b-454d-84c7-81c97481beed&clientStartTime=1765799878368&retryCount=11&retryReason=None&request_guid=90d66ce0-877d-4486-95b9-eb2d52218f80
[2025-12-15T12:01:26.772+0000] {connectionpool.py:824} WARNING - Retrying (Retry(total=0, connect=None, read=None, redirect=None, status=None)) after connection broken by 'NewConnectionError('<snowflake.connector.vendored.urllib3.connection.HTTPSConnection object at 0x77068d842720>: Failed to establish a new connection: [Errno -2] Name or service not known')': /queries/v1/query-request?requestId=5d863bcf-428b-454d-84c7-81c97481beed&clientStartTime=1765799878368&retryCount=12&retryReason=None&request_guid=9b4448c8-274f-4f18-a8ed-5e93eb810efd
[2025-12-15T12:01:41.815+0000] {connectionpool.py:824} WARNING - Retrying (Retry(total=0, connect=None, read=None, redirect=None, status=None)) after connection broken by 'NewConnectionError('<snowflake.connector.vendored.urllib3.connection.HTTPSConnection object at 0x77068d997a10>: Failed to establish a new connection: [Errno -2] Name or service not known')': /queries/v1/query-request?requestId=5d863bcf-428b-454d-84c7-81c97481beed&clientStartTime=1765799878368&retryCount=13&retryReason=None&request_guid=8374f1f4-c5ee-4ada-98c0-fbcc3cca1f74
[2025-12-15T12:01:51.894+0000] {connectionpool.py:824} WARNING - Retrying (Retry(total=0, connect=None, read=None, redirect=None, status=None)) after connection broken by 'NewConnectionError('<snowflake.connector.vendored.urllib3.connection.HTTPSConnection object at 0x77068d997320>: Failed to establish a new connection: [Errno -2] Name or service not known')': /queries/v1/query-request?requestId=5d863bcf-428b-454d-84c7-81c97481beed&clientStartTime=1765799878368&retryCount=14&retryReason=None&request_guid=735d8968-ea08-49e8-9874-b3a6cb275c12
[2025-12-15T12:01:53.931+0000] {connectionpool.py:824} WARNING - Retrying (Retry(total=0, connect=None, read=None, redirect=None, status=None)) after connection broken by 'NewConnectionError('<snowflake.connector.vendored.urllib3.connection.HTTPSConnection object at 0x77068d7fb110>: Failed to establish a new connection: [Errno -2] Name or service not known')': /queries/v1/query-request?requestId=5d863bcf-428b-454d-84c7-81c97481beed&clientStartTime=1765799878368&retryCount=15&retryReason=None&request_guid=c0609a60-fe60-4298-8d64-97a05e587e75
[2025-12-15T12:02:10.051+0000] {connectionpool.py:824} WARNING - Retrying (Retry(total=0, connect=None, read=None, redirect=None, status=None)) after connection broken by 'NewConnectionError('<snowflake.connector.vendored.urllib3.connection.HTTPSConnection object at 0x77068db9b560>: Failed to establish a new connection: [Errno -2] Name or service not known')': /queries/v1/query-request?requestId=5d863bcf-428b-454d-84c7-81c97481beed&clientStartTime=1765799878368&retryCount=16&retryReason=None&request_guid=3b4ffd53-88ad-4c13-a3de-c9df01615b84
[2025-12-15T12:02:26.092+0000] {connectionpool.py:824} WARNING - Retrying (Retry(total=0, connect=None, read=None, redirect=None, status=None)) after connection broken by 'NewConnectionError('<snowflake.connector.vendored.urllib3.connection.HTTPSConnection object at 0x77068d841640>: Failed to establish a new connection: [Errno -2] Name or service not known')': /queries/v1/query-request?requestId=5d863bcf-428b-454d-84c7-81c97481beed&clientStartTime=1765799878368&retryCount=17&retryReason=None&request_guid=ed8e1e3d-d35a-4a0a-b77e-6e3bc8bf0ea8
[2025-12-15T12:02:29.120+0000] {connectionpool.py:824} WARNING - Retrying (Retry(total=0, connect=None, read=None, redirect=None, status=None)) after connection broken by 'NewConnectionError('<snowflake.connector.vendored.urllib3.connection.HTTPSConnection object at 0x77068d7c1d90>: Failed to establish a new connection: [Errno -2] Name or service not known')': /queries/v1/query-request?requestId=5d863bcf-428b-454d-84c7-81c97481beed&clientStartTime=1765799878368&retryCount=18&retryReason=None&request_guid=2771aef3-73ca-4192-b4c6-6b0ca814e931
[2025-12-15T12:02:39.143+0000] {connectionpool.py:824} WARNING - Retrying (Retry(total=0, connect=None, read=None, redirect=None, status=None)) after connection broken by 'NewConnectionError('<snowflake.connector.vendored.urllib3.connection.HTTPSConnection object at 0x77068d7c1130>: Failed to establish a new connection: [Errno -2] Name or service not known')': /queries/v1/query-request?requestId=5d863bcf-428b-454d-84c7-81c97481beed&clientStartTime=1765799878368&retryCount=19&retryReason=None&request_guid=1453b4e9-7e14-40bc-af09-8083ba849358
[2025-12-15T12:02:52.154+0000] {connectionpool.py:824} WARNING - Retrying (Retry(total=0, connect=None, read=None, redirect=None, status=None)) after connection broken by 'NewConnectionError('<snowflake.connector.vendored.urllib3.connection.HTTPSConnection object at 0x77068d94ed80>: Failed to establish a new connection: [Errno -2] Name or service not known')': /queries/v1/query-request?requestId=5d863bcf-428b-454d-84c7-81c97481beed&clientStartTime=1765799878368&retryCount=20&retryReason=None&request_guid=4f6a517e-41a8-4bda-9a0d-f4776d113492
[2025-12-15T12:02:53.178+0000] {connectionpool.py:824} WARNING - Retrying (Retry(total=0, connect=None, read=None, redirect=None, status=None)) after connection broken by 'NewConnectionError('<snowflake.connector.vendored.urllib3.connection.HTTPSConnection object at 0x77068d995070>: Failed to establish a new connection: [Errno -2] Name or service not known')': /queries/v1/query-request?requestId=5d863bcf-428b-454d-84c7-81c97481beed&clientStartTime=1765799878368&retryCount=21&retryReason=None&request_guid=7aa583e9-669c-4edc-bf42-542a35486536
[2025-12-15T12:02:55.195+0000] {connectionpool.py:824} WARNING - Retrying (Retry(total=0, connect=None, read=None, redirect=None, status=None)) after connection broken by 'NewConnectionError('<snowflake.connector.vendored.urllib3.connection.HTTPSConnection object at 0x77068d994050>: Failed to establish a new connection: [Errno -2] Name or service not known')': /queries/v1/query-request?requestId=5d863bcf-428b-454d-84c7-81c97481beed&clientStartTime=1765799878368&retryCount=22&retryReason=None&request_guid=996da2cb-96dc-4a87-a8a3-083d809c4941
[2025-12-15T12:02:59.214+0000] {connectionpool.py:824} WARNING - Retrying (Retry(total=0, connect=None, read=None, redirect=None, status=None)) after connection broken by 'NewConnectionError('<snowflake.connector.vendored.urllib3.connection.HTTPSConnection object at 0x77068d7c1d90>: Failed to establish a new connection: [Errno -2] Name or service not known')': /queries/v1/query-request?requestId=5d863bcf-428b-454d-84c7-81c97481beed&clientStartTime=1765799878368&retryCount=23&retryReason=None&request_guid=15be1c4e-ca0c-405f-8bcf-779afbe10243
[2025-12-15T12:03:11.246+0000] {connectionpool.py:824} WARNING - Retrying (Retry(total=0, connect=None, read=None, redirect=None, status=None)) after connection broken by 'NewConnectionError('<snowflake.connector.vendored.urllib3.connection.HTTPSConnection object at 0x77068d7c20c0>: Failed to establish a new connection: [Errno -2] Name or service not known')': /queries/v1/query-request?requestId=5d863bcf-428b-454d-84c7-81c97481beed&clientStartTime=1765799878368&retryCount=24&retryReason=None&request_guid=af22bea0-4faf-4402-839a-b46ea29fc551
[2025-12-15T12:03:22.256+0000] {connectionpool.py:824} WARNING - Retrying (Retry(total=0, connect=None, read=None, redirect=None, status=None)) after connection broken by 'NewConnectionError('<snowflake.connector.vendored.urllib3.connection.HTTPSConnection object at 0x77068d7e4290>: Failed to establish a new connection: [Errno -2] Name or service not known')': /queries/v1/query-request?requestId=5d863bcf-428b-454d-84c7-81c97481beed&clientStartTime=1765799878368&retryCount=25&retryReason=None&request_guid=31f56482-8863-4f0f-b398-5c022d3aba5c
[2025-12-15T12:03:27.302+0000] {connectionpool.py:824} WARNING - Retrying (Retry(total=0, connect=None, read=None, redirect=None, status=None)) after connection broken by 'NewConnectionError('<snowflake.connector.vendored.urllib3.connection.HTTPSConnection object at 0x77068d9940e0>: Failed to establish a new connection: [Errno -2] Name or service not known')': /queries/v1/query-request?requestId=5d863bcf-428b-454d-84c7-81c97481beed&clientStartTime=1765799878368&retryCount=26&retryReason=None&request_guid=926d4d15-4808-47af-a01a-8c15f4c18a0a
[2025-12-15T12:03:31.369+0000] {connectionpool.py:824} WARNING - Retrying (Retry(total=0, connect=None, read=None, redirect=None, status=None)) after connection broken by 'NewConnectionError('<snowflake.connector.vendored.urllib3.connection.HTTPSConnection object at 0x77068d7fa690>: Failed to establish a new connection: [Errno -2] Name or service not known')': /queries/v1/query-request?requestId=5d863bcf-428b-454d-84c7-81c97481beed&clientStartTime=1765799878368&retryCount=27&retryReason=None&request_guid=56666100-90af-4fae-a0f7-f24dfbd4bb9f
[2025-12-15T12:03:31.415+0000] {connectionpool.py:824} WARNING - Retrying (Retry(total=0, connect=None, read=None, redirect=None, status=None)) after connection broken by 'NewConnectionError('<snowflake.connector.vendored.urllib3.connection.HTTPSConnection object at 0x77068d841520>: Failed to establish a new connection: [Errno -2] Name or service not known')': /queries/v1/query-request?requestId=5d863bcf-428b-454d-84c7-81c97481beed&clientStartTime=1765799878368&retryCount=28&retryReason=None&request_guid=12d737d8-cfc7-445a-a9f1-729203f6d3cb
[2025-12-15T12:03:32.477+0000] {connectionpool.py:824} WARNING - Retrying (Retry(total=0, connect=None, read=None, redirect=None, status=None)) after connection broken by 'NewConnectionError('<snowflake.connector.vendored.urllib3.connection.HTTPSConnection object at 0x77068d7c07d0>: Failed to establish a new connection: [Errno -2] Name or service not known')': /queries/v1/query-request?requestId=5d863bcf-428b-454d-84c7-81c97481beed&clientStartTime=1765799878368&retryCount=29&retryReason=None&request_guid=178e4a2e-aa25-437d-b884-3ad9ca42dfe0
[2025-12-15T12:03:42.519+0000] {connectionpool.py:824} WARNING - Retrying (Retry(total=0, connect=None, read=None, redirect=None, status=None)) after connection broken by 'NewConnectionError('<snowflake.connector.vendored.urllib3.connection.HTTPSConnection object at 0x77068d7c1dc0>: Failed to establish a new connection: [Errno -2] Name or service not known')': /queries/v1/query-request?requestId=5d863bcf-428b-454d-84c7-81c97481beed&clientStartTime=1765799878368&retryCount=30&retryReason=None&request_guid=1c9b7017-5c2e-48c6-bbbe-272090b0d112
[2025-12-15T12:03:43.565+0000] {connectionpool.py:824} WARNING - Retrying (Retry(total=0, connect=None, read=None, redirect=None, status=None)) after connection broken by 'NewConnectionError('<snowflake.connector.vendored.urllib3.connection.HTTPSConnection object at 0x77068d7e6780>: Failed to establish a new connection: [Errno -2] Name or service not known')': /queries/v1/query-request?requestId=5d863bcf-428b-454d-84c7-81c97481beed&clientStartTime=1765799878368&retryCount=31&retryReason=None&request_guid=f90cd89c-be1d-4ebf-a511-fe2e546a9e1f
[2025-12-15T12:03:57.669+0000] {connectionpool.py:824} WARNING - Retrying (Retry(total=0, connect=None, read=None, redirect=None, status=None)) after connection broken by 'NewConnectionError('<snowflake.connector.vendored.urllib3.connection.HTTPSConnection object at 0x77068d7e7f20>: Failed to establish a new connection: [Errno -2] Name or service not known')': /queries/v1/query-request?requestId=5d863bcf-428b-454d-84c7-81c97481beed&clientStartTime=1765799878368&retryCount=32&retryReason=None&request_guid=6c9da8b8-53f0-4bb4-8526-55be9733486a
[2025-12-15T12:04:02.733+0000] {connectionpool.py:824} WARNING - Retrying (Retry(total=0, connect=None, read=None, redirect=None, status=None)) after connection broken by 'NewConnectionError('<snowflake.connector.vendored.urllib3.connection.HTTPSConnection object at 0x77068d7fb680>: Failed to establish a new connection: [Errno -2] Name or service not known')': /queries/v1/query-request?requestId=5d863bcf-428b-454d-84c7-81c97481beed&clientStartTime=1765799878368&retryCount=33&retryReason=None&request_guid=1efab7de-c724-40a5-8f6d-1409a3ec849a
[2025-12-15T12:04:09.761+0000] {connectionpool.py:824} WARNING - Retrying (Retry(total=0, connect=None, read=None, redirect=None, status=None)) after connection broken by 'NewConnectionError('<snowflake.connector.vendored.urllib3.connection.HTTPSConnection object at 0x77068d843350>: Failed to establish a new connection: [Errno -2] Name or service not known')': /queries/v1/query-request?requestId=5d863bcf-428b-454d-84c7-81c97481beed&clientStartTime=1765799878368&retryCount=34&retryReason=None&request_guid=d3aaa8cb-58c9-4abc-8b0d-c55c81701411
[2025-12-15T12:04:24.880+0000] {logging_mixin.py:188} INFO - Error uploading /tmp/minio_data/1765700995.json to Snowflake stage: 000612 (02000): None: Result not found
[2025-12-15T12:04:41.355+0000] {connectionpool.py:824} WARNING - Retrying (Retry(total=0, connect=None, read=None, redirect=None, status=None)) after connection broken by 'ProtocolError('Connection aborted.', RemoteDisconnected('Remote end closed connection without response'))': /4sob1000-s/tables/12560761461/1765701121.json.gz
[2025-12-15T12:04:42.644+0000] {logging_mixin.py:188} INFO - Uploaded file to Snowflake stage: /tmp/minio_data/1765701121.json
[2025-12-15T12:04:45.959+0000] {logging_mixin.py:188} INFO - Uploaded file to Snowflake stage: /tmp/minio_data/1765701246.json
[2025-12-15T12:04:52.171+0000] {logging_mixin.py:188} INFO - Uploaded file to Snowflake stage: /tmp/minio_data/1765701372.json
[2025-12-15T12:04:53.654+0000] {logging_mixin.py:188} INFO - Uploaded file to Snowflake stage: /tmp/minio_data/1765701496.json
[2025-12-15T12:04:54.744+0000] {logging_mixin.py:188} INFO - Uploaded file to Snowflake stage: /tmp/minio_data/1765701620.json
[2025-12-15T12:04:55.720+0000] {logging_mixin.py:188} INFO - Uploaded file to Snowflake stage: /tmp/minio_data/1765701761.json
[2025-12-15T12:04:57.918+0000] {logging_mixin.py:188} INFO - Uploaded file to Snowflake stage: /tmp/minio_data/1765701887.json
[2025-12-15T12:04:59.921+0000] {logging_mixin.py:188} INFO - Uploaded file to Snowflake stage: /tmp/minio_data/1765702012.json
[2025-12-15T12:05:04.438+0000] {logging_mixin.py:188} INFO - Uploaded file to Snowflake stage: /tmp/minio_data/1765702139.json
[2025-12-15T12:05:05.557+0000] {logging_mixin.py:188} INFO - Uploaded file to Snowflake stage: /tmp/minio_data/1765702265.json
[2025-12-15T12:05:12.697+0000] {logging_mixin.py:188} INFO - Uploaded file to Snowflake stage: /tmp/minio_data/1765702391.json
[2025-12-15T12:05:14.579+0000] {connectionpool.py:824} WARNING - Retrying (Retry(total=0, connect=None, read=None, redirect=None, status=None)) after connection broken by 'ProtocolError('Connection aborted.', RemoteDisconnected('Remote end closed connection without response'))': /?accelerate
[2025-12-15T12:05:17.808+0000] {logging_mixin.py:188} INFO - Uploaded file to Snowflake stage: /tmp/minio_data/1765702517.json
