[2025-12-15T11:49:19.572+0000] {local_task_job_runner.py:120} INFO - ::group::Pre task execution logs
[2025-12-15T11:49:19.981+0000] {taskinstance.py:2076} INFO - Dependencies all met for dep_context=non-requeueable deps ti=<TaskInstance: minio_to_snowflake.load_into_snowflake scheduled__2025-12-15T11:35:00+00:00 [queued]>
[2025-12-15T11:49:20.061+0000] {taskinstance.py:2076} INFO - Dependencies all met for dep_context=requeueable deps ti=<TaskInstance: minio_to_snowflake.load_into_snowflake scheduled__2025-12-15T11:35:00+00:00 [queued]>
[2025-12-15T11:49:20.082+0000] {taskinstance.py:2306} INFO - Starting attempt 1 of 3
[2025-12-15T11:49:20.216+0000] {taskinstance.py:2330} INFO - Executing <Task(PythonOperator): load_into_snowflake> on 2025-12-15 11:35:00+00:00
[2025-12-15T11:49:20.394+0000] {logging_mixin.py:188} WARNING - /home/***/.local/lib/python3.12/site-packages/***/task/task_runner/standard_task_runner.py:62 DeprecationWarning: This process (pid=13354) is multi-threaded, use of fork() may lead to deadlocks in the child.
[2025-12-15T11:49:20.398+0000] {standard_task_runner.py:64} INFO - Started process 13360 to run task
[2025-12-15T11:49:20.446+0000] {standard_task_runner.py:90} INFO - Running: ['***', 'tasks', 'run', 'minio_to_snowflake', 'load_into_snowflake', 'scheduled__2025-12-15T11:35:00+00:00', '--job-id', '51', '--raw', '--subdir', 'DAGS_FOLDER/minio_to_snowflake.py', '--cfg-path', '/tmp/tmppfelfhq0']
[2025-12-15T11:49:20.506+0000] {standard_task_runner.py:91} INFO - Job 51: Subtask load_into_snowflake
[2025-12-15T11:49:21.336+0000] {task_command.py:426} INFO - Running <TaskInstance: minio_to_snowflake.load_into_snowflake scheduled__2025-12-15T11:35:00+00:00 [running]> on host 4abec113d47e
[2025-12-15T11:49:22.087+0000] {taskinstance.py:2648} INFO - Exporting env vars: AIRFLOW_CTX_DAG_OWNER='***' AIRFLOW_CTX_DAG_ID='minio_to_snowflake' AIRFLOW_CTX_TASK_ID='load_into_snowflake' AIRFLOW_CTX_EXECUTION_DATE='2025-12-15T11:35:00+00:00' AIRFLOW_CTX_TRY_NUMBER='1' AIRFLOW_CTX_DAG_RUN_ID='scheduled__2025-12-15T11:35:00+00:00'
[2025-12-15T11:49:22.091+0000] {taskinstance.py:430} INFO - ::endgroup::
[2025-12-15T11:49:22.309+0000] {logging_mixin.py:188} INFO - Received 265 files from previous task.
[2025-12-15T11:49:22.344+0000] {logging_mixin.py:188} INFO - Cnnecting to Snowflake...
[2025-12-15T11:49:22.349+0000] {connection.py:408} INFO - Snowflake Connector for Python Version: 3.11.0, Python Version: 3.12.4, Platform: Linux-6.6.87.2-microsoft-standard-WSL2-x86_64-with-glibc2.36
[2025-12-15T11:49:22.367+0000] {connection.py:1258} INFO - This connection is in OCSP Fail Open Mode. TLS Certificates would be checked for validity and revocation status. Any other Certificate Revocation related exceptions or OCSP Responder failures would be disregarded in favor of connectivity.
[2025-12-15T11:49:32.988+0000] {logging_mixin.py:188} INFO - Connected to Snowflake.
[2025-12-15T11:49:40.989+0000] {logging_mixin.py:188} INFO - Uploaded file to Snowflake stage: /tmp/minio_data/1765699149.json
[2025-12-15T11:49:41.625+0000] {logging_mixin.py:188} INFO - Uploaded file to Snowflake stage: /tmp/minio_data/1765700319.json
[2025-12-15T11:49:57.362+0000] {logging_mixin.py:188} INFO - Uploaded file to Snowflake stage: /tmp/minio_data/1765700445.json
[2025-12-15T11:50:02.641+0000] {logging_mixin.py:188} INFO - Uploaded file to Snowflake stage: /tmp/minio_data/1765700570.json
[2025-12-15T11:50:12.034+0000] {connectionpool.py:824} WARNING - Retrying (Retry(total=0, connect=None, read=None, redirect=None, status=None)) after connection broken by 'ProtocolError('Connection aborted.', RemoteDisconnected('Remote end closed connection without response'))': /?accelerate
[2025-12-15T11:50:15.286+0000] {logging_mixin.py:188} INFO - Uploaded file to Snowflake stage: /tmp/minio_data/1765700695.json
[2025-12-15T11:50:16.113+0000] {logging_mixin.py:188} INFO - Uploaded file to Snowflake stage: /tmp/minio_data/1765700820.json
[2025-12-15T11:50:17.583+0000] {logging_mixin.py:188} INFO - Uploaded file to Snowflake stage: /tmp/minio_data/1765700944.json
[2025-12-15T11:50:19.392+0000] {logging_mixin.py:188} INFO - Uploaded file to Snowflake stage: /tmp/minio_data/1765701068.json
[2025-12-15T11:50:20.280+0000] {logging_mixin.py:188} INFO - Uploaded file to Snowflake stage: /tmp/minio_data/1765701195.json
[2025-12-15T11:50:22.029+0000] {logging_mixin.py:188} INFO - Uploaded file to Snowflake stage: /tmp/minio_data/1765701319.json
[2025-12-15T11:50:24.421+0000] {logging_mixin.py:188} INFO - Uploaded file to Snowflake stage: /tmp/minio_data/1765701444.json
[2025-12-15T11:50:28.350+0000] {logging_mixin.py:188} INFO - Uploaded file to Snowflake stage: /tmp/minio_data/1765701569.json
[2025-12-15T11:50:32.043+0000] {logging_mixin.py:188} INFO - Uploaded file to Snowflake stage: /tmp/minio_data/1765701708.json
[2025-12-15T11:50:33.596+0000] {logging_mixin.py:188} INFO - Uploaded file to Snowflake stage: /tmp/minio_data/1765701834.json
[2025-12-15T11:50:35.164+0000] {logging_mixin.py:188} INFO - Uploaded file to Snowflake stage: /tmp/minio_data/1765701960.json
[2025-12-15T11:50:36.087+0000] {logging_mixin.py:188} INFO - Uploaded file to Snowflake stage: /tmp/minio_data/1765702086.json
[2025-12-15T11:50:37.095+0000] {logging_mixin.py:188} INFO - Uploaded file to Snowflake stage: /tmp/minio_data/1765702212.json
[2025-12-15T11:50:38.274+0000] {logging_mixin.py:188} INFO - Uploaded file to Snowflake stage: /tmp/minio_data/1765702339.json
[2025-12-15T11:50:40.650+0000] {logging_mixin.py:188} INFO - Uploaded file to Snowflake stage: /tmp/minio_data/1765702464.json
[2025-12-15T11:50:43.941+0000] {logging_mixin.py:188} INFO - Uploaded file to Snowflake stage: /tmp/minio_data/1765702590.json
[2025-12-15T11:50:47.965+0000] {logging_mixin.py:188} INFO - Uploaded file to Snowflake stage: /tmp/minio_data/1765702715.json
[2025-12-15T11:50:51.574+0000] {logging_mixin.py:188} INFO - Uploaded file to Snowflake stage: /tmp/minio_data/1765702840.json
[2025-12-15T11:50:52.405+0000] {logging_mixin.py:188} INFO - Uploaded file to Snowflake stage: /tmp/minio_data/1765702967.json
[2025-12-15T11:50:53.523+0000] {logging_mixin.py:188} INFO - Uploaded file to Snowflake stage: /tmp/minio_data/1765703092.json
[2025-12-15T11:50:57.687+0000] {logging_mixin.py:188} INFO - Uploaded file to Snowflake stage: /tmp/minio_data/1765703217.json
[2025-12-15T11:50:59.027+0000] {logging_mixin.py:188} INFO - Uploaded file to Snowflake stage: /tmp/minio_data/1765703342.json
[2025-12-15T11:51:00.122+0000] {logging_mixin.py:188} INFO - Uploaded file to Snowflake stage: /tmp/minio_data/1765703468.json
[2025-12-15T11:51:00.991+0000] {logging_mixin.py:188} INFO - Uploaded file to Snowflake stage: /tmp/minio_data/1765703593.json
[2025-12-15T11:51:01.632+0000] {logging_mixin.py:188} INFO - Uploaded file to Snowflake stage: /tmp/minio_data/1765703717.json
[2025-12-15T11:51:02.612+0000] {logging_mixin.py:188} INFO - Uploaded file to Snowflake stage: /tmp/minio_data/1765703841.json
[2025-12-15T11:51:03.700+0000] {logging_mixin.py:188} INFO - Uploaded file to Snowflake stage: /tmp/minio_data/1765703966.json
[2025-12-15T11:51:05.304+0000] {logging_mixin.py:188} INFO - Uploaded file to Snowflake stage: /tmp/minio_data/1765704090.json
[2025-12-15T11:51:06.576+0000] {logging_mixin.py:188} INFO - Uploaded file to Snowflake stage: /tmp/minio_data/1765704215.json
[2025-12-15T11:51:08.639+0000] {logging_mixin.py:188} INFO - Uploaded file to Snowflake stage: /tmp/minio_data/1765704339.json
[2025-12-15T11:51:09.778+0000] {logging_mixin.py:188} INFO - Uploaded file to Snowflake stage: /tmp/minio_data/1765704464.json
[2025-12-15T11:51:13.426+0000] {logging_mixin.py:188} INFO - Uploaded file to Snowflake stage: /tmp/minio_data/1765704588.json
[2025-12-15T11:51:16.177+0000] {logging_mixin.py:188} INFO - Uploaded file to Snowflake stage: /tmp/minio_data/1765704712.json
[2025-12-15T11:51:17.354+0000] {logging_mixin.py:188} INFO - Uploaded file to Snowflake stage: /tmp/minio_data/1765704837.json
[2025-12-15T11:51:18.408+0000] {logging_mixin.py:188} INFO - Uploaded file to Snowflake stage: /tmp/minio_data/1765704961.json
[2025-12-15T11:51:19.246+0000] {logging_mixin.py:188} INFO - Uploaded file to Snowflake stage: /tmp/minio_data/1765705086.json
[2025-12-15T11:51:20.337+0000] {logging_mixin.py:188} INFO - Uploaded file to Snowflake stage: /tmp/minio_data/1765705210.json
[2025-12-15T11:51:21.369+0000] {logging_mixin.py:188} INFO - Uploaded file to Snowflake stage: /tmp/minio_data/1765705335.json
[2025-12-15T11:51:22.185+0000] {logging_mixin.py:188} INFO - Uploaded file to Snowflake stage: /tmp/minio_data/1765705459.json
[2025-12-15T11:51:23.217+0000] {logging_mixin.py:188} INFO - Uploaded file to Snowflake stage: /tmp/minio_data/1765705591.json
[2025-12-15T11:51:24.291+0000] {logging_mixin.py:188} INFO - Uploaded file to Snowflake stage: /tmp/minio_data/1765705724.json
[2025-12-15T11:51:26.157+0000] {logging_mixin.py:188} INFO - Uploaded file to Snowflake stage: /tmp/minio_data/1765705856.json
[2025-12-15T11:51:28.364+0000] {logging_mixin.py:188} INFO - Uploaded file to Snowflake stage: /tmp/minio_data/1765706004.json
[2025-12-15T11:51:31.231+0000] {logging_mixin.py:188} INFO - Uploaded file to Snowflake stage: /tmp/minio_data/1765706174.json
[2025-12-15T11:51:33.910+0000] {logging_mixin.py:188} INFO - Uploaded file to Snowflake stage: /tmp/minio_data/1765706317.json
[2025-12-15T11:51:48.591+0000] {logging_mixin.py:188} INFO - Uploaded file to Snowflake stage: /tmp/minio_data/1765706443.json
[2025-12-15T11:52:11.793+0000] {logging_mixin.py:188} INFO - Uploaded file to Snowflake stage: /tmp/minio_data/1765706568.json
[2025-12-15T11:52:12.903+0000] {logging_mixin.py:188} INFO - Uploaded file to Snowflake stage: /tmp/minio_data/1765706694.json
[2025-12-15T11:52:13.795+0000] {logging_mixin.py:188} INFO - Uploaded file to Snowflake stage: /tmp/minio_data/1765706820.json
[2025-12-15T11:52:14.747+0000] {logging_mixin.py:188} INFO - Uploaded file to Snowflake stage: /tmp/minio_data/1765699206.json
[2025-12-15T11:52:15.575+0000] {logging_mixin.py:188} INFO - Uploaded file to Snowflake stage: /tmp/minio_data/1765700358.json
[2025-12-15T11:52:16.626+0000] {logging_mixin.py:188} INFO - Uploaded file to Snowflake stage: /tmp/minio_data/1765700483.json
[2025-12-15T11:52:17.311+0000] {logging_mixin.py:188} INFO - Uploaded file to Snowflake stage: /tmp/minio_data/1765700609.json
[2025-12-15T11:52:20.746+0000] {logging_mixin.py:188} INFO - Uploaded file to Snowflake stage: /tmp/minio_data/1765700734.json
[2025-12-15T11:52:23.813+0000] {logging_mixin.py:188} INFO - Uploaded file to Snowflake stage: /tmp/minio_data/1765700858.json
[2025-12-15T11:53:07.602+0000] {connectionpool.py:824} WARNING - Retrying (Retry(total=0, connect=None, read=None, redirect=None, status=None)) after connection broken by 'NewConnectionError('<snowflake.connector.vendored.urllib3.connection.HTTPSConnection object at 0x77068d7ba510>: Failed to establish a new connection: [Errno -5] No address associated with hostname')': /queries/v1/query-request?requestId=c7fe783a-6eda-4381-a273-63aba1961383&clientStartTime=1765799544044&retryCount=1&retryReason=None&request_guid=59f82a24-8765-45af-ba2f-291e7a8fe6ba
[2025-12-15T11:53:07.671+0000] {connectionpool.py:824} WARNING - Retrying (Retry(total=0, connect=None, read=None, redirect=None, status=None)) after connection broken by 'NewConnectionError('<snowflake.connector.vendored.urllib3.connection.HTTPSConnection object at 0x77068d7b9df0>: Failed to establish a new connection: [Errno -2] Name or service not known')': /queries/v1/query-request?requestId=c7fe783a-6eda-4381-a273-63aba1961383&clientStartTime=1765799544044&retryCount=2&retryReason=None&request_guid=f72f3ea2-48d8-415d-a246-c835db581e32
[2025-12-15T11:53:07.707+0000] {connectionpool.py:824} WARNING - Retrying (Retry(total=0, connect=None, read=None, redirect=None, status=None)) after connection broken by 'NewConnectionError('<snowflake.connector.vendored.urllib3.connection.HTTPSConnection object at 0x77068d7b89b0>: Failed to establish a new connection: [Errno -2] Name or service not known')': /queries/v1/query-request?requestId=c7fe783a-6eda-4381-a273-63aba1961383&clientStartTime=1765799544044&retryCount=3&retryReason=None&request_guid=931f08ff-b9a5-4526-99ac-45b7d360e72b
[2025-12-15T11:53:09.738+0000] {connectionpool.py:824} WARNING - Retrying (Retry(total=0, connect=None, read=None, redirect=None, status=None)) after connection broken by 'NewConnectionError('<snowflake.connector.vendored.urllib3.connection.HTTPSConnection object at 0x77068d998830>: Failed to establish a new connection: [Errno -2] Name or service not known')': /queries/v1/query-request?requestId=c7fe783a-6eda-4381-a273-63aba1961383&clientStartTime=1765799544044&retryCount=4&retryReason=None&request_guid=4ff435cf-1714-4966-ac4c-0e2e5f657551
[2025-12-15T11:53:14.849+0000] {connectionpool.py:824} WARNING - Retrying (Retry(total=0, connect=None, read=None, redirect=None, status=None)) after connection broken by 'NewConnectionError('<snowflake.connector.vendored.urllib3.connection.HTTPSConnection object at 0x77068d9983b0>: Failed to establish a new connection: [Errno -2] Name or service not known')': /queries/v1/query-request?requestId=c7fe783a-6eda-4381-a273-63aba1961383&clientStartTime=1765799544044&retryCount=5&retryReason=None&request_guid=54deb2e6-008b-4b34-83ae-8145537f3410
[2025-12-15T11:53:26.710+0000] {logging_mixin.py:188} INFO - Error uploading /tmp/minio_data/1765700983.json to Snowflake stage: 000612 (02000): None: Result not found
[2025-12-15T11:53:28.965+0000] {logging_mixin.py:188} INFO - Uploaded file to Snowflake stage: /tmp/minio_data/1765701108.json
[2025-12-15T11:53:30.210+0000] {logging_mixin.py:188} INFO - Uploaded file to Snowflake stage: /tmp/minio_data/1765701234.json
[2025-12-15T11:53:33.830+0000] {logging_mixin.py:188} INFO - Uploaded file to Snowflake stage: /tmp/minio_data/1765701359.json
[2025-12-15T11:53:35.495+0000] {logging_mixin.py:188} INFO - Uploaded file to Snowflake stage: /tmp/minio_data/1765701483.json
[2025-12-15T11:53:36.364+0000] {logging_mixin.py:188} INFO - Uploaded file to Snowflake stage: /tmp/minio_data/1765701607.json
[2025-12-15T11:53:37.214+0000] {logging_mixin.py:188} INFO - Uploaded file to Snowflake stage: /tmp/minio_data/1765701748.json
[2025-12-15T11:53:38.112+0000] {logging_mixin.py:188} INFO - Uploaded file to Snowflake stage: /tmp/minio_data/1765701874.json
[2025-12-15T11:53:39.081+0000] {logging_mixin.py:188} INFO - Uploaded file to Snowflake stage: /tmp/minio_data/1765701999.json
[2025-12-15T11:53:39.889+0000] {logging_mixin.py:188} INFO - Uploaded file to Snowflake stage: /tmp/minio_data/1765702125.json
[2025-12-15T11:53:40.618+0000] {logging_mixin.py:188} INFO - Uploaded file to Snowflake stage: /tmp/minio_data/1765702252.json
[2025-12-15T11:53:41.393+0000] {logging_mixin.py:188} INFO - Uploaded file to Snowflake stage: /tmp/minio_data/1765702378.json
[2025-12-15T11:53:42.220+0000] {logging_mixin.py:188} INFO - Uploaded file to Snowflake stage: /tmp/minio_data/1765702503.json
[2025-12-15T11:53:42.899+0000] {logging_mixin.py:188} INFO - Uploaded file to Snowflake stage: /tmp/minio_data/1765702628.json
[2025-12-15T11:53:43.637+0000] {logging_mixin.py:188} INFO - Uploaded file to Snowflake stage: /tmp/minio_data/1765702754.json
[2025-12-15T11:53:44.352+0000] {logging_mixin.py:188} INFO - Uploaded file to Snowflake stage: /tmp/minio_data/1765702880.json
[2025-12-15T11:53:45.149+0000] {logging_mixin.py:188} INFO - Uploaded file to Snowflake stage: /tmp/minio_data/1765703006.json
[2025-12-15T11:53:45.848+0000] {logging_mixin.py:188} INFO - Uploaded file to Snowflake stage: /tmp/minio_data/1765703131.json
[2025-12-15T11:53:46.626+0000] {logging_mixin.py:188} INFO - Uploaded file to Snowflake stage: /tmp/minio_data/1765703256.json
[2025-12-15T11:53:47.750+0000] {logging_mixin.py:188} INFO - Uploaded file to Snowflake stage: /tmp/minio_data/1765703381.json
[2025-12-15T11:53:49.052+0000] {logging_mixin.py:188} INFO - Uploaded file to Snowflake stage: /tmp/minio_data/1765703507.json
[2025-12-15T11:53:50.117+0000] {logging_mixin.py:188} INFO - Uploaded file to Snowflake stage: /tmp/minio_data/1765703631.json
[2025-12-15T11:53:51.209+0000] {logging_mixin.py:188} INFO - Uploaded file to Snowflake stage: /tmp/minio_data/1765703756.json
[2025-12-15T11:53:54.004+0000] {logging_mixin.py:188} INFO - Uploaded file to Snowflake stage: /tmp/minio_data/1765703880.json
[2025-12-15T11:53:54.876+0000] {logging_mixin.py:188} INFO - Uploaded file to Snowflake stage: /tmp/minio_data/1765704004.json
[2025-12-15T11:53:57.337+0000] {logging_mixin.py:188} INFO - Uploaded file to Snowflake stage: /tmp/minio_data/1765704129.json
[2025-12-15T11:54:04.057+0000] {connectionpool.py:824} WARNING - Retrying (Retry(total=0, connect=None, read=None, redirect=None, status=None)) after connection broken by 'ProtocolError('Connection aborted.', RemoteDisconnected('Remote end closed connection without response'))': /?accelerate
[2025-12-15T11:54:05.779+0000] {logging_mixin.py:188} INFO - Uploaded file to Snowflake stage: /tmp/minio_data/1765704254.json
[2025-12-15T11:54:06.510+0000] {logging_mixin.py:188} INFO - Uploaded file to Snowflake stage: /tmp/minio_data/1765704377.json
[2025-12-15T11:54:07.156+0000] {logging_mixin.py:188} INFO - Uploaded file to Snowflake stage: /tmp/minio_data/1765704502.json
[2025-12-15T11:54:07.864+0000] {logging_mixin.py:188} INFO - Uploaded file to Snowflake stage: /tmp/minio_data/1765704627.json
[2025-12-15T11:54:08.537+0000] {logging_mixin.py:188} INFO - Uploaded file to Snowflake stage: /tmp/minio_data/1765704751.json
[2025-12-15T11:54:09.660+0000] {logging_mixin.py:188} INFO - Uploaded file to Snowflake stage: /tmp/minio_data/1765704875.json
[2025-12-15T11:54:10.276+0000] {logging_mixin.py:188} INFO - Uploaded file to Snowflake stage: /tmp/minio_data/1765705000.json
[2025-12-15T11:54:11.093+0000] {logging_mixin.py:188} INFO - Uploaded file to Snowflake stage: /tmp/minio_data/1765705125.json
[2025-12-15T11:54:11.777+0000] {logging_mixin.py:188} INFO - Uploaded file to Snowflake stage: /tmp/minio_data/1765705249.json
[2025-12-15T11:54:12.941+0000] {logging_mixin.py:188} INFO - Uploaded file to Snowflake stage: /tmp/minio_data/1765705373.json
[2025-12-15T11:54:13.897+0000] {logging_mixin.py:188} INFO - Uploaded file to Snowflake stage: /tmp/minio_data/1765705504.json
[2025-12-15T11:54:14.777+0000] {logging_mixin.py:188} INFO - Uploaded file to Snowflake stage: /tmp/minio_data/1765705636.json
[2025-12-15T11:54:16.462+0000] {logging_mixin.py:188} INFO - Uploaded file to Snowflake stage: /tmp/minio_data/1765705768.json
[2025-12-15T11:54:17.351+0000] {logging_mixin.py:188} INFO - Uploaded file to Snowflake stage: /tmp/minio_data/1765705902.json
[2025-12-15T11:54:18.095+0000] {logging_mixin.py:188} INFO - Uploaded file to Snowflake stage: /tmp/minio_data/1765706078.json
[2025-12-15T11:54:18.860+0000] {logging_mixin.py:188} INFO - Uploaded file to Snowflake stage: /tmp/minio_data/1765706228.json
[2025-12-15T11:54:19.522+0000] {logging_mixin.py:188} INFO - Uploaded file to Snowflake stage: /tmp/minio_data/1765706357.json
[2025-12-15T11:54:21.658+0000] {logging_mixin.py:188} INFO - Uploaded file to Snowflake stage: /tmp/minio_data/1765706482.json
[2025-12-15T11:54:22.743+0000] {logging_mixin.py:188} INFO - Uploaded file to Snowflake stage: /tmp/minio_data/1765706607.json
[2025-12-15T11:54:26.918+0000] {logging_mixin.py:188} INFO - Uploaded file to Snowflake stage: /tmp/minio_data/1765706733.json
[2025-12-15T11:54:30.401+0000] {logging_mixin.py:188} INFO - Uploaded file to Snowflake stage: /tmp/minio_data/1765706859.json
[2025-12-15T11:54:35.384+0000] {logging_mixin.py:188} INFO - Uploaded file to Snowflake stage: /tmp/minio_data/1765699167.json
[2025-12-15T11:54:36.097+0000] {logging_mixin.py:188} INFO - Uploaded file to Snowflake stage: /tmp/minio_data/1765700332.json
[2025-12-15T11:54:36.998+0000] {logging_mixin.py:188} INFO - Uploaded file to Snowflake stage: /tmp/minio_data/1765700458.json
[2025-12-15T11:54:37.828+0000] {logging_mixin.py:188} INFO - Uploaded file to Snowflake stage: /tmp/minio_data/1765700583.json
[2025-12-15T11:54:39.037+0000] {logging_mixin.py:188} INFO - Uploaded file to Snowflake stage: /tmp/minio_data/1765700708.json
[2025-12-15T11:54:40.859+0000] {logging_mixin.py:188} INFO - Uploaded file to Snowflake stage: /tmp/minio_data/1765700832.json
[2025-12-15T11:54:41.819+0000] {logging_mixin.py:188} INFO - Uploaded file to Snowflake stage: /tmp/minio_data/1765700957.json
[2025-12-15T11:54:43.556+0000] {logging_mixin.py:188} INFO - Uploaded file to Snowflake stage: /tmp/minio_data/1765701082.json
[2025-12-15T11:54:45.078+0000] {logging_mixin.py:188} INFO - Uploaded file to Snowflake stage: /tmp/minio_data/1765701208.json
[2025-12-15T11:54:46.475+0000] {logging_mixin.py:188} INFO - Uploaded file to Snowflake stage: /tmp/minio_data/1765701333.json
[2025-12-15T11:54:47.525+0000] {logging_mixin.py:188} INFO - Uploaded file to Snowflake stage: /tmp/minio_data/1765701457.json
[2025-12-15T11:54:48.683+0000] {logging_mixin.py:188} INFO - Uploaded file to Snowflake stage: /tmp/minio_data/1765701582.json
[2025-12-15T11:54:50.454+0000] {logging_mixin.py:188} INFO - Uploaded file to Snowflake stage: /tmp/minio_data/1765701721.json
[2025-12-15T11:54:51.874+0000] {logging_mixin.py:188} INFO - Uploaded file to Snowflake stage: /tmp/minio_data/1765701847.json
[2025-12-15T11:54:54.477+0000] {logging_mixin.py:188} INFO - Uploaded file to Snowflake stage: /tmp/minio_data/1765701973.json
[2025-12-15T11:54:57.763+0000] {logging_mixin.py:188} INFO - Uploaded file to Snowflake stage: /tmp/minio_data/1765702099.json
[2025-12-15T11:54:59.824+0000] {logging_mixin.py:188} INFO - Uploaded file to Snowflake stage: /tmp/minio_data/1765702225.json
[2025-12-15T11:55:00.874+0000] {logging_mixin.py:188} INFO - Uploaded file to Snowflake stage: /tmp/minio_data/1765702352.json
[2025-12-15T11:55:01.859+0000] {logging_mixin.py:188} INFO - Uploaded file to Snowflake stage: /tmp/minio_data/1765702477.json
[2025-12-15T11:55:02.895+0000] {logging_mixin.py:188} INFO - Uploaded file to Snowflake stage: /tmp/minio_data/1765702603.json
[2025-12-15T11:55:04.384+0000] {logging_mixin.py:188} INFO - Uploaded file to Snowflake stage: /tmp/minio_data/1765702728.json
[2025-12-15T11:55:05.500+0000] {logging_mixin.py:188} INFO - Uploaded file to Snowflake stage: /tmp/minio_data/1765702853.json
[2025-12-15T11:55:32.714+0000] {logging_mixin.py:188} INFO - Uploaded file to Snowflake stage: /tmp/minio_data/1765702980.json
[2025-12-15T11:56:00.406+0000] {connectionpool.py:824} WARNING - Retrying (Retry(total=0, connect=None, read=None, redirect=None, status=None)) after connection broken by 'NewConnectionError('<snowflake.connector.vendored.urllib3.connection.HTTPSConnection object at 0x77068d96c650>: Failed to establish a new connection: [Errno -5] No address associated with hostname')': /?accelerate
[2025-12-15T11:56:01.677+0000] {storage_client.py:318} WARNING - GET with url b'https://sfc-uk-ds1-28-customer-stage.s3.amazonaws.com/?accelerate' failed for transient error: HTTPSConnectionPool(host='sfc-uk-ds1-28-customer-stage.s3.amazonaws.com', port=443): Max retries exceeded with url: /?accelerate (Caused by NewConnectionError('<snowflake.connector.vendored.urllib3.connection.HTTPSConnection object at 0x77068d94fd10>: Failed to establish a new connection: [Errno -2] Name or service not known'))
[2025-12-15T11:56:27.897+0000] {connectionpool.py:824} WARNING - Retrying (Retry(total=0, connect=None, read=None, redirect=None, status=None)) after connection broken by 'SSLError(SSLError("bad handshake: SysCallError(-1, 'Unexpected EOF')"))': /?accelerate
[2025-12-15T11:56:33.821+0000] {storage_client.py:318} WARNING - GET with url b'https://sfc-uk-ds1-28-customer-stage.s3.amazonaws.com/?accelerate' failed for transient error: HTTPSConnectionPool(host='sfc-uk-ds1-28-customer-stage.s3.amazonaws.com', port=443): Max retries exceeded with url: /?accelerate (Caused by NewConnectionError('<snowflake.connector.vendored.urllib3.connection.HTTPSConnection object at 0x77068d80c470>: Failed to establish a new connection: [Errno -5] No address associated with hostname'))
[2025-12-15T11:56:54.960+0000] {connectionpool.py:824} WARNING - Retrying (Retry(total=0, connect=None, read=None, redirect=None, status=None)) after connection broken by 'ProtocolError('Connection aborted.', RemoteDisconnected('Remote end closed connection without response'))': /4sob1000-s/tables/12560761461/1765703105.json.gz
[2025-12-15T11:56:57.496+0000] {storage_client.py:318} WARNING - HEAD with url b'https://sfc-uk-ds1-28-customer-stage.s3.amazonaws.com/4sob1000-s/tables/12560761461/1765703105.json.gz' failed for transient error: HTTPSConnectionPool(host='sfc-uk-ds1-28-customer-stage.s3.amazonaws.com', port=443): Max retries exceeded with url: /4sob1000-s/tables/12560761461/1765703105.json.gz (Caused by NewConnectionError('<snowflake.connector.vendored.urllib3.connection.HTTPSConnection object at 0x77068d768bc0>: Failed to establish a new connection: [Errno -5] No address associated with hostname'))
[2025-12-15T11:57:16.318+0000] {logging_mixin.py:188} INFO - Uploaded file to Snowflake stage: /tmp/minio_data/1765703105.json
[2025-12-15T11:57:33.282+0000] {logging_mixin.py:188} INFO - Uploaded file to Snowflake stage: /tmp/minio_data/1765703230.json
[2025-12-15T11:57:40.555+0000] {logging_mixin.py:188} INFO - Uploaded file to Snowflake stage: /tmp/minio_data/1765703355.json
[2025-12-15T11:57:57.036+0000] {logging_mixin.py:188} INFO - Uploaded file to Snowflake stage: /tmp/minio_data/1765703481.json
[2025-12-15T12:00:11.604+0000] {connectionpool.py:824} WARNING - Retrying (Retry(total=0, connect=None, read=None, redirect=None, status=None)) after connection broken by 'NewConnectionError('<snowflake.connector.vendored.urllib3.connection.HTTPSConnection object at 0x77068d77cb60>: Failed to establish a new connection: [Errno -2] Name or service not known')': /queries/v1/query-request?requestId=91cf2940-b88a-4fe6-acb8-3e32e5b20785&clientStartTime=1765799877253&retryCount=1&retryReason=None&request_guid=db6aca9b-4249-401b-9d65-bfa8eb2bfa5f
[2025-12-15T12:00:13.667+0000] {connectionpool.py:824} WARNING - Retrying (Retry(total=0, connect=None, read=None, redirect=None, status=None)) after connection broken by 'NewConnectionError('<snowflake.connector.vendored.urllib3.connection.HTTPSConnection object at 0x77068d77d940>: Failed to establish a new connection: [Errno -2] Name or service not known')': /queries/v1/query-request?requestId=91cf2940-b88a-4fe6-acb8-3e32e5b20785&clientStartTime=1765799877253&retryCount=2&retryReason=None&request_guid=1cda9507-010d-4267-9054-56fd2389e5de
[2025-12-15T12:00:16.750+0000] {connectionpool.py:824} WARNING - Retrying (Retry(total=0, connect=None, read=None, redirect=None, status=None)) after connection broken by 'NewConnectionError('<snowflake.connector.vendored.urllib3.connection.HTTPSConnection object at 0x77068d77cf50>: Failed to establish a new connection: [Errno -2] Name or service not known')': /queries/v1/query-request?requestId=91cf2940-b88a-4fe6-acb8-3e32e5b20785&clientStartTime=1765799877253&retryCount=3&retryReason=None&request_guid=ffa413a6-29c0-49c5-9598-8a68e463d89a
[2025-12-15T12:00:24.826+0000] {connectionpool.py:824} WARNING - Retrying (Retry(total=0, connect=None, read=None, redirect=None, status=None)) after connection broken by 'NewConnectionError('<snowflake.connector.vendored.urllib3.connection.HTTPSConnection object at 0x77068d97d730>: Failed to establish a new connection: [Errno -2] Name or service not known')': /queries/v1/query-request?requestId=91cf2940-b88a-4fe6-acb8-3e32e5b20785&clientStartTime=1765799877253&retryCount=4&retryReason=None&request_guid=4b0cbded-b3ce-4d98-936a-0bad831f36ef
[2025-12-15T12:00:25.861+0000] {connectionpool.py:824} WARNING - Retrying (Retry(total=0, connect=None, read=None, redirect=None, status=None)) after connection broken by 'NewConnectionError('<snowflake.connector.vendored.urllib3.connection.HTTPSConnection object at 0x77068d97deb0>: Failed to establish a new connection: [Errno -2] Name or service not known')': /queries/v1/query-request?requestId=91cf2940-b88a-4fe6-acb8-3e32e5b20785&clientStartTime=1765799877253&retryCount=5&retryReason=None&request_guid=c82e1519-dedc-4aa1-bc07-6b1d4046326f
[2025-12-15T12:00:40.348+0000] {connectionpool.py:824} WARNING - Retrying (Retry(total=0, connect=None, read=None, redirect=None, status=None)) after connection broken by 'NewConnectionError('<snowflake.connector.vendored.urllib3.connection.HTTPSConnection object at 0x77068d77f710>: Failed to establish a new connection: [Errno -2] Name or service not known')': /queries/v1/query-request?requestId=91cf2940-b88a-4fe6-acb8-3e32e5b20785&clientStartTime=1765799877253&retryCount=6&retryReason=None&request_guid=9f1857f3-070a-41b7-8a2b-933ad3a47790
[2025-12-15T12:00:54.098+0000] {connectionpool.py:824} WARNING - Retrying (Retry(total=0, connect=None, read=None, redirect=None, status=None)) after connection broken by 'NewConnectionError('<snowflake.connector.vendored.urllib3.connection.HTTPSConnection object at 0x77068d77f590>: Failed to establish a new connection: [Errno -2] Name or service not known')': /queries/v1/query-request?requestId=91cf2940-b88a-4fe6-acb8-3e32e5b20785&clientStartTime=1765799877253&retryCount=7&retryReason=None&request_guid=17febdc3-b53f-46c2-80bf-d515e30de292
[2025-12-15T12:01:00.987+0000] {connectionpool.py:824} WARNING - Retrying (Retry(total=0, connect=None, read=None, redirect=None, status=None)) after connection broken by 'NewConnectionError('<snowflake.connector.vendored.urllib3.connection.HTTPSConnection object at 0x77068d77c170>: Failed to establish a new connection: [Errno -2] Name or service not known')': /queries/v1/query-request?requestId=91cf2940-b88a-4fe6-acb8-3e32e5b20785&clientStartTime=1765799877253&retryCount=8&retryReason=None&request_guid=71988743-1f96-48f5-8fca-bb9a8393e4be
[2025-12-15T12:01:05.570+0000] {connectionpool.py:824} WARNING - Retrying (Retry(total=0, connect=None, read=None, redirect=None, status=None)) after connection broken by 'NewConnectionError('<snowflake.connector.vendored.urllib3.connection.HTTPSConnection object at 0x77068d97d010>: Failed to establish a new connection: [Errno -2] Name or service not known')': /queries/v1/query-request?requestId=91cf2940-b88a-4fe6-acb8-3e32e5b20785&clientStartTime=1765799877253&retryCount=9&retryReason=None&request_guid=c86de6ec-099f-492d-bc4f-b0610efc2d9a
[2025-12-15T12:01:10.634+0000] {connectionpool.py:824} WARNING - Retrying (Retry(total=0, connect=None, read=None, redirect=None, status=None)) after connection broken by 'NewConnectionError('<snowflake.connector.vendored.urllib3.connection.HTTPSConnection object at 0x77068d97d2e0>: Failed to establish a new connection: [Errno -2] Name or service not known')': /queries/v1/query-request?requestId=91cf2940-b88a-4fe6-acb8-3e32e5b20785&clientStartTime=1765799877253&retryCount=10&retryReason=None&request_guid=ee91093e-ea51-49c1-b8fe-fee4fd1eee38
[2025-12-15T12:01:10.783+0000] {connectionpool.py:824} WARNING - Retrying (Retry(total=0, connect=None, read=None, redirect=None, status=None)) after connection broken by 'NewConnectionError('<snowflake.connector.vendored.urllib3.connection.HTTPSConnection object at 0x77068d97d670>: Failed to establish a new connection: [Errno -2] Name or service not known')': /queries/v1/query-request?requestId=91cf2940-b88a-4fe6-acb8-3e32e5b20785&clientStartTime=1765799877253&retryCount=11&retryReason=None&request_guid=465ada6c-b9d0-44d0-b0f8-609e5509dfbd
[2025-12-15T12:01:17.872+0000] {connectionpool.py:824} WARNING - Retrying (Retry(total=0, connect=None, read=None, redirect=None, status=None)) after connection broken by 'NewConnectionError('<snowflake.connector.vendored.urllib3.connection.HTTPSConnection object at 0x77068d97d160>: Failed to establish a new connection: [Errno -2] Name or service not known')': /queries/v1/query-request?requestId=91cf2940-b88a-4fe6-acb8-3e32e5b20785&clientStartTime=1765799877253&retryCount=12&retryReason=None&request_guid=e1ce33b2-efb1-4607-8eb0-d8b005ba780c
[2025-12-15T12:01:22.925+0000] {connectionpool.py:824} WARNING - Retrying (Retry(total=0, connect=None, read=None, redirect=None, status=None)) after connection broken by 'NewConnectionError('<snowflake.connector.vendored.urllib3.connection.HTTPSConnection object at 0x77068d77cbc0>: Failed to establish a new connection: [Errno -2] Name or service not known')': /queries/v1/query-request?requestId=91cf2940-b88a-4fe6-acb8-3e32e5b20785&clientStartTime=1765799877253&retryCount=13&retryReason=None&request_guid=c88fe38f-7e8c-4a8b-a425-26cc2a950639
[2025-12-15T12:01:31.941+0000] {connectionpool.py:824} WARNING - Retrying (Retry(total=0, connect=None, read=None, redirect=None, status=None)) after connection broken by 'NewConnectionError('<snowflake.connector.vendored.urllib3.connection.HTTPSConnection object at 0x77068d77cef0>: Failed to establish a new connection: [Errno -2] Name or service not known')': /queries/v1/query-request?requestId=91cf2940-b88a-4fe6-acb8-3e32e5b20785&clientStartTime=1765799877253&retryCount=14&retryReason=None&request_guid=4b7b2d5f-9ead-4768-b875-41d733e4758a
[2025-12-15T12:01:31.954+0000] {connectionpool.py:824} WARNING - Retrying (Retry(total=0, connect=None, read=None, redirect=None, status=None)) after connection broken by 'NewConnectionError('<snowflake.connector.vendored.urllib3.connection.HTTPSConnection object at 0x77068d97d250>: Failed to establish a new connection: [Errno -2] Name or service not known')': /queries/v1/query-request?requestId=91cf2940-b88a-4fe6-acb8-3e32e5b20785&clientStartTime=1765799877253&retryCount=15&retryReason=None&request_guid=22fdde5e-4b4f-4136-9ff2-d063fc280265
[2025-12-15T12:01:40.042+0000] {connectionpool.py:824} WARNING - Retrying (Retry(total=0, connect=None, read=None, redirect=None, status=None)) after connection broken by 'NewConnectionError('<snowflake.connector.vendored.urllib3.connection.HTTPSConnection object at 0x77068d97e1e0>: Failed to establish a new connection: [Errno -2] Name or service not known')': /queries/v1/query-request?requestId=91cf2940-b88a-4fe6-acb8-3e32e5b20785&clientStartTime=1765799877253&retryCount=16&retryReason=None&request_guid=26887bb4-9fd0-4992-8487-76f9e08ccabe
[2025-12-15T12:01:43.099+0000] {connectionpool.py:824} WARNING - Retrying (Retry(total=0, connect=None, read=None, redirect=None, status=None)) after connection broken by 'NewConnectionError('<snowflake.connector.vendored.urllib3.connection.HTTPSConnection object at 0x77068d97ca10>: Failed to establish a new connection: [Errno -2] Name or service not known')': /queries/v1/query-request?requestId=91cf2940-b88a-4fe6-acb8-3e32e5b20785&clientStartTime=1765799877253&retryCount=17&retryReason=None&request_guid=9e46c922-edea-41ff-904e-b1d4c420c21f
[2025-12-15T12:01:57.138+0000] {connectionpool.py:824} WARNING - Retrying (Retry(total=0, connect=None, read=None, redirect=None, status=None)) after connection broken by 'NewConnectionError('<snowflake.connector.vendored.urllib3.connection.HTTPSConnection object at 0x77068d97e840>: Failed to establish a new connection: [Errno -2] Name or service not known')': /queries/v1/query-request?requestId=91cf2940-b88a-4fe6-acb8-3e32e5b20785&clientStartTime=1765799877253&retryCount=18&retryReason=None&request_guid=7f681c0c-e5a6-4f6d-b06b-485f4a008145
[2025-12-15T12:02:09.341+0000] {connectionpool.py:824} WARNING - Retrying (Retry(total=0, connect=None, read=None, redirect=None, status=None)) after connection broken by 'NewConnectionError('<snowflake.connector.vendored.urllib3.connection.HTTPSConnection object at 0x77068d7ebdd0>: Failed to establish a new connection: [Errno -2] Name or service not known')': /queries/v1/query-request?requestId=91cf2940-b88a-4fe6-acb8-3e32e5b20785&clientStartTime=1765799877253&retryCount=19&retryReason=None&request_guid=30f52e39-9b84-49e5-9b3a-9cf4dacace17
[2025-12-15T12:02:18.515+0000] {connectionpool.py:824} WARNING - Retrying (Retry(total=0, connect=None, read=None, redirect=None, status=None)) after connection broken by 'NewConnectionError('<snowflake.connector.vendored.urllib3.connection.HTTPSConnection object at 0x77068d97e8a0>: Failed to establish a new connection: [Errno -2] Name or service not known')': /queries/v1/query-request?requestId=91cf2940-b88a-4fe6-acb8-3e32e5b20785&clientStartTime=1765799877253&retryCount=20&retryReason=None&request_guid=214ae713-0a41-4094-9eef-2d3054814b84
[2025-12-15T12:02:24.626+0000] {connectionpool.py:824} WARNING - Retrying (Retry(total=0, connect=None, read=None, redirect=None, status=None)) after connection broken by 'NewConnectionError('<snowflake.connector.vendored.urllib3.connection.HTTPSConnection object at 0x77068d97d850>: Failed to establish a new connection: [Errno -2] Name or service not known')': /queries/v1/query-request?requestId=91cf2940-b88a-4fe6-acb8-3e32e5b20785&clientStartTime=1765799877253&retryCount=21&retryReason=None&request_guid=5dd6fa96-581e-47fb-b45e-15c76618389d
[2025-12-15T12:02:35.661+0000] {connectionpool.py:824} WARNING - Retrying (Retry(total=0, connect=None, read=None, redirect=None, status=None)) after connection broken by 'NewConnectionError('<snowflake.connector.vendored.urllib3.connection.HTTPSConnection object at 0x77068d77e420>: Failed to establish a new connection: [Errno -2] Name or service not known')': /queries/v1/query-request?requestId=91cf2940-b88a-4fe6-acb8-3e32e5b20785&clientStartTime=1765799877253&retryCount=22&retryReason=None&request_guid=a4d14ff8-638e-46d8-b49a-e3617d892ee6
[2025-12-15T12:02:41.696+0000] {connectionpool.py:824} WARNING - Retrying (Retry(total=0, connect=None, read=None, redirect=None, status=None)) after connection broken by 'NewConnectionError('<snowflake.connector.vendored.urllib3.connection.HTTPSConnection object at 0x77068d77f9b0>: Failed to establish a new connection: [Errno -2] Name or service not known')': /queries/v1/query-request?requestId=91cf2940-b88a-4fe6-acb8-3e32e5b20785&clientStartTime=1765799877253&retryCount=23&retryReason=None&request_guid=db54b841-7aa0-4444-93b8-64886bdf913d
[2025-12-15T12:02:44.701+0000] {connectionpool.py:824} WARNING - Retrying (Retry(total=0, connect=None, read=None, redirect=None, status=None)) after connection broken by 'NewConnectionError('<snowflake.connector.vendored.urllib3.connection.HTTPSConnection object at 0x77068d7e9d60>: Failed to establish a new connection: [Errno -2] Name or service not known')': /queries/v1/query-request?requestId=91cf2940-b88a-4fe6-acb8-3e32e5b20785&clientStartTime=1765799877253&retryCount=24&retryReason=None&request_guid=76ad46ca-c25e-4f8d-997c-705de721792f
[2025-12-15T12:02:57.738+0000] {connectionpool.py:824} WARNING - Retrying (Retry(total=0, connect=None, read=None, redirect=None, status=None)) after connection broken by 'NewConnectionError('<snowflake.connector.vendored.urllib3.connection.HTTPSConnection object at 0x77068d6c5f40>: Failed to establish a new connection: [Errno -2] Name or service not known')': /queries/v1/query-request?requestId=91cf2940-b88a-4fe6-acb8-3e32e5b20785&clientStartTime=1765799877253&retryCount=25&retryReason=None&request_guid=fca0ce9a-44e4-4fad-9958-5ae9be53232a
[2025-12-15T12:03:03.762+0000] {connectionpool.py:824} WARNING - Retrying (Retry(total=0, connect=None, read=None, redirect=None, status=None)) after connection broken by 'NewConnectionError('<snowflake.connector.vendored.urllib3.connection.HTTPSConnection object at 0x77068d77f860>: Failed to establish a new connection: [Errno -2] Name or service not known')': /queries/v1/query-request?requestId=91cf2940-b88a-4fe6-acb8-3e32e5b20785&clientStartTime=1765799877253&retryCount=26&retryReason=None&request_guid=52b43c7b-7c12-4dd0-bc2b-e1ec8bad1cef
[2025-12-15T12:03:12.778+0000] {connectionpool.py:824} WARNING - Retrying (Retry(total=0, connect=None, read=None, redirect=None, status=None)) after connection broken by 'NewConnectionError('<snowflake.connector.vendored.urllib3.connection.HTTPSConnection object at 0x77068d94f9e0>: Failed to establish a new connection: [Errno -2] Name or service not known')': /queries/v1/query-request?requestId=91cf2940-b88a-4fe6-acb8-3e32e5b20785&clientStartTime=1765799877253&retryCount=27&retryReason=None&request_guid=02737b18-3ba3-43ff-9483-e20a93a4b144
[2025-12-15T12:03:21.786+0000] {connectionpool.py:824} WARNING - Retrying (Retry(total=0, connect=None, read=None, redirect=None, status=None)) after connection broken by 'NewConnectionError('<snowflake.connector.vendored.urllib3.connection.HTTPSConnection object at 0x77068d97e540>: Failed to establish a new connection: [Errno -2] Name or service not known')': /queries/v1/query-request?requestId=91cf2940-b88a-4fe6-acb8-3e32e5b20785&clientStartTime=1765799877253&retryCount=28&retryReason=None&request_guid=37823b6d-7677-4b23-a44d-3fc1c376dded
[2025-12-15T12:03:31.810+0000] {connectionpool.py:824} WARNING - Retrying (Retry(total=0, connect=None, read=None, redirect=None, status=None)) after connection broken by 'NewConnectionError('<snowflake.connector.vendored.urllib3.connection.HTTPSConnection object at 0x77068d97d8e0>: Failed to establish a new connection: [Errno -2] Name or service not known')': /queries/v1/query-request?requestId=91cf2940-b88a-4fe6-acb8-3e32e5b20785&clientStartTime=1765799877253&retryCount=29&retryReason=None&request_guid=84d8464d-88c5-4df5-ade7-1df121cac6a1
[2025-12-15T12:03:47.845+0000] {connectionpool.py:824} WARNING - Retrying (Retry(total=0, connect=None, read=None, redirect=None, status=None)) after connection broken by 'NewConnectionError('<snowflake.connector.vendored.urllib3.connection.HTTPSConnection object at 0x77068d7e91f0>: Failed to establish a new connection: [Errno -2] Name or service not known')': /queries/v1/query-request?requestId=91cf2940-b88a-4fe6-acb8-3e32e5b20785&clientStartTime=1765799877253&retryCount=30&retryReason=None&request_guid=c69a9e22-e09b-43a0-9c95-b92e99762879
[2025-12-15T12:04:00.877+0000] {connectionpool.py:824} WARNING - Retrying (Retry(total=0, connect=None, read=None, redirect=None, status=None)) after connection broken by 'NewConnectionError('<snowflake.connector.vendored.urllib3.connection.HTTPSConnection object at 0x77068d6c5a60>: Failed to establish a new connection: [Errno -2] Name or service not known')': /queries/v1/query-request?requestId=91cf2940-b88a-4fe6-acb8-3e32e5b20785&clientStartTime=1765799877253&retryCount=31&retryReason=None&request_guid=872e79cd-ada1-4e8a-aefd-890c0a408d74
[2025-12-15T12:04:08.905+0000] {connectionpool.py:824} WARNING - Retrying (Retry(total=0, connect=None, read=None, redirect=None, status=None)) after connection broken by 'NewConnectionError('<snowflake.connector.vendored.urllib3.connection.HTTPSConnection object at 0x77068d6c7cb0>: Failed to establish a new connection: [Errno -2] Name or service not known')': /queries/v1/query-request?requestId=91cf2940-b88a-4fe6-acb8-3e32e5b20785&clientStartTime=1765799877253&retryCount=32&retryReason=None&request_guid=4b9b85b7-b272-4ada-bc33-d6c6656c2310
[2025-12-15T12:04:26.510+0000] {logging_mixin.py:188} INFO - Error uploading /tmp/minio_data/1765703605.json to Snowflake stage: 000612 (02000): None: Result not found
[2025-12-15T12:04:42.115+0000] {logging_mixin.py:188} INFO - Uploaded file to Snowflake stage: /tmp/minio_data/1765703729.json
[2025-12-15T12:04:43.146+0000] {logging_mixin.py:188} INFO - Uploaded file to Snowflake stage: /tmp/minio_data/1765703854.json
[2025-12-15T12:04:46.468+0000] {logging_mixin.py:188} INFO - Uploaded file to Snowflake stage: /tmp/minio_data/1765703979.json
[2025-12-15T12:04:52.182+0000] {logging_mixin.py:188} INFO - Uploaded file to Snowflake stage: /tmp/minio_data/1765704103.json
[2025-12-15T12:04:53.461+0000] {logging_mixin.py:188} INFO - Uploaded file to Snowflake stage: /tmp/minio_data/1765704228.json
[2025-12-15T12:04:54.209+0000] {logging_mixin.py:188} INFO - Uploaded file to Snowflake stage: /tmp/minio_data/1765704352.json
[2025-12-15T12:04:54.977+0000] {logging_mixin.py:188} INFO - Uploaded file to Snowflake stage: /tmp/minio_data/1765704477.json
[2025-12-15T12:04:55.774+0000] {logging_mixin.py:188} INFO - Uploaded file to Snowflake stage: /tmp/minio_data/1765704601.json
[2025-12-15T12:04:57.673+0000] {logging_mixin.py:188} INFO - Uploaded file to Snowflake stage: /tmp/minio_data/1765704725.json
[2025-12-15T12:04:59.183+0000] {logging_mixin.py:188} INFO - Uploaded file to Snowflake stage: /tmp/minio_data/1765704850.json
[2025-12-15T12:05:00.799+0000] {logging_mixin.py:188} INFO - Uploaded file to Snowflake stage: /tmp/minio_data/1765704974.json
[2025-12-15T12:05:04.606+0000] {logging_mixin.py:188} INFO - Uploaded file to Snowflake stage: /tmp/minio_data/1765705098.json
[2025-12-15T12:05:05.538+0000] {logging_mixin.py:188} INFO - Uploaded file to Snowflake stage: /tmp/minio_data/1765705223.json
[2025-12-15T12:05:07.310+0000] {logging_mixin.py:188} INFO - Uploaded file to Snowflake stage: /tmp/minio_data/1765705348.json
[2025-12-15T12:05:14.546+0000] {connectionpool.py:824} WARNING - Retrying (Retry(total=0, connect=None, read=None, redirect=None, status=None)) after connection broken by 'ProtocolError('Connection aborted.', RemoteDisconnected('Remote end closed connection without response'))': /?accelerate
[2025-12-15T12:05:17.211+0000] {logging_mixin.py:188} INFO - Uploaded file to Snowflake stage: /tmp/minio_data/1765705476.json
