[2025-12-15T20:30:14.997+0000] {local_task_job_runner.py:120} INFO - ::group::Pre task execution logs
[2025-12-15T20:30:15.127+0000] {taskinstance.py:2076} INFO - Dependencies all met for dep_context=non-requeueable deps ti=<TaskInstance: minio_to_snowflake.load_into_snowflake scheduled__2025-12-15T20:25:00+00:00 [queued]>
[2025-12-15T20:30:15.146+0000] {taskinstance.py:2076} INFO - Dependencies all met for dep_context=requeueable deps ti=<TaskInstance: minio_to_snowflake.load_into_snowflake scheduled__2025-12-15T20:25:00+00:00 [queued]>
[2025-12-15T20:30:15.150+0000] {taskinstance.py:2306} INFO - Starting attempt 1 of 3
[2025-12-15T20:30:15.183+0000] {taskinstance.py:2330} INFO - Executing <Task(PythonOperator): load_into_snowflake> on 2025-12-15 20:25:00+00:00
[2025-12-15T20:30:15.203+0000] {logging_mixin.py:188} WARNING - /home/***/.local/lib/python3.12/site-packages/***/task/task_runner/standard_task_runner.py:62 DeprecationWarning: This process (pid=67357) is multi-threaded, use of fork() may lead to deadlocks in the child.
[2025-12-15T20:30:15.206+0000] {standard_task_runner.py:64} INFO - Started process 67365 to run task
[2025-12-15T20:30:15.203+0000] {standard_task_runner.py:90} INFO - Running: ['***', 'tasks', 'run', 'minio_to_snowflake', 'load_into_snowflake', 'scheduled__2025-12-15T20:25:00+00:00', '--job-id', '225', '--raw', '--subdir', 'DAGS_FOLDER/minio_to_snowflake.py', '--cfg-path', '/tmp/tmppqncqs05']
[2025-12-15T20:30:15.208+0000] {standard_task_runner.py:91} INFO - Job 225: Subtask load_into_snowflake
[2025-12-15T20:30:15.359+0000] {task_command.py:426} INFO - Running <TaskInstance: minio_to_snowflake.load_into_snowflake scheduled__2025-12-15T20:25:00+00:00 [running]> on host 4abec113d47e
[2025-12-15T20:30:15.596+0000] {taskinstance.py:2648} INFO - Exporting env vars: AIRFLOW_CTX_DAG_OWNER='***' AIRFLOW_CTX_DAG_ID='minio_to_snowflake' AIRFLOW_CTX_TASK_ID='load_into_snowflake' AIRFLOW_CTX_EXECUTION_DATE='2025-12-15T20:25:00+00:00' AIRFLOW_CTX_TRY_NUMBER='1' AIRFLOW_CTX_DAG_RUN_ID='scheduled__2025-12-15T20:25:00+00:00'
[2025-12-15T20:30:15.599+0000] {taskinstance.py:430} INFO - ::endgroup::
[2025-12-15T20:30:15.638+0000] {logging_mixin.py:188} INFO - Received 265 files from previous task.
[2025-12-15T20:30:15.639+0000] {logging_mixin.py:188} INFO - Cnnecting to Snowflake...
[2025-12-15T20:30:15.640+0000] {connection.py:408} INFO - Snowflake Connector for Python Version: 3.11.0, Python Version: 3.12.4, Platform: Linux-6.6.87.2-microsoft-standard-WSL2-x86_64-with-glibc2.36
[2025-12-15T20:30:15.642+0000] {connection.py:1258} INFO - This connection is in OCSP Fail Open Mode. TLS Certificates would be checked for validity and revocation status. Any other Certificate Revocation related exceptions or OCSP Responder failures would be disregarded in favor of connectivity.
[2025-12-15T20:30:17.159+0000] {logging_mixin.py:188} INFO - Connected to Snowflake.
[2025-12-15T20:30:20.878+0000] {logging_mixin.py:188} INFO - Uploaded file to Snowflake stage: /tmp/minio_data/1765699149.json
[2025-12-15T20:30:22.099+0000] {logging_mixin.py:188} INFO - Uploaded file to Snowflake stage: /tmp/minio_data/1765700319.json
[2025-12-15T20:30:23.102+0000] {logging_mixin.py:188} INFO - Uploaded file to Snowflake stage: /tmp/minio_data/1765700445.json
[2025-12-15T20:30:24.150+0000] {logging_mixin.py:188} INFO - Uploaded file to Snowflake stage: /tmp/minio_data/1765700570.json
[2025-12-15T20:30:25.254+0000] {logging_mixin.py:188} INFO - Uploaded file to Snowflake stage: /tmp/minio_data/1765700695.json
[2025-12-15T20:30:26.371+0000] {logging_mixin.py:188} INFO - Uploaded file to Snowflake stage: /tmp/minio_data/1765700820.json
[2025-12-15T20:30:27.628+0000] {logging_mixin.py:188} INFO - Uploaded file to Snowflake stage: /tmp/minio_data/1765700944.json
[2025-12-15T20:30:28.778+0000] {logging_mixin.py:188} INFO - Uploaded file to Snowflake stage: /tmp/minio_data/1765701068.json
[2025-12-15T20:30:29.942+0000] {logging_mixin.py:188} INFO - Uploaded file to Snowflake stage: /tmp/minio_data/1765701195.json
[2025-12-15T20:30:31.099+0000] {logging_mixin.py:188} INFO - Uploaded file to Snowflake stage: /tmp/minio_data/1765701319.json
[2025-12-15T20:30:32.242+0000] {logging_mixin.py:188} INFO - Uploaded file to Snowflake stage: /tmp/minio_data/1765701444.json
[2025-12-15T20:30:33.737+0000] {logging_mixin.py:188} INFO - Uploaded file to Snowflake stage: /tmp/minio_data/1765701569.json
[2025-12-15T20:30:35.304+0000] {logging_mixin.py:188} INFO - Uploaded file to Snowflake stage: /tmp/minio_data/1765701708.json
[2025-12-15T20:30:36.810+0000] {logging_mixin.py:188} INFO - Uploaded file to Snowflake stage: /tmp/minio_data/1765701834.json
[2025-12-15T20:30:37.814+0000] {logging_mixin.py:188} INFO - Uploaded file to Snowflake stage: /tmp/minio_data/1765701960.json
[2025-12-15T20:30:38.839+0000] {logging_mixin.py:188} INFO - Uploaded file to Snowflake stage: /tmp/minio_data/1765702086.json
[2025-12-15T20:30:39.839+0000] {logging_mixin.py:188} INFO - Uploaded file to Snowflake stage: /tmp/minio_data/1765702212.json
[2025-12-15T20:30:40.969+0000] {logging_mixin.py:188} INFO - Uploaded file to Snowflake stage: /tmp/minio_data/1765702339.json
[2025-12-15T20:30:41.998+0000] {logging_mixin.py:188} INFO - Uploaded file to Snowflake stage: /tmp/minio_data/1765702464.json
[2025-12-15T20:30:43.243+0000] {logging_mixin.py:188} INFO - Uploaded file to Snowflake stage: /tmp/minio_data/1765702590.json
[2025-12-15T20:30:45.112+0000] {logging_mixin.py:188} INFO - Uploaded file to Snowflake stage: /tmp/minio_data/1765702715.json
[2025-12-15T20:30:46.256+0000] {logging_mixin.py:188} INFO - Uploaded file to Snowflake stage: /tmp/minio_data/1765702840.json
[2025-12-15T20:30:47.368+0000] {logging_mixin.py:188} INFO - Uploaded file to Snowflake stage: /tmp/minio_data/1765702967.json
[2025-12-15T20:30:48.492+0000] {logging_mixin.py:188} INFO - Uploaded file to Snowflake stage: /tmp/minio_data/1765703092.json
[2025-12-15T20:30:49.624+0000] {logging_mixin.py:188} INFO - Uploaded file to Snowflake stage: /tmp/minio_data/1765703217.json
[2025-12-15T20:30:50.651+0000] {logging_mixin.py:188} INFO - Uploaded file to Snowflake stage: /tmp/minio_data/1765703342.json
[2025-12-15T20:30:51.874+0000] {logging_mixin.py:188} INFO - Uploaded file to Snowflake stage: /tmp/minio_data/1765703468.json
[2025-12-15T20:30:52.896+0000] {logging_mixin.py:188} INFO - Uploaded file to Snowflake stage: /tmp/minio_data/1765703593.json
[2025-12-15T20:30:54.580+0000] {logging_mixin.py:188} INFO - Uploaded file to Snowflake stage: /tmp/minio_data/1765703717.json
[2025-12-15T20:30:55.629+0000] {logging_mixin.py:188} INFO - Uploaded file to Snowflake stage: /tmp/minio_data/1765703841.json
[2025-12-15T20:30:56.757+0000] {logging_mixin.py:188} INFO - Uploaded file to Snowflake stage: /tmp/minio_data/1765703966.json
[2025-12-15T20:30:58.178+0000] {logging_mixin.py:188} INFO - Uploaded file to Snowflake stage: /tmp/minio_data/1765704090.json
[2025-12-15T20:30:59.286+0000] {logging_mixin.py:188} INFO - Uploaded file to Snowflake stage: /tmp/minio_data/1765704215.json
[2025-12-15T20:31:01.461+0000] {logging_mixin.py:188} INFO - Uploaded file to Snowflake stage: /tmp/minio_data/1765704339.json
[2025-12-15T20:31:02.698+0000] {logging_mixin.py:188} INFO - Uploaded file to Snowflake stage: /tmp/minio_data/1765704464.json
[2025-12-15T20:31:03.873+0000] {logging_mixin.py:188} INFO - Uploaded file to Snowflake stage: /tmp/minio_data/1765704588.json
[2025-12-15T20:31:04.906+0000] {logging_mixin.py:188} INFO - Uploaded file to Snowflake stage: /tmp/minio_data/1765704712.json
[2025-12-15T20:31:05.915+0000] {logging_mixin.py:188} INFO - Uploaded file to Snowflake stage: /tmp/minio_data/1765704837.json
[2025-12-15T20:31:06.933+0000] {logging_mixin.py:188} INFO - Uploaded file to Snowflake stage: /tmp/minio_data/1765704961.json
[2025-12-15T20:31:08.031+0000] {logging_mixin.py:188} INFO - Uploaded file to Snowflake stage: /tmp/minio_data/1765705086.json
[2025-12-15T20:31:09.074+0000] {logging_mixin.py:188} INFO - Uploaded file to Snowflake stage: /tmp/minio_data/1765705210.json
[2025-12-15T20:31:10.087+0000] {logging_mixin.py:188} INFO - Uploaded file to Snowflake stage: /tmp/minio_data/1765705335.json
[2025-12-15T20:31:11.047+0000] {logging_mixin.py:188} INFO - Uploaded file to Snowflake stage: /tmp/minio_data/1765705459.json
[2025-12-15T20:31:12.105+0000] {logging_mixin.py:188} INFO - Uploaded file to Snowflake stage: /tmp/minio_data/1765705591.json
[2025-12-15T20:31:13.225+0000] {logging_mixin.py:188} INFO - Uploaded file to Snowflake stage: /tmp/minio_data/1765705724.json
[2025-12-15T20:31:14.356+0000] {logging_mixin.py:188} INFO - Uploaded file to Snowflake stage: /tmp/minio_data/1765705856.json
[2025-12-15T20:31:15.342+0000] {logging_mixin.py:188} INFO - Uploaded file to Snowflake stage: /tmp/minio_data/1765706004.json
[2025-12-15T20:31:16.482+0000] {logging_mixin.py:188} INFO - Uploaded file to Snowflake stage: /tmp/minio_data/1765706174.json
[2025-12-15T20:31:17.473+0000] {logging_mixin.py:188} INFO - Uploaded file to Snowflake stage: /tmp/minio_data/1765706317.json
[2025-12-15T20:31:18.491+0000] {logging_mixin.py:188} INFO - Uploaded file to Snowflake stage: /tmp/minio_data/1765706443.json
[2025-12-15T20:31:19.623+0000] {logging_mixin.py:188} INFO - Uploaded file to Snowflake stage: /tmp/minio_data/1765706568.json
[2025-12-15T20:31:20.747+0000] {logging_mixin.py:188} INFO - Uploaded file to Snowflake stage: /tmp/minio_data/1765706694.json
[2025-12-15T20:31:21.764+0000] {logging_mixin.py:188} INFO - Uploaded file to Snowflake stage: /tmp/minio_data/1765706820.json
[2025-12-15T20:31:22.744+0000] {logging_mixin.py:188} INFO - Uploaded file to Snowflake stage: /tmp/minio_data/1765699206.json
[2025-12-15T20:31:23.751+0000] {logging_mixin.py:188} INFO - Uploaded file to Snowflake stage: /tmp/minio_data/1765700358.json
[2025-12-15T20:31:24.879+0000] {logging_mixin.py:188} INFO - Uploaded file to Snowflake stage: /tmp/minio_data/1765700483.json
[2025-12-15T20:31:26.101+0000] {logging_mixin.py:188} INFO - Uploaded file to Snowflake stage: /tmp/minio_data/1765700609.json
[2025-12-15T20:31:27.131+0000] {logging_mixin.py:188} INFO - Uploaded file to Snowflake stage: /tmp/minio_data/1765700734.json
[2025-12-15T20:31:28.427+0000] {logging_mixin.py:188} INFO - Uploaded file to Snowflake stage: /tmp/minio_data/1765700858.json
[2025-12-15T20:31:29.566+0000] {logging_mixin.py:188} INFO - Uploaded file to Snowflake stage: /tmp/minio_data/1765700983.json
[2025-12-15T20:31:30.732+0000] {logging_mixin.py:188} INFO - Uploaded file to Snowflake stage: /tmp/minio_data/1765701108.json
[2025-12-15T20:31:32.533+0000] {logging_mixin.py:188} INFO - Uploaded file to Snowflake stage: /tmp/minio_data/1765701234.json
[2025-12-15T20:31:33.536+0000] {logging_mixin.py:188} INFO - Uploaded file to Snowflake stage: /tmp/minio_data/1765701359.json
[2025-12-15T20:31:34.581+0000] {logging_mixin.py:188} INFO - Uploaded file to Snowflake stage: /tmp/minio_data/1765701483.json
[2025-12-15T20:31:35.725+0000] {logging_mixin.py:188} INFO - Uploaded file to Snowflake stage: /tmp/minio_data/1765701607.json
[2025-12-15T20:31:36.867+0000] {logging_mixin.py:188} INFO - Uploaded file to Snowflake stage: /tmp/minio_data/1765701748.json
[2025-12-15T20:31:38.646+0000] {logging_mixin.py:188} INFO - Uploaded file to Snowflake stage: /tmp/minio_data/1765701874.json
[2025-12-15T20:31:39.370+0000] {logging_mixin.py:188} INFO - Uploaded file to Snowflake stage: /tmp/minio_data/1765701999.json
[2025-12-15T20:31:40.099+0000] {logging_mixin.py:188} INFO - Uploaded file to Snowflake stage: /tmp/minio_data/1765702125.json
[2025-12-15T20:31:40.910+0000] {logging_mixin.py:188} INFO - Uploaded file to Snowflake stage: /tmp/minio_data/1765702252.json
[2025-12-15T20:31:41.805+0000] {logging_mixin.py:188} INFO - Uploaded file to Snowflake stage: /tmp/minio_data/1765702378.json
[2025-12-15T20:31:42.931+0000] {logging_mixin.py:188} INFO - Uploaded file to Snowflake stage: /tmp/minio_data/1765702503.json
[2025-12-15T20:31:43.939+0000] {logging_mixin.py:188} INFO - Uploaded file to Snowflake stage: /tmp/minio_data/1765702628.json
[2025-12-15T20:31:44.979+0000] {logging_mixin.py:188} INFO - Uploaded file to Snowflake stage: /tmp/minio_data/1765702754.json
[2025-12-15T20:31:46.219+0000] {logging_mixin.py:188} INFO - Uploaded file to Snowflake stage: /tmp/minio_data/1765702880.json
[2025-12-15T20:31:47.452+0000] {logging_mixin.py:188} INFO - Uploaded file to Snowflake stage: /tmp/minio_data/1765703006.json
[2025-12-15T20:31:48.456+0000] {logging_mixin.py:188} INFO - Uploaded file to Snowflake stage: /tmp/minio_data/1765703131.json
[2025-12-15T20:31:49.457+0000] {logging_mixin.py:188} INFO - Uploaded file to Snowflake stage: /tmp/minio_data/1765703256.json
[2025-12-15T20:31:50.462+0000] {logging_mixin.py:188} INFO - Uploaded file to Snowflake stage: /tmp/minio_data/1765703381.json
[2025-12-15T20:31:51.695+0000] {logging_mixin.py:188} INFO - Uploaded file to Snowflake stage: /tmp/minio_data/1765703507.json
[2025-12-15T20:31:52.717+0000] {logging_mixin.py:188} INFO - Uploaded file to Snowflake stage: /tmp/minio_data/1765703631.json
[2025-12-15T20:31:53.836+0000] {logging_mixin.py:188} INFO - Uploaded file to Snowflake stage: /tmp/minio_data/1765703756.json
[2025-12-15T20:31:55.603+0000] {logging_mixin.py:188} INFO - Uploaded file to Snowflake stage: /tmp/minio_data/1765703880.json
[2025-12-15T20:31:56.745+0000] {logging_mixin.py:188} INFO - Uploaded file to Snowflake stage: /tmp/minio_data/1765704004.json
[2025-12-15T20:31:57.937+0000] {logging_mixin.py:188} INFO - Uploaded file to Snowflake stage: /tmp/minio_data/1765704129.json
[2025-12-15T20:31:58.935+0000] {logging_mixin.py:188} INFO - Uploaded file to Snowflake stage: /tmp/minio_data/1765704254.json
[2025-12-15T20:32:00.075+0000] {logging_mixin.py:188} INFO - Uploaded file to Snowflake stage: /tmp/minio_data/1765704377.json
[2025-12-15T20:32:01.126+0000] {logging_mixin.py:188} INFO - Uploaded file to Snowflake stage: /tmp/minio_data/1765704502.json
[2025-12-15T20:32:02.285+0000] {logging_mixin.py:188} INFO - Uploaded file to Snowflake stage: /tmp/minio_data/1765704627.json
[2025-12-15T20:32:03.429+0000] {logging_mixin.py:188} INFO - Uploaded file to Snowflake stage: /tmp/minio_data/1765704751.json
[2025-12-15T20:32:04.436+0000] {logging_mixin.py:188} INFO - Uploaded file to Snowflake stage: /tmp/minio_data/1765704875.json
[2025-12-15T20:32:05.497+0000] {logging_mixin.py:188} INFO - Uploaded file to Snowflake stage: /tmp/minio_data/1765705000.json
[2025-12-15T20:32:06.615+0000] {logging_mixin.py:188} INFO - Uploaded file to Snowflake stage: /tmp/minio_data/1765705125.json
[2025-12-15T20:32:07.749+0000] {logging_mixin.py:188} INFO - Uploaded file to Snowflake stage: /tmp/minio_data/1765705249.json
[2025-12-15T20:32:08.753+0000] {logging_mixin.py:188} INFO - Uploaded file to Snowflake stage: /tmp/minio_data/1765705373.json
[2025-12-15T20:32:09.919+0000] {logging_mixin.py:188} INFO - Uploaded file to Snowflake stage: /tmp/minio_data/1765705504.json
[2025-12-15T20:32:11.078+0000] {logging_mixin.py:188} INFO - Uploaded file to Snowflake stage: /tmp/minio_data/1765705636.json
[2025-12-15T20:32:12.148+0000] {logging_mixin.py:188} INFO - Uploaded file to Snowflake stage: /tmp/minio_data/1765705768.json
[2025-12-15T20:32:13.309+0000] {logging_mixin.py:188} INFO - Uploaded file to Snowflake stage: /tmp/minio_data/1765705902.json
[2025-12-15T20:32:14.413+0000] {logging_mixin.py:188} INFO - Uploaded file to Snowflake stage: /tmp/minio_data/1765706078.json
[2025-12-15T20:32:16.333+0000] {logging_mixin.py:188} INFO - Uploaded file to Snowflake stage: /tmp/minio_data/1765706228.json
[2025-12-15T20:32:17.426+0000] {logging_mixin.py:188} INFO - Uploaded file to Snowflake stage: /tmp/minio_data/1765706357.json
[2025-12-15T20:32:19.417+0000] {logging_mixin.py:188} INFO - Uploaded file to Snowflake stage: /tmp/minio_data/1765706482.json
[2025-12-15T20:32:20.510+0000] {logging_mixin.py:188} INFO - Uploaded file to Snowflake stage: /tmp/minio_data/1765706607.json
[2025-12-15T20:32:21.555+0000] {logging_mixin.py:188} INFO - Uploaded file to Snowflake stage: /tmp/minio_data/1765706733.json
[2025-12-15T20:32:22.561+0000] {logging_mixin.py:188} INFO - Uploaded file to Snowflake stage: /tmp/minio_data/1765706859.json
[2025-12-15T20:32:23.510+0000] {logging_mixin.py:188} INFO - Uploaded file to Snowflake stage: /tmp/minio_data/1765699167.json
[2025-12-15T20:32:24.561+0000] {logging_mixin.py:188} INFO - Uploaded file to Snowflake stage: /tmp/minio_data/1765700332.json
[2025-12-15T20:32:25.686+0000] {logging_mixin.py:188} INFO - Uploaded file to Snowflake stage: /tmp/minio_data/1765700458.json
[2025-12-15T20:32:26.683+0000] {logging_mixin.py:188} INFO - Uploaded file to Snowflake stage: /tmp/minio_data/1765700583.json
[2025-12-15T20:32:27.655+0000] {logging_mixin.py:188} INFO - Uploaded file to Snowflake stage: /tmp/minio_data/1765700708.json
[2025-12-15T20:32:28.839+0000] {logging_mixin.py:188} INFO - Uploaded file to Snowflake stage: /tmp/minio_data/1765700832.json
[2025-12-15T20:32:29.992+0000] {logging_mixin.py:188} INFO - Uploaded file to Snowflake stage: /tmp/minio_data/1765700957.json
[2025-12-15T20:32:31.148+0000] {logging_mixin.py:188} INFO - Uploaded file to Snowflake stage: /tmp/minio_data/1765701082.json
[2025-12-15T20:32:32.299+0000] {logging_mixin.py:188} INFO - Uploaded file to Snowflake stage: /tmp/minio_data/1765701208.json
[2025-12-15T20:32:33.446+0000] {logging_mixin.py:188} INFO - Uploaded file to Snowflake stage: /tmp/minio_data/1765701333.json
[2025-12-15T20:32:34.594+0000] {logging_mixin.py:188} INFO - Uploaded file to Snowflake stage: /tmp/minio_data/1765701457.json
[2025-12-15T20:32:35.730+0000] {logging_mixin.py:188} INFO - Uploaded file to Snowflake stage: /tmp/minio_data/1765701582.json
[2025-12-15T20:32:36.867+0000] {logging_mixin.py:188} INFO - Uploaded file to Snowflake stage: /tmp/minio_data/1765701721.json
[2025-12-15T20:32:38.006+0000] {logging_mixin.py:188} INFO - Uploaded file to Snowflake stage: /tmp/minio_data/1765701847.json
[2025-12-15T20:32:39.282+0000] {logging_mixin.py:188} INFO - Uploaded file to Snowflake stage: /tmp/minio_data/1765701973.json
[2025-12-15T20:32:41.064+0000] {logging_mixin.py:188} INFO - Uploaded file to Snowflake stage: /tmp/minio_data/1765702099.json
[2025-12-15T20:32:42.217+0000] {logging_mixin.py:188} INFO - Uploaded file to Snowflake stage: /tmp/minio_data/1765702225.json
[2025-12-15T20:32:44.373+0000] {logging_mixin.py:188} INFO - Uploaded file to Snowflake stage: /tmp/minio_data/1765702352.json
[2025-12-15T20:32:45.682+0000] {logging_mixin.py:188} INFO - Uploaded file to Snowflake stage: /tmp/minio_data/1765702477.json
[2025-12-15T20:32:47.422+0000] {logging_mixin.py:188} INFO - Uploaded file to Snowflake stage: /tmp/minio_data/1765702603.json
[2025-12-15T20:32:49.146+0000] {logging_mixin.py:188} INFO - Uploaded file to Snowflake stage: /tmp/minio_data/1765702728.json
[2025-12-15T20:32:50.747+0000] {logging_mixin.py:188} INFO - Uploaded file to Snowflake stage: /tmp/minio_data/1765702853.json
[2025-12-15T20:32:51.767+0000] {logging_mixin.py:188} INFO - Uploaded file to Snowflake stage: /tmp/minio_data/1765702980.json
[2025-12-15T20:32:52.716+0000] {logging_mixin.py:188} INFO - Uploaded file to Snowflake stage: /tmp/minio_data/1765703105.json
[2025-12-15T20:32:53.730+0000] {logging_mixin.py:188} INFO - Uploaded file to Snowflake stage: /tmp/minio_data/1765703230.json
[2025-12-15T20:32:54.766+0000] {logging_mixin.py:188} INFO - Uploaded file to Snowflake stage: /tmp/minio_data/1765703355.json
[2025-12-15T20:32:55.804+0000] {logging_mixin.py:188} INFO - Uploaded file to Snowflake stage: /tmp/minio_data/1765703481.json
[2025-12-15T20:32:57.531+0000] {logging_mixin.py:188} INFO - Uploaded file to Snowflake stage: /tmp/minio_data/1765703605.json
[2025-12-15T20:32:58.715+0000] {logging_mixin.py:188} INFO - Uploaded file to Snowflake stage: /tmp/minio_data/1765703729.json
[2025-12-15T20:32:59.667+0000] {logging_mixin.py:188} INFO - Uploaded file to Snowflake stage: /tmp/minio_data/1765703854.json
[2025-12-15T20:33:00.701+0000] {logging_mixin.py:188} INFO - Uploaded file to Snowflake stage: /tmp/minio_data/1765703979.json
[2025-12-15T20:33:01.731+0000] {logging_mixin.py:188} INFO - Uploaded file to Snowflake stage: /tmp/minio_data/1765704103.json
[2025-12-15T20:33:02.748+0000] {logging_mixin.py:188} INFO - Uploaded file to Snowflake stage: /tmp/minio_data/1765704228.json
[2025-12-15T20:33:03.774+0000] {logging_mixin.py:188} INFO - Uploaded file to Snowflake stage: /tmp/minio_data/1765704352.json
[2025-12-15T20:33:04.769+0000] {logging_mixin.py:188} INFO - Uploaded file to Snowflake stage: /tmp/minio_data/1765704477.json
[2025-12-15T20:33:05.757+0000] {logging_mixin.py:188} INFO - Uploaded file to Snowflake stage: /tmp/minio_data/1765704601.json
[2025-12-15T20:33:06.780+0000] {logging_mixin.py:188} INFO - Uploaded file to Snowflake stage: /tmp/minio_data/1765704725.json
[2025-12-15T20:33:07.872+0000] {logging_mixin.py:188} INFO - Uploaded file to Snowflake stage: /tmp/minio_data/1765704850.json
[2025-12-15T20:33:08.905+0000] {logging_mixin.py:188} INFO - Uploaded file to Snowflake stage: /tmp/minio_data/1765704974.json
[2025-12-15T20:33:09.918+0000] {logging_mixin.py:188} INFO - Uploaded file to Snowflake stage: /tmp/minio_data/1765705098.json
[2025-12-15T20:33:10.954+0000] {logging_mixin.py:188} INFO - Uploaded file to Snowflake stage: /tmp/minio_data/1765705223.json
[2025-12-15T20:33:11.933+0000] {logging_mixin.py:188} INFO - Uploaded file to Snowflake stage: /tmp/minio_data/1765705348.json
[2025-12-15T20:33:12.906+0000] {logging_mixin.py:188} INFO - Uploaded file to Snowflake stage: /tmp/minio_data/1765705476.json
[2025-12-15T20:33:13.895+0000] {logging_mixin.py:188} INFO - Uploaded file to Snowflake stage: /tmp/minio_data/1765705605.json
[2025-12-15T20:33:14.889+0000] {logging_mixin.py:188} INFO - Uploaded file to Snowflake stage: /tmp/minio_data/1765705738.json
[2025-12-15T20:33:15.906+0000] {logging_mixin.py:188} INFO - Uploaded file to Snowflake stage: /tmp/minio_data/1765705870.json
[2025-12-15T20:33:16.899+0000] {logging_mixin.py:188} INFO - Uploaded file to Snowflake stage: /tmp/minio_data/1765706030.json
[2025-12-15T20:33:17.869+0000] {logging_mixin.py:188} INFO - Uploaded file to Snowflake stage: /tmp/minio_data/1765706198.json
[2025-12-15T20:33:20.189+0000] {logging_mixin.py:188} INFO - Uploaded file to Snowflake stage: /tmp/minio_data/1765706330.json
[2025-12-15T20:33:21.145+0000] {logging_mixin.py:188} INFO - Uploaded file to Snowflake stage: /tmp/minio_data/1765706456.json
[2025-12-15T20:33:22.140+0000] {logging_mixin.py:188} INFO - Uploaded file to Snowflake stage: /tmp/minio_data/1765706581.json
[2025-12-15T20:33:23.445+0000] {logging_mixin.py:188} INFO - Uploaded file to Snowflake stage: /tmp/minio_data/1765706707.json
[2025-12-15T20:33:24.444+0000] {logging_mixin.py:188} INFO - Uploaded file to Snowflake stage: /tmp/minio_data/1765706833.json
[2025-12-15T20:33:25.478+0000] {logging_mixin.py:188} INFO - Uploaded file to Snowflake stage: /tmp/minio_data/1765699183.json
[2025-12-15T20:33:26.500+0000] {logging_mixin.py:188} INFO - Uploaded file to Snowflake stage: /tmp/minio_data/1765700345.json
[2025-12-15T20:33:27.503+0000] {logging_mixin.py:188} INFO - Uploaded file to Snowflake stage: /tmp/minio_data/1765700470.json
[2025-12-15T20:33:28.597+0000] {logging_mixin.py:188} INFO - Uploaded file to Snowflake stage: /tmp/minio_data/1765700596.json
[2025-12-15T20:33:29.636+0000] {logging_mixin.py:188} INFO - Uploaded file to Snowflake stage: /tmp/minio_data/1765700721.json
[2025-12-15T20:33:31.387+0000] {logging_mixin.py:188} INFO - Uploaded file to Snowflake stage: /tmp/minio_data/1765700845.json
[2025-12-15T20:33:32.393+0000] {logging_mixin.py:188} INFO - Uploaded file to Snowflake stage: /tmp/minio_data/1765700970.json
[2025-12-15T20:33:34.661+0000] {logging_mixin.py:188} INFO - Uploaded file to Snowflake stage: /tmp/minio_data/1765701095.json
[2025-12-15T20:33:42.895+0000] {logging_mixin.py:188} INFO - Uploaded file to Snowflake stage: /tmp/minio_data/1765701221.json
[2025-12-15T20:33:45.651+0000] {connectionpool.py:824} WARNING - Retrying (Retry(total=0, connect=None, read=None, redirect=None, status=None)) after connection broken by 'ProtocolError('Connection aborted.', RemoteDisconnected('Remote end closed connection without response'))': /?accelerate
[2025-12-15T20:33:49.682+0000] {logging_mixin.py:188} INFO - Uploaded file to Snowflake stage: /tmp/minio_data/1765701346.json
[2025-12-15T20:33:51.118+0000] {logging_mixin.py:188} INFO - Uploaded file to Snowflake stage: /tmp/minio_data/1765701470.json
[2025-12-15T20:33:52.721+0000] {logging_mixin.py:188} INFO - Uploaded file to Snowflake stage: /tmp/minio_data/1765701595.json
[2025-12-15T20:33:54.119+0000] {logging_mixin.py:188} INFO - Uploaded file to Snowflake stage: /tmp/minio_data/1765701735.json
[2025-12-15T20:33:59.372+0000] {logging_mixin.py:188} INFO - Uploaded file to Snowflake stage: /tmp/minio_data/1765701861.json
[2025-12-15T20:34:10.893+0000] {logging_mixin.py:188} INFO - Uploaded file to Snowflake stage: /tmp/minio_data/1765701986.json
[2025-12-15T20:34:13.547+0000] {logging_mixin.py:188} INFO - Uploaded file to Snowflake stage: /tmp/minio_data/1765702112.json
[2025-12-15T20:34:15.461+0000] {logging_mixin.py:188} INFO - Uploaded file to Snowflake stage: /tmp/minio_data/1765702238.json
[2025-12-15T20:34:18.005+0000] {logging_mixin.py:188} INFO - Uploaded file to Snowflake stage: /tmp/minio_data/1765702365.json
[2025-12-15T20:34:24.836+0000] {logging_mixin.py:188} INFO - Uploaded file to Snowflake stage: /tmp/minio_data/1765702490.json
[2025-12-15T20:34:30.857+0000] {logging_mixin.py:188} INFO - Uploaded file to Snowflake stage: /tmp/minio_data/1765702615.json
[2025-12-15T20:34:32.449+0000] {logging_mixin.py:188} INFO - Uploaded file to Snowflake stage: /tmp/minio_data/1765702741.json
[2025-12-15T20:34:34.290+0000] {logging_mixin.py:188} INFO - Uploaded file to Snowflake stage: /tmp/minio_data/1765702867.json
[2025-12-15T20:34:36.293+0000] {logging_mixin.py:188} INFO - Uploaded file to Snowflake stage: /tmp/minio_data/1765702993.json
[2025-12-15T20:34:38.947+0000] {logging_mixin.py:188} INFO - Uploaded file to Snowflake stage: /tmp/minio_data/1765703118.json
[2025-12-15T20:34:43.751+0000] {logging_mixin.py:188} INFO - Uploaded file to Snowflake stage: /tmp/minio_data/1765703243.json
[2025-12-15T20:34:45.650+0000] {logging_mixin.py:188} INFO - Uploaded file to Snowflake stage: /tmp/minio_data/1765703368.json
[2025-12-15T20:34:47.402+0000] {logging_mixin.py:188} INFO - Uploaded file to Snowflake stage: /tmp/minio_data/1765703494.json
[2025-12-15T20:34:49.738+0000] {logging_mixin.py:188} INFO - Uploaded file to Snowflake stage: /tmp/minio_data/1765703618.json
[2025-12-15T20:34:50.947+0000] {logging_mixin.py:188} INFO - Uploaded file to Snowflake stage: /tmp/minio_data/1765703742.json
[2025-12-15T20:34:52.780+0000] {logging_mixin.py:188} INFO - Uploaded file to Snowflake stage: /tmp/minio_data/1765703867.json
[2025-12-15T20:34:54.673+0000] {logging_mixin.py:188} INFO - Uploaded file to Snowflake stage: /tmp/minio_data/1765703991.json
[2025-12-15T20:34:56.186+0000] {logging_mixin.py:188} INFO - Uploaded file to Snowflake stage: /tmp/minio_data/1765704116.json
[2025-12-15T20:34:57.660+0000] {logging_mixin.py:188} INFO - Uploaded file to Snowflake stage: /tmp/minio_data/1765704241.json
[2025-12-15T20:34:58.971+0000] {logging_mixin.py:188} INFO - Uploaded file to Snowflake stage: /tmp/minio_data/1765704365.json
[2025-12-15T20:35:01.411+0000] {logging_mixin.py:188} INFO - Uploaded file to Snowflake stage: /tmp/minio_data/1765704489.json
[2025-12-15T20:35:03.485+0000] {logging_mixin.py:188} INFO - Uploaded file to Snowflake stage: /tmp/minio_data/1765704614.json
[2025-12-15T20:35:06.768+0000] {logging_mixin.py:188} INFO - Uploaded file to Snowflake stage: /tmp/minio_data/1765704738.json
[2025-12-15T20:35:11.516+0000] {logging_mixin.py:188} INFO - Uploaded file to Snowflake stage: /tmp/minio_data/1765704862.json
[2025-12-15T20:35:14.036+0000] {logging_mixin.py:188} INFO - Uploaded file to Snowflake stage: /tmp/minio_data/1765704987.json
[2025-12-15T20:35:20.074+0000] {logging_mixin.py:188} INFO - Uploaded file to Snowflake stage: /tmp/minio_data/1765705111.json
[2025-12-15T20:35:24.217+0000] {logging_mixin.py:188} INFO - Uploaded file to Snowflake stage: /tmp/minio_data/1765705236.json
[2025-12-15T20:35:26.452+0000] {logging_mixin.py:188} INFO - Uploaded file to Snowflake stage: /tmp/minio_data/1765705361.json
[2025-12-15T20:35:30.008+0000] {logging_mixin.py:188} INFO - Uploaded file to Snowflake stage: /tmp/minio_data/1765705490.json
[2025-12-15T20:35:32.515+0000] {logging_mixin.py:188} INFO - Uploaded file to Snowflake stage: /tmp/minio_data/1765705621.json
[2025-12-15T20:35:37.893+0000] {logging_mixin.py:188} INFO - Uploaded file to Snowflake stage: /tmp/minio_data/1765705752.json
[2025-12-15T20:35:39.636+0000] {logging_mixin.py:188} INFO - Uploaded file to Snowflake stage: /tmp/minio_data/1765705883.json
[2025-12-15T20:35:41.508+0000] {logging_mixin.py:188} INFO - Uploaded file to Snowflake stage: /tmp/minio_data/1765706046.json
[2025-12-15T20:35:45.447+0000] {logging_mixin.py:188} INFO - Uploaded file to Snowflake stage: /tmp/minio_data/1765706212.json
[2025-12-15T20:35:46.544+0000] {logging_mixin.py:188} INFO - Uploaded file to Snowflake stage: /tmp/minio_data/1765706343.json
[2025-12-15T20:35:47.804+0000] {logging_mixin.py:188} INFO - Uploaded file to Snowflake stage: /tmp/minio_data/1765706469.json
[2025-12-15T20:35:49.684+0000] {logging_mixin.py:188} INFO - Uploaded file to Snowflake stage: /tmp/minio_data/1765706594.json
[2025-12-15T20:35:54.043+0000] {logging_mixin.py:188} INFO - Uploaded file to Snowflake stage: /tmp/minio_data/1765706720.json
[2025-12-15T20:35:55.187+0000] {logging_mixin.py:188} INFO - Uploaded file to Snowflake stage: /tmp/minio_data/1765706846.json
[2025-12-15T20:35:56.395+0000] {logging_mixin.py:188} INFO - Uploaded file to Snowflake stage: /tmp/minio_data/1765699228.json
[2025-12-15T20:35:58.058+0000] {logging_mixin.py:188} INFO - Uploaded file to Snowflake stage: /tmp/minio_data/1765700372.json
[2025-12-15T20:36:02.617+0000] {logging_mixin.py:188} INFO - Uploaded file to Snowflake stage: /tmp/minio_data/1765700496.json
[2025-12-15T20:36:04.398+0000] {logging_mixin.py:188} INFO - Uploaded file to Snowflake stage: /tmp/minio_data/1765700622.json
[2025-12-15T20:36:06.003+0000] {logging_mixin.py:188} INFO - Uploaded file to Snowflake stage: /tmp/minio_data/1765700747.json
[2025-12-15T20:36:07.643+0000] {logging_mixin.py:188} INFO - Uploaded file to Snowflake stage: /tmp/minio_data/1765700871.json
[2025-12-15T20:36:12.857+0000] {logging_mixin.py:188} INFO - Uploaded file to Snowflake stage: /tmp/minio_data/1765700995.json
[2025-12-15T20:36:15.955+0000] {logging_mixin.py:188} INFO - Uploaded file to Snowflake stage: /tmp/minio_data/1765701121.json
[2025-12-15T20:36:18.659+0000] {logging_mixin.py:188} INFO - Uploaded file to Snowflake stage: /tmp/minio_data/1765701246.json
[2025-12-15T20:36:22.141+0000] {logging_mixin.py:188} INFO - Uploaded file to Snowflake stage: /tmp/minio_data/1765701372.json
[2025-12-15T20:36:26.175+0000] {connectionpool.py:824} WARNING - Retrying (Retry(total=0, connect=None, read=None, redirect=None, status=None)) after connection broken by 'NewConnectionError('<snowflake.connector.vendored.urllib3.connection.HTTPSConnection object at 0x726827e2a000>: Failed to establish a new connection: [Errno -5] No address associated with hostname')': /queries/v1/query-request?requestId=5459c5af-0b37-45d3-b036-612fefe94b2c&request_guid=c442cbd9-e176-42b9-96e6-d0d96a081e72
[2025-12-15T20:36:35.968+0000] {connectionpool.py:824} WARNING - Retrying (Retry(total=0, connect=None, read=None, redirect=None, status=None)) after connection broken by 'NewConnectionError('<snowflake.connector.vendored.urllib3.connection.HTTPSConnection object at 0x726825a6f080>: Failed to establish a new connection: [Errno -5] No address associated with hostname')': /?accelerate
[2025-12-15T20:36:42.726+0000] {logging_mixin.py:188} INFO - Uploaded file to Snowflake stage: /tmp/minio_data/1765701496.json
[2025-12-15T20:36:46.135+0000] {logging_mixin.py:188} INFO - Uploaded file to Snowflake stage: /tmp/minio_data/1765701620.json
[2025-12-15T20:36:47.594+0000] {logging_mixin.py:188} INFO - Uploaded file to Snowflake stage: /tmp/minio_data/1765701761.json
[2025-12-15T20:37:26.489+0000] {logging_mixin.py:188} INFO - Uploaded file to Snowflake stage: /tmp/minio_data/1765701887.json
[2025-12-15T20:37:37.953+0000] {logging_mixin.py:188} INFO - Uploaded file to Snowflake stage: /tmp/minio_data/1765702012.json
[2025-12-15T20:37:45.082+0000] {logging_mixin.py:188} INFO - Uploaded file to Snowflake stage: /tmp/minio_data/1765702139.json
[2025-12-15T20:37:59.162+0000] {logging_mixin.py:188} INFO - Uploaded file to Snowflake stage: /tmp/minio_data/1765702265.json
[2025-12-15T20:38:37.613+0000] {connectionpool.py:824} WARNING - Retrying (Retry(total=0, connect=None, read=None, redirect=None, status=None)) after connection broken by 'NewConnectionError('<snowflake.connector.vendored.urllib3.connection.HTTPSConnection object at 0x726825a49ac0>: Failed to establish a new connection: [Errno -2] Name or service not known')': /queries/v1/query-request?requestId=993e06cd-9f59-401e-8778-ffe5784e15bc&clientStartTime=1765831079170&retryCount=1&retryReason=None&request_guid=b1ff27e8-36ca-4977-8ac9-0fd6abbaf7a0
[2025-12-15T20:38:38.626+0000] {connectionpool.py:824} WARNING - Retrying (Retry(total=0, connect=None, read=None, redirect=None, status=None)) after connection broken by 'NewConnectionError('<snowflake.connector.vendored.urllib3.connection.HTTPSConnection object at 0x726825a498b0>: Failed to establish a new connection: [Errno -2] Name or service not known')': /queries/v1/query-request?requestId=993e06cd-9f59-401e-8778-ffe5784e15bc&clientStartTime=1765831079170&retryCount=2&retryReason=None&request_guid=8a937b2d-1e39-4a40-af93-986bd8d177a8
[2025-12-15T20:38:44.157+0000] {logging_mixin.py:188} INFO - Error uploading /tmp/minio_data/1765702391.json to Snowflake stage: 000612 (02000): None: Result not found
[2025-12-15T20:38:45.006+0000] {connectionpool.py:824} WARNING - Retrying (Retry(total=0, connect=None, read=None, redirect=None, status=None)) after connection broken by 'ProtocolError('Connection aborted.', RemoteDisconnected('Remote end closed connection without response'))': /?accelerate
[2025-12-15T20:38:46.781+0000] {logging_mixin.py:188} INFO - Uploaded file to Snowflake stage: /tmp/minio_data/1765702517.json
[2025-12-15T20:38:48.220+0000] {logging_mixin.py:188} INFO - Uploaded file to Snowflake stage: /tmp/minio_data/1765702642.json
[2025-12-15T20:38:49.734+0000] {logging_mixin.py:188} INFO - Uploaded file to Snowflake stage: /tmp/minio_data/1765702767.json
[2025-12-15T20:38:50.967+0000] {logging_mixin.py:188} INFO - Uploaded file to Snowflake stage: /tmp/minio_data/1765702893.json
[2025-12-15T20:38:52.626+0000] {logging_mixin.py:188} INFO - Uploaded file to Snowflake stage: /tmp/minio_data/1765703019.json
[2025-12-15T20:38:54.514+0000] {logging_mixin.py:188} INFO - Uploaded file to Snowflake stage: /tmp/minio_data/1765703144.json
[2025-12-15T20:38:55.772+0000] {logging_mixin.py:188} INFO - Uploaded file to Snowflake stage: /tmp/minio_data/1765703269.json
[2025-12-15T20:38:57.041+0000] {logging_mixin.py:188} INFO - Uploaded file to Snowflake stage: /tmp/minio_data/1765703394.json
[2025-12-15T20:38:58.194+0000] {logging_mixin.py:188} INFO - Uploaded file to Snowflake stage: /tmp/minio_data/1765703520.json
[2025-12-15T20:38:59.681+0000] {logging_mixin.py:188} INFO - Uploaded file to Snowflake stage: /tmp/minio_data/1765703644.json
[2025-12-15T20:39:02.216+0000] {logging_mixin.py:188} INFO - Uploaded file to Snowflake stage: /tmp/minio_data/1765703769.json
[2025-12-15T20:39:03.368+0000] {logging_mixin.py:188} INFO - Uploaded file to Snowflake stage: /tmp/minio_data/1765703893.json
[2025-12-15T20:39:05.887+0000] {logging_mixin.py:188} INFO - Uploaded file to Snowflake stage: /tmp/minio_data/1765704017.json
[2025-12-15T20:39:08.344+0000] {logging_mixin.py:188} INFO - Uploaded file to Snowflake stage: /tmp/minio_data/1765704142.json
[2025-12-15T20:39:09.583+0000] {logging_mixin.py:188} INFO - Uploaded file to Snowflake stage: /tmp/minio_data/1765704266.json
[2025-12-15T20:39:12.002+0000] {logging_mixin.py:188} INFO - Uploaded file to Snowflake stage: /tmp/minio_data/1765704390.json
[2025-12-15T20:39:14.268+0000] {logging_mixin.py:188} INFO - Uploaded file to Snowflake stage: /tmp/minio_data/1765704515.json
[2025-12-15T20:39:16.591+0000] {logging_mixin.py:188} INFO - Uploaded file to Snowflake stage: /tmp/minio_data/1765704639.json
[2025-12-15T20:39:17.859+0000] {logging_mixin.py:188} INFO - Uploaded file to Snowflake stage: /tmp/minio_data/1765704764.json
[2025-12-15T20:39:24.290+0000] {logging_mixin.py:188} INFO - Uploaded file to Snowflake stage: /tmp/minio_data/1765704888.json
[2025-12-15T20:39:26.739+0000] {logging_mixin.py:188} INFO - Uploaded file to Snowflake stage: /tmp/minio_data/1765705012.json
[2025-12-15T20:39:28.137+0000] {logging_mixin.py:188} INFO - Uploaded file to Snowflake stage: /tmp/minio_data/1765705138.json
[2025-12-15T20:39:30.034+0000] {logging_mixin.py:188} INFO - Uploaded file to Snowflake stage: /tmp/minio_data/1765705262.json
[2025-12-15T20:39:33.388+0000] {logging_mixin.py:188} INFO - Uploaded file to Snowflake stage: /tmp/minio_data/1765705386.json
[2025-12-15T20:39:35.267+0000] {logging_mixin.py:188} INFO - Uploaded file to Snowflake stage: /tmp/minio_data/1765705517.json
[2025-12-15T20:39:39.939+0000] {logging_mixin.py:188} INFO - Uploaded file to Snowflake stage: /tmp/minio_data/1765705651.json
[2025-12-15T20:39:43.241+0000] {logging_mixin.py:188} INFO - Uploaded file to Snowflake stage: /tmp/minio_data/1765705782.json
[2025-12-15T20:39:48.491+0000] {logging_mixin.py:188} INFO - Uploaded file to Snowflake stage: /tmp/minio_data/1765705924.json
[2025-12-15T20:39:50.776+0000] {logging_mixin.py:188} INFO - Uploaded file to Snowflake stage: /tmp/minio_data/1765706099.json
[2025-12-15T20:39:51.911+0000] {logging_mixin.py:188} INFO - Uploaded file to Snowflake stage: /tmp/minio_data/1765706244.json
[2025-12-15T20:39:56.023+0000] {logging_mixin.py:188} INFO - Uploaded file to Snowflake stage: /tmp/minio_data/1765706370.json
[2025-12-15T20:40:00.631+0000] {logging_mixin.py:188} INFO - Uploaded file to Snowflake stage: /tmp/minio_data/1765706495.json
[2025-12-15T20:40:03.897+0000] {logging_mixin.py:188} INFO - Uploaded file to Snowflake stage: /tmp/minio_data/1765706621.json
[2025-12-15T20:40:06.755+0000] {logging_mixin.py:188} INFO - Uploaded file to Snowflake stage: /tmp/minio_data/1765706746.json
[2025-12-15T20:40:09.495+0000] {logging_mixin.py:188} INFO - Uploaded file to Snowflake stage: /tmp/minio_data/1765706872.json
[2025-12-15T20:40:09.508+0000] {logging_mixin.py:188} INFO - Successfully uploaded 264 files to Snowflake stage.
[2025-12-15T20:40:09.509+0000] {logging_mixin.py:188} INFO - Loading data into Snowflake table...
[2025-12-15T20:40:13.492+0000] {cursor.py:1149} INFO - Number of results in first chunk: 264
[2025-12-15T20:40:13.501+0000] {logging_mixin.py:188} INFO - COPY INTO completed
[2025-12-15T20:40:13.502+0000] {logging_mixin.py:188} INFO - Files loaded: 1765699149.json.gz
[2025-12-15T20:40:13.503+0000] {logging_mixin.py:188} INFO - Rows inserted: 1
[2025-12-15T20:40:14.751+0000] {cursor.py:1149} INFO - Number of results in first chunk: 264
[2025-12-15T20:40:14.752+0000] {logging_mixin.py:188} INFO - Cleaned up stage
[2025-12-15T20:40:14.767+0000] {connection.py:773} INFO - closed
[2025-12-15T20:40:16.001+0000] {connection.py:779} INFO - No async queries seem to be running, deleting session
[2025-12-15T20:40:16.906+0000] {logging_mixin.py:188} INFO - Snowflake connection closed.
[2025-12-15T20:40:16.917+0000] {python.py:237} INFO - Done. Returned value was: None
[2025-12-15T20:40:16.924+0000] {taskinstance.py:441} INFO - ::group::Post task execution logs
[2025-12-15T20:40:17.378+0000] {taskinstance.py:1206} INFO - Marking task as SUCCESS. dag_id=minio_to_snowflake, task_id=load_into_snowflake, run_id=scheduled__2025-12-15T20:25:00+00:00, execution_date=20251215T202500, start_date=20251215T203015, end_date=20251215T204017
[2025-12-15T20:40:17.646+0000] {local_task_job_runner.py:243} INFO - Task exited with return code 0
[2025-12-15T20:40:17.820+0000] {local_task_job_runner.py:222} INFO - ::endgroup::
